#Timing report of worst 6 path(s)
# Unit scale: 1e-09 seconds
# Output precision: 3

#Path 1
Startpoint: blink^r_counter~0_FF.Q[0] (.latch clocked by blink^clk)
Endpoint  : blink^r_counter~0_FF.D[0] (.latch clocked by blink^clk)
Path Type : hold

Point                                                             Incr      Path
--------------------------------------------------------------------------------
clock blink^clk (rise edge)                                      0.000     0.000
clock source latency                                             0.000     0.000
blink^clk.inpad[0] (.input)                                      0.000     0.000
blink^r_counter~0_FF.clk[0] (.latch)                             0.000     0.000
blink^r_counter~0_FF.Q[0] (.latch) [clock-to-output]             0.124     0.124
n7.in[1] (.names)                                                0.000     0.124
n7.out[0] (.names)                                               0.235     0.359
blink^r_counter~0_FF.D[0] (.latch)                               0.000     0.359
data arrival time                                                          0.359

clock blink^clk (rise edge)                                      0.000     0.000
clock source latency                                             0.000     0.000
blink^clk.inpad[0] (.input)                                      0.000     0.000
blink^r_counter~0_FF.clk[0] (.latch)                             0.000     0.000
clock uncertainty                                                0.000     0.000
cell hold time                                                   0.066     0.066
data required time                                                         0.066
--------------------------------------------------------------------------------
data required time                                                        -0.066
data arrival time                                                          0.359
--------------------------------------------------------------------------------
slack (MET)                                                                0.293


#Path 2
Startpoint: blink^r_counter~0_FF.Q[0] (.latch clocked by blink^clk)
Endpoint  : blink^r_counter~1_FF.D[0] (.latch clocked by blink^clk)
Path Type : hold

Point                                                             Incr      Path
--------------------------------------------------------------------------------
clock blink^clk (rise edge)                                      0.000     0.000
clock source latency                                             0.000     0.000
blink^clk.inpad[0] (.input)                                      0.000     0.000
blink^r_counter~0_FF.clk[0] (.latch)                             0.000     0.000
blink^r_counter~0_FF.Q[0] (.latch) [clock-to-output]             0.124     0.124
n12.in[1] (.names)                                               0.000     0.124
n12.out[0] (.names)                                              0.235     0.359
blink^r_counter~1_FF.D[0] (.latch)                               0.000     0.359
data arrival time                                                          0.359

clock blink^clk (rise edge)                                      0.000     0.000
clock source latency                                             0.000     0.000
blink^clk.inpad[0] (.input)                                      0.000     0.000
blink^r_counter~1_FF.clk[0] (.latch)                             0.000     0.000
clock uncertainty                                                0.000     0.000
cell hold time                                                   0.066     0.066
data required time                                                         0.066
--------------------------------------------------------------------------------
data required time                                                        -0.066
data arrival time                                                          0.359
--------------------------------------------------------------------------------
slack (MET)                                                                0.293


#Path 3
Startpoint: blink^r_counter~0_FF.Q[0] (.latch clocked by blink^clk)
Endpoint  : blink^r_counter~2_FF.D[0] (.latch clocked by blink^clk)
Path Type : hold

Point                                                             Incr      Path
--------------------------------------------------------------------------------
clock blink^clk (rise edge)                                      0.000     0.000
clock source latency                                             0.000     0.000
blink^clk.inpad[0] (.input)                                      0.000     0.000
blink^r_counter~0_FF.clk[0] (.latch)                             0.000     0.000
blink^r_counter~0_FF.Q[0] (.latch) [clock-to-output]             0.124     0.124
n17.in[0] (.names)                                               0.000     0.124
n17.out[0] (.names)                                              0.235     0.359
blink^r_counter~2_FF.D[0] (.latch)                               0.000     0.359
data arrival time                                                          0.359

clock blink^clk (rise edge)                                      0.000     0.000
clock source latency                                             0.000     0.000
blink^clk.inpad[0] (.input)                                      0.000     0.000
blink^r_counter~2_FF.clk[0] (.latch)                             0.000     0.000
clock uncertainty                                                0.000     0.000
cell hold time                                                   0.066     0.066
data required time                                                         0.066
--------------------------------------------------------------------------------
data required time                                                        -0.066
data arrival time                                                          0.359
--------------------------------------------------------------------------------
slack (MET)                                                                0.293


#Path 4
Startpoint: blink^r_counter~0_FF.Q[0] (.latch clocked by blink^clk)
Endpoint  : blink^r_counter~3_FF.D[0] (.latch clocked by blink^clk)
Path Type : hold

Point                                                             Incr      Path
--------------------------------------------------------------------------------
clock blink^clk (rise edge)                                      0.000     0.000
clock source latency                                             0.000     0.000
blink^clk.inpad[0] (.input)                                      0.000     0.000
blink^r_counter~0_FF.clk[0] (.latch)                             0.000     0.000
blink^r_counter~0_FF.Q[0] (.latch) [clock-to-output]             0.124     0.124
n22.in[0] (.names)                                               0.000     0.124
n22.out[0] (.names)                                              0.235     0.359
blink^r_counter~3_FF.D[0] (.latch)                               0.000     0.359
data arrival time                                                          0.359

clock blink^clk (rise edge)                                      0.000     0.000
clock source latency                                             0.000     0.000
blink^clk.inpad[0] (.input)                                      0.000     0.000
blink^r_counter~3_FF.clk[0] (.latch)                             0.000     0.000
clock uncertainty                                                0.000     0.000
cell hold time                                                   0.066     0.066
data required time                                                         0.066
--------------------------------------------------------------------------------
data required time                                                        -0.066
data arrival time                                                          0.359
--------------------------------------------------------------------------------
slack (MET)                                                                0.293


#Path 5
Startpoint: blink^r_counter~0_FF.Q[0] (.latch clocked by blink^clk)
Endpoint  : blink^r_counter~4_FF.D[0] (.latch clocked by blink^clk)
Path Type : hold

Point                                                             Incr      Path
--------------------------------------------------------------------------------
clock blink^clk (rise edge)                                      0.000     0.000
clock source latency                                             0.000     0.000
blink^clk.inpad[0] (.input)                                      0.000     0.000
blink^r_counter~0_FF.clk[0] (.latch)                             0.000     0.000
blink^r_counter~0_FF.Q[0] (.latch) [clock-to-output]             0.124     0.124
n27.in[0] (.names)                                               0.000     0.124
n27.out[0] (.names)                                              0.261     0.385
blink^r_counter~4_FF.D[0] (.latch)                               0.000     0.385
data arrival time                                                          0.385

clock blink^clk (rise edge)                                      0.000     0.000
clock source latency                                             0.000     0.000
blink^clk.inpad[0] (.input)                                      0.000     0.000
blink^r_counter~4_FF.clk[0] (.latch)                             0.000     0.000
clock uncertainty                                                0.000     0.000
cell hold time                                                   0.066     0.066
data required time                                                         0.066
--------------------------------------------------------------------------------
data required time                                                        -0.066
data arrival time                                                          0.385
--------------------------------------------------------------------------------
slack (MET)                                                                0.319


#Path 6
Startpoint: blink^r_counter~4_FF.Q[0] (.latch clocked by blink^clk)
Endpoint  : out:blink^o_led.outpad[0] (.output clocked by blink^clk)
Path Type : hold

Point                                                             Incr      Path
--------------------------------------------------------------------------------
clock blink^clk (rise edge)                                      0.000     0.000
clock source latency                                             0.000     0.000
blink^clk.inpad[0] (.input)                                      0.000     0.000
blink^r_counter~4_FF.clk[0] (.latch)                             0.000     0.000
blink^r_counter~4_FF.Q[0] (.latch) [clock-to-output]             0.124     0.124
blink^o_led.in[0] (.names)                                       0.000     0.124
blink^o_led.out[0] (.names)                                      0.235     0.359
out:blink^o_led.outpad[0] (.output)                              0.460     0.819
data arrival time                                                          0.819

clock blink^clk (rise edge)                                      0.000     0.000
clock source latency                                             0.000     0.000
clock uncertainty                                                0.000     0.000
output external delay                                            0.000     0.000
data required time                                                         0.000
--------------------------------------------------------------------------------
data required time                                                        -0.000
data arrival time                                                          0.819
--------------------------------------------------------------------------------
slack (MET)                                                                0.819


#End of timing report
