#Timing report of worst 6 path(s)
# Unit scale: 1e-09 seconds
# Output precision: 3

#Path 1
Startpoint: blink^r_counter~4_FF.Q[0] (.latch clocked by blink^clk)
Endpoint  : out:blink^o_led.outpad[0] (.output clocked by blink^clk)
Path Type : setup

Point                                                             Incr      Path
--------------------------------------------------------------------------------
clock blink^clk (rise edge)                                      0.000     0.000
clock source latency                                             0.000     0.000
blink^clk.inpad[0] (.input)                                      0.000     0.000
blink^r_counter~4_FF.clk[0] (.latch)                             0.042     0.042
blink^r_counter~4_FF.Q[0] (.latch) [clock-to-output]             0.124     0.166
blink^o_led.in[0] (.names)                                       0.120     0.286
blink^o_led.out[0] (.names)                                      0.235     0.521
out:blink^o_led.outpad[0] (.output)                              0.498     1.020
data arrival time                                                          1.020

clock blink^clk (rise edge)                                      0.000     0.000
clock source latency                                             0.000     0.000
clock uncertainty                                                0.000     0.000
output external delay                                            0.000     0.000
data required time                                                         0.000
--------------------------------------------------------------------------------
data required time                                                         0.000
data arrival time                                                         -1.020
--------------------------------------------------------------------------------
slack (VIOLATED)                                                          -1.020


#Path 2
Startpoint: blink^r_counter~1_FF.Q[0] (.latch clocked by blink^clk)
Endpoint  : blink^r_counter~1_FF.D[0] (.latch clocked by blink^clk)
Path Type : setup

Point                                                             Incr      Path
--------------------------------------------------------------------------------
clock blink^clk (rise edge)                                      0.000     0.000
clock source latency                                             0.000     0.000
blink^clk.inpad[0] (.input)                                      0.000     0.000
blink^r_counter~1_FF.clk[0] (.latch)                             0.042     0.042
blink^r_counter~1_FF.Q[0] (.latch) [clock-to-output]             0.124     0.166
n12.in[2] (.names)                                               0.455     0.621
n12.out[0] (.names)                                              0.235     0.856
blink^r_counter~1_FF.D[0] (.latch)                               0.000     0.856
data arrival time                                                          0.856

clock blink^clk (rise edge)                                      0.000     0.000
clock source latency                                             0.000     0.000
blink^clk.inpad[0] (.input)                                      0.000     0.000
blink^r_counter~1_FF.clk[0] (.latch)                             0.042     0.042
clock uncertainty                                                0.000     0.042
cell setup time                                                 -0.066    -0.024
data required time                                                        -0.024
--------------------------------------------------------------------------------
data required time                                                        -0.024
data arrival time                                                         -0.856
--------------------------------------------------------------------------------
slack (VIOLATED)                                                          -0.880


#Path 3
Startpoint: blink^r_counter~1_FF.Q[0] (.latch clocked by blink^clk)
Endpoint  : blink^r_counter~2_FF.D[0] (.latch clocked by blink^clk)
Path Type : setup

Point                                                             Incr      Path
--------------------------------------------------------------------------------
clock blink^clk (rise edge)                                      0.000     0.000
clock source latency                                             0.000     0.000
blink^clk.inpad[0] (.input)                                      0.000     0.000
blink^r_counter~1_FF.clk[0] (.latch)                             0.042     0.042
blink^r_counter~1_FF.Q[0] (.latch) [clock-to-output]             0.124     0.166
n17.in[1] (.names)                                               0.455     0.621
n17.out[0] (.names)                                              0.235     0.856
blink^r_counter~2_FF.D[0] (.latch)                               0.000     0.856
data arrival time                                                          0.856

clock blink^clk (rise edge)                                      0.000     0.000
clock source latency                                             0.000     0.000
blink^clk.inpad[0] (.input)                                      0.000     0.000
blink^r_counter~2_FF.clk[0] (.latch)                             0.042     0.042
clock uncertainty                                                0.000     0.042
cell setup time                                                 -0.066    -0.024
data required time                                                        -0.024
--------------------------------------------------------------------------------
data required time                                                        -0.024
data arrival time                                                         -0.856
--------------------------------------------------------------------------------
slack (VIOLATED)                                                          -0.880


#Path 4
Startpoint: blink^r_counter~1_FF.Q[0] (.latch clocked by blink^clk)
Endpoint  : blink^r_counter~3_FF.D[0] (.latch clocked by blink^clk)
Path Type : setup

Point                                                             Incr      Path
--------------------------------------------------------------------------------
clock blink^clk (rise edge)                                      0.000     0.000
clock source latency                                             0.000     0.000
blink^clk.inpad[0] (.input)                                      0.000     0.000
blink^r_counter~1_FF.clk[0] (.latch)                             0.042     0.042
blink^r_counter~1_FF.Q[0] (.latch) [clock-to-output]             0.124     0.166
n22.in[1] (.names)                                               0.455     0.621
n22.out[0] (.names)                                              0.235     0.856
blink^r_counter~3_FF.D[0] (.latch)                               0.000     0.856
data arrival time                                                          0.856

clock blink^clk (rise edge)                                      0.000     0.000
clock source latency                                             0.000     0.000
blink^clk.inpad[0] (.input)                                      0.000     0.000
blink^r_counter~3_FF.clk[0] (.latch)                             0.042     0.042
clock uncertainty                                                0.000     0.042
cell setup time                                                 -0.066    -0.024
data required time                                                        -0.024
--------------------------------------------------------------------------------
data required time                                                        -0.024
data arrival time                                                         -0.856
--------------------------------------------------------------------------------
slack (VIOLATED)                                                          -0.880


#Path 5
Startpoint: blink^i_reset.inpad[0] (.input clocked by blink^clk)
Endpoint  : blink^r_counter~4_FF.D[0] (.latch clocked by blink^clk)
Path Type : setup

Point                                                             Incr      Path
--------------------------------------------------------------------------------
clock blink^clk (rise edge)                                      0.000     0.000
clock source latency                                             0.000     0.000
input external delay                                             0.000     0.000
blink^i_reset.inpad[0] (.input)                                  0.000     0.000
n27.in[4] (.names)                                               0.287     0.287
n27.out[0] (.names)                                              0.261     0.548
blink^r_counter~4_FF.D[0] (.latch)                               0.000     0.548
data arrival time                                                          0.548

clock blink^clk (rise edge)                                      0.000     0.000
clock source latency                                             0.000     0.000
blink^clk.inpad[0] (.input)                                      0.000     0.000
blink^r_counter~4_FF.clk[0] (.latch)                             0.042     0.042
clock uncertainty                                                0.000     0.042
cell setup time                                                 -0.066    -0.024
data required time                                                        -0.024
--------------------------------------------------------------------------------
data required time                                                        -0.024
data arrival time                                                         -0.548
--------------------------------------------------------------------------------
slack (VIOLATED)                                                          -0.572


#Path 6
Startpoint: blink^i_reset.inpad[0] (.input clocked by blink^clk)
Endpoint  : blink^r_counter~0_FF.D[0] (.latch clocked by blink^clk)
Path Type : setup

Point                                                             Incr      Path
--------------------------------------------------------------------------------
clock blink^clk (rise edge)                                      0.000     0.000
clock source latency                                             0.000     0.000
input external delay                                             0.000     0.000
blink^i_reset.inpad[0] (.input)                                  0.000     0.000
n7.in[0] (.names)                                                0.287     0.287
n7.out[0] (.names)                                               0.235     0.522
blink^r_counter~0_FF.D[0] (.latch)                               0.000     0.522
data arrival time                                                          0.522

clock blink^clk (rise edge)                                      0.000     0.000
clock source latency                                             0.000     0.000
blink^clk.inpad[0] (.input)                                      0.000     0.000
blink^r_counter~0_FF.clk[0] (.latch)                             0.042     0.042
clock uncertainty                                                0.000     0.042
cell setup time                                                 -0.066    -0.024
data required time                                                        -0.024
--------------------------------------------------------------------------------
data required time                                                        -0.024
data arrival time                                                         -0.522
--------------------------------------------------------------------------------
slack (VIOLATED)                                                          -0.546


#End of timing report
