#Timing report of worst 6 path(s)
# Unit scale: 1e-09 seconds
# Output precision: 3

#Path 1
Startpoint: blink^r_counter~4_FF.Q[0] (.latch clocked by blink^clk)
Endpoint  : out:blink^o_led.outpad[0] (.output clocked by blink^clk)
Path Type : setup

Point                                                             Incr      Path
--------------------------------------------------------------------------------
clock blink^clk (rise edge)                                      0.000     0.000
clock source latency                                             0.000     0.000
blink^clk.inpad[0] (.input)                                      0.000     0.000
blink^r_counter~4_FF.clk[0] (.latch)                             1.338     1.338
blink^r_counter~4_FF.Q[0] (.latch) [clock-to-output]             0.124     1.462
blink^o_led.in[0] (.names)                                       1.338     2.800
blink^o_led.out[0] (.names)                                      0.195     2.995
out:blink^o_led.outpad[0] (.output)                              1.338     4.332
data arrival time                                                          4.332

clock blink^clk (rise edge)                                      0.000     0.000
clock source latency                                             0.000     0.000
clock uncertainty                                                0.000     0.000
output external delay                                            0.000     0.000
data required time                                                         0.000
--------------------------------------------------------------------------------
data required time                                                         0.000
data arrival time                                                         -4.332
--------------------------------------------------------------------------------
slack (VIOLATED)                                                          -4.332


#Path 2
Startpoint: blink^r_counter~0_FF.Q[0] (.latch clocked by blink^clk)
Endpoint  : blink^r_counter~4_FF.D[0] (.latch clocked by blink^clk)
Path Type : setup

Point                                                             Incr      Path
--------------------------------------------------------------------------------
clock blink^clk (rise edge)                                      0.000     0.000
clock source latency                                             0.000     0.000
blink^clk.inpad[0] (.input)                                      0.000     0.000
blink^r_counter~0_FF.clk[0] (.latch)                             1.338     1.338
blink^r_counter~0_FF.Q[0] (.latch) [clock-to-output]             0.124     1.462
n27.in[0] (.names)                                               1.338     2.800
n27.out[0] (.names)                                              0.261     3.061
blink^r_counter~4_FF.D[0] (.latch)                               1.338     4.398
data arrival time                                                          4.398

clock blink^clk (rise edge)                                      0.000     0.000
clock source latency                                             0.000     0.000
blink^clk.inpad[0] (.input)                                      0.000     0.000
blink^r_counter~4_FF.clk[0] (.latch)                             1.338     1.338
clock uncertainty                                                0.000     1.338
cell setup time                                                 -0.066     1.272
data required time                                                         1.272
--------------------------------------------------------------------------------
data required time                                                         1.272
data arrival time                                                         -4.398
--------------------------------------------------------------------------------
slack (VIOLATED)                                                          -3.127


#Path 3
Startpoint: blink^r_counter~0_FF.Q[0] (.latch clocked by blink^clk)
Endpoint  : blink^r_counter~3_FF.D[0] (.latch clocked by blink^clk)
Path Type : setup

Point                                                             Incr      Path
--------------------------------------------------------------------------------
clock blink^clk (rise edge)                                      0.000     0.000
clock source latency                                             0.000     0.000
blink^clk.inpad[0] (.input)                                      0.000     0.000
blink^r_counter~0_FF.clk[0] (.latch)                             1.338     1.338
blink^r_counter~0_FF.Q[0] (.latch) [clock-to-output]             0.124     1.462
n22.in[0] (.names)                                               1.338     2.800
n22.out[0] (.names)                                              0.235     3.035
blink^r_counter~3_FF.D[0] (.latch)                               1.338     4.372
data arrival time                                                          4.372

clock blink^clk (rise edge)                                      0.000     0.000
clock source latency                                             0.000     0.000
blink^clk.inpad[0] (.input)                                      0.000     0.000
blink^r_counter~3_FF.clk[0] (.latch)                             1.338     1.338
clock uncertainty                                                0.000     1.338
cell setup time                                                 -0.066     1.272
data required time                                                         1.272
--------------------------------------------------------------------------------
data required time                                                         1.272
data arrival time                                                         -4.372
--------------------------------------------------------------------------------
slack (VIOLATED)                                                          -3.101


#Path 4
Startpoint: blink^r_counter~0_FF.Q[0] (.latch clocked by blink^clk)
Endpoint  : blink^r_counter~0_FF.D[0] (.latch clocked by blink^clk)
Path Type : setup

Point                                                             Incr      Path
--------------------------------------------------------------------------------
clock blink^clk (rise edge)                                      0.000     0.000
clock source latency                                             0.000     0.000
blink^clk.inpad[0] (.input)                                      0.000     0.000
blink^r_counter~0_FF.clk[0] (.latch)                             1.338     1.338
blink^r_counter~0_FF.Q[0] (.latch) [clock-to-output]             0.124     1.462
n7.in[1] (.names)                                                1.338     2.800
n7.out[0] (.names)                                               0.195     2.995
blink^r_counter~0_FF.D[0] (.latch)                               1.338     4.332
data arrival time                                                          4.332

clock blink^clk (rise edge)                                      0.000     0.000
clock source latency                                             0.000     0.000
blink^clk.inpad[0] (.input)                                      0.000     0.000
blink^r_counter~0_FF.clk[0] (.latch)                             1.338     1.338
clock uncertainty                                                0.000     1.338
cell setup time                                                 -0.066     1.272
data required time                                                         1.272
--------------------------------------------------------------------------------
data required time                                                         1.272
data arrival time                                                         -4.332
--------------------------------------------------------------------------------
slack (VIOLATED)                                                          -3.061


#Path 5
Startpoint: blink^r_counter~0_FF.Q[0] (.latch clocked by blink^clk)
Endpoint  : blink^r_counter~1_FF.D[0] (.latch clocked by blink^clk)
Path Type : setup

Point                                                             Incr      Path
--------------------------------------------------------------------------------
clock blink^clk (rise edge)                                      0.000     0.000
clock source latency                                             0.000     0.000
blink^clk.inpad[0] (.input)                                      0.000     0.000
blink^r_counter~0_FF.clk[0] (.latch)                             1.338     1.338
blink^r_counter~0_FF.Q[0] (.latch) [clock-to-output]             0.124     1.462
n12.in[1] (.names)                                               1.338     2.800
n12.out[0] (.names)                                              0.195     2.995
blink^r_counter~1_FF.D[0] (.latch)                               1.338     4.332
data arrival time                                                          4.332

clock blink^clk (rise edge)                                      0.000     0.000
clock source latency                                             0.000     0.000
blink^clk.inpad[0] (.input)                                      0.000     0.000
blink^r_counter~1_FF.clk[0] (.latch)                             1.338     1.338
clock uncertainty                                                0.000     1.338
cell setup time                                                 -0.066     1.272
data required time                                                         1.272
--------------------------------------------------------------------------------
data required time                                                         1.272
data arrival time                                                         -4.332
--------------------------------------------------------------------------------
slack (VIOLATED)                                                          -3.061


#Path 6
Startpoint: blink^r_counter~0_FF.Q[0] (.latch clocked by blink^clk)
Endpoint  : blink^r_counter~2_FF.D[0] (.latch clocked by blink^clk)
Path Type : setup

Point                                                             Incr      Path
--------------------------------------------------------------------------------
clock blink^clk (rise edge)                                      0.000     0.000
clock source latency                                             0.000     0.000
blink^clk.inpad[0] (.input)                                      0.000     0.000
blink^r_counter~0_FF.clk[0] (.latch)                             1.338     1.338
blink^r_counter~0_FF.Q[0] (.latch) [clock-to-output]             0.124     1.462
n17.in[0] (.names)                                               1.338     2.800
n17.out[0] (.names)                                              0.195     2.995
blink^r_counter~2_FF.D[0] (.latch)                               1.338     4.332
data arrival time                                                          4.332

clock blink^clk (rise edge)                                      0.000     0.000
clock source latency                                             0.000     0.000
blink^clk.inpad[0] (.input)                                      0.000     0.000
blink^r_counter~2_FF.clk[0] (.latch)                             1.338     1.338
clock uncertainty                                                0.000     1.338
cell setup time                                                 -0.066     1.272
data required time                                                         1.272
--------------------------------------------------------------------------------
data required time                                                         1.272
data arrival time                                                         -4.332
--------------------------------------------------------------------------------
slack (VIOLATED)                                                          -3.061


#End of timing report
