#Unconstrained setup timing startpoint/endpoint

timing_node_id node_type node_name
-------------- --------- ---------
0 .input tin_pv10_4_4_.inpad[0]
1 .input tin_pv11_4_4_.inpad[0]
2 .input tin_pv6_7_7_.inpad[0]
3 .input tin_pv2_0_0_.inpad[0]
4 .input tin_pv10_3_3_.inpad[0]
5 .input tin_pv1_2_2_.inpad[0]
6 .input tin_pv11_3_3_.inpad[0]
7 .input tin_pv4_3_3_.inpad[0]
8 .input tin_pv10_2_2_.inpad[0]
9 .input tin_pv11_2_2_.inpad[0]
10 .input tin_pv6_0_0_.inpad[0]
11 .input tin_pv2_1_1_.inpad[0]
12 .input tin_pv10_1_1_.inpad[0]
13 .input tin_pv1_3_3_.inpad[0]
14 .input preset_0_0_.inpad[0]
15 .input tin_pv11_1_1_.inpad[0]
16 .input tin_pv4_4_4_.inpad[0]
17 .input tin_pready_0_0_.inpad[0]
18 .input tin_pv10_0_0_.inpad[0]
19 .input tin_pv11_0_0_.inpad[0]
20 .input tin_pv6_1_1_.inpad[0]
21 .input tin_pv2_2_2_.inpad[0]
22 .input tin_pv1_4_4_.inpad[0]
23 .input tin_pv4_5_5_.inpad[0]
24 .input tin_pv6_2_2_.inpad[0]
25 .input tin_pv2_3_3_.inpad[0]
26 .input tin_pv1_5_5_.inpad[0]
27 .input tin_pv4_6_6_.inpad[0]
28 .input tin_pv6_3_3_.inpad[0]
29 .input tin_pv2_4_4_.inpad[0]
30 .input tin_pv1_6_6_.inpad[0]
32 .input tin_pv4_7_7_.inpad[0]
33 .input tin_pv6_4_4_.inpad[0]
34 .input tin_pv2_5_5_.inpad[0]
35 .input tin_pv1_7_7_.inpad[0]
36 .input tin_pv4_0_0_.inpad[0]
37 .input tin_pv6_5_5_.inpad[0]
38 .input tin_pv2_6_6_.inpad[0]
39 .input tin_pv10_7_7_.inpad[0]
40 .input tin_pv1_0_0_.inpad[0]
41 .input tin_pv11_7_7_.inpad[0]
42 .input tin_pv4_1_1_.inpad[0]
43 .input tin_pv10_6_6_.inpad[0]
44 .input tin_pv11_6_6_.inpad[0]
45 .input tin_pv6_6_6_.inpad[0]
46 .input tin_pv2_7_7_.inpad[0]
47 .input preset.inpad[0]
48 .input tin_pv10_5_5_.inpad[0]
49 .input tin_pv1_1_1_.inpad[0]
50 .input tin_pv11_5_5_.inpad[0]
51 .input tin_pv4_2_2_.inpad[0]
5505 .output out:pdn.outpad[0]
5506 .output out:pv10_7_7_.outpad[0]
5507 .output out:pv9_1_1_.outpad[0]
5508 .output out:pv4_4_4_.outpad[0]
5509 .output out:pv12_2_2_.outpad[0]
5510 .output out:pready_0_0_.outpad[0]
5511 .output out:pv7_6_6_.outpad[0]
5512 .output out:pv3_4_4_.outpad[0]
5513 .output out:pv11_5_5_.outpad[0]
5514 .output out:pv10_2_2_.outpad[0]
5515 .output out:pv5_7_7_.outpad[0]
5516 .output out:pv10_1_1_.outpad[0]
5517 .output out:pv15_7_7_.outpad[0]
5518 .output out:pv5_2_2_.outpad[0]
5519 .output out:pv11_3_3_.outpad[0]
5520 .output out:pv14_3_3_.outpad[0]
5521 .output out:pv5_4_4_.outpad[0]
5522 .output out:pv6_5_5_.outpad[0]
5523 .output out:pv1_5_5_.outpad[0]
5524 .output out:pv12_6_6_.outpad[0]
5525 .output out:pv9_4_4_.outpad[0]
5526 .output out:pv9_3_3_.outpad[0]
5527 .output out:pv4_0_0_.outpad[0]
5528 .output out:pv11_7_7_.outpad[0]
5529 .output out:pv9_2_2_.outpad[0]
5530 .output out:pv6_0_0_.outpad[0]
5531 .output out:pv7_1_1_.outpad[0]
5532 .output out:pv1_1_1_.outpad[0]
5533 .output out:pv9_6_6_.outpad[0]
5534 .output out:pv9_0_0_.outpad[0]
5535 .output out:pv8_3_3_.outpad[0]
5536 .output out:pv9_5_5_.outpad[0]
5537 .output out:pv14_7_7_.outpad[0]
5538 .output out:pv6_1_1_.outpad[0]
5539 .output out:pv5_6_6_.outpad[0]
5540 .output out:pv15_2_2_.outpad[0]
5541 .output out:pv5_5_5_.outpad[0]
5542 .output out:pv12_0_0_.outpad[0]
5543 .output out:pv11_1_1_.outpad[0]
5544 .output out:pv7_0_0_.outpad[0]
5545 .output out:pv2_4_4_.outpad[0]
5546 .output out:pv13_3_3_.outpad[0]
5547 .output out:pv3_6_6_.outpad[0]
5548 .output out:pv15_6_6_.outpad[0]
5549 .output out:pv3_0_0_.outpad[0]
5550 .output out:pv6_2_2_.outpad[0]
5551 .output out:pv6_4_4_.outpad[0]
5552 .output out:pv7_5_5_.outpad[0]
5553 .output out:pv5_1_1_.outpad[0]
5554 .output out:pv2_5_5_.outpad[0]
5555 .output out:pv3_1_1_.outpad[0]
5556 .output out:pv15_3_3_.outpad[0]
5557 .output out:pv13_5_5_.outpad[0]
5558 .output out:pv11_6_6_.outpad[0]
5559 .output out:pv4_2_2_.outpad[0]
5560 .output out:pv5_3_3_.outpad[0]
5561 .output out:pv9_7_7_.outpad[0]
5562 .output out:pv2_3_3_.outpad[0]
5563 .output out:pv8_6_6_.outpad[0]
5565 .output out:pv10_3_3_.outpad[0]
5566 .output out:pv8_4_4_.outpad[0]
5567 .output out:pv14_5_5_.outpad[0]
5568 .output out:pv14_1_1_.outpad[0]
5569 .output out:pv6_7_7_.outpad[0]
5570 .output out:pv14_4_4_.outpad[0]
5571 .output out:pv12_3_3_.outpad[0]
5572 .output out:pv13_0_0_.outpad[0]
5573 .output out:pv2_7_7_.outpad[0]
5574 .output out:pv1_0_0_.outpad[0]
5575 .output out:pv7_4_4_.outpad[0]
5576 .output out:pv12_1_1_.outpad[0]
5577 .output out:pv14_0_0_.outpad[0]
5578 .output out:pv13_2_2_.outpad[0]
5579 .output out:pv12_4_4_.outpad[0]
5580 .output out:pv8_2_2_.outpad[0]
5581 .output out:pv2_6_6_.outpad[0]
5582 .output out:pv7_7_7_.outpad[0]
5583 .output out:pv3_5_5_.outpad[0]
5584 .output out:pv11_2_2_.outpad[0]
5585 .output out:pv4_1_1_.outpad[0]
5586 .output out:pv4_3_3_.outpad[0]
5587 .output out:pv6_6_6_.outpad[0]
5588 .output out:pv8_5_5_.outpad[0]
5589 .output out:pv8_1_1_.outpad[0]
5590 .output out:pv10_4_4_.outpad[0]
5591 .output out:pv15_0_0_.outpad[0]
5592 .output out:pv7_3_3_.outpad[0]
5593 .output out:pv13_4_4_.outpad[0]
5594 .output out:pv2_0_0_.outpad[0]
5595 .output out:pv15_1_1_.outpad[0]
5596 .output out:pv13_1_1_.outpad[0]
5597 .output out:pv8_0_0_.outpad[0]
5598 .output out:pv10_5_5_.outpad[0]
5599 .output out:pv1_7_7_.outpad[0]
5600 .output out:pv11_4_4_.outpad[0]
5601 .output out:pv5_0_0_.outpad[0]
5602 .output out:pv4_7_7_.outpad[0]
5603 .output out:pv13_7_7_.outpad[0]
5604 .output out:pv12_7_7_.outpad[0]
5615 .output out:pv15_4_4_.outpad[0]
5616 .output out:pv10_6_6_.outpad[0]
5617 .output out:pv8_7_7_.outpad[0]
5618 .output out:pv10_0_0_.outpad[0]
5619 .output out:pv12_5_5_.outpad[0]
5620 .output out:pv14_2_2_.outpad[0]
5621 .output out:pv11_0_0_.outpad[0]
5622 .output out:pv4_6_6_.outpad[0]
5623 .output out:pv3_3_3_.outpad[0]
5624 .output out:pv3_7_7_.outpad[0]
5625 .output out:pv1_3_3_.outpad[0]
5626 .output out:pv6_3_3_.outpad[0]
5627 .output out:pv15_5_5_.outpad[0]
5628 .output out:pv1_6_6_.outpad[0]
5629 .output out:pv2_2_2_.outpad[0]
5630 .output out:pv13_6_6_.outpad[0]
5631 .output out:pv3_2_2_.outpad[0]
5632 .output out:pv2_1_1_.outpad[0]
5633 .output out:pv1_2_2_.outpad[0]
5634 .output out:pv1_4_4_.outpad[0]
5635 .output out:pv4_5_5_.outpad[0]
5636 .output out:pv7_2_2_.outpad[0]
5637 .output out:pv14_6_6_.outpad[0]

#End of unconstrained setup startpoint/endpoint report
