#Unconstrained hold timing startpoint/endpoint

timing_node_id node_type node_name
-------------- --------- ---------
0 .input tin_pv10_4_4_.inpad[0]
1 .input tin_pv11_4_4_.inpad[0]
2 .input tin_pv6_7_7_.inpad[0]
3 .input tin_pv2_0_0_.inpad[0]
4 .input tin_pv10_3_3_.inpad[0]
5 .input tin_pv1_2_2_.inpad[0]
6 .input tin_pv11_3_3_.inpad[0]
7 .input tin_pv4_3_3_.inpad[0]
8 .input tin_pv10_2_2_.inpad[0]
9 .input tin_pv11_2_2_.inpad[0]
10 .input tin_pv6_0_0_.inpad[0]
11 .input tin_pv2_1_1_.inpad[0]
12 .input tin_pv10_1_1_.inpad[0]
13 .input tin_pv1_3_3_.inpad[0]
14 .input preset_0_0_.inpad[0]
15 .input tin_pv11_1_1_.inpad[0]
16 .input tin_pv4_4_4_.inpad[0]
17 .input tin_pready_0_0_.inpad[0]
18 .input tin_pv10_0_0_.inpad[0]
19 .input tin_pv11_0_0_.inpad[0]
20 .input tin_pv6_1_1_.inpad[0]
21 .input tin_pv2_2_2_.inpad[0]
22 .input tin_pv1_4_4_.inpad[0]
23 .input tin_pv4_5_5_.inpad[0]
24 .input tin_pv6_2_2_.inpad[0]
25 .input tin_pv2_3_3_.inpad[0]
26 .input tin_pv1_5_5_.inpad[0]
27 .input tin_pv4_6_6_.inpad[0]
28 .input tin_pv6_3_3_.inpad[0]
29 .input tin_pv2_4_4_.inpad[0]
30 .input tin_pv1_6_6_.inpad[0]
31 .input pclk.inpad[0]
32 .input tin_pv4_7_7_.inpad[0]
33 .input tin_pv6_4_4_.inpad[0]
34 .input tin_pv2_5_5_.inpad[0]
35 .input tin_pv1_7_7_.inpad[0]
36 .input tin_pv4_0_0_.inpad[0]
37 .input tin_pv6_5_5_.inpad[0]
38 .input tin_pv2_6_6_.inpad[0]
39 .input tin_pv10_7_7_.inpad[0]
40 .input tin_pv1_0_0_.inpad[0]
41 .input tin_pv11_7_7_.inpad[0]
42 .input tin_pv4_1_1_.inpad[0]
43 .input tin_pv10_6_6_.inpad[0]
44 .input tin_pv11_6_6_.inpad[0]
45 .input tin_pv6_6_6_.inpad[0]
46 .input tin_pv2_7_7_.inpad[0]
47 .input preset.inpad[0]
48 .input tin_pv10_5_5_.inpad[0]
49 .input tin_pv1_1_1_.inpad[0]
50 .input tin_pv11_5_5_.inpad[0]
51 .input tin_pv4_2_2_.inpad[0]
882 .latch n_n4142.Q[0]
883 .latch n_n3936.Q[0]
884 .latch n_n3574.Q[0]
885 .latch n_n3008.Q[0]
886 .latch n_n3726.Q[0]
887 .latch n_n3604.Q[0]
888 .latch n_n3144.Q[0]
889 .latch n_n3782.Q[0]
890 .latch n_n3067.Q[0]
891 .latch n_n4258.Q[0]
892 .latch n_n3225.Q[0]
893 .latch n_n3180.Q[0]
894 .latch n_n3274.Q[0]
895 .latch n_n3475.Q[0]
896 .latch n_n3687.Q[0]
897 .latch n_n3381.Q[0]
898 .latch n_n3098.Q[0]
899 .latch n_n4108.Q[0]
900 .latch n_n3497.Q[0]
901 .latch n_n3793.Q[0]
902 .latch n_n4316.Q[0]
903 .latch n_n4349.Q[0]
904 .latch n_n3029.Q[0]
905 .latch n_n3619.Q[0]
906 .latch n_n3264.Q[0]
907 .latch n_n3780.Q[0]
908 .latch ndn3_4.Q[0]
909 .latch n_n4114.Q[0]
910 .latch n_n3146.Q[0]
911 .latch n_n3511.Q[0]
912 .latch n_n3152.Q[0]
913 .latch n_n3833.Q[0]
914 .latch n_n4282.Q[0]
915 .latch n_n3305.Q[0]
916 .latch n_n4392.Q[0]
917 .latch n_n4224.Q[0]
918 .latch n_n3198.Q[0]
919 .latch n_n3204.Q[0]
920 .latch n_n3024.Q[0]
921 .latch n_n4139.Q[0]
922 .latch ndn3_15.Q[0]
923 .latch n_n3133.Q[0]
924 .latch n_n4074.Q[0]
925 .latch n_n3270.Q[0]
926 .latch n_n3858.Q[0]
927 .latch n_n3456.Q[0]
928 .latch n_n3521.Q[0]
929 .latch n_n3081.Q[0]
930 .latch n_n4381.Q[0]
931 .latch n_n3670.Q[0]
932 .latch n_n4211.Q[0]
933 .latch n_n3493.Q[0]
934 .latch n_n3495.Q[0]
935 .latch n_n3916.Q[0]
936 .latch n_n3195.Q[0]
937 .latch n_n3525.Q[0]
938 .latch n_n3729.Q[0]
939 .latch n_n3876.Q[0]
940 .latch ndn3_5.Q[0]
941 .latch n_n3549.Q[0]
942 .latch n_n3489.Q[0]
943 .latch n_n3764.Q[0]
944 .latch n_n3281.Q[0]
945 .latch n_n3707.Q[0]
946 .latch n_n3517.Q[0]
947 .latch n_n4160.Q[0]
948 .latch n_n4222.Q[0]
949 .latch n_n3012.Q[0]
950 .latch n_n4071.Q[0]
951 .latch n_n3372.Q[0]
952 .latch n_n3344.Q[0]
953 .latch n_n3688.Q[0]
954 .latch n_n3079.Q[0]
955 .latch n_n3313.Q[0]
956 .latch n_n3411.Q[0]
957 .latch n_n3231.Q[0]
958 .latch n_n3396.Q[0]
959 .latch n_n3432.Q[0]
960 .latch n_n3606.Q[0]
961 .latch n_n3733.Q[0]
962 .latch n_n3556.Q[0]
963 .latch n_n4040.Q[0]
964 .latch n_n3120.Q[0]
965 .latch n_n3221.Q[0]
966 .latch n_n3173.Q[0]
967 .latch n_n3851.Q[0]
968 .latch n_n3113.Q[0]
969 .latch n_n3242.Q[0]
970 .latch n_n3118.Q[0]
971 .latch n_n3376.Q[0]
972 .latch n_n4089.Q[0]
973 .latch n_n3044.Q[0]
974 .latch n_n3627.Q[0]
975 .latch n_n3035.Q[0]
976 .latch n_n3111.Q[0]
977 .latch n_n3321.Q[0]
978 .latch n_n3443.Q[0]
979 .latch n_n3215.Q[0]
980 .latch ndn3_10.Q[0]
981 .latch n_n4172.Q[0]
982 .latch nlc1_2.Q[0]
983 .latch n_n3590.Q[0]
984 .latch n_n4110.Q[0]
985 .latch nlc3_3.Q[0]
986 .latch n_n3576.Q[0]
987 .latch n_n4129.Q[0]
988 .latch n_n4189.Q[0]
989 .latch n_n4286.Q[0]
990 .latch n_n4383.Q[0]
991 .latch pdn.Q[0]
992 .latch n_n3567.Q[0]
993 .latch n_n3892.Q[0]
994 .latch n_n3075.Q[0]
995 .latch n_n3354.Q[0]
996 .latch n_n3465.Q[0]
997 .latch ndn3_6.Q[0]
998 .latch n_n3617.Q[0]
999 .latch n_n4162.Q[0]
1000 .latch n_n3207.Q[0]
1001 .latch n_n4120.Q[0]
1002 .latch n_n3065.Q[0]
1003 .latch n_n4005.Q[0]
1004 .latch n_n3266.Q[0]
1005 .latch n_n4337.Q[0]
1006 .latch n_n3600.Q[0]
1007 .latch n_n3415.Q[0]
1008 .latch n_n4243.Q[0]
1009 .latch n_n3872.Q[0]
1010 .latch n_n3648.Q[0]
1011 .latch n_n3358.Q[0]
1012 .latch n_n3350.Q[0]
1013 .latch ndn3_7.Q[0]
1014 .latch n_n3116.Q[0]
1015 .latch n_n3583.Q[0]
1016 .latch n_n3906.Q[0]
1017 .latch n_n4131.Q[0]
1018 .latch n_n3316.Q[0]
1019 .latch n_n3061.Q[0]
1020 .latch n_n3048.Q[0]
1021 .latch n_n3886.Q[0]
1022 .latch n_n3919.Q[0]
1023 .latch n_n3128.Q[0]
1024 .latch n_n3995.Q[0]
1025 .latch n_n4213.Q[0]
1026 .latch n_n3761.Q[0]
1027 .latch ndn3_8.Q[0]
1028 .latch n_n3252.Q[0]
1029 .latch n_n4366.Q[0]
1030 .latch n_n3328.Q[0]
1031 .latch n_n3988.Q[0]
1032 .latch n_n3348.Q[0]
1033 .latch n_n3544.Q[0]
1034 .latch n_n3101.Q[0]
1035 .latch n_n4279.Q[0]
1036 .latch n_n3896.Q[0]
1037 .latch n_n3736.Q[0]
1038 .latch n_n4251.Q[0]
1039 .latch n_n3650.Q[0]
1040 .latch n_n3307.Q[0]
1041 .latch n_n4294.Q[0]
1042 .latch n_n4334.Q[0]
1043 .latch n_n3955.Q[0]
1044 .latch n_n4164.Q[0]
1045 .latch n_n3155.Q[0]
1046 .latch n_n3749.Q[0]
1047 .latch n_n4233.Q[0]
1048 .latch n_n4347.Q[0]
1049 .latch n_n3826.Q[0]
1050 .latch n_n3360.Q[0]
1051 .latch n_n3458.Q[0]
1052 .latch n_n3093.Q[0]
1053 .latch n_n3157.Q[0]
1054 .latch n_n3506.Q[0]
1055 .latch n_n3161.Q[0]
1056 .latch n_n3319.Q[0]
1057 .latch n_n3429.Q[0]
1058 .latch n_n3971.Q[0]
1059 .latch n_n3449.Q[0]
1060 .latch n_n4270.Q[0]
1061 .latch n_n4288.Q[0]
1062 .latch n_n3183.Q[0]
1063 .latch n_n3130.Q[0]
1064 .latch nlak4_2.Q[0]
1065 .latch n_n4047.Q[0]
1066 .latch n_n3978.Q[0]
1067 .latch n_n3239.Q[0]
1068 .latch n_n4145.Q[0]
1069 .latch n_n3890.Q[0]
1070 .latch n_n4003.Q[0]
1071 .latch n_n3091.Q[0]
1072 .latch n_n3985.Q[0]
1073 .latch n_n3326.Q[0]
1074 .latch n_n4052.Q[0]
1075 .latch nsr4_2.Q[0]
1076 .latch n_n4099.Q[0]
1077 .latch n_n4375.Q[0]
1078 .latch n_n4067.Q[0]
1079 .latch n_n4290.Q[0]
1080 .latch n_n3898.Q[0]
1081 .latch n_n4122.Q[0]
1082 .latch n_n3774.Q[0]
1083 .latch n_n3014.Q[0]
1084 .latch n_n4241.Q[0]
1085 .latch n_n3952.Q[0]
1086 .latch n_n3237.Q[0]
1087 .latch n_n3968.Q[0]
1088 .latch n_n3922.Q[0]
1089 .latch n_n3551.Q[0]
1090 .latch n_n3379.Q[0]
1091 .latch n_n4275.Q[0]
1092 .latch n_n3570.Q[0]
1093 .latch n_n3854.Q[0]
1094 .latch n_n4057.Q[0]
1095 .latch n_n3451.Q[0]
1096 .latch n_n4037.Q[0]
1097 .latch n_n3408.Q[0]
1098 .latch n_n4229.Q[0]
1099 .latch n_n4201.Q[0]
1100 .latch n_n3339.Q[0]
1101 .latch n_n4362.Q[0]
1102 .latch n_n3483.Q[0]
1103 .latch n_n3557.Q[0]
1104 .latch n_n4185.Q[0]
1105 .latch n_n3069.Q[0]
1106 .latch n_n3643.Q[0]
1107 .latch n_n3404.Q[0]
1108 .latch n_n3057.Q[0]
1109 .latch n_n3020.Q[0]
1110 .latch n_n3828.Q[0]
1111 .latch n_n3631.Q[0]
1112 .latch n_n3138.Q[0]
1113 .latch nsr1_2.Q[0]
1114 .latch n_n4065.Q[0]
1115 .latch n_n3679.Q[0]
1116 .latch n_n3287.Q[0]
1117 .latch n_n4351.Q[0]
1118 .latch n_n4059.Q[0]
1119 .latch n_n3436.Q[0]
1120 .latch nen3_10.Q[0]
1121 .latch n_n3461.Q[0]
1122 .latch n_n4012.Q[0]
1123 .latch n_n3051.Q[0]
1124 .latch n_n3073.Q[0]
1125 .latch n_n3777.Q[0]
1126 .latch n_n3709.Q[0]
1127 .latch n_n3946.Q[0]
1128 .latch n_n3085.Q[0]
1129 .latch n_n3259.Q[0]
1130 .latch n_n3504.Q[0]
1131 .latch n_n4045.Q[0]
1132 .latch n_n3954.Q[0]
1133 .latch n_n3136.Q[0]
1134 .latch n_n4372.Q[0]
1135 .latch n_n4236.Q[0]
1136 .latch n_n3040.Q[0]
1137 .latch n_n3874.Q[0]
1138 .latch n_n3999.Q[0]
1139 .latch n_n3223.Q[0]
1140 .latch ndn1_34.Q[0]
1141 .latch n_n3743.Q[0]
1142 .latch n_n3657.Q[0]
1143 .latch n_n3213.Q[0]
1144 .latch n_n3095.Q[0]
1145 .latch n_n3663.Q[0]
1146 .latch n_n3724.Q[0]
1147 .latch n_n3038.Q[0]
1148 .latch n_n3370.Q[0]
1149 .latch n_n3624.Q[0]
1150 .latch n_n3578.Q[0]
1151 .latch n_n3713.Q[0]
1152 .latch n_n3089.Q[0]
1153 .latch n_n3211.Q[0]
1154 .latch n_n3367.Q[0]
1155 .latch n_n3434.Q[0]
1156 .latch n_n3126.Q[0]
1157 .latch n_n4192.Q[0]
1158 .latch n_n4136.Q[0]
1159 .latch n_n3053.Q[0]
1160 .latch n_n3938.Q[0]
1161 .latch n_n3769.Q[0]
1162 .latch n_n4390.Q[0]
1163 .latch nsr3_17.Q[0]
1164 .latch n_n3903.Q[0]
1165 .latch n_n3658.Q[0]
1166 .latch nrq3_11.Q[0]
1167 .latch n_n3818.Q[0]
1168 .latch n_n3533.Q[0]
1169 .latch n_n3463.Q[0]
1170 .latch n_n3175.Q[0]
1171 .latch n_n3055.Q[0]
1172 .latch n_n3202.Q[0]
1173 .latch n_n3385.Q[0]
1174 .latch n_n4077.Q[0]
1175 .latch n_n3142.Q[0]
1176 .latch n_n3901.Q[0]
1177 .latch n_n3934.Q[0]
1178 .latch n_n3823.Q[0]
1179 .latch n_n3722.Q[0]
1180 .latch n_n4309.Q[0]
1181 .latch n_n4159.Q[0]
1182 .latch n_n4330.Q[0]
1183 .latch n_n3836.Q[0]
1184 .latch n_n3470.Q[0]
1185 .latch n_n3331.Q[0]
1186 .latch n_n3883.Q[0]
1187 .latch n_n4299.Q[0]
1188 .latch n_n4157.Q[0]
1189 .latch ndn3_9.Q[0]
1190 .latch n_n3208.Q[0]
1191 .latch n_n3190.Q[0]
1192 .latch n_n4029.Q[0]
1193 .latch n_n3042.Q[0]
1194 .latch nsr3_14.Q[0]
1195 .latch n_n4151.Q[0]
1196 .latch n_n3188.Q[0]
1197 .latch n_n4303.Q[0]
1198 .latch n_n3250.Q[0]
1199 .latch n_n3170.Q[0]
1200 .latch n_n3758.Q[0]
1201 .latch n_n3910.Q[0]
1202 .latch n_n3108.Q[0]
1203 .latch n_n3150.Q[0]
1204 .latch n_n4320.Q[0]
1205 .latch n_n4360.Q[0]
1206 .latch n_n4247.Q[0]
1207 .latch n_n4199.Q[0]
1208 .latch n_n3966.Q[0]
1209 .latch n_n3766.Q[0]
1210 .latch n_n4021.Q[0]
1211 .latch n_n4062.Q[0]
1212 .latch n_n3514.Q[0]
1213 .latch n_n3572.Q[0]
1214 .latch n_n4166.Q[0]
1215 .latch n_n3976.Q[0]
1216 .latch n_n3394.Q[0]
1217 .latch n_n4095.Q[0]
1218 .latch n_n3863.Q[0]
1219 .latch n_n3720.Q[0]
1220 .latch ngfdn_3.Q[0]
1221 .latch n_n3756.Q[0]
1222 .latch n_n3667.Q[0]
1223 .latch n_n3342.Q[0]
1224 .latch n_n3529.Q[0]
1225 .latch n_n4209.Q[0]
1226 .latch n_n4324.Q[0]
1227 .latch n_n3337.Q[0]
1228 .latch n_n4227.Q[0]
1229 .latch n_n4153.Q[0]
1230 .latch n_n3831.Q[0]
1231 .latch n_n3233.Q[0]
1232 .latch n_n4263.Q[0]
1233 .latch n_n3413.Q[0]
1234 .latch n_n4182.Q[0]
1235 .latch n_n3841.Q[0]
1236 .latch n_n3441.Q[0]
1237 .latch n_n4026.Q[0]
1238 .latch n_n4342.Q[0]
1239 .latch n_n4102.Q[0]
1240 .latch n_n3277.Q[0]
1241 .latch n_n4180.Q[0]
1242 .latch n_n3878.Q[0]
1243 .latch n_n3931.Q[0]
1244 .latch n_n3845.Q[0]
1245 .latch n_n3865.Q[0]
1246 .latch n_n3486.Q[0]
1247 .latch n_n4056.Q[0]
1248 .latch n_n3674.Q[0]
1249 .latch n_n3959.Q[0]
1250 .latch n_n3608.Q[0]
1251 .latch n_n4080.Q[0]
1252 .latch n_n4018.Q[0]
1253 .latch n_n4354.Q[0]
1254 .latch n_n3797.Q[0]
1255 .latch n_n3739.Q[0]
1256 .latch n_n3646.Q[0]
1257 .latch n_n3099.Q[0]
1258 .latch n_n3537.Q[0]
1259 .latch n_n3806.Q[0]
1260 .latch n_n3087.Q[0]
1261 .latch n_n4105.Q[0]
1262 .latch n_n3262.Q[0]
1263 .latch n_n4125.Q[0]
1264 .latch n_n3814.Q[0]
1265 .latch n_n4093.Q[0]
1266 .latch nsr3_3.Q[0]
5505 .output out:pdn.outpad[0]
5506 .output out:pv10_7_7_.outpad[0]
5507 .output out:pv9_1_1_.outpad[0]
5508 .output out:pv4_4_4_.outpad[0]
5509 .output out:pv12_2_2_.outpad[0]
5510 .output out:pready_0_0_.outpad[0]
5511 .output out:pv7_6_6_.outpad[0]
5512 .output out:pv3_4_4_.outpad[0]
5513 .output out:pv11_5_5_.outpad[0]
5514 .output out:pv10_2_2_.outpad[0]
5515 .output out:pv5_7_7_.outpad[0]
5516 .output out:pv10_1_1_.outpad[0]
5517 .output out:pv15_7_7_.outpad[0]
5518 .output out:pv5_2_2_.outpad[0]
5519 .output out:pv11_3_3_.outpad[0]
5520 .output out:pv14_3_3_.outpad[0]
5521 .output out:pv5_4_4_.outpad[0]
5522 .output out:pv6_5_5_.outpad[0]
5523 .output out:pv1_5_5_.outpad[0]
5524 .output out:pv12_6_6_.outpad[0]
5525 .output out:pv9_4_4_.outpad[0]
5526 .output out:pv9_3_3_.outpad[0]
5527 .output out:pv4_0_0_.outpad[0]
5528 .output out:pv11_7_7_.outpad[0]
5529 .output out:pv9_2_2_.outpad[0]
5530 .output out:pv6_0_0_.outpad[0]
5531 .output out:pv7_1_1_.outpad[0]
5532 .output out:pv1_1_1_.outpad[0]
5533 .output out:pv9_6_6_.outpad[0]
5534 .output out:pv9_0_0_.outpad[0]
5535 .output out:pv8_3_3_.outpad[0]
5536 .output out:pv9_5_5_.outpad[0]
5537 .output out:pv14_7_7_.outpad[0]
5538 .output out:pv6_1_1_.outpad[0]
5539 .output out:pv5_6_6_.outpad[0]
5540 .output out:pv15_2_2_.outpad[0]
5541 .output out:pv5_5_5_.outpad[0]
5542 .output out:pv12_0_0_.outpad[0]
5543 .output out:pv11_1_1_.outpad[0]
5544 .output out:pv7_0_0_.outpad[0]
5545 .output out:pv2_4_4_.outpad[0]
5546 .output out:pv13_3_3_.outpad[0]
5547 .output out:pv3_6_6_.outpad[0]
5548 .output out:pv15_6_6_.outpad[0]
5549 .output out:pv3_0_0_.outpad[0]
5550 .output out:pv6_2_2_.outpad[0]
5551 .output out:pv6_4_4_.outpad[0]
5552 .output out:pv7_5_5_.outpad[0]
5553 .output out:pv5_1_1_.outpad[0]
5554 .output out:pv2_5_5_.outpad[0]
5555 .output out:pv3_1_1_.outpad[0]
5556 .output out:pv15_3_3_.outpad[0]
5557 .output out:pv13_5_5_.outpad[0]
5558 .output out:pv11_6_6_.outpad[0]
5559 .output out:pv4_2_2_.outpad[0]
5560 .output out:pv5_3_3_.outpad[0]
5561 .output out:pv9_7_7_.outpad[0]
5562 .output out:pv2_3_3_.outpad[0]
5563 .output out:pv8_6_6_.outpad[0]
5564 .latch ndn1_34.D[0]
5565 .output out:pv10_3_3_.outpad[0]
5566 .output out:pv8_4_4_.outpad[0]
5567 .output out:pv14_5_5_.outpad[0]
5568 .output out:pv14_1_1_.outpad[0]
5569 .output out:pv6_7_7_.outpad[0]
5570 .output out:pv14_4_4_.outpad[0]
5571 .output out:pv12_3_3_.outpad[0]
5572 .output out:pv13_0_0_.outpad[0]
5573 .output out:pv2_7_7_.outpad[0]
5574 .output out:pv1_0_0_.outpad[0]
5575 .output out:pv7_4_4_.outpad[0]
5576 .output out:pv12_1_1_.outpad[0]
5577 .output out:pv14_0_0_.outpad[0]
5578 .output out:pv13_2_2_.outpad[0]
5579 .output out:pv12_4_4_.outpad[0]
5580 .output out:pv8_2_2_.outpad[0]
5581 .output out:pv2_6_6_.outpad[0]
5582 .output out:pv7_7_7_.outpad[0]
5583 .output out:pv3_5_5_.outpad[0]
5584 .output out:pv11_2_2_.outpad[0]
5585 .output out:pv4_1_1_.outpad[0]
5586 .output out:pv4_3_3_.outpad[0]
5587 .output out:pv6_6_6_.outpad[0]
5588 .output out:pv8_5_5_.outpad[0]
5589 .output out:pv8_1_1_.outpad[0]
5590 .output out:pv10_4_4_.outpad[0]
5591 .output out:pv15_0_0_.outpad[0]
5592 .output out:pv7_3_3_.outpad[0]
5593 .output out:pv13_4_4_.outpad[0]
5594 .output out:pv2_0_0_.outpad[0]
5595 .output out:pv15_1_1_.outpad[0]
5596 .output out:pv13_1_1_.outpad[0]
5597 .output out:pv8_0_0_.outpad[0]
5598 .output out:pv10_5_5_.outpad[0]
5599 .output out:pv1_7_7_.outpad[0]
5600 .output out:pv11_4_4_.outpad[0]
5601 .output out:pv5_0_0_.outpad[0]
5602 .output out:pv4_7_7_.outpad[0]
5603 .output out:pv13_7_7_.outpad[0]
5604 .output out:pv12_7_7_.outpad[0]
5605 .latch ndn3_15.D[0]
5606 .latch ndn3_5.D[0]
5607 .latch ndn3_10.D[0]
5608 .latch ndn3_6.D[0]
5609 .latch ndn3_7.D[0]
5610 .latch ndn3_8.D[0]
5611 .latch nen3_10.D[0]
5612 .latch nrq3_11.D[0]
5613 .latch ndn3_9.D[0]
5614 .latch ngfdn_3.D[0]
5615 .output out:pv15_4_4_.outpad[0]
5616 .output out:pv10_6_6_.outpad[0]
5617 .output out:pv8_7_7_.outpad[0]
5618 .output out:pv10_0_0_.outpad[0]
5619 .output out:pv12_5_5_.outpad[0]
5620 .output out:pv14_2_2_.outpad[0]
5621 .output out:pv11_0_0_.outpad[0]
5622 .output out:pv4_6_6_.outpad[0]
5623 .output out:pv3_3_3_.outpad[0]
5624 .output out:pv3_7_7_.outpad[0]
5625 .output out:pv1_3_3_.outpad[0]
5626 .output out:pv6_3_3_.outpad[0]
5627 .output out:pv15_5_5_.outpad[0]
5628 .output out:pv1_6_6_.outpad[0]
5629 .output out:pv2_2_2_.outpad[0]
5630 .output out:pv13_6_6_.outpad[0]
5631 .output out:pv3_2_2_.outpad[0]
5632 .output out:pv2_1_1_.outpad[0]
5633 .output out:pv1_2_2_.outpad[0]
5634 .output out:pv1_4_4_.outpad[0]
5635 .output out:pv4_5_5_.outpad[0]
5636 .output out:pv7_2_2_.outpad[0]
5637 .output out:pv14_6_6_.outpad[0]
5638 .latch n_n4071.D[0]
5639 .latch n_n4349.D[0]
5640 .latch n_n4201.D[0]
5641 .latch n_n3968.D[0]
5642 .latch n_n3922.D[0]
5643 .latch n_n3854.D[0]
5644 .latch n_n3946.D[0]
5645 .latch n_n4383.D[0]
5646 .latch n_n3281.D[0]
5647 .latch n_n3743.D[0]
5648 .latch n_n4258.D[0]
5649 .latch n_n4337.D[0]
5650 .latch n_n3451.D[0]
5651 .latch n_n4160.D[0]
5652 .latch n_n4159.D[0]
5653 .latch n_n4330.D[0]
5654 .latch n_n3892.D[0]
5655 .latch n_n3035.D[0]
5656 .latch n_n3556.D[0]
5657 .latch n_n4211.D[0]
5658 .latch n_n3936.D[0]
5659 .latch n_n3876.D[0]
5660 .latch nlc1_2.D[0]
5661 .latch n_n3144.D[0]
5662 .latch n_n3782.D[0]
5663 .latch n_n3067.D[0]
5664 .latch n_n3180.D[0]
5665 .latch n_n3274.D[0]
5666 .latch n_n3381.D[0]
5667 .latch n_n3029.D[0]
5668 .latch n_n3619.D[0]
5669 .latch n_n3264.D[0]
5670 .latch n_n4114.D[0]
5671 .latch n_n3146.D[0]
5672 .latch n_n3152.D[0]
5673 .latch n_n4282.D[0]
5674 .latch n_n3305.D[0]
5675 .latch n_n3204.D[0]
5676 .latch n_n3024.D[0]
5677 .latch n_n4139.D[0]
5678 .latch n_n3456.D[0]
5679 .latch n_n3521.D[0]
5680 .latch n_n3081.D[0]
5681 .latch n_n3195.D[0]
5682 .latch n_n3489.D[0]
5683 .latch n_n3372.D[0]
5684 .latch n_n3411.D[0]
5685 .latch n_n3396.D[0]
5686 .latch n_n3432.D[0]
5687 .latch n_n3606.D[0]
5688 .latch n_n3120.D[0]
5689 .latch n_n4089.D[0]
5690 .latch n_n3321.D[0]
5691 .latch n_n3443.D[0]
5692 .latch n_n3215.D[0]
5693 .latch n_n3590.D[0]
5694 .latch n_n4110.D[0]
5695 .latch n_n4129.D[0]
5696 .latch pdn.D[0]
5697 .latch n_n3567.D[0]
5698 .latch n_n3075.D[0]
5699 .latch n_n3617.D[0]
5700 .latch n_n4162.D[0]
5701 .latch n_n4120.D[0]
5702 .latch n_n3065.D[0]
5703 .latch n_n4005.D[0]
5704 .latch n_n3266.D[0]
5705 .latch n_n3600.D[0]
5706 .latch n_n3415.D[0]
5707 .latch n_n3872.D[0]
5708 .latch n_n3648.D[0]
5709 .latch n_n3350.D[0]
5710 .latch n_n3116.D[0]
5711 .latch n_n4131.D[0]
5712 .latch n_n4213.D[0]
5713 .latch n_n3252.D[0]
5714 .latch n_n3348.D[0]
5715 .latch n_n3544.D[0]
5716 .latch n_n3101.D[0]
5717 .latch n_n3650.D[0]
5718 .latch n_n3307.D[0]
5719 .latch n_n4164.D[0]
5720 .latch n_n3749.D[0]
5721 .latch n_n4347.D[0]
5722 .latch n_n3826.D[0]
5723 .latch n_n3360.D[0]
5724 .latch n_n3093.D[0]
5725 .latch n_n3157.D[0]
5726 .latch n_n3161.D[0]
5727 .latch n_n3130.D[0]
5728 .latch n_n3239.D[0]
5729 .latch n_n3890.D[0]
5730 .latch n_n3326.D[0]
5731 .latch n_n4375.D[0]
5732 .latch n_n4290.D[0]
5733 .latch n_n3774.D[0]
5734 .latch n_n3014.D[0]
5735 .latch n_n4241.D[0]
5736 .latch n_n3551.D[0]
5737 .latch n_n3379.D[0]
5738 .latch n_n3570.D[0]
5739 .latch n_n4037.D[0]
5740 .latch n_n3339.D[0]
5741 .latch n_n4185.D[0]
5742 .latch n_n3643.D[0]
5743 .latch n_n3828.D[0]
5744 .latch nsr1_2.D[0]
5745 .latch n_n4059.D[0]
5746 .latch n_n3461.D[0]
5747 .latch n_n3051.D[0]
5748 .latch n_n3504.D[0]
5749 .latch n_n3040.D[0]
5750 .latch n_n3874.D[0]
5751 .latch n_n3999.D[0]
5752 .latch n_n3095.D[0]
5753 .latch n_n3663.D[0]
5754 .latch n_n3038.D[0]
5755 .latch n_n3211.D[0]
5756 .latch n_n3367.D[0]
5757 .latch n_n3434.D[0]
5758 .latch n_n3053.D[0]
5759 .latch n_n3938.D[0]
5760 .latch n_n3903.D[0]
5761 .latch n_n3175.D[0]
5762 .latch n_n4077.D[0]
5763 .latch n_n3142.D[0]
5764 .latch n_n3836.D[0]
5765 .latch n_n3470.D[0]
5766 .latch n_n3190.D[0]
5767 .latch n_n3042.D[0]
5768 .latch n_n3188.D[0]
5769 .latch n_n3150.D[0]
5770 .latch n_n3863.D[0]
5771 .latch n_n3720.D[0]
5772 .latch n_n3529.D[0]
5773 .latch n_n4153.D[0]
5774 .latch n_n3233.D[0]
5775 .latch n_n3441.D[0]
5776 .latch n_n3674.D[0]
5777 .latch n_n4018.D[0]
5778 .latch n_n4354.D[0]
5779 .latch n_n3797.D[0]
5780 .latch n_n3087.D[0]
5781 .latch n_n4105.D[0]
5782 .latch n_n3262.D[0]
5783 .latch nsr3_3.D[0]
5784 .latch n_n4151.D[0]
5785 .latch n_n3250.D[0]
5786 .latch n_n3170.D[0]
5787 .latch n_n4360.D[0]
5788 .latch n_n4362.D[0]
5789 .latch n_n3578.D[0]
5790 .latch n_n4021.D[0]
5791 .latch n_n4062.D[0]
5792 .latch n_n4270.D[0]
5793 .latch n_n4299.D[0]
5794 .latch n_n3756.D[0]
5795 .latch n_n3624.D[0]
5796 .latch n_n4251.D[0]
5797 .latch n_n4182.D[0]
5798 .latch n_n3931.D[0]
5799 .latch n_n3533.D[0]
5800 .latch n_n3978.D[0]
5801 .latch n_n3328.D[0]
5802 .latch n_n4224.D[0]
5803 .latch nlc3_3.D[0]
5804 .latch n_n3493.D[0]
5805 .latch n_n4108.D[0]
5806 .latch n_n3354.D[0]
5807 .latch n_n3008.D[0]
5808 .latch n_n3225.D[0]
5809 .latch n_n3687.D[0]
5810 .latch n_n3098.D[0]
5811 .latch n_n3497.D[0]
5812 .latch n_n3780.D[0]
5813 .latch n_n3133.D[0]
5814 .latch n_n3270.D[0]
5815 .latch n_n3670.D[0]
5816 .latch n_n3525.D[0]
5817 .latch n_n3729.D[0]
5818 .latch n_n3549.D[0]
5819 .latch n_n3764.D[0]
5820 .latch n_n3517.D[0]
5821 .latch n_n3012.D[0]
5822 .latch n_n3344.D[0]
5823 .latch n_n3079.D[0]
5824 .latch n_n3313.D[0]
5825 .latch n_n3231.D[0]
5826 .latch n_n3733.D[0]
5827 .latch n_n3221.D[0]
5828 .latch n_n3173.D[0]
5829 .latch n_n3113.D[0]
5830 .latch n_n3118.D[0]
5831 .latch n_n3044.D[0]
5832 .latch n_n3627.D[0]
5833 .latch n_n4172.D[0]
5834 .latch n_n3576.D[0]
5835 .latch n_n4189.D[0]
5836 .latch n_n3465.D[0]
5837 .latch n_n4243.D[0]
5838 .latch n_n3358.D[0]
5839 .latch n_n3906.D[0]
5840 .latch n_n3316.D[0]
5841 .latch n_n3061.D[0]
5842 .latch n_n3048.D[0]
5843 .latch n_n3128.D[0]
5844 .latch n_n3761.D[0]
5845 .latch n_n3896.D[0]
5846 .latch n_n3736.D[0]
5847 .latch n_n3155.D[0]
5848 .latch n_n3506.D[0]
5849 .latch n_n3319.D[0]
5850 .latch n_n3429.D[0]
5851 .latch n_n3971.D[0]
5852 .latch n_n3449.D[0]
5853 .latch n_n3183.D[0]
5854 .latch n_n4003.D[0]
5855 .latch n_n3091.D[0]
5856 .latch n_n3985.D[0]
5857 .latch n_n3952.D[0]
5858 .latch n_n3069.D[0]
5859 .latch n_n3404.D[0]
5860 .latch n_n3057.D[0]
5861 .latch n_n3020.D[0]
5862 .latch n_n3631.D[0]
5863 .latch n_n3138.D[0]
5864 .latch n_n4065.D[0]
5865 .latch n_n3679.D[0]
5866 .latch n_n3287.D[0]
5867 .latch n_n3436.D[0]
5868 .latch n_n3073.D[0]
5869 .latch n_n3777.D[0]
5870 .latch n_n3136.D[0]
5871 .latch n_n4372.D[0]
5872 .latch n_n3223.D[0]
5873 .latch n_n3213.D[0]
5874 .latch n_n3370.D[0]
5875 .latch n_n3713.D[0]
5876 .latch n_n3089.D[0]
5877 .latch n_n3126.D[0]
5878 .latch n_n4192.D[0]
5879 .latch n_n4136.D[0]
5880 .latch n_n4390.D[0]
5881 .latch n_n3463.D[0]
5882 .latch n_n3055.D[0]
5883 .latch n_n3202.D[0]
5884 .latch n_n3385.D[0]
5885 .latch n_n3722.D[0]
5886 .latch n_n4309.D[0]
5887 .latch n_n3331.D[0]
5888 .latch n_n3883.D[0]
5889 .latch n_n4303.D[0]
5890 .latch n_n3758.D[0]
5891 .latch n_n3910.D[0]
5892 .latch n_n3108.D[0]
5893 .latch n_n4320.D[0]
5894 .latch n_n4247.D[0]
5895 .latch n_n4199.D[0]
5896 .latch n_n3572.D[0]
5897 .latch n_n4166.D[0]
5898 .latch n_n3394.D[0]
5899 .latch n_n3667.D[0]
5900 .latch n_n3342.D[0]
5901 .latch n_n4209.D[0]
5902 .latch n_n3337.D[0]
5903 .latch n_n3413.D[0]
5904 .latch n_n4342.D[0]
5905 .latch n_n4102.D[0]
5906 .latch n_n3277.D[0]
5907 .latch n_n4180.D[0]
5908 .latch n_n3486.D[0]
5909 .latch n_n3739.D[0]
5910 .latch n_n3646.D[0]
5911 .latch n_n3537.D[0]
5912 .latch n_n3806.D[0]
5913 .latch ndn3_4.D[0]
5914 .latch n_n4286.D[0]
5915 .latch nlak4_2.D[0]
5916 .latch nsr4_2.D[0]
5917 .latch n_n4236.D[0]
5918 .latch n_n4263.D[0]
5919 .latch n_n3901.D[0]
5920 .latch n_n4125.D[0]
5921 .latch nsr3_14.D[0]
5922 .latch n_n3658.D[0]
5923 .latch n_n3604.D[0]
5924 .latch n_n3878.D[0]
5925 .latch n_n3208.D[0]
5926 .latch n_n3259.D[0]
5927 .latch n_n4294.D[0]
5928 .latch n_n3919.D[0]
5929 .latch n_n3886.D[0]
5930 .latch n_n3858.D[0]
5931 .latch n_n3511.D[0]
5932 .latch n_n3688.D[0]
5933 .latch n_n3976.D[0]
5934 .latch n_n3608.D[0]
5935 .latch n_n3793.D[0]
5936 .latch n_n3557.D[0]
5937 .latch n_n3769.D[0]
5938 .latch n_n3934.D[0]
5939 .latch n_n3865.D[0]
5940 .latch n_n3845.D[0]
5941 .latch n_n4029.D[0]
5942 .latch n_n3954.D[0]
5943 .latch n_n4099.D[0]
5944 .latch n_n4052.D[0]
5945 .latch n_n3955.D[0]
5946 .latch n_n4381.D[0]
5947 .latch n_n3408.D[0]
5948 .latch n_n4392.D[0]
5949 .latch n_n4222.D[0]
5950 .latch n_n3099.D[0]
5951 .latch n_n4056.D[0]
5952 .latch n_n4045.D[0]
5953 .latch n_n4057.D[0]
5954 .latch n_n4366.D[0]
5955 .latch n_n4047.D[0]
5956 .latch n_n3237.D[0]
5957 .latch n_n4316.D[0]
5958 .latch n_n3495.D[0]
5959 .latch n_n3657.D[0]
5960 .latch n_n3475.D[0]
5961 .latch n_n3111.D[0]
5962 .latch n_n4074.D[0]
5963 .latch n_n3916.D[0]
5964 .latch n_n3458.D[0]
5965 .latch n_n3085.D[0]
5966 .latch n_n4351.D[0]
5967 .latch n_n4229.D[0]
5968 .latch n_n4324.D[0]
5969 .latch n_n4288.D[0]
5970 .latch n_n3898.D[0]
5971 .latch n_n4157.D[0]
5972 .latch n_n4095.D[0]
5973 .latch n_n4122.D[0]
5974 .latch n_n4145.D[0]
5975 .latch n_n3841.D[0]
5976 .latch n_n4233.D[0]
5977 .latch n_n3242.D[0]
5978 .latch n_n4142.D[0]
5979 .latch n_n3376.D[0]
5980 .latch n_n3207.D[0]
5981 .latch n_n3583.D[0]
5982 .latch n_n4279.D[0]
5983 .latch n_n3823.D[0]
5984 .latch n_n3966.D[0]
5985 .latch n_n3514.D[0]
5986 .latch n_n3198.D[0]
5987 .latch n_n3833.D[0]
5988 .latch n_n4067.D[0]
5989 .latch nsr3_17.D[0]
5990 .latch n_n4026.D[0]
5991 .latch n_n3851.D[0]
5992 .latch n_n3709.D[0]
5993 .latch n_n3707.D[0]
5994 .latch n_n4334.D[0]
5995 .latch n_n4012.D[0]
5996 .latch n_n3724.D[0]
5997 .latch n_n4227.D[0]
5998 .latch n_n3814.D[0]
5999 .latch n_n4080.D[0]
6000 .latch n_n3959.D[0]
6001 .latch n_n3818.D[0]
6002 .latch n_n3988.D[0]
6003 .latch n_n3995.D[0]
6004 .latch n_n4040.D[0]
6005 .latch n_n3726.D[0]
6006 .latch n_n3574.D[0]
6007 .latch n_n4093.D[0]
6008 .latch n_n3831.D[0]
6009 .latch n_n3483.D[0]
6010 .latch n_n4275.D[0]
6011 .latch n_n3766.D[0]

#End of unconstrained hold startpoint/endpoint report
