mktextfm ptmb8t
mktextfm ptmbi8t
mktextfm ptmri8t
mktextfm ptmbi8t
mktextfm phvb8t
mktextfm phvbo8t
mktextfm phvr8t
mktextfm phvro8t
mktextfm phvb8t
mktextfm phvr8t
mktextfm phvro8t
mktextfm phvr8t
mktextfm phvro8t
mktextfm phvr8t
mktextfm ptmr8t
mktextfm ptmri8t
mktextfm ptmr8t
mktextfm ptmr8t
mktextfm ptmb8t
mktextfm ptmbi8t
mktextfm ptmri8t
mktextfm ptmbi8t
mktextfm phvb8t
mktextfm phvbo8t
mktextfm phvr8t
mktextfm phvro8t
mktextfm phvb8t
mktextfm phvr8t
mktextfm phvro8t
mktextfm phvr8t
mktextfm phvro8t
mktextfm phvr8t
mktextfm ptmr8t
mktextfm ptmri8t
mktextfm ptmr8t
mktextfm ptmr8t
mktextfm ptmb8t
mktextfm ptmbi8t
mktextfm ptmri8t
mktextfm ptmbi8t
mktextfm phvb8t
mktextfm phvbo8t
mktextfm phvr8t
mktextfm phvro8t
mktextfm phvb8t
mktextfm phvr8t
mktextfm phvro8t
mktextfm phvr8t
mktextfm phvro8t
mktextfm phvr8t
mktextfm ptmr8t
mktextfm ptmri8t
mktextfm ptmr8t
mktextfm ptmr8t
