This is LuaTeX, Version beta-0.76.0-2013062820 (rev 4627)  (format=lualatex 2014.11.10)  10 NOV 2014 21:16
**rrgraph_before.tex

(C:/cygwin64/home/Ehsan/Javeed/vtr-verilog-to-routing/doc/journal/fpgapaperfina
l/FPGAPaper/rrgraph_before.tex
LaTeX2e <2011/06/27>
Babel <v3.8m> and hyphenation patterns for english, afrikaans, ancientgreek, ara
bic, armenian, assamese, basque, bengali, bokmal, bulgarian, catalan, coptic, cr
oatian, czech, danish, dutch, esperanto, estonian, farsi, finnish, french, galic
ian, german, german-x-2013-05-26, greek, gujarati, hindi, hungarian, icelandic, 
indonesian, interlingua, irish, italian, kannada, kurmanji, latin, latvian, lith
uanian, malayalam, marathi, mongolian, mongolianlmc, monogreek, ngerman, ngerman
-x-2013-05-26, nynorsk, oriya, panjabi, pinyin, polish, portuguese, romanian, ru
ssian, sanskrit, serbian, slovak, slovenian, spanish, swedish, swissgerman, tami
l, telugu, turkish, turkmen, ukenglish, ukrainian, uppersorbian, usenglishmax, w
elsh, loaded.
("C:/Program Files (x86)/MiKTeX 2.9/tex/latex/standalone/standalone.cls"
Document Class: standalone 2012/09/15 v1.1b Class to compile TeX sub-files stand
alone
("C:/Program Files (x86)/MiKTeX 2.9/tex/generic/oberdiek/ifluatex.sty"
Package: ifluatex 2010/03/01 v1.3 Provides the ifluatex switch (HO)
Package ifluatex Info: LuaTeX detected.
)
("C:/Program Files (x86)/MiKTeX 2.9/tex/generic/oberdiek/ifpdf.sty"
Package: ifpdf 2011/01/30 v2.3 Provides the ifpdf switch (HO)
Package ifpdf Info: pdfTeX in PDF mode is detected.
)
("C:/Program Files (x86)/MiKTeX 2.9/tex/generic/ifxetex/ifxetex.sty"
Package: ifxetex 2010/09/12 v0.6 Provides ifxetex conditional
)
("C:/Program Files (x86)/MiKTeX 2.9/tex/latex/xkeyval/xkeyval.sty"
Package: xkeyval 2012/10/14 v2.6b package option processing (HA)

("C:/Program Files (x86)/MiKTeX 2.9/tex/generic/xkeyval/xkeyval.tex"
\XKV@toks=\toks14
\XKV@tempa@toks=\toks15
\XKV@depth=\count79
File: xkeyval.tex 2012/10/14 v2.6b key=value parser (HA)

("C:/Program Files (x86)/MiKTeX 2.9/tex/generic/xkeyval/keyval.tex")))
\sa@internal=\count80

("C:/Program Files (x86)/MiKTeX 2.9/tex/latex/standalone/standalone.cfg"
File: standalone.cfg 2012/09/15 v1.1b Default configuration file for 'standalone
' class
)
("C:/Program Files (x86)/MiKTeX 2.9/tex/latex/base/article.cls"
Document Class: article 2007/10/19 v1.4h Standard LaTeX document class
("C:/Program Files (x86)/MiKTeX 2.9/tex/latex/base/size10.clo"
File: size10.clo 2007/10/19 v1.4h Standard LaTeX file (size option)
)
\c@part=\count81
\c@section=\count82
\c@subsection=\count83
\c@subsubsection=\count84
\c@paragraph=\count85
\c@subparagraph=\count86
\c@figure=\count87
\c@table=\count88
\abovecaptionskip=\skip41
\belowcaptionskip=\skip42
\bibindent=\dimen102
)
("C:/Program Files (x86)/MiKTeX 2.9/tex/latex/pgf/frontendlayer/tikz.sty"
("C:/Program Files (x86)/MiKTeX 2.9/tex/latex/pgf/basiclayer/pgf.sty"
("C:/Program Files (x86)/MiKTeX 2.9/tex/latex/pgf/utilities/pgfrcs.sty"
("C:/Program Files (x86)/MiKTeX 2.9/tex/generic/pgf/utilities/pgfutil-common.te
x"
\pgfutil@everybye=\toks16
\pgfutil@tempdima=\dimen103
\pgfutil@tempdimb=\dimen104

("C:/Program Files (x86)/MiKTeX 2.9/tex/generic/pgf/utilities/pgfutil-common-li
sts.tex"))
("C:/Program Files (x86)/MiKTeX 2.9/tex/generic/pgf/utilities/pgfutil-latex.def
"
\pgfutil@abb=\box26
 ("C:/Program Files (x86)/MiKTeX 2.9/tex/latex/ms/everyshi.sty"
Package: everyshi 2001/05/15 v3.00 EveryShipout Package (MS)
))
("C:/Program Files (x86)/MiKTeX 2.9/tex/generic/pgf/utilities/pgfrcs.code.tex"
Package: pgfrcs 2013/12/20 v3.0.0 (rcs-revision 1.28)
))
Package: pgf 2013/12/18 v3.0.0 (rcs-revision 1.14)
 ("C:/Program Files (x86)/MiKTeX 2.9/tex/latex/pgf/basiclayer/pgfcore.sty"
("C:/Program Files (x86)/MiKTeX 2.9/tex/latex/graphics/graphicx.sty"
Package: graphicx 1999/02/16 v1.0f Enhanced LaTeX Graphics (DPC,SPQR)

("C:/Program Files (x86)/MiKTeX 2.9/tex/latex/graphics/graphics.sty"
Package: graphics 2009/02/05 v1.0o Standard LaTeX Graphics (DPC,SPQR)

("C:/Program Files (x86)/MiKTeX 2.9/tex/latex/graphics/trig.sty"
Package: trig 1999/03/16 v1.09 sin cos tan (DPC)
)
("C:/Program Files (x86)/MiKTeX 2.9/tex/latex/00miktex/graphics.cfg"
File: graphics.cfg 2007/01/18 v1.5 graphics configuration of teTeX/TeXLive
)
Package graphics Info: Driver file: pdftex.def on input line 91.

("C:/Program Files (x86)/MiKTeX 2.9/tex/latex/pdftex-def/pdftex.def"
File: pdftex.def 2011/05/27 v0.06d Graphics/color for pdfTeX

("C:/Program Files (x86)/MiKTeX 2.9/tex/generic/oberdiek/infwarerr.sty"
Package: infwarerr 2010/04/08 v1.3 Providing info/warning/error messages (HO)
)
("C:/Program Files (x86)/MiKTeX 2.9/tex/generic/oberdiek/ltxcmds.sty"
Package: ltxcmds 2011/11/09 v1.22 LaTeX kernel commands for general use (HO)
)
("C:/Program Files (x86)/MiKTeX 2.9/tex/generic/oberdiek/pdftexcmds.sty"
Package: pdftexcmds 2011/11/29 v0.20 Utility functions of pdfTeX for LuaTeX (HO)

Package pdftexcmds Info: \pdf@primitive is available.
Package pdftexcmds Info: \pdf@ifprimitive is available.
Package pdftexcmds Info: \pdfdraftmode found.

("C:/Program Files (x86)/MiKTeX 2.9/tex/generic/oberdiek/luatex-loader.sty"
Package: luatex-loader 2010/03/09 v0.4 Lua module loader (HO)

(C:/Program Files (x86)/MiKTeX 2.9/scripts/oberdiek/oberdiek.luatex.lua))
\pdftexcmds@toks=\toks17
)
\Gread@gobject=\count89
))
\Gin@req@height=\dimen105
\Gin@req@width=\dimen106
)
("C:/Program Files (x86)/MiKTeX 2.9/tex/latex/pgf/systemlayer/pgfsys.sty"
("C:/Program Files (x86)/MiKTeX 2.9/tex/generic/pgf/systemlayer/pgfsys.code.tex
"
Package: pgfsys 2013/11/30 v3.0.0 (rcs-revision 1.47)
 ("C:/Program Files (x86)/MiKTeX 2.9/tex/generic/pgf/utilities/pgfkeys.code.tex
"
\pgfkeys@pathtoks=\toks18
\pgfkeys@temptoks=\toks19

("C:/Program Files (x86)/MiKTeX 2.9/tex/generic/pgf/utilities/pgfkeysfiltered.c
ode.tex"
\pgfkeys@tmptoks=\toks20
))
\pgf@x=\dimen107
\pgf@y=\dimen108
\pgf@xa=\dimen109
\pgf@ya=\dimen110
\pgf@xb=\dimen111
\pgf@yb=\dimen112
\pgf@xc=\dimen113
\pgf@yc=\dimen114
\w@pgf@writea=\write3
\r@pgf@reada=\read1
\c@pgf@counta=\count90
\c@pgf@countb=\count91
\c@pgf@countc=\count92
\c@pgf@countd=\count93
\t@pgf@toka=\toks21
\t@pgf@tokb=\toks22
\t@pgf@tokc=\toks23

("C:/Program Files (x86)/MiKTeX 2.9/tex/generic/pgf/systemlayer/pgf.cfg"
File: pgf.cfg 2008/05/14  (rcs-revision 1.7)
)
Driver file for pgf: pgfsys-pdftex.def

("C:/Program Files (x86)/MiKTeX 2.9/tex/generic/pgf/systemlayer/pgfsys-pdftex.d
ef"
File: pgfsys-pdftex.def 2013/07/18  (rcs-revision 1.33)

("C:/Program Files (x86)/MiKTeX 2.9/tex/generic/pgf/systemlayer/pgfsys-common-p
df.def"
File: pgfsys-common-pdf.def 2013/10/10  (rcs-revision 1.13)
)))
("C:/Program Files (x86)/MiKTeX 2.9/tex/generic/pgf/systemlayer/pgfsyssoftpath.
code.tex"
File: pgfsyssoftpath.code.tex 2013/09/09  (rcs-revision 1.9)
\pgfsyssoftpath@smallbuffer@items=\count94
\pgfsyssoftpath@bigbuffer@items=\count95
)
("C:/Program Files (x86)/MiKTeX 2.9/tex/generic/pgf/systemlayer/pgfsysprotocol.
code.tex"
File: pgfsysprotocol.code.tex 2006/10/16  (rcs-revision 1.4)
)) ("C:/Program Files (x86)/MiKTeX 2.9/tex/latex/xcolor/xcolor.sty"
Package: xcolor 2007/01/21 v2.11 LaTeX color extensions (UK)

("C:/Program Files (x86)/MiKTeX 2.9/tex/latex/00miktex/color.cfg"
File: color.cfg 2007/01/18 v1.5 color configuration of teTeX/TeXLive
)
Package xcolor Info: Driver file: pdftex.def on input line 225.
Package xcolor Info: Model `cmy' substituted by `cmy0' on input line 1337.
Package xcolor Info: Model `hsb' substituted by `rgb' on input line 1341.
Package xcolor Info: Model `RGB' extended on input line 1353.
Package xcolor Info: Model `HTML' substituted by `rgb' on input line 1355.
Package xcolor Info: Model `Hsb' substituted by `hsb' on input line 1356.
Package xcolor Info: Model `tHsb' substituted by `hsb' on input line 1357.
Package xcolor Info: Model `HSB' substituted by `hsb' on input line 1358.
Package xcolor Info: Model `Gray' substituted by `gray' on input line 1359.
Package xcolor Info: Model `wave' substituted by `hsb' on input line 1360.
)
("C:/Program Files (x86)/MiKTeX 2.9/tex/generic/pgf/basiclayer/pgfcore.code.tex
"
Package: pgfcore 2010/04/11 v3.0.0 (rcs-revision 1.7)
 ("C:/Program Files (x86)/MiKTeX 2.9/tex/generic/pgf/math/pgfmath.code.tex"
("C:/Program Files (x86)/MiKTeX 2.9/tex/generic/pgf/math/pgfmathcalc.code.tex"
("C:/Program Files (x86)/MiKTeX 2.9/tex/generic/pgf/math/pgfmathutil.code.tex")
("C:/Program Files (x86)/MiKTeX 2.9/tex/generic/pgf/math/pgfmathparser.code.tex
"
\pgfmath@dimen=\dimen115
\pgfmath@count=\count96
\pgfmath@box=\box27
\pgfmath@toks=\toks24
\pgfmath@stack@operand=\toks25
\pgfmath@stack@operation=\toks26
)
("C:/Program Files (x86)/MiKTeX 2.9/tex/generic/pgf/math/pgfmathfunctions.code.
tex"
("C:/Program Files (x86)/MiKTeX 2.9/tex/generic/pgf/math/pgfmathfunctions.basic
.code.tex")
("C:/Program Files (x86)/MiKTeX 2.9/tex/generic/pgf/math/pgfmathfunctions.trigo
nometric.code.tex")
("C:/Program Files (x86)/MiKTeX 2.9/tex/generic/pgf/math/pgfmathfunctions.rando
m.code.tex")
("C:/Program Files (x86)/MiKTeX 2.9/tex/generic/pgf/math/pgfmathfunctions.compa
rison.code.tex")
("C:/Program Files (x86)/MiKTeX 2.9/tex/generic/pgf/math/pgfmathfunctions.base.
code.tex")
("C:/Program Files (x86)/MiKTeX 2.9/tex/generic/pgf/math/pgfmathfunctions.round
.code.tex")
("C:/Program Files (x86)/MiKTeX 2.9/tex/generic/pgf/math/pgfmathfunctions.misc.
code.tex")
("C:/Program Files (x86)/MiKTeX 2.9/tex/generic/pgf/math/pgfmathfunctions.integ
erarithmetics.code.tex")))
("C:/Program Files (x86)/MiKTeX 2.9/tex/generic/pgf/math/pgfmathfloat.code.tex"
\c@pgfmathroundto@lastzeros=\count97
))
("C:/Program Files (x86)/MiKTeX 2.9/tex/generic/pgf/basiclayer/pgfcorepoints.co
de.tex"
File: pgfcorepoints.code.tex 2013/10/07  (rcs-revision 1.27)
\pgf@picminx=\dimen116
\pgf@picmaxx=\dimen117
\pgf@picminy=\dimen118
\pgf@picmaxy=\dimen119
\pgf@pathminx=\dimen120
\pgf@pathmaxx=\dimen121
\pgf@pathminy=\dimen122
\pgf@pathmaxy=\dimen123
\pgf@xx=\dimen124
\pgf@xy=\dimen125
\pgf@yx=\dimen126
\pgf@yy=\dimen127
\pgf@zx=\dimen128
\pgf@zy=\dimen129
)
("C:/Program Files (x86)/MiKTeX 2.9/tex/generic/pgf/basiclayer/pgfcorepathconst
ruct.code.tex"
File: pgfcorepathconstruct.code.tex 2013/10/07  (rcs-revision 1.29)
\pgf@path@lastx=\dimen130
\pgf@path@lasty=\dimen131
)
("C:/Program Files (x86)/MiKTeX 2.9/tex/generic/pgf/basiclayer/pgfcorepathusage
.code.tex"
File: pgfcorepathusage.code.tex 2013/12/13  (rcs-revision 1.23)
\pgf@shorten@end@additional=\dimen132
\pgf@shorten@start@additional=\dimen133
)
("C:/Program Files (x86)/MiKTeX 2.9/tex/generic/pgf/basiclayer/pgfcorescopes.co
de.tex"
File: pgfcorescopes.code.tex 2013/10/09  (rcs-revision 1.44)
\pgfpic=\box28
\pgf@hbox=\box29
\pgf@layerbox@main=\box30
\pgf@picture@serial@count=\count98
)
("C:/Program Files (x86)/MiKTeX 2.9/tex/generic/pgf/basiclayer/pgfcoregraphicst
ate.code.tex"
File: pgfcoregraphicstate.code.tex 2013/09/19  (rcs-revision 1.11)
\pgflinewidth=\dimen134
)
("C:/Program Files (x86)/MiKTeX 2.9/tex/generic/pgf/basiclayer/pgfcoretransform
ations.code.tex"
File: pgfcoretransformations.code.tex 2013/10/10  (rcs-revision 1.17)
\pgf@pt@x=\dimen135
\pgf@pt@y=\dimen136
\pgf@pt@temp=\dimen137
)
("C:/Program Files (x86)/MiKTeX 2.9/tex/generic/pgf/basiclayer/pgfcorequick.cod
e.tex"
File: pgfcorequick.code.tex 2008/10/09  (rcs-revision 1.3)
)
("C:/Program Files (x86)/MiKTeX 2.9/tex/generic/pgf/basiclayer/pgfcoreobjects.c
ode.tex"
File: pgfcoreobjects.code.tex 2006/10/11  (rcs-revision 1.2)
)
("C:/Program Files (x86)/MiKTeX 2.9/tex/generic/pgf/basiclayer/pgfcorepathproce
ssing.code.tex"
File: pgfcorepathprocessing.code.tex 2013/09/09  (rcs-revision 1.9)
)
("C:/Program Files (x86)/MiKTeX 2.9/tex/generic/pgf/basiclayer/pgfcorearrows.co
de.tex"
File: pgfcorearrows.code.tex 2013/11/07  (rcs-revision 1.40)
\pgfarrowsep=\dimen138
)
("C:/Program Files (x86)/MiKTeX 2.9/tex/generic/pgf/basiclayer/pgfcoreshade.cod
e.tex"
File: pgfcoreshade.code.tex 2013/07/15  (rcs-revision 1.15)
\pgf@max=\dimen139
\pgf@sys@shading@range@num=\count99
)
("C:/Program Files (x86)/MiKTeX 2.9/tex/generic/pgf/basiclayer/pgfcoreimage.cod
e.tex"
File: pgfcoreimage.code.tex 2013/07/15  (rcs-revision 1.18)

("C:/Program Files (x86)/MiKTeX 2.9/tex/generic/pgf/basiclayer/pgfcoreexternal.
code.tex"
File: pgfcoreexternal.code.tex 2013/07/15  (rcs-revision 1.20)
\pgfexternal@startupbox=\box31
))
("C:/Program Files (x86)/MiKTeX 2.9/tex/generic/pgf/basiclayer/pgfcorelayers.co
de.tex"
File: pgfcorelayers.code.tex 2013/07/18  (rcs-revision 1.7)
)
("C:/Program Files (x86)/MiKTeX 2.9/tex/generic/pgf/basiclayer/pgfcoretranspare
ncy.code.tex"
File: pgfcoretransparency.code.tex 2013/09/30  (rcs-revision 1.5)
)
("C:/Program Files (x86)/MiKTeX 2.9/tex/generic/pgf/basiclayer/pgfcorepatterns.
code.tex"
File: pgfcorepatterns.code.tex 2013/11/07  (rcs-revision 1.5)
)))
("C:/Program Files (x86)/MiKTeX 2.9/tex/generic/pgf/modules/pgfmoduleshapes.cod
e.tex"
File: pgfmoduleshapes.code.tex 2013/10/31  (rcs-revision 1.34)
\pgfnodeparttextbox=\box32
)
("C:/Program Files (x86)/MiKTeX 2.9/tex/generic/pgf/modules/pgfmoduleplot.code.
tex"
File: pgfmoduleplot.code.tex 2013/07/31  (rcs-revision 1.12)
)
("C:/Program Files (x86)/MiKTeX 2.9/tex/latex/pgf/compatibility/pgfcomp-version
-0-65.sty"
Package: pgfcomp-version-0-65 2007/07/03 v3.0.0 (rcs-revision 1.7)
\pgf@nodesepstart=\dimen140
\pgf@nodesepend=\dimen141
)
("C:/Program Files (x86)/MiKTeX 2.9/tex/latex/pgf/compatibility/pgfcomp-version
-1-18.sty"
Package: pgfcomp-version-1-18 2007/07/23 v3.0.0 (rcs-revision 1.1)
))
("C:/Program Files (x86)/MiKTeX 2.9/tex/latex/pgf/utilities/pgffor.sty"
("C:/Program Files (x86)/MiKTeX 2.9/tex/latex/pgf/utilities/pgfkeys.sty"
("C:/Program Files (x86)/MiKTeX 2.9/tex/generic/pgf/utilities/pgfkeys.code.tex"
)) ("C:/Program Files (x86)/MiKTeX 2.9/tex/latex/pgf/math/pgfmath.sty"
("C:/Program Files (x86)/MiKTeX 2.9/tex/generic/pgf/math/pgfmath.code.tex"))
("C:/Program Files (x86)/MiKTeX 2.9/tex/generic/pgf/utilities/pgffor.code.tex"
Package: pgffor 2013/12/13 v3.0.0 (rcs-revision 1.25)

("C:/Program Files (x86)/MiKTeX 2.9/tex/generic/pgf/math/pgfmath.code.tex")
\pgffor@iter=\dimen142
\pgffor@skip=\dimen143
\pgffor@stack=\toks27
\pgffor@toks=\toks28
))
("C:/Program Files (x86)/MiKTeX 2.9/tex/generic/pgf/frontendlayer/tikz/tikz.cod
e.tex"
Package: tikz 2013/12/13 v3.0.0 (rcs-revision 1.142)

("C:/Program Files (x86)/MiKTeX 2.9/tex/generic/pgf/libraries/pgflibraryplothan
dlers.code.tex"
File: pgflibraryplothandlers.code.tex 2013/08/31 v3.0.0 (rcs-revision 1.20)
\pgf@plot@mark@count=\count100
\pgfplotmarksize=\dimen144
)
\tikz@lastx=\dimen145
\tikz@lasty=\dimen146
\tikz@lastxsaved=\dimen147
\tikz@lastysaved=\dimen148
\tikzleveldistance=\dimen149
\tikzsiblingdistance=\dimen150
\tikz@figbox=\box33
\tikz@figbox@bg=\box34
\tikz@tempbox=\box35
\tikz@tempbox@bg=\box36
\tikztreelevel=\count101
\tikznumberofchildren=\count102
\tikznumberofcurrentchild=\count103
\tikz@fig@count=\count104

("C:/Program Files (x86)/MiKTeX 2.9/tex/generic/pgf/modules/pgfmodulematrix.cod
e.tex"
File: pgfmodulematrix.code.tex 2013/09/17  (rcs-revision 1.8)
\pgfmatrixcurrentrow=\count105
\pgfmatrixcurrentcolumn=\count106
\pgf@matrix@numberofcolumns=\count107
)
\tikz@expandcount=\count108

("C:/Program Files (x86)/MiKTeX 2.9/tex/generic/pgf/frontendlayer/tikz/librarie
s/tikzlibrarytopaths.code.tex"
File: tikzlibrarytopaths.code.tex 2008/06/17 v3.0.0 (rcs-revision 1.2)
)))
\sa@box=\box37
)
("C:/Program Files (x86)/MiKTeX 2.9/tex/generic/pgf/graphdrawing/tex/tikzlibrar
ygraphdrawing.code.tex"
File: tikzlibrarygraphdrawing.code.tex 2013/08/05 v3.0.0 (rcs-revision 1.20)

("C:/Program Files (x86)/MiKTeX 2.9/tex/generic/pgf/graphdrawing/tex/pgflibrary
graphdrawing.code.tex"
File: pgflibrarygraphdrawing.code.tex 2013/08/28 v3.0.0 (rcs-revision 1.38)
\pgf@gd@parameter@stack@height=\count109
\pgf@gd@node@box=\box38
\pgf@gd@edge@box=\box39
\pgf@gd@prekind@box=\box40
\pgf@gd@postkind@box=\box41
))
("C:/Program Files (x86)/MiKTeX 2.9/tex/generic/pgf/frontendlayer/tikz/librarie
s/graphs/tikzlibrarygraphs.code.tex"
File: tikzlibrarygraphs.code.tex 2013/10/10 v3.0.0 (rcs-revision 1.43)
\tikz@qnode@count=\count110
)
(C:/cygwin64/home/Ehsan/Javeed/vtr-verilog-to-routing/doc/journal/fpgapaperfina
l/FPGAPaper/rrgraph_before.aux)
LaTeX Font Info:    Checking defaults for OML/cmm/m/it on input line 7.
LaTeX Font Info:    ... okay on input line 7.
LaTeX Font Info:    Checking defaults for T1/cmr/m/n on input line 7.
LaTeX Font Info:    ... okay on input line 7.
LaTeX Font Info:    Checking defaults for OT1/cmr/m/n on input line 7.
LaTeX Font Info:    ... okay on input line 7.
LaTeX Font Info:    Checking defaults for OMS/cmsy/m/n on input line 7.
LaTeX Font Info:    ... okay on input line 7.
LaTeX Font Info:    Checking defaults for OMX/cmex/m/n on input line 7.
LaTeX Font Info:    ... okay on input line 7.
LaTeX Font Info:    Checking defaults for U/cmr/m/n on input line 7.
LaTeX Font Info:    ... okay on input line 7.
 ABD: EveryShipout initializing macros
("C:/Program Files (x86)/MiKTeX 2.9/tex/context/base/supp-pdf.mkii"
[Loading MPS to PDF converter (version 2006.09.02).]
\scratchcounter=\count111
\scratchdimen=\dimen151
\scratchbox=\box42
\nofMPsegments=\count112
\nofMParguments=\count113
\everyMPshowfont=\toks29
\MPscratchCnt=\count114
\MPscratchDim=\dimen152
\MPnumerator=\count115
\makeMPintoPDFobject=\count116
\everyMPtoPDFconversion=\toks30
) [1

{C:/ProgramData/MiKTeX/2.9/pdftex/config/pdftex.map}] [2]
(C:/cygwin64/home/Ehsan/Javeed/vtr-verilog-to-routing/doc/journal/fpgapaperfina
l/FPGAPaper/rrgraph_before.aux) )

Here is how much of LuaTeX's memory you used:
 13479 strings out of 494074
 100000,552014 words of node,token memory allocated
 259 words of node memory still in use:
    nodes
   avail lists: 1:7,2:34,3:389,4:798,6:20,7:1,9:180
 16696 multiletter control sequences out of 65536+200000
 15 fonts using 431807 bytes
 62i,10n,85p,427b,1676s stack positions out of 5000i,500n,10000p,200000b,50000s
<C:/Program Files (x86)/MiKTeX 2.9/fonts/type1/public/amsfonts/cm/cmr10.pfb>
Output written on rrgraph_before.pdf (2 pages, 12388 bytes).

PDF statistics: 16 PDF objects out of 1000 (max. 8388607)
 0 named destinations out of 1000 (max. 131072)
 16 words of extra memory for PDF output out of 10000 (max. 10000000)

