________________________________________________________________________
                         Toro - A VPR Front-End                         
       (c) Copyright 2012-2013 Texas Instruments (under GNU GPL)        
________________________________________________________________________
Command is '/vobs/cpp/warpcore/toro/bin.linux_x86_64/toro vpr_tseng_fabric_channels.options'.
Pre-processing...
Reading xml file 'k4_N8_soft_logic_only.xml'...
Reading fabric file 'tseng.4.fabric'...
Reading blif file 'tseng.4.blif'...
Validating architecture file ...
Validating circuit file 'top'...
Processing...
Opening VPR interface...
Exporting architecture spec to VPR...
Exporting fabric model to VPR...
[vpr] Building complex block graph.
[vpr] WARNING(1): io[0].clock[0] unconnected pin in architecture.
[vpr] Swept away 0 nets with no fanout.
[vpr] Removed 0 LUT buffers.
[vpr] BLIF circuit stats:
[vpr] 	0 LUTs of size 0
[vpr] 	0 LUTs of size 1
[vpr] 	132 LUTs of size 2
[vpr] 	283 LUTs of size 3
[vpr] 	631 LUTs of size 4
[vpr] 	52 of type input
[vpr] 	122 of type output
[vpr] 	385 of type latch
[vpr] 	1046 of type names
Executing VPR interface...
[vpr] Initialize packing.
[vpr] Begin packing 'tseng.4.blif'.
[vpr] 
[vpr] After removing unused inputs...
[vpr] 	total blocks: 1605, total nets: 1483, total inputs: 52, total outputs: 122
[vpr] Begin prepacking.
[vpr] Finish prepacking.
[vpr] Using inter-cluster delay: 8.3684e-10
[vpr] 
[vpr] SDC file 'vpr_tseng_fabric_channels.vpr.sdc' blank or not found.
[vpr] 
[vpr] Defaulting to: constrain all 0 inputs and 0 outputs on the netlist clock.
[vpr] Optimize this clock to run as fast as possible.
[vpr] Complex block 0: cb.n_n3184, type: clb
[vpr] 	...........
[vpr] Passed route at end.
[vpr] Complex block 1: cb.n_n3466, type: clb
[vpr] 	..........
[vpr] Passed route at end.
[vpr] Complex block 2: cb.n_n3229, type: clb
[vpr] 	..............
[vpr] Passed route at end.
[vpr] Complex block 3: cb.n_n3016, type: clb
[vpr] 	............
[vpr] Passed route at end.
[vpr] Complex block 4: cb.n_n3519, type: clb
[vpr] 	.........
[vpr] Passed route at end.
[vpr] Complex block 5: cb.[2264], type: clb
[vpr] 	..............
[vpr] Passed route at end.
[vpr] Complex block 6: cb.n_n3755, type: clb
[vpr] 	...............
[vpr] Passed route at end.
[vpr] Complex block 7: cb.n_n3015, type: clb
[vpr] 	..............
[vpr] Passed route at end.
[vpr] Complex block 8: cb.[907], type: clb
[vpr] 	...........
[vpr] Passed route at end.
[vpr] Complex block 9: cb.n_n4267, type: clb
[vpr] 	.............
[vpr] Passed route at end.
[vpr] Complex block 10: cb.n_n3292, type: clb
[vpr] 	.............
[vpr] Passed route at end.
[vpr] Complex block 11: cb.n_n3725, type: clb
[vpr] 	...........
[vpr] Passed route at end.
[vpr] Complex block 12: cb.n_n3592, type: clb
[vpr] 	..............
[vpr] Passed route at end.
[vpr] Complex block 13: cb.n_n3235, type: clb
[vpr] 	........
[vpr] Passed route at end.
[vpr] Complex block 14: cb.n_n3987, type: clb
[vpr] 	..........
[vpr] Passed route at end.
[vpr] Complex block 15: cb.n_n3913, type: clb
[vpr] 	.........
[vpr] Passed route at end.
[vpr] Complex block 16: cb.n_n3444, type: clb
[vpr] 	........
[vpr] Passed route at end.
[vpr] Complex block 17: cb.n_n132, type: clb
[vpr] 	............
[vpr] Passed route at end.
[vpr] Complex block 18: cb.n_n3817, type: clb
[vpr] 	........
[vpr] Passed route at end.
[vpr] Complex block 19: cb.n_n128, type: clb
[vpr] 	...............................................
[vpr] Passed route at end.
[vpr] Complex block 20: cb.n_n3813, type: clb
[vpr] 	.......
[vpr] Passed route at end.
[vpr] Complex block 21: cb.n_n4011, type: clb
[vpr] 	.........
[vpr] Passed route at end.
[vpr] Complex block 22: cb.[1580], type: clb
[vpr] 	.......
[vpr] Passed route at end.
[vpr] Complex block 23: cb.nak3_17, type: clb
[vpr] 	........
[vpr] Passed route at end.
[vpr] Complex block 24: cb.[6374], type: clb
[vpr] 	...........
[vpr] Passed route at end.
[vpr] Complex block 25: cb.[936], type: clb
[vpr] 	...................................
[vpr] Passed route at end.
[vpr] Complex block 26: cb.[1492], type: clb
[vpr] 	............................................
[vpr] Passed route at end.
[vpr] Complex block 27: cb.n_n4228, type: clb
[vpr] 	...........
[vpr] Passed route at end.
[vpr] Complex block 28: cb.n_n3375, type: clb
[vpr] 	.........
[vpr] Passed route at end.
[vpr] Complex block 29: cb.n_n3582, type: clb
[vpr] 	........
[vpr] Passed route at end.
[vpr] Complex block 30: cb.n_n4276, type: clb
[vpr] 	........
[vpr] Passed route at end.
[vpr] Complex block 31: cb.n_n4140, type: clb
[vpr] 	.......
[vpr] Passed route at end.
[vpr] Complex block 32: cb.n_n3526, type: clb
[vpr] 	.......
[vpr] Passed route at end.
[vpr] Complex block 33: cb.[1898], type: clb
[vpr] 	.................
[vpr] Passed route at end.
[vpr] Complex block 34: cb.n_n3049, type: clb
[vpr] 	..........
[vpr] Passed route at end.
[vpr] Complex block 35: cb.n_n4367, type: clb
[vpr] 	............
[vpr] Passed route at end.
[vpr] Complex block 36: cb.[6275], type: clb
[vpr] 	.........
[vpr] Passed route at end.
[vpr] Complex block 37: cb.n_n3701, type: clb
[vpr] 	........
[vpr] Passed route at end.
[vpr] Complex block 38: cb.n_n3530, type: clb
[vpr] 	.......
[vpr] Passed route at end.
[vpr] Complex block 39: cb.n_n3374, type: clb
[vpr] 	.......
[vpr] Passed route at end.
[vpr] Complex block 40: cb.n_n3033, type: clb
[vpr] 	.......
[vpr] Passed route at end.
[vpr] Complex block 41: cb.n_n4094, type: clb
[vpr] 	..........
[vpr] Passed route at end.
[vpr] Complex block 42: cb.n_n4121, type: clb
[vpr] 	........
[vpr] Passed route at end.
[vpr] Complex block 43: cb.n_n3459, type: clb
[vpr] 	...............
[vpr] Passed route at end.
[vpr] Complex block 44: cb.[6295], type: clb
[vpr] 	.............
[vpr] Passed route at end.
[vpr] Complex block 45: cb.n_n3981, type: clb
[vpr] 	.......
[vpr] Passed route at end.
[vpr] Complex block 46: cb.[2174], type: clb
[vpr] 	.......
[vpr] Passed route at end.
[vpr] Complex block 47: cb.n_n3399, type: clb
[vpr] 	........
[vpr] Passed route at end.
[vpr] Complex block 48: cb.n_n4081, type: clb
[vpr] 	.......
[vpr] Passed route at end.
[vpr] Complex block 49: cb.n_n3538, type: clb
[vpr] 	.........
[vpr] Passed route at end.
[vpr] Complex block 50: cb.[2183], type: clb
[vpr] 	.......
[vpr] Passed route at end.
[vpr] Complex block 51: cb.[1901], type: clb
[vpr] 	........
[vpr] Passed route at end.
[vpr] Complex block 52: cb.[2190], type: clb
[vpr] 	.......
[vpr] Passed route at end.
[vpr] Complex block 53: cb.[2191], type: clb
[vpr] 	.........
[vpr] Passed route at end.
[vpr] Complex block 54: cb.n_n3289, type: clb
[vpr] 	.........
[vpr] Passed route at end.
[vpr] Complex block 55: cb.n_n3552, type: clb
[vpr] 	.........
[vpr] Passed route at end.
[vpr] Complex block 56: cb.n_n3308, type: clb
[vpr] 	.......
[vpr] Passed route at end.
[vpr] Complex block 57: cb.n_n3058, type: clb
[vpr] 	.......
[vpr] Passed route at end.
[vpr] Complex block 58: cb.n_n3147, type: clb
[vpr] 	.......
[vpr] Passed route at end.
[vpr] Complex block 59: cb.n_n3110, type: clb
[vpr] 	.......
[vpr] Passed route at end.
[vpr] Complex block 60: cb.n_n3031, type: clb
[vpr] 	.......
[vpr] Passed route at end.
[vpr] Complex block 61: cb.[2047], type: clb
[vpr] 	.......
[vpr] Passed route at end.
[vpr] Complex block 62: cb.n_n3010, type: clb
[vpr] 	.......
[vpr] Passed route at end.
[vpr] Complex block 63: cb.n_n3236, type: clb
[vpr] 	.......
[vpr] Passed route at end.
[vpr] Complex block 64: cb.n_n3166, type: clb
[vpr] 	........
[vpr] Passed route at end.
[vpr] Complex block 65: cb.[6312], type: clb
[vpr] 	.......
[vpr] Passed route at end.
[vpr] Complex block 66: cb.[1903], type: clb
[vpr] 	.......
[vpr] Passed route at end.
[vpr] Complex block 67: cb.[1905], type: clb
[vpr] 	.......
[vpr] Passed route at end.
[vpr] Complex block 68: cb.[1904], type: clb
[vpr] 	.......
[vpr] Passed route at end.
[vpr] Complex block 69: cb.n_n4359, type: clb
[vpr] 	........
[vpr] Passed route at end.
[vpr] Complex block 70: cb.n_n4046, type: clb
[vpr] 	.......
[vpr] Passed route at end.
[vpr] Complex block 71: cb.n_n3579, type: clb
[vpr] 	.......
[vpr] Passed route at end.
[vpr] Complex block 72: cb.n_n3296, type: clb
[vpr] 	........
[vpr] Passed route at end.
[vpr] Complex block 73: cb.n_n3680, type: clb
[vpr] 	.......
[vpr] Passed route at end.
[vpr] Complex block 74: cb.n_n3693, type: clb
[vpr] 	.......
[vpr] Passed route at end.
[vpr] Complex block 75: cb.n_n3309, type: clb
[vpr] 	.......
[vpr] Passed route at end.
[vpr] Complex block 76: cb.n_n3500, type: clb
[vpr] 	.......
[vpr] Passed route at end.
[vpr] Complex block 77: cb.[1633], type: clb
[vpr] 	.......
[vpr] Passed route at end.
[vpr] Complex block 78: cb.n_n3406, type: clb
[vpr] 	.......
[vpr] Passed route at end.
[vpr] Complex block 79: cb.[6366], type: clb
[vpr] 	.......
[vpr] Passed route at end.
[vpr] Complex block 80: cb.n_n3508, type: clb
[vpr] 	.......
[vpr] Passed route at end.
[vpr] Complex block 81: cb.preset, type: io
[vpr] 	
[vpr] Passed route at end.
[vpr] Complex block 82: cb.n_n3791, type: clb
[vpr] 	.......
[vpr] Passed route at end.
[vpr] Complex block 83: cb.[1773], type: clb
[vpr] 	.......
[vpr] Passed route at end.
[vpr] Complex block 84: cb.[1780], type: clb
[vpr] 	........
[vpr] Passed route at end.
[vpr] Complex block 85: cb.[1402], type: clb
[vpr] 	........
[vpr] Passed route at end.
[vpr] Complex block 86: cb.[1173], type: clb
[vpr] 	.......
[vpr] Passed route at end.
[vpr] Complex block 87: cb.preset_0_0_, type: io
[vpr] 	
[vpr] Passed route at end.
[vpr] Complex block 88: cb.tin_pready_0_0_, type: io
[vpr] 	
[vpr] Passed route at end.
[vpr] Complex block 89: cb.n_n4234, type: clb
[vpr] 	.......
[vpr] Passed route at end.
[vpr] Complex block 90: cb.n_n4300, type: clb
[vpr] 	.......
[vpr] Passed route at end.
[vpr] Complex block 91: cb.n_n3134, type: clb
[vpr] 	.......
[vpr] Passed route at end.
[vpr] Complex block 92: cb.n_n3677, type: clb
[vpr] 	.......
[vpr] Passed route at end.
[vpr] Complex block 93: cb.n_n3068, type: clb
[vpr] 	.......
[vpr] Passed route at end.
[vpr] Complex block 94: cb.n_n3430, type: clb
[vpr] 	.......
[vpr] Passed route at end.
[vpr] Complex block 95: cb.n_n3392, type: clb
[vpr] 	.......
[vpr] Passed route at end.
[vpr] Complex block 96: cb.n_n3732, type: clb
[vpr] 	.......
[vpr] Passed route at end.
[vpr] Complex block 97: cb.n_n4317, type: clb
[vpr] 	.......
[vpr] Passed route at end.
[vpr] Complex block 98: cb.n_n3106, type: clb
[vpr] 	........
[vpr] Passed route at end.
[vpr] Complex block 99: cb.n_n3077, type: clb
[vpr] 	........
[vpr] Passed route at end.
[vpr] Complex block 100: cb.n_n3343, type: clb
[vpr] 	.......
[vpr] Passed route at end.
[vpr] Complex block 101: cb.n_n3011, type: clb
[vpr] 	.......
[vpr] Passed route at end.
[vpr] Complex block 102: cb.n_n3329, type: clb
[vpr] 	.......
[vpr] Passed route at end.
[vpr] Complex block 103: cb.n_n4307, type: clb
[vpr] 	.......
[vpr] Passed route at end.
[vpr] Complex block 104: cb.n_n3721, type: clb
[vpr] 	.......
[vpr] Passed route at end.
[vpr] Complex block 105: cb.n_n3762, type: clb
[vpr] 	.......
[vpr] Passed route at end.
[vpr] Complex block 106: cb.n_n3096, type: clb
[vpr] 	.......
[vpr] Passed route at end.
[vpr] Complex block 107: cb.n_n3547, type: clb
[vpr] 	.......
[vpr] Passed route at end.
[vpr] Complex block 108: cb.n_n3200, type: clb
[vpr] 	.......
[vpr] Passed route at end.
[vpr] Complex block 109: cb.n_n3727, type: clb
[vpr] 	.......
[vpr] Passed route at end.
[vpr] Complex block 110: cb.n_n3523, type: clb
[vpr] 	.......
[vpr] Passed route at end.
[vpr] Complex block 111: cb.n_n4134, type: clb
[vpr] 	.......
[vpr] Passed route at end.
[vpr] Complex block 112: cb.n_n3088, type: clb
[vpr] 	.......
[vpr] Passed route at end.
[vpr] Complex block 113: cb.n_n3515, type: clb
[vpr] 	.......
[vpr] Passed route at end.
[vpr] Complex block 114: cb.n_n3881, type: clb
[vpr] 	.......
[vpr] Passed route at end.
[vpr] Complex block 115: cb.n_n3711, type: clb
[vpr] 	........
[vpr] Passed route at end.
[vpr] Complex block 116: cb.n_n3269, type: clb
[vpr] 	.......
[vpr] Passed route at end.
[vpr] Complex block 117: cb.n_n4370, type: clb
[vpr] 	.......
[vpr] Passed route at end.
[vpr] Complex block 118: cb.n_n3435, type: clb
[vpr] 	.......
[vpr] Passed route at end.
[vpr] Complex block 119: cb.n_n3629, type: clb
[vpr] 	.......
[vpr] Passed route at end.
[vpr] Complex block 120: cb.n_n3402, type: clb
[vpr] 	.......
[vpr] Passed route at end.
[vpr] Complex block 121: cb.n_n3735, type: clb
[vpr] 	.......
[vpr] Passed route at end.
[vpr] Complex block 122: cb.n_n3686, type: clb
[vpr] 	.......
[vpr] Passed route at end.
[vpr] Complex block 123: cb.n_n3983, type: clb
[vpr] 	........
[vpr] Passed route at end.
[vpr] Complex block 124: cb.n_n3127, type: clb
[vpr] 	.......
[vpr] Passed route at end.
[vpr] Complex block 125: cb.n_n3904, type: clb
[vpr] 	.......
[vpr] Passed route at end.
[vpr] Complex block 126: cb.n_n3318, type: clb
[vpr] 	.......
[vpr] Passed route at end.
[vpr] Complex block 127: cb.n_n3275, type: clb
[vpr] 	.......
[vpr] Passed route at end.
[vpr] Complex block 128: cb.[1021], type: clb
[vpr] 	.......
[vpr] Passed route at end.
[vpr] Complex block 129: cb.[1283], type: clb
[vpr] 	.......
[vpr] Passed route at end.
[vpr] Complex block 130: cb.[6325], type: clb
[vpr] 	.......
[vpr] Passed route at end.
[vpr] Complex block 131: cb.[2166], type: clb
[vpr] 	.......
[vpr] Passed route at end.
[vpr] Complex block 132: cb.[2162], type: clb
[vpr] 	.......
[vpr] Passed route at end.
[vpr] Complex block 133: cb.[1707], type: clb
[vpr] 	.......
[vpr] Passed route at end.
[vpr] Complex block 134: cb.tin_pv1_6_6_, type: io
[vpr] 	
[vpr] Passed route at end.
[vpr] Complex block 135: cb.tin_pv2_4_4_, type: io
[vpr] 	
[vpr] Passed route at end.
[vpr] Complex block 136: cb.tin_pv6_3_3_, type: io
[vpr] 	
[vpr] Passed route at end.
[vpr] Complex block 137: cb.tin_pv1_3_3_, type: io
[vpr] 	
[vpr] Passed route at end.
[vpr] Complex block 138: cb.tin_pv11_3_3_, type: io
[vpr] 	
[vpr] Passed route at end.
[vpr] Complex block 139: cb.tin_pv4_6_6_, type: io
[vpr] 	
[vpr] Passed route at end.
[vpr] Complex block 140: cb.tin_pv1_2_2_, type: io
[vpr] 	
[vpr] Passed route at end.
[vpr] Complex block 141: cb.tin_pv6_7_7_, type: io
[vpr] 	
[vpr] Passed route at end.
[vpr] Complex block 142: cb.tin_pv1_5_5_, type: io
[vpr] 	
[vpr] Passed route at end.
[vpr] Complex block 143: cb.tin_pv2_3_3_, type: io
[vpr] 	
[vpr] Passed route at end.
[vpr] Complex block 144: cb.tin_pv10_1_1_, type: io
[vpr] 	
[vpr] Passed route at end.
[vpr] Complex block 145: cb.tin_pv4_2_2_, type: io
[vpr] 	
[vpr] Passed route at end.
[vpr] Complex block 146: cb.tin_pv11_5_5_, type: io
[vpr] 	
[vpr] Passed route at end.
[vpr] Complex block 147: cb.tin_pv6_2_2_, type: io
[vpr] 	
[vpr] Passed route at end.
[vpr] Complex block 148: cb.tin_pv1_1_1_, type: io
[vpr] 	
[vpr] Passed route at end.
[vpr] Complex block 149: cb.tin_pv10_5_5_, type: io
[vpr] 	
[vpr] Passed route at end.
[vpr] Complex block 150: cb.tin_pv4_5_5_, type: io
[vpr] 	
[vpr] Passed route at end.
[vpr] Complex block 151: cb.tin_pv2_1_1_, type: io
[vpr] 	
[vpr] Passed route at end.
[vpr] Complex block 152: cb.tin_pv2_7_7_, type: io
[vpr] 	
[vpr] Passed route at end.
[vpr] Complex block 153: cb.tin_pv1_4_4_, type: io
[vpr] 	
[vpr] Passed route at end.
[vpr] Complex block 154: cb.tin_pv6_6_6_, type: io
[vpr] 	
[vpr] Passed route at end.
[vpr] Complex block 155: cb.tin_pv11_6_6_, type: io
[vpr] 	
[vpr] Passed route at end.
[vpr] Complex block 156: cb.tin_pv2_2_2_, type: io
[vpr] 	
[vpr] Passed route at end.
[vpr] Complex block 157: cb.tin_pv10_6_6_, type: io
[vpr] 	
[vpr] Passed route at end.
[vpr] Complex block 158: cb.tin_pv6_0_0_, type: io
[vpr] 	
[vpr] Passed route at end.
[vpr] Complex block 159: cb.tin_pv4_1_1_, type: io
[vpr] 	
[vpr] Passed route at end.
[vpr] Complex block 160: cb.tin_pv6_1_1_, type: io
[vpr] 	
[vpr] Passed route at end.
[vpr] Complex block 161: cb.tin_pv11_7_7_, type: io
[vpr] 	
[vpr] Passed route at end.
[vpr] Complex block 162: cb.tin_pv10_3_3_, type: io
[vpr] 	
[vpr] Passed route at end.
[vpr] Complex block 163: cb.tin_pv1_0_0_, type: io
[vpr] 	
[vpr] Passed route at end.
[vpr] Complex block 164: cb.tin_pv11_0_0_, type: io
[vpr] 	
[vpr] Passed route at end.
[vpr] Complex block 165: cb.tin_pv11_2_2_, type: io
[vpr] 	
[vpr] Passed route at end.
[vpr] Complex block 166: cb.tin_pv10_7_7_, type: io
[vpr] 	
[vpr] Passed route at end.
[vpr] Complex block 167: cb.tin_pv2_6_6_, type: io
[vpr] 	
[vpr] Passed route at end.
[vpr] Complex block 168: cb.tin_pv10_0_0_, type: io
[vpr] 	
[vpr] Passed route at end.
[vpr] Complex block 169: cb.tin_pv6_5_5_, type: io
[vpr] 	
[vpr] Passed route at end.
[vpr] Complex block 170: cb.tin_pv4_0_0_, type: io
[vpr] 	
[vpr] Passed route at end.
[vpr] Complex block 171: cb.tin_pv1_7_7_, type: io
[vpr] 	
[vpr] Passed route at end.
[vpr] Complex block 172: cb.tin_pv10_2_2_, type: io
[vpr] 	
[vpr] Passed route at end.
[vpr] Complex block 173: cb.tin_pv2_5_5_, type: io
[vpr] 	
[vpr] Passed route at end.
[vpr] Complex block 174: cb.tin_pv4_4_4_, type: io
[vpr] 	
[vpr] Passed route at end.
[vpr] Complex block 175: cb.tin_pv6_4_4_, type: io
[vpr] 	
[vpr] Passed route at end.
[vpr] Complex block 176: cb.tin_pv11_4_4_, type: io
[vpr] 	
[vpr] Passed route at end.
[vpr] Complex block 177: cb.tin_pv10_4_4_, type: io
[vpr] 	
[vpr] Passed route at end.
[vpr] Complex block 178: cb.tin_pv4_7_7_, type: io
[vpr] 	
[vpr] Passed route at end.
[vpr] Complex block 179: cb.tin_pv4_3_3_, type: io
[vpr] 	
[vpr] Passed route at end.
[vpr] Complex block 180: cb.tin_pv2_0_0_, type: io
[vpr] 	
[vpr] Passed route at end.
[vpr] Complex block 181: cb.tin_pv11_1_1_, type: io
[vpr] 	
[vpr] Passed route at end.
[vpr] Complex block 182: cb.out:pv14_7_7_, type: io
[vpr] 	
[vpr] Passed route at end.
[vpr] Complex block 183: cb.out:pv2_5_5_, type: io
[vpr] 	
[vpr] Passed route at end.
[vpr] Complex block 184: cb.out:pv14_1_1_, type: io
[vpr] 	
[vpr] Passed route at end.
[vpr] Complex block 185: cb.out:pv6_4_4_, type: io
[vpr] 	
[vpr] Passed route at end.
[vpr] Complex block 186: cb.out:pv3_3_3_, type: io
[vpr] 	
[vpr] Passed route at end.
[vpr] Complex block 187: cb.out:pv2_0_0_, type: io
[vpr] 	
[vpr] Passed route at end.
[vpr] Complex block 188: cb.out:pv7_2_2_, type: io
[vpr] 	
[vpr] Passed route at end.
[vpr] Complex block 189: cb.out:pv4_7_7_, type: io
[vpr] 	
[vpr] Passed route at end.
[vpr] Complex block 190: cb.out:pv8_6_6_, type: io
[vpr] 	
[vpr] Passed route at end.
[vpr] Complex block 191: cb.out:pv1_6_6_, type: io
[vpr] 	
[vpr] Passed route at end.
[vpr] Complex block 192: cb.out:pv6_7_7_, type: io
[vpr] 	
[vpr] Passed route at end.
[vpr] Complex block 193: cb.out:pv11_4_4_, type: io
[vpr] 	
[vpr] Passed route at end.
[vpr] Complex block 194: cb.out:pv5_5_5_, type: io
[vpr] 	
[vpr] Passed route at end.
[vpr] Complex block 195: cb.out:pv9_4_4_, type: io
[vpr] 	
[vpr] Passed route at end.
[vpr] Complex block 196: cb.out:pv13_3_3_, type: io
[vpr] 	
[vpr] Passed route at end.
[vpr] Complex block 197: cb.out:pv2_4_4_, type: io
[vpr] 	
[vpr] Passed route at end.
[vpr] Complex block 198: cb.out:pv6_3_3_, type: io
[vpr] 	
[vpr] Passed route at end.
[vpr] Complex block 199: cb.out:pv15_2_2_, type: io
[vpr] 	
[vpr] Passed route at end.
[vpr] Complex block 200: cb.out:pv3_2_2_, type: io
[vpr] 	
[vpr] Passed route at end.
[vpr] Complex block 201: cb.out:pv7_1_1_, type: io
[vpr] 	
[vpr] Passed route at end.
[vpr] Complex block 202: cb.out:pv4_6_6_, type: io
[vpr] 	
[vpr] Passed route at end.
[vpr] Complex block 203: cb.out:pv8_5_5_, type: io
[vpr] 	
[vpr] Passed route at end.
[vpr] Complex block 204: cb.out:pv3_6_6_, type: io
[vpr] 	
[vpr] Passed route at end.
[vpr] Complex block 205: cb.out:pv7_5_5_, type: io
[vpr] 	
[vpr] Passed route at end.
[vpr] Complex block 206: cb.out:pv1_5_5_, type: io
[vpr] 	
[vpr] Passed route at end.
[vpr] Complex block 207: cb.out:pv5_4_4_, type: io
[vpr] 	
[vpr] Passed route at end.
[vpr] Complex block 208: cb.out:pv9_3_3_, type: io
[vpr] 	
[vpr] Passed route at end.
[vpr] Complex block 209: cb.out:pv2_3_3_, type: io
[vpr] 	
[vpr] Passed route at end.
[vpr] Complex block 210: cb.out:pv6_2_2_, type: io
[vpr] 	
[vpr] Passed route at end.
[vpr] Complex block 211: cb.out:pv3_1_1_, type: io
[vpr] 	
[vpr] Passed route at end.
[vpr] Complex block 212: cb.out:pv7_0_0_, type: io
[vpr] 	
[vpr] Passed route at end.
[vpr] Complex block 213: cb.out:pv4_5_5_, type: io
[vpr] 	
[vpr] Passed route at end.
[vpr] Complex block 214: cb.out:pv10_4_4_, type: io
[vpr] 	
[vpr] Passed route at end.
[vpr] Complex block 215: cb.out:pv8_4_4_, type: io
[vpr] 	
[vpr] Passed route at end.
[vpr] Complex block 216: cb.out:pv1_4_4_, type: io
[vpr] 	
[vpr] Passed route at end.
[vpr] Complex block 217: cb.out:pv5_3_3_, type: io
[vpr] 	
[vpr] Passed route at end.
[vpr] Complex block 218: cb.out:pv9_2_2_, type: io
[vpr] 	
[vpr] Passed route at end.
[vpr] Complex block 219: cb.out:pv2_2_2_, type: io
[vpr] 	
[vpr] Passed route at end.
[vpr] Complex block 220: cb.out:pv6_1_1_, type: io
[vpr] 	
[vpr] Passed route at end.
[vpr] Complex block 221: cb.out:pv11_0_0_, type: io
[vpr] 	
[vpr] Passed route at end.
[vpr] Complex block 222: cb.out:pv3_0_0_, type: io
[vpr] 	
[vpr] Passed route at end.
[vpr] Complex block 223: cb.out:pv12_3_3_, type: io
[vpr] 	
[vpr] Passed route at end.
[vpr] Complex block 224: cb.out:pv14_2_2_, type: io
[vpr] 	
[vpr] Passed route at end.
[vpr] Complex block 225: cb.out:pv7_7_7_, type: io
[vpr] 	
[vpr] Passed route at end.
[vpr] Complex block 226: cb.out:pv10_0_0_, type: io
[vpr] 	
[vpr] Passed route at end.
[vpr] Complex block 227: cb.out:pready_0_0_, type: io
[vpr] 	
[vpr] Passed route at end.
[vpr] Complex block 228: cb.out:pv4_4_4_, type: io
[vpr] 	
[vpr] Passed route at end.
[vpr] Complex block 229: cb.out:pv8_3_3_, type: io
[vpr] 	
[vpr] Passed route at end.
[vpr] Complex block 230: cb.out:pv11_1_1_, type: io
[vpr] 	
[vpr] Passed route at end.
[vpr] Complex block 231: cb.out:pv13_0_0_, type: io
[vpr] 	
[vpr] Passed route at end.
[vpr] Complex block 232: cb.out:pv1_3_3_, type: io
[vpr] 	
[vpr] Passed route at end.
[vpr] Complex block 233: cb.out:pv4_2_2_, type: io
[vpr] 	
[vpr] Passed route at end.
[vpr] Complex block 234: cb.out:pv5_2_2_, type: io
[vpr] 	
[vpr] Passed route at end.
[vpr] Complex block 235: cb.out:pv8_1_1_, type: io
[vpr] 	
[vpr] Passed route at end.
[vpr] Complex block 236: cb.out:pv11_5_5_, type: io
[vpr] 	
[vpr] Passed route at end.
[vpr] Complex block 237: cb.out:pv9_1_1_, type: io
[vpr] 	
[vpr] Passed route at end.
[vpr] Complex block 238: cb.out:pv13_4_4_, type: io
[vpr] 	
[vpr] Passed route at end.
[vpr] Complex block 239: cb.out:pv15_3_3_, type: io
[vpr] 	
[vpr] Passed route at end.
[vpr] Complex block 240: cb.out:pv1_1_1_, type: io
[vpr] 	
[vpr] Passed route at end.
[vpr] Complex block 241: cb.out:pv12_0_0_, type: io
[vpr] 	
[vpr] Passed route at end.
[vpr] Complex block 242: cb.out:pv5_0_0_, type: io
[vpr] 	
[vpr] Passed route at end.
[vpr] Complex block 243: cb.out:pv10_1_1_, type: io
[vpr] 	
[vpr] Passed route at end.
[vpr] Complex block 244: cb.out:pv9_7_7_, type: io
[vpr] 	
[vpr] Passed route at end.
[vpr] Complex block 245: cb.out:pv10_5_5_, type: io
[vpr] 	
[vpr] Passed route at end.
[vpr] Complex block 246: cb.out:pv12_4_4_, type: io
[vpr] 	
[vpr] Passed route at end.
[vpr] Complex block 247: cb.out:pv14_3_3_, type: io
[vpr] 	
[vpr] Passed route at end.
[vpr] Complex block 248: cb.out:pv2_1_1_, type: io
[vpr] 	
[vpr] Passed route at end.
[vpr] Complex block 249: cb.out:pv2_7_7_, type: io
[vpr] 	
[vpr] Passed route at end.
[vpr] Complex block 250: cb.out:pv6_6_6_, type: io
[vpr] 	
[vpr] Passed route at end.
[vpr] Complex block 251: cb.out:pv13_1_1_, type: io
[vpr] 	
[vpr] Passed route at end.
[vpr] Complex block 252: cb.out:pv11_2_2_, type: io
[vpr] 	
[vpr] Passed route at end.
[vpr] Complex block 253: cb.out:pv11_6_6_, type: io
[vpr] 	
[vpr] Passed route at end.
[vpr] Complex block 254: cb.out:pv13_5_5_, type: io
[vpr] 	
[vpr] Passed route at end.
[vpr] Complex block 255: cb.out:pv6_0_0_, type: io
[vpr] 	
[vpr] Passed route at end.
[vpr] Complex block 256: cb.out:pv15_4_4_, type: io
[vpr] 	
[vpr] Passed route at end.
[vpr] Complex block 257: cb.out:pv3_5_5_, type: io
[vpr] 	
[vpr] Passed route at end.
[vpr] Complex block 258: cb.out:pv15_0_0_, type: io
[vpr] 	
[vpr] Passed route at end.
[vpr] Complex block 259: cb.out:pv7_4_4_, type: io
[vpr] 	
[vpr] Passed route at end.
[vpr] Complex block 260: cb.out:pv10_6_6_, type: io
[vpr] 	
[vpr] Passed route at end.
[vpr] Complex block 261: cb.out:pv3_7_7_, type: io
[vpr] 	
[vpr] Passed route at end.
[vpr] Complex block 262: cb.out:pv12_5_5_, type: io
[vpr] 	
[vpr] Passed route at end.
[vpr] Complex block 263: cb.out:pv14_4_4_, type: io
[vpr] 	
[vpr] Passed route at end.
[vpr] Complex block 264: cb.out:pv4_1_1_, type: io
[vpr] 	
[vpr] Passed route at end.
[vpr] Complex block 265: cb.out:pv10_2_2_, type: io
[vpr] 	
[vpr] Passed route at end.
[vpr] Complex block 266: cb.out:pv8_0_0_, type: io
[vpr] 	
[vpr] Passed route at end.
[vpr] Complex block 267: cb.out:pv7_6_6_, type: io
[vpr] 	
[vpr] Passed route at end.
[vpr] Complex block 268: cb.out:pv11_7_7_, type: io
[vpr] 	
[vpr] Passed route at end.
[vpr] Complex block 269: cb.out:pv13_6_6_, type: io
[vpr] 	
[vpr] Passed route at end.
[vpr] Complex block 270: cb.out:pv12_1_1_, type: io
[vpr] 	
[vpr] Passed route at end.
[vpr] Complex block 271: cb.out:pv15_5_5_, type: io
[vpr] 	
[vpr] Passed route at end.
[vpr] Complex block 272: cb.out:pv1_0_0_, type: io
[vpr] 	
[vpr] Passed route at end.
[vpr] Complex block 273: cb.out:pv14_0_0_, type: io
[vpr] 	
[vpr] Passed route at end.
[vpr] Complex block 274: cb.out:pv5_7_7_, type: io
[vpr] 	
[vpr] Passed route at end.
[vpr] Complex block 275: cb.out:pv9_6_6_, type: io
[vpr] 	
[vpr] Passed route at end.
[vpr] Complex block 276: cb.out:pv8_2_2_, type: io
[vpr] 	
[vpr] Passed route at end.
[vpr] Complex block 277: cb.out:pv12_6_6_, type: io
[vpr] 	
[vpr] Passed route at end.
[vpr] Complex block 278: cb.out:pv10_7_7_, type: io
[vpr] 	
[vpr] Passed route at end.
[vpr] Complex block 279: cb.out:pv4_3_3_, type: io
[vpr] 	
[vpr] Passed route at end.
[vpr] Complex block 280: cb.out:pv14_5_5_, type: io
[vpr] 	
[vpr] Passed route at end.
[vpr] Complex block 281: cb.out:pv11_3_3_, type: io
[vpr] 	
[vpr] Passed route at end.
[vpr] Complex block 282: cb.out:pv13_2_2_, type: io
[vpr] 	
[vpr] Passed route at end.
[vpr] Complex block 283: cb.out:pv12_2_2_, type: io
[vpr] 	
[vpr] Passed route at end.
[vpr] Complex block 284: cb.out:pv2_6_6_, type: io
[vpr] 	
[vpr] Passed route at end.
[vpr] Complex block 285: cb.out:pv10_3_3_, type: io
[vpr] 	
[vpr] Passed route at end.
[vpr] Complex block 286: cb.out:pv1_2_2_, type: io
[vpr] 	
[vpr] Passed route at end.
[vpr] Complex block 287: cb.out:pv6_5_5_, type: io
[vpr] 	
[vpr] Passed route at end.
[vpr] Complex block 288: cb.out:pv9_0_0_, type: io
[vpr] 	
[vpr] Passed route at end.
[vpr] Complex block 289: cb.out:pv13_7_7_, type: io
[vpr] 	
[vpr] Passed route at end.
[vpr] Complex block 290: cb.out:pv15_6_6_, type: io
[vpr] 	
[vpr] Passed route at end.
[vpr] Complex block 291: cb.out:pv3_4_4_, type: io
[vpr] 	
[vpr] Passed route at end.
[vpr] Complex block 292: cb.out:pv7_3_3_, type: io
[vpr] 	
[vpr] Passed route at end.
[vpr] Complex block 293: cb.out:pv15_1_1_, type: io
[vpr] 	
[vpr] Passed route at end.
[vpr] Complex block 294: cb.out:pv12_7_7_, type: io
[vpr] 	
[vpr] Passed route at end.
[vpr] Complex block 295: cb.out:pv14_6_6_, type: io
[vpr] 	
[vpr] Passed route at end.
[vpr] Complex block 296: cb.out:pv4_0_0_, type: io
[vpr] 	
[vpr] Passed route at end.
[vpr] Complex block 297: cb.out:pv8_7_7_, type: io
[vpr] 	
[vpr] Passed route at end.
[vpr] Complex block 298: cb.out:pv15_7_7_, type: io
[vpr] 	
[vpr] Passed route at end.
[vpr] Complex block 299: cb.out:pv1_7_7_, type: io
[vpr] 	
[vpr] Passed route at end.
[vpr] Complex block 300: cb.out:pv5_6_6_, type: io
[vpr] 	
[vpr] Passed route at end.
[vpr] Complex block 301: cb.out:pv9_5_5_, type: io
[vpr] 	
[vpr] Passed route at end.
[vpr] Complex block 302: cb.out:pv5_1_1_, type: io
[vpr] 	
[vpr] Passed route at end.
[vpr] Complex block 303: cb.pv14_3_3_, type: clb
[vpr] 	
[vpr] Passed route at end.
[vpr] Complex block 304: cb.out:pdn, type: io
[vpr] 	
[vpr] Passed route at end.
[vpr] Complex block 305: cb.pclk, type: io
[vpr] 	
[vpr] Passed route at end.
[vpr] 	<EMPTY>: # blocks: 0, average # input + clock pins used: 0, average # output pins used: 0
[vpr] 	io: # blocks: 174, average # input + clock pins used: 0.701149, average # output pins used: 0.298851
[vpr] 	clb: # blocks: 132, average # input + clock pins used: 12.1364, average # output pins used: 4.20455
[vpr] Absorbed logical nets 876 out of 1483 nets, 607 nets not absorbed.
[vpr] 
[vpr] Netlist conversion complete.
[vpr] 
[vpr] Packing completed.
[vpr] Begin parsing packed FPGA netlist file.
[vpr] Finished parsing packed FPGA netlist file.
[vpr] Netlist generated from file 'vpr_tseng_fabric_channels.vpr.net'.
[vpr] 
[vpr] Netlist num_nets: 607
[vpr] Netlist num_blocks: 306
[vpr] Netlist <EMPTY> blocks: 0.
[vpr] Netlist clb blocks: 132.
[vpr] Netlist inputs pins: 52
[vpr] Netlist output pins: 122
[vpr] 
[vpr] The circuit will be mapped into a 12 x 12 array of clbs.
[vpr] 
[vpr] Resource usage...
[vpr] 	Netlist      0	blocks of type: <EMPTY>
[vpr] 	Architecture 4	blocks of type: <EMPTY>
[vpr] 	Netlist      174	blocks of type: io
[vpr] 	Architecture 384	blocks of type: io
[vpr] 	Netlist      132	blocks of type: clb
[vpr] 	Architecture 144	blocks of type: clb
[vpr] 
[vpr] Overriding architecture channels based on fabric channel widths...
[vpr] WARNING(2): Replacing architecture x channel[0] width 100 with fabric channel width 50.
[vpr] WARNING(3): Replacing architecture x channel[1] width 100 with fabric channel width 50.
[vpr] WARNING(4): Replacing architecture x channel[2] width 100 with fabric channel width 50.
[vpr] WARNING(5): Replacing architecture x channel[3] width 100 with fabric channel width 50.
[vpr] WARNING(6): Replacing architecture x channel[4] width 100 with fabric channel width 50.
[vpr] WARNING(7): Replacing architecture x channel[5] width 100 with fabric channel width 50.
[vpr] WARNING(8): Replacing architecture x channel[6] width 100 with fabric channel width 50.
[vpr] WARNING(9): Replacing architecture x channel[7] width 100 with fabric channel width 50.
[vpr] WARNING(10): Replacing architecture x channel[8] width 100 with fabric channel width 50.
[vpr] WARNING(11): Replacing architecture x channel[9] width 100 with fabric channel width 50.
[vpr] WARNING(12): Replacing architecture x channel[10] width 100 with fabric channel width 50.
[vpr] WARNING(13): Replacing architecture x channel[11] width 100 with fabric channel width 50.
[vpr] WARNING(14): Replacing architecture x channel[12] width 100 with fabric channel width 50.
[vpr] WARNING(15): Replacing architecture y channel[0] width 100 with fabric channel width 44.
[vpr] WARNING(16): Replacing architecture y channel[1] width 100 with fabric channel width 44.
[vpr] WARNING(17): Replacing architecture y channel[2] width 100 with fabric channel width 44.
[vpr] WARNING(18): Replacing architecture y channel[3] width 100 with fabric channel width 44.
[vpr] WARNING(19): Replacing architecture y channel[4] width 100 with fabric channel width 44.
[vpr] WARNING(20): Replacing architecture y channel[5] width 100 with fabric channel width 44.
[vpr] WARNING(21): Replacing architecture y channel[6] width 100 with fabric channel width 44.
[vpr] WARNING(22): Replacing architecture y channel[7] width 100 with fabric channel width 44.
[vpr] WARNING(23): Replacing architecture y channel[8] width 100 with fabric channel width 44.
[vpr] WARNING(24): Replacing architecture y channel[9] width 100 with fabric channel width 44.
[vpr] WARNING(25): Replacing architecture y channel[10] width 100 with fabric channel width 44.
[vpr] WARNING(26): Replacing architecture y channel[11] width 100 with fabric channel width 44.
[vpr] WARNING(27): Replacing architecture y channel[12] width 100 with fabric channel width 44.
[vpr] 
[vpr] There are 1603 point to point connections in this circuit.
[vpr] 
[vpr] Initial placement cost: 1.00758 bb_cost: 184.923 td_cost: 1.6547e-07 delay_cost: 4.76614e-07
[vpr] 
[vpr] ------- ------- ---------- ---------- ---------- ---------- ------- ------- ------- ------- ------ --------- ------
[vpr]       T    Cost Av BB Cost Av TD Cost Av Tot Del P to P Del   d_max Ac Rate Std Dev R limit    Exp Tot Moves  Alpha
[vpr] ------- ------- ---------- ---------- ---------- ---------- ------- ------- ------- ------- ------ --------- ------
[vpr] 0.10644 0.99509   186.3621 1.6345e-07 4.6711e-07 2.9733e-10  7.3458  0.9947  0.0114 13.0000  1.000      2061  0.500
[vpr] 0.05322 0.99154   186.0110 1.5549e-07 4.6214e-07 2.9234e-10  7.6193  0.9918  0.0200 13.0000  1.000      4122  0.500
[vpr] 0.02661 0.95809   185.8262 1.5197e-07 4.631e-07  2.9251e-10  7.6876  0.9801  0.0176 13.0000  1.000      6183  0.500
[vpr] 0.01331 0.97792   181.6474 1.5839e-07 4.5578e-07 2.8969e-10  7.2090  0.9617  0.0134 13.0000  1.000      8244  0.500
[vpr] 0.00665 0.96935   181.0138 1.5106e-07 4.5398e-07 2.8926e-10  7.5509  0.9243  0.0099 13.0000  1.000     10305  0.900
[vpr] 0.00599 1.00475   179.4765 1.504e-07  4.5333e-07 2.7728e-10  7.4141  0.8884  0.0132 13.0000  1.000     12366  0.900
[vpr] 0.00539 0.97791   177.6016 1.5696e-07 4.5246e-07 2.8888e-10  7.1407  0.8874  0.0179 13.0000  1.000     14427  0.900
[vpr] 0.00485 0.96803   176.1109 1.4977e-07 4.5189e-07 2.8265e-10  7.4825  0.8889  0.0147 13.0000  1.000     16488  0.900
[vpr] 0.00436 1.00020   174.7497 1.4912e-07 4.4815e-07 2.7907e-10  7.2774  0.8506  0.0171 13.0000  1.000     18549  0.900
[vpr] 0.00393 0.97313   173.9029 1.471e-07  4.4504e-07 2.8137e-10  7.4825  0.8447  0.0195 13.0000  1.000     20610  0.900
[vpr] 0.00354 1.01543   173.7092 1.5007e-07 4.4417e-07 2.7293e-10  7.1407  0.8409  0.0113 13.0000  1.000     22671  0.900
[vpr] 0.00318 1.00592   170.0372 1.5117e-07 4.4071e-07 2.7139e-10  7.0039  0.8035  0.0159 13.0000  1.000     24732  0.900
[vpr] 0.00286 0.97219   170.1319 1.4612e-07 4.4416e-07 2.7741e-10  7.4141  0.8016  0.0094 13.0000  1.000     26793  0.900
[vpr] 0.00258 0.98802   168.7162 1.4647e-07 4.3736e-07 2.7724e-10  7.0723  0.7826  0.0074 13.0000  1.000     28854  0.950
[vpr] 0.00245 0.99571   170.0617 1.4784e-07 4.3925e-07 2.7604e-10  7.2090  0.7836  0.0064 13.0000  1.000     30915  0.950
[vpr] 0.00233 0.98230   164.2802 1.4435e-07 4.3479e-07 2.7156e-10  7.2774  0.7312  0.0128 13.0000  1.000     32976  0.950
[vpr] 0.00221 0.97984   162.6236 1.4975e-07 4.3054e-07 2.7105e-10  6.7988  0.7404  0.0102 13.0000  1.000     35037  0.950
[vpr] 0.00210 0.99725   163.2079 1.4579e-07 4.2792e-07 2.6849e-10  7.0039  0.7210  0.0113 13.0000  1.000     37098  0.950
[vpr] 0.00199 1.00120   158.9217 1.4413e-07 4.2694e-07 2.6653e-10  6.9356  0.7089  0.0086 13.0000  1.000     39159  0.950
[vpr] 0.00189 0.98780   162.3661 1.4576e-07 4.2997e-07 2.6781e-10  7.0039  0.7069  0.0100 13.0000  1.000     41220  0.950
[vpr] 0.00180 0.99816   161.0604 1.4472e-07 4.287e-07  2.6756e-10  6.9356  0.6914  0.0084 13.0000  1.000     43281  0.950
[vpr] 0.00171 0.95862   154.4033 1.4243e-07 4.2047e-07 2.6909e-10  6.8672  0.6749  0.0151 13.0000  1.000     45342  0.950
[vpr] 0.00162 1.00366   155.3147 1.4567e-07 4.23e-07   2.6018e-10  6.7304  0.6701  0.0079 13.0000  1.000     47403  0.950
[vpr] 0.00154 0.99643   152.7839 1.3947e-07 4.1566e-07 2.6201e-10  6.8672  0.6477  0.0131 13.0000  1.000     49464  0.950
[vpr] 0.00147 0.96119   148.8130 1.4023e-07 4.1267e-07 2.6308e-10  6.7304  0.6041  0.0156 13.0000  1.000     51525  0.950
[vpr] 0.00139 0.99309   146.6151 1.4325e-07 4.0951e-07 2.5642e-10  6.5253  0.5871  0.0099 13.0000  1.000     53586  0.950
[vpr] 0.00132 0.99578   144.3200 1.3296e-07 4.036e-07  2.5173e-10  7.0039  0.5779  0.0051 13.0000  1.000     55647  0.950
[vpr] 0.00126 0.99731   144.7269 1.3888e-07 4.0501e-07 2.5182e-10  6.6621  0.5973  0.0050 13.0000  1.000     57708  0.950
[vpr] 0.00119 0.99346   143.0081 1.3918e-07 4.0141e-07 2.5186e-10  6.5253  0.5740  0.0112 13.0000  1.000     59769  0.950
[vpr] 0.00113 0.99020   138.0125 1.3621e-07 3.98e-07   2.4883e-10  6.6621  0.5284  0.0054 13.0000  1.000     61830  0.950
[vpr] 0.00108 0.99345   138.3656 1.3387e-07 3.9521e-07 2.4794e-10  6.6621  0.5090  0.0060 13.0000  1.000     63891  0.950
[vpr] 0.00102 0.99866   136.3069 1.3304e-07 3.9247e-07 2.4299e-10  6.5937  0.4871  0.0054 13.0000  1.000     65952  0.950
[vpr] 0.00097 0.99922   136.0647 1.3688e-07 3.9621e-07 2.4708e-10  6.5253  0.4862  0.0052 13.0000  1.000     68013  0.950
[vpr] 0.00092 1.01047   138.5267 1.3535e-07 4.0005e-07 2.493e-10   6.6621  0.5056  0.0067 13.0000  1.000     70074  0.950
[vpr] 0.00088 0.98468   138.0909 1.3453e-07 3.9915e-07 2.4977e-10  6.6621  0.4944  0.0081 13.0000  1.000     72135  0.950
[vpr] 0.00083 0.98982   135.0417 1.3589e-07 3.9641e-07 2.499e-10   6.5253  0.4808  0.0044 13.0000  1.000     74196  0.950
[vpr] 0.00079 0.98636   134.1139 1.3291e-07 3.9324e-07 2.4772e-10  6.6621  0.4711  0.0045 13.0000  1.000     76257  0.950
[vpr] 0.00075 0.99418   131.1443 1.3561e-07 3.8969e-07 2.4256e-10  6.4570  0.4275  0.0047 13.0000  1.000     78318  0.950
[vpr] 0.00071 0.99214   129.0132 1.2247e-07 3.8576e-07 2.4239e-10  6.5253  0.4338  0.0040 12.8370  1.095     80379  0.950
[vpr] 0.00068 0.98995   127.8339 1.1452e-07 3.8365e-07 2.403e-10   6.5937  0.4386  0.0054 12.7570  1.142     82440  0.950
[vpr] 0.00065 0.99113   124.6463 1.1224e-07 3.8156e-07 2.3817e-10  6.5937  0.3998  0.0064 12.7395  1.152     84501  0.950
[vpr] 0.00061 0.99542   123.8657 8.9075e-08 3.8176e-07 2.3911e-10  6.5253  0.3828  0.0043 12.2274  1.451     86562  0.950
[vpr] 0.00058 0.99904   123.7949 6.5915e-08 3.8543e-07 2.3907e-10  6.6621  0.4071  0.0040 11.5283  1.858     88623  0.950
[vpr] 0.00055 0.99151   120.4578 6.121e-08  3.8052e-07 2.3843e-10  6.4570  0.3896  0.0051 11.1488  2.080     90684  0.950
[vpr] 0.00053 0.99406   119.2287 5.2132e-08 3.8166e-07 2.374e-10   6.4570  0.4071  0.0032 10.5871  2.408     92745  0.950
[vpr] 0.00050 1.00059   119.4016 4.898e-08  3.8021e-07 2.3651e-10  6.3886  0.3862  0.0037 10.2386  2.611     94806  0.950
[vpr] 0.00047 1.00209   118.0105 4.3466e-08 3.8057e-07 2.3591e-10  6.3886  0.3882  0.0027  9.6880  2.932     96867  0.950
[vpr] 0.00045 0.99424   118.5318 3.7871e-08 3.8147e-07 2.3732e-10  6.4570  0.4022  0.0026  9.1858  3.225     98928  0.950
[vpr] 0.00043 1.00247   118.4561 3.5929e-08 3.8483e-07 2.3889e-10  6.4570  0.4090  0.0024  8.8389  3.427    100989  0.950
[vpr] 0.00041 0.98794   117.4061 3.3713e-08 3.8646e-07 2.4154e-10  6.4570  0.4051  0.0049  8.5651  3.587    103050  0.950
[vpr] 0.00039 0.98735   113.0955 3.1095e-08 3.8243e-07 2.3868e-10  6.5253  0.3692  0.0061  8.2665  3.761    105111  0.950
[vpr] 0.00037 1.00038   111.6079 3.0655e-08 3.8194e-07 2.3902e-10  6.3886  0.3755  0.0016  7.6816  4.102    107172  0.950
[vpr] 0.00035 0.99560   111.7001 2.8721e-08 3.7976e-07 2.3907e-10  6.3886  0.3789  0.0018  7.1865  4.391    109233  0.950
[vpr] 0.00033 0.99798   112.3505 2.7246e-08 3.7964e-07 2.3544e-10  6.3886  0.3882  0.0036  6.7477  4.647    111294  0.950
[vpr] 0.00031 0.99494   110.8261 2.5979e-08 3.7939e-07 2.3668e-10  6.3886  0.3717  0.0024  6.3979  4.851    113355  0.950
[vpr] 0.00030 0.99594   109.4065 2.4622e-08 3.786e-07  2.3646e-10  6.3886  0.3780  0.0022  5.9607  5.106    115416  0.950
[vpr] 0.00028 0.99364   107.9129 2.3797e-08 3.7788e-07 2.3817e-10  6.3886  0.4085  0.0035  5.5909  5.322    117477  0.950
[vpr] 0.00027 0.99554   107.3977 2.3441e-08 3.7717e-07 2.3514e-10  6.3886  0.3862  0.0029  5.4150  5.425    119538  0.950
[vpr] 0.00026 0.99466   105.9742 2.285e-08  3.7726e-07 2.3685e-10  6.3886  0.3751  0.0027  5.1238  5.594    121599  0.950
[vpr] 0.00024 0.99455   104.1092 2.2088e-08 3.7273e-07 2.3305e-10  6.3886  0.3833  0.0028  4.7911  5.789    123660  0.950
[vpr] 0.00023 0.99872   103.7114 2.1467e-08 3.7416e-07 2.3199e-10  6.3886  0.3663  0.0022  4.5195  5.947    125721  0.950
[vpr] 0.00022 0.99820   104.2667 2.1389e-08 3.741e-07  2.3267e-10  6.3202  0.3493  0.0027  4.1865  6.141    127782  0.950
[vpr] 0.00021 0.99540   103.2409 2.0772e-08 3.7325e-07 2.3258e-10  6.3202  0.4095  0.0032  3.8070  6.363    129843  0.950
[vpr] 0.00020 0.99844   101.9260 2.0342e-08 3.7504e-07 2.3233e-10  6.3202  0.3828  0.0012  3.6909  6.430    131904  0.950
[vpr] 0.00019 0.99884   101.3545 2.0255e-08 3.7411e-07 2.3297e-10  6.3202  0.3736  0.0017  3.4799  6.553    133965  0.950
[vpr] 0.00018 0.99567   101.0290 1.986e-08  3.7074e-07 2.3194e-10  6.3202  0.3508  0.0015  3.2488  6.688    136026  0.950
[vpr] 0.00017 0.99681   100.9933 1.9242e-08 3.7116e-07 2.3233e-10  6.3202  0.4158  0.0016  2.9590  6.857    138087  0.950
[vpr] 0.00016 0.99662   100.4947 1.877e-08  3.7467e-07 2.3173e-10  6.3202  0.3886  0.0027  2.8875  6.899    140148  0.950
[vpr] 0.00015 0.99931    99.6313 1.8579e-08 3.7391e-07 2.3224e-10  6.3202  0.3925  0.0017  2.7392  6.985    142209  0.950
[vpr] 0.00015 0.99817    99.1488 1.8374e-08 3.7409e-07 2.3216e-10  6.3202  0.3595  0.0015  2.6092  7.061    144270  0.950
[vpr] 0.00014 0.99480    98.1420 1.8036e-08 3.7118e-07 2.3224e-10  6.3202  0.3469  0.0023  2.3992  7.184    146331  0.950
[vpr] 0.00013 1.00037    97.8144 1.7665e-08 3.6923e-07 2.3028e-10  6.3202  0.3518  0.0008  2.1759  7.314    148392  0.950
[vpr] 0.00012 0.99767    97.1338 1.7922e-08 3.6855e-07 2.3041e-10  6.3202  0.4110  0.0013  1.9839  7.426    150453  0.950
[vpr] 0.00012 1.00039    96.5655 1.7843e-08 3.699e-07  2.299e-10   6.3202  0.3891  0.0009  1.9263  7.460    152514  0.950
[vpr] 0.00011 0.99859    96.0865 1.776e-08  3.6846e-07 2.3011e-10  6.3202  0.3566  0.0017  1.8283  7.517    154575  0.950
[vpr] 0.00011 0.99931    95.7926 1.7608e-08 3.6787e-07 2.2955e-10  6.3202  0.3629  0.0008  1.6759  7.606    156636  0.950
[vpr] 0.00010 0.99812    95.5669 1.7463e-08 3.7118e-07 2.2964e-10  6.3202  0.3479  0.0008  1.5467  7.681    158697  0.950
[vpr] 0.00010 0.99913    95.1637 1.7326e-08 3.6995e-07 2.3139e-10  6.3202  0.3295  0.0007  1.4043  7.764    160758  0.950
[vpr] 0.00009 0.99984    94.9920 1.718e-08  3.7133e-07 2.316e-10   6.3202  0.3348  0.0007  1.2490  7.855    162819  0.950
[vpr] 0.00009 0.99763    94.8347 1.7053e-08 3.6776e-07 2.3228e-10  6.3202  0.2945  0.0011  1.1176  7.931    164880  0.950
[vpr] 0.00008 0.99890    94.4926 1.6945e-08 3.6853e-07 2.2866e-10  6.3202  0.2664  0.0005  1.0000  8.000    166941  0.950
[vpr] 0.00008 0.99900    94.2252 1.6936e-08 3.6721e-07 2.3041e-10  6.3202  0.2542  0.0005  1.0000  8.000    169002  0.950
[vpr] 0.00007 0.99955    94.0405 1.694e-08  3.6768e-07 2.2883e-10  6.3202  0.2547  0.0004  1.0000  8.000    171063  0.950
[vpr] 0.00007 0.99996    93.8342 1.6944e-08 3.6901e-07 2.293e-10   6.3202  0.2334  0.0007  1.0000  8.000    173124  0.950
[vpr] 0.00007 1.00022    93.6608 1.6936e-08 3.6602e-07 2.2853e-10  6.3202  0.2237  0.0007  1.0000  8.000    175185  0.950
[vpr] 0.00006 0.99849    93.5498 1.6936e-08 3.6781e-07 2.287e-10   6.3202  0.2154  0.0016  1.0000  8.000    177246  0.950
[vpr] 0.00006 1.00026    93.3215 1.6934e-08 3.6965e-07 2.3117e-10  6.3202  0.2057  0.0003  1.0000  8.000    179307  0.950
[vpr] 0.00006 0.99931    93.1916 1.6935e-08 3.6656e-07 2.2866e-10  6.3202  0.1761  0.0003  1.0000  8.000    181368  0.950
[vpr] 0.00006 0.99993    93.1027 1.6942e-08 3.6486e-07 2.2874e-10  6.3202  0.1684  0.0004  1.0000  8.000    183429  0.950
[vpr] 0.00005 0.99908    93.1751 1.6942e-08 3.6363e-07 2.2699e-10  6.3202  0.1625  0.0005  1.0000  8.000    185490  0.950
[vpr] 0.00005 0.99965    93.0663 1.694e-08  3.6344e-07 2.2674e-10  6.3202  0.1669  0.0007  1.0000  8.000    187551  0.950
[vpr] 0.00005 0.99958    92.7034 1.6943e-08 3.6336e-07 2.2653e-10  6.3202  0.1237  0.0003  1.0000  8.000    189612  0.800
[vpr] 0.00004 0.99904    92.6818 1.6945e-08 3.6361e-07 2.261e-10   6.3202  0.1087  0.0005  1.0000  8.000    191673  0.800
[vpr] 0.00003 0.99941    92.3675 1.6944e-08 3.6278e-07 2.2593e-10  6.3202  0.0830  0.0004  1.0000  8.000    193734  0.800
[vpr] 0.00002 0.99952    92.1262 1.6945e-08 3.6224e-07 2.2712e-10  6.3202  0.0543  0.0003  1.0000  8.000    195795  0.800
[vpr] 0.00002 0.99973    91.9696 1.6945e-08 3.6194e-07 2.2537e-10  6.3202  0.0611  0.0003  1.0000  8.000    197856  0.800
[vpr] 0.00002 0.99980    91.8278 1.6943e-08 3.626e-07  2.2572e-10  6.3202  0.0330  0.0001  1.0000  8.000    199917  0.800
[vpr] 0.00001 0.99992    91.8077 1.6943e-08 3.6166e-07 2.2623e-10  6.3202  0.0325  0.0000  1.0000  8.000    201978  0.800
[vpr] 0.00001 0.99994    91.7910 1.6943e-08 3.6188e-07 2.2563e-10  6.3202  0.0267  0.0000  1.0000  8.000    204039  0.800
[vpr] 0.00000 0.99988    91.7811 1.6943e-08 3.6163e-07 2.2572e-10          0.0092  0.0000  1.0000  8.000    206100
[vpr] 
[vpr] BB estimate of min-dist (placement) wire length: 4307
[vpr] bb_cost recomputed from scratch: 91.7808
[vpr] timing_cost recomputed from scratch: 1.69427e-08
[vpr] delay_cost recomputed from scratch: 3.61275e-07
[vpr] 
[vpr] Completed placement consistency check successfully.
[vpr] 
[vpr] Swaps called: 206406
[vpr] 
[vpr] Placement estimated critical path delay: 6.32022 ns
[vpr] Placement cost: 0.99988, bb_cost: 91.7811, td_cost: 1.69427e-08, delay_cost: 3.61275e-07
[vpr] Placement total # of swap attempts: 206406
[vpr] 	Swap reject rate: 0
[vpr] 	Swap accept rate: 0
[vpr] 	Swap abort rate: 0
[vpr] Overriding architecture channels based on fabric channel widths...
[vpr] WARNING(28): Replacing architecture y channel[0] width 50 with fabric channel width 44.
[vpr] WARNING(29): Replacing architecture y channel[1] width 50 with fabric channel width 44.
[vpr] WARNING(30): Replacing architecture y channel[2] width 50 with fabric channel width 44.
[vpr] WARNING(31): Replacing architecture y channel[3] width 50 with fabric channel width 44.
[vpr] WARNING(32): Replacing architecture y channel[4] width 50 with fabric channel width 44.
[vpr] WARNING(33): Replacing architecture y channel[5] width 50 with fabric channel width 44.
[vpr] WARNING(34): Replacing architecture y channel[6] width 50 with fabric channel width 44.
[vpr] WARNING(35): Replacing architecture y channel[7] width 50 with fabric channel width 44.
[vpr] WARNING(36): Replacing architecture y channel[8] width 50 with fabric channel width 44.
[vpr] WARNING(37): Replacing architecture y channel[9] width 50 with fabric channel width 44.
[vpr] WARNING(38): Replacing architecture y channel[10] width 50 with fabric channel width 44.
[vpr] WARNING(39): Replacing architecture y channel[11] width 50 with fabric channel width 44.
[vpr] WARNING(40): Replacing architecture y channel[12] width 50 with fabric channel width 44.
[vpr] Confirming router algorithm: TIMING_DRIVEN.
[vpr] Wire length after first iteration 7453, total available wire length 14664, ratio 0.508251
[vpr] --------- ---------- -----------
[vpr] Iteration       Time   Crit Path
[vpr] --------- ---------- -----------
[vpr] Critical path: 6.38859 ns
[vpr] Successfully routed after 20 routing iterations.
[vpr] Completed net delay value cross check successfully.
[vpr] 
[vpr] Checking to ensure routing is legal...
[vpr] Completed routing consistency check successfully.
[vpr] 
[vpr] Serial number (magic cookie) for the routing is: -586108915
[vpr] Circuit successfully routed with a channel width factor of 50.
[vpr] 
[vpr] Average number of bends per net: 2.29373  Maximum # of bends: 54
[vpr] 
[vpr] Number of routed nets (nonglobal): 606
[vpr] Wire length results (in units of 1 clb segments)...
[vpr] 	Total wirelength: 8478, average net length: 13.9901
[vpr] 	Maximum net length: 246
[vpr] 
[vpr] Wire length results in terms of physical segments...
[vpr] 	Total wiring segments used: 2338, average wire segments per net: 3.85809
[vpr] 	Maximum segments used by a net: 67
[vpr] 	Total local nets with reserved CLB opins: 0
[vpr] 
[vpr] X - Directed channels: j max occ ave occ capacity
[vpr]                       -- ------- ------- --------
[vpr]                        0      28 20.3333       50
[vpr]                        1      37 26.0000       50
[vpr]                        2      37 28.4167       50
[vpr]                        3      46 32.1667       50
[vpr]                        4      42 32.0833       50
[vpr]                        5      43 33.0833       50
[vpr]                        6      41 33.0000       50
[vpr]                        7      46 31.8333       50
[vpr]                        8      44 31.2500       50
[vpr]                        9      36 25.8333       50
[vpr]                       10      34 23.7500       50
[vpr]                       11      28 20.3333       50
[vpr]                       12      35 21.3333       50
[vpr] Y - Directed channels: i max occ ave occ capacity
[vpr]                       -- ------- ------- --------
[vpr]                        0      35 22.2500       44
[vpr]                        1      28 19.5833       44
[vpr]                        2      33 24.5000       44
[vpr]                        3      41 27.3333       44
[vpr]                        4      41 31.3333       44
[vpr]                        5      36 29.8333       44
[vpr]                        6      41 29.4167       44
[vpr]                        7      42 34.3333       44
[vpr]                        8      40 30.2500       44
[vpr]                        9      42 31.0833       44
[vpr]                       10      35 25.8333       44
[vpr]                       11      33 22.6667       44
[vpr]                       12      29 18.6667       44
[vpr] 
[vpr] Total tracks in x-direction: 650, in y-direction: 572
[vpr] 
[vpr] Logic area (in minimum width transistor areas, excludes I/Os and empty grid tiles)...
[vpr] 	Total logic block area (Warning, need to add pitch of routing to blocks with height > 3): 2.13313e+06
[vpr] 	Total used logic block area: 1.95537e+06
[vpr] 
[vpr] Routing area (in minimum width transistor areas)...
[vpr] 	Total routing area: 752238., per logic tile: 5223.87
[vpr] 
[vpr] Segment usage by type (index): type utilization
[vpr]                                ---- -----------
[vpr]                                   0        0.51
[vpr] 
[vpr] Segment usage by length: length utilization
[vpr]                          ------ -----------
[vpr]                               4        0.51
[vpr] 
[vpr] Nets on critical path: 10 normal, 0 global.
[vpr] Total logic delay: 4.5016e-09 (s), total net delay: 1.88699e-09 (s)
[vpr] Final critical path: 6.38859 ns, f_max: 156.529 MHz
[vpr] 
[vpr] Least slack in design: -6.38859 ns
[vpr] 
Closing VPR interface...
Importing fabric model from VPR...
Importing circuit design from VPR...
Post-processing...
Writing options file 'vpr_tseng_fabric_channels.toro.snoitpo'...
Writing xml file 'vpr_tseng_fabric_channels.toro.xml'...
Writing blif file 'vpr_tseng_fabric_channels.toro.blif'...
Writing architecture file 'vpr_tseng_fabric_channels.toro.arch'...
Writing fabric file 'vpr_tseng_fabric_channels.toro.fabric'...
Writing circuit file 'vpr_tseng_fabric_channels.toro.circuit'...
Writing laff file 'vpr_tseng_fabric_channels.toro.laff'...
Exiting...
