________________________________________________________________________
                         Toro - A VPR Front-End                         
       (c) Copyright 2012-2013 Texas Instruments (under GNU GPL)        
________________________________________________________________________
Command is '/vobs/cpp/warpcore/toro/bin.linux_x86_64/toro vpr_tseng_fabric_ios.options'.
Pre-processing...
Reading xml file 'k4_N8_soft_logic_only.xml'...
Reading fabric file 'tseng.4.fabric'...
Reading blif file 'tseng.4.blif'...
Validating architecture file ...
Validating circuit file 'top'...
Processing...
Opening VPR interface...
Exporting architecture spec to VPR...
Exporting fabric model to VPR...
[vpr] Building complex block graph.
[vpr] WARNING(1): io[0].clock[0] unconnected pin in architecture.
[vpr] Swept away 0 nets with no fanout.
[vpr] Removed 0 LUT buffers.
[vpr] BLIF circuit stats:
[vpr] 	0 LUTs of size 0
[vpr] 	0 LUTs of size 1
[vpr] 	132 LUTs of size 2
[vpr] 	283 LUTs of size 3
[vpr] 	631 LUTs of size 4
[vpr] 	52 of type input
[vpr] 	122 of type output
[vpr] 	385 of type latch
[vpr] 	1046 of type names
Executing VPR interface...
[vpr] Initialize packing.
[vpr] Begin packing 'tseng.4.blif'.
[vpr] 
[vpr] After removing unused inputs...
[vpr] 	total blocks: 1605, total nets: 1483, total inputs: 52, total outputs: 122
[vpr] Begin prepacking.
[vpr] Finish prepacking.
[vpr] Using inter-cluster delay: 8.3684e-10
[vpr] 
[vpr] SDC file 'vpr_tseng_fabric_ios.vpr.sdc' blank or not found.
[vpr] 
[vpr] Defaulting to: constrain all 0 inputs and 0 outputs on the netlist clock.
[vpr] Optimize this clock to run as fast as possible.
[vpr] Overriding architecture block(s) based on fabric io block...
[vpr] Complex block 0: cb.n_n3184, type: clb
[vpr] 	...........
[vpr] Passed route at end.
[vpr] Overriding architecture block(s) based on fabric io block...
[vpr] Complex block 1: cb.n_n3466, type: clb
[vpr] 	..........
[vpr] Passed route at end.
[vpr] Overriding architecture block(s) based on fabric io block...
[vpr] Complex block 2: cb.n_n3229, type: clb
[vpr] 	..............
[vpr] Passed route at end.
[vpr] Overriding architecture block(s) based on fabric io block...
[vpr] Complex block 3: cb.n_n3016, type: clb
[vpr] 	............
[vpr] Passed route at end.
[vpr] Overriding architecture block(s) based on fabric io block...
[vpr] Complex block 4: cb.n_n3519, type: clb
[vpr] 	.........
[vpr] Passed route at end.
[vpr] Overriding architecture block(s) based on fabric io block...
[vpr] Complex block 5: cb.[2264], type: clb
[vpr] 	..............
[vpr] Passed route at end.
[vpr] Overriding architecture block(s) based on fabric io block...
[vpr] Complex block 6: cb.n_n3755, type: clb
[vpr] 	...............
[vpr] Passed route at end.
[vpr] Overriding architecture block(s) based on fabric io block...
[vpr] Complex block 7: cb.n_n3015, type: clb
[vpr] 	..............
[vpr] Passed route at end.
[vpr] Overriding architecture block(s) based on fabric io block...
[vpr] Complex block 8: cb.[907], type: clb
[vpr] 	...........
[vpr] Passed route at end.
[vpr] Overriding architecture block(s) based on fabric io block...
[vpr] Complex block 9: cb.n_n4267, type: clb
[vpr] 	.............
[vpr] Passed route at end.
[vpr] Overriding architecture block(s) based on fabric io block...
[vpr] Complex block 10: cb.n_n3292, type: clb
[vpr] 	.............
[vpr] Passed route at end.
[vpr] Overriding architecture block(s) based on fabric io block...
[vpr] Complex block 11: cb.n_n3725, type: clb
[vpr] 	...........
[vpr] Passed route at end.
[vpr] Overriding architecture block(s) based on fabric io block...
[vpr] Complex block 12: cb.n_n3592, type: clb
[vpr] 	..............
[vpr] Passed route at end.
[vpr] Overriding architecture block(s) based on fabric io block...
[vpr] Complex block 13: cb.n_n3235, type: clb
[vpr] 	........
[vpr] Passed route at end.
[vpr] Overriding architecture block(s) based on fabric io block...
[vpr] Complex block 14: cb.n_n3987, type: clb
[vpr] 	..........
[vpr] Passed route at end.
[vpr] Overriding architecture block(s) based on fabric io block...
[vpr] Complex block 15: cb.n_n3913, type: clb
[vpr] 	.........
[vpr] Passed route at end.
[vpr] Overriding architecture block(s) based on fabric io block...
[vpr] Complex block 16: cb.n_n3444, type: clb
[vpr] 	........
[vpr] Passed route at end.
[vpr] Overriding architecture block(s) based on fabric io block...
[vpr] Complex block 17: cb.n_n132, type: clb
[vpr] 	............
[vpr] Passed route at end.
[vpr] Overriding architecture block(s) based on fabric io block...
[vpr] Complex block 18: cb.n_n3817, type: clb
[vpr] 	........
[vpr] Passed route at end.
[vpr] Overriding architecture block(s) based on fabric io block...
[vpr] Complex block 19: cb.n_n128, type: clb
[vpr] 	...............................................
[vpr] Passed route at end.
[vpr] Overriding architecture block(s) based on fabric io block...
[vpr] Complex block 20: cb.n_n3813, type: clb
[vpr] 	.......
[vpr] Passed route at end.
[vpr] Overriding architecture block(s) based on fabric io block...
[vpr] Complex block 21: cb.n_n4011, type: clb
[vpr] 	.........
[vpr] Passed route at end.
[vpr] Overriding architecture block(s) based on fabric io block...
[vpr] Complex block 22: cb.[1580], type: clb
[vpr] 	.......
[vpr] Passed route at end.
[vpr] Overriding architecture block(s) based on fabric io block...
[vpr] Complex block 23: cb.nak3_17, type: clb
[vpr] 	........
[vpr] Passed route at end.
[vpr] Overriding architecture block(s) based on fabric io block...
[vpr] Complex block 24: cb.[6374], type: clb
[vpr] 	...........
[vpr] Passed route at end.
[vpr] Overriding architecture block(s) based on fabric io block...
[vpr] Complex block 25: cb.[936], type: clb
[vpr] 	...................................
[vpr] Passed route at end.
[vpr] Overriding architecture block(s) based on fabric io block...
[vpr] Complex block 26: cb.[1492], type: clb
[vpr] 	............................................
[vpr] Passed route at end.
[vpr] Overriding architecture block(s) based on fabric io block...
[vpr] Complex block 27: cb.n_n4228, type: clb
[vpr] 	...........
[vpr] Passed route at end.
[vpr] Overriding architecture block(s) based on fabric io block...
[vpr] Complex block 28: cb.n_n3375, type: clb
[vpr] 	.........
[vpr] Passed route at end.
[vpr] Overriding architecture block(s) based on fabric io block...
[vpr] Complex block 29: cb.n_n3582, type: clb
[vpr] 	........
[vpr] Passed route at end.
[vpr] Overriding architecture block(s) based on fabric io block...
[vpr] Complex block 30: cb.n_n4276, type: clb
[vpr] 	........
[vpr] Passed route at end.
[vpr] Overriding architecture block(s) based on fabric io block...
[vpr] Complex block 31: cb.n_n4140, type: clb
[vpr] 	.......
[vpr] Passed route at end.
[vpr] Overriding architecture block(s) based on fabric io block...
[vpr] Complex block 32: cb.n_n3526, type: clb
[vpr] 	.......
[vpr] Passed route at end.
[vpr] Overriding architecture block(s) based on fabric io block...
[vpr] Complex block 33: cb.[1898], type: clb
[vpr] 	.................
[vpr] Passed route at end.
[vpr] Overriding architecture block(s) based on fabric io block...
[vpr] Complex block 34: cb.n_n3049, type: clb
[vpr] 	..........
[vpr] Passed route at end.
[vpr] Overriding architecture block(s) based on fabric io block...
[vpr] Complex block 35: cb.n_n4367, type: clb
[vpr] 	............
[vpr] Passed route at end.
[vpr] Overriding architecture block(s) based on fabric io block...
[vpr] Complex block 36: cb.[6275], type: clb
[vpr] 	.........
[vpr] Passed route at end.
[vpr] Overriding architecture block(s) based on fabric io block...
[vpr] Complex block 37: cb.n_n3701, type: clb
[vpr] 	........
[vpr] Passed route at end.
[vpr] Overriding architecture block(s) based on fabric io block...
[vpr] Complex block 38: cb.n_n3530, type: clb
[vpr] 	.......
[vpr] Passed route at end.
[vpr] Overriding architecture block(s) based on fabric io block...
[vpr] Complex block 39: cb.n_n3374, type: clb
[vpr] 	.......
[vpr] Passed route at end.
[vpr] Overriding architecture block(s) based on fabric io block...
[vpr] Complex block 40: cb.n_n3033, type: clb
[vpr] 	.......
[vpr] Passed route at end.
[vpr] Overriding architecture block(s) based on fabric io block...
[vpr] Complex block 41: cb.n_n4094, type: clb
[vpr] 	..........
[vpr] Passed route at end.
[vpr] Overriding architecture block(s) based on fabric io block...
[vpr] Complex block 42: cb.n_n4121, type: clb
[vpr] 	........
[vpr] Passed route at end.
[vpr] Overriding architecture block(s) based on fabric io block...
[vpr] Complex block 43: cb.n_n3459, type: clb
[vpr] 	...............
[vpr] Passed route at end.
[vpr] Overriding architecture block(s) based on fabric io block...
[vpr] Complex block 44: cb.[6295], type: clb
[vpr] 	.............
[vpr] Passed route at end.
[vpr] Overriding architecture block(s) based on fabric io block...
[vpr] Complex block 45: cb.n_n3981, type: clb
[vpr] 	.......
[vpr] Passed route at end.
[vpr] Overriding architecture block(s) based on fabric io block...
[vpr] Complex block 46: cb.[2174], type: clb
[vpr] 	.......
[vpr] Passed route at end.
[vpr] Overriding architecture block(s) based on fabric io block...
[vpr] Complex block 47: cb.n_n3399, type: clb
[vpr] 	........
[vpr] Passed route at end.
[vpr] Overriding architecture block(s) based on fabric io block...
[vpr] Complex block 48: cb.n_n4081, type: clb
[vpr] 	.......
[vpr] Passed route at end.
[vpr] Overriding architecture block(s) based on fabric io block...
[vpr] Complex block 49: cb.n_n3538, type: clb
[vpr] 	.........
[vpr] Passed route at end.
[vpr] Overriding architecture block(s) based on fabric io block...
[vpr] Complex block 50: cb.[2183], type: clb
[vpr] 	.......
[vpr] Passed route at end.
[vpr] Overriding architecture block(s) based on fabric io block...
[vpr] Complex block 51: cb.[1901], type: clb
[vpr] 	........
[vpr] Passed route at end.
[vpr] Overriding architecture block(s) based on fabric io block...
[vpr] Complex block 52: cb.[2190], type: clb
[vpr] 	.......
[vpr] Passed route at end.
[vpr] Overriding architecture block(s) based on fabric io block...
[vpr] Complex block 53: cb.[2191], type: clb
[vpr] 	.........
[vpr] Passed route at end.
[vpr] Overriding architecture block(s) based on fabric io block...
[vpr] Complex block 54: cb.n_n3289, type: clb
[vpr] 	.........
[vpr] Passed route at end.
[vpr] Overriding architecture block(s) based on fabric io block...
[vpr] Complex block 55: cb.n_n3552, type: clb
[vpr] 	.........
[vpr] Passed route at end.
[vpr] Overriding architecture block(s) based on fabric io block...
[vpr] Complex block 56: cb.n_n3308, type: clb
[vpr] 	.......
[vpr] Passed route at end.
[vpr] Overriding architecture block(s) based on fabric io block...
[vpr] Complex block 57: cb.n_n3058, type: clb
[vpr] 	.......
[vpr] Passed route at end.
[vpr] Overriding architecture block(s) based on fabric io block...
[vpr] Complex block 58: cb.n_n3147, type: clb
[vpr] 	.......
[vpr] Passed route at end.
[vpr] Overriding architecture block(s) based on fabric io block...
[vpr] Complex block 59: cb.n_n3110, type: clb
[vpr] 	.......
[vpr] Passed route at end.
[vpr] Overriding architecture block(s) based on fabric io block...
[vpr] Complex block 60: cb.n_n3031, type: clb
[vpr] 	.......
[vpr] Passed route at end.
[vpr] Overriding architecture block(s) based on fabric io block...
[vpr] Complex block 61: cb.[2047], type: clb
[vpr] 	.......
[vpr] Passed route at end.
[vpr] Overriding architecture block(s) based on fabric io block...
[vpr] Complex block 62: cb.n_n3010, type: clb
[vpr] 	.......
[vpr] Passed route at end.
[vpr] Overriding architecture block(s) based on fabric io block...
[vpr] Complex block 63: cb.n_n3236, type: clb
[vpr] 	.......
[vpr] Passed route at end.
[vpr] Overriding architecture block(s) based on fabric io block...
[vpr] Complex block 64: cb.n_n3166, type: clb
[vpr] 	........
[vpr] Passed route at end.
[vpr] Overriding architecture block(s) based on fabric io block...
[vpr] Complex block 65: cb.[6312], type: clb
[vpr] 	.......
[vpr] Passed route at end.
[vpr] Overriding architecture block(s) based on fabric io block...
[vpr] Complex block 66: cb.[1903], type: clb
[vpr] 	.......
[vpr] Passed route at end.
[vpr] Overriding architecture block(s) based on fabric io block...
[vpr] Complex block 67: cb.[1905], type: clb
[vpr] 	.......
[vpr] Passed route at end.
[vpr] Overriding architecture block(s) based on fabric io block...
[vpr] Complex block 68: cb.[1904], type: clb
[vpr] 	.......
[vpr] Passed route at end.
[vpr] Overriding architecture block(s) based on fabric io block...
[vpr] Complex block 69: cb.n_n4359, type: clb
[vpr] 	........
[vpr] Passed route at end.
[vpr] Overriding architecture block(s) based on fabric io block...
[vpr] Complex block 70: cb.n_n4046, type: clb
[vpr] 	.......
[vpr] Passed route at end.
[vpr] Overriding architecture block(s) based on fabric io block...
[vpr] Complex block 71: cb.n_n3579, type: clb
[vpr] 	.......
[vpr] Passed route at end.
[vpr] Overriding architecture block(s) based on fabric io block...
[vpr] Complex block 72: cb.n_n3296, type: clb
[vpr] 	........
[vpr] Passed route at end.
[vpr] Overriding architecture block(s) based on fabric io block...
[vpr] Complex block 73: cb.n_n3680, type: clb
[vpr] 	.......
[vpr] Passed route at end.
[vpr] Overriding architecture block(s) based on fabric io block...
[vpr] Complex block 74: cb.n_n3693, type: clb
[vpr] 	.......
[vpr] Passed route at end.
[vpr] Overriding architecture block(s) based on fabric io block...
[vpr] Complex block 75: cb.n_n3309, type: clb
[vpr] 	.......
[vpr] Passed route at end.
[vpr] Overriding architecture block(s) based on fabric io block...
[vpr] Complex block 76: cb.n_n3500, type: clb
[vpr] 	.......
[vpr] Passed route at end.
[vpr] Overriding architecture block(s) based on fabric io block...
[vpr] Complex block 77: cb.[1633], type: clb
[vpr] 	.......
[vpr] Passed route at end.
[vpr] Overriding architecture block(s) based on fabric io block...
[vpr] Complex block 78: cb.n_n3406, type: clb
[vpr] 	.......
[vpr] Passed route at end.
[vpr] Overriding architecture block(s) based on fabric io block...
[vpr] Complex block 79: cb.[6366], type: clb
[vpr] 	.......
[vpr] Passed route at end.
[vpr] Overriding architecture block(s) based on fabric io block...
[vpr] Complex block 80: cb.n_n3508, type: clb
[vpr] 	.......
[vpr] Passed route at end.
[vpr] Overriding architecture block(s) based on fabric io block...
[vpr] Complex block 81: cb.preset, type: io
[vpr] 	
[vpr] Passed route at end.
[vpr] Overriding architecture block(s) based on fabric io block...
[vpr] Complex block 82: cb.n_n3791, type: clb
[vpr] 	.......
[vpr] Passed route at end.
[vpr] Overriding architecture block(s) based on fabric io block...
[vpr] Complex block 83: cb.[1773], type: clb
[vpr] 	.......
[vpr] Passed route at end.
[vpr] Overriding architecture block(s) based on fabric io block...
[vpr] Complex block 84: cb.[1780], type: clb
[vpr] 	........
[vpr] Passed route at end.
[vpr] Overriding architecture block(s) based on fabric io block...
[vpr] Complex block 85: cb.[1402], type: clb
[vpr] 	........
[vpr] Passed route at end.
[vpr] Overriding architecture block(s) based on fabric io block...
[vpr] Complex block 86: cb.[1173], type: clb
[vpr] 	.......
[vpr] Passed route at end.
[vpr] Overriding architecture block(s) based on fabric io block...
[vpr] Complex block 87: cb.preset_0_0_, type: io
[vpr] 	
[vpr] Passed route at end.
[vpr] Overriding architecture block(s) based on fabric io block...
[vpr] Complex block 88: cb.tin_pready_0_0_, type: io
[vpr] 	
[vpr] Passed route at end.
[vpr] Overriding architecture block(s) based on fabric io block...
[vpr] Complex block 89: cb.n_n4234, type: clb
[vpr] 	.......
[vpr] Passed route at end.
[vpr] Overriding architecture block(s) based on fabric io block...
[vpr] Complex block 90: cb.n_n4300, type: clb
[vpr] 	.......
[vpr] Passed route at end.
[vpr] Overriding architecture block(s) based on fabric io block...
[vpr] Complex block 91: cb.n_n3134, type: clb
[vpr] 	.......
[vpr] Passed route at end.
[vpr] Overriding architecture block(s) based on fabric io block...
[vpr] Complex block 92: cb.n_n3677, type: clb
[vpr] 	.......
[vpr] Passed route at end.
[vpr] Overriding architecture block(s) based on fabric io block...
[vpr] Complex block 93: cb.n_n3068, type: clb
[vpr] 	.......
[vpr] Passed route at end.
[vpr] Overriding architecture block(s) based on fabric io block...
[vpr] Complex block 94: cb.n_n3430, type: clb
[vpr] 	.......
[vpr] Passed route at end.
[vpr] Overriding architecture block(s) based on fabric io block...
[vpr] Complex block 95: cb.n_n3392, type: clb
[vpr] 	.......
[vpr] Passed route at end.
[vpr] Overriding architecture block(s) based on fabric io block...
[vpr] Complex block 96: cb.n_n3732, type: clb
[vpr] 	.......
[vpr] Passed route at end.
[vpr] Overriding architecture block(s) based on fabric io block...
[vpr] Complex block 97: cb.n_n4317, type: clb
[vpr] 	.......
[vpr] Passed route at end.
[vpr] Overriding architecture block(s) based on fabric io block...
[vpr] Complex block 98: cb.n_n3106, type: clb
[vpr] 	........
[vpr] Passed route at end.
[vpr] Overriding architecture block(s) based on fabric io block...
[vpr] Complex block 99: cb.n_n3077, type: clb
[vpr] 	........
[vpr] Passed route at end.
[vpr] Overriding architecture block(s) based on fabric io block...
[vpr] Complex block 100: cb.n_n3343, type: clb
[vpr] 	.......
[vpr] Passed route at end.
[vpr] Overriding architecture block(s) based on fabric io block...
[vpr] Complex block 101: cb.n_n3011, type: clb
[vpr] 	.......
[vpr] Passed route at end.
[vpr] Overriding architecture block(s) based on fabric io block...
[vpr] Complex block 102: cb.n_n3329, type: clb
[vpr] 	.......
[vpr] Passed route at end.
[vpr] Overriding architecture block(s) based on fabric io block...
[vpr] Complex block 103: cb.n_n4307, type: clb
[vpr] 	.......
[vpr] Passed route at end.
[vpr] Overriding architecture block(s) based on fabric io block...
[vpr] Complex block 104: cb.n_n3721, type: clb
[vpr] 	.......
[vpr] Passed route at end.
[vpr] Overriding architecture block(s) based on fabric io block...
[vpr] Complex block 105: cb.n_n3762, type: clb
[vpr] 	.......
[vpr] Passed route at end.
[vpr] Overriding architecture block(s) based on fabric io block...
[vpr] Complex block 106: cb.n_n3096, type: clb
[vpr] 	.......
[vpr] Passed route at end.
[vpr] Overriding architecture block(s) based on fabric io block...
[vpr] Complex block 107: cb.n_n3547, type: clb
[vpr] 	.......
[vpr] Passed route at end.
[vpr] Overriding architecture block(s) based on fabric io block...
[vpr] Complex block 108: cb.n_n3200, type: clb
[vpr] 	.......
[vpr] Passed route at end.
[vpr] Overriding architecture block(s) based on fabric io block...
[vpr] Complex block 109: cb.n_n3727, type: clb
[vpr] 	.......
[vpr] Passed route at end.
[vpr] Overriding architecture block(s) based on fabric io block...
[vpr] Complex block 110: cb.n_n3523, type: clb
[vpr] 	.......
[vpr] Passed route at end.
[vpr] Overriding architecture block(s) based on fabric io block...
[vpr] Complex block 111: cb.n_n4134, type: clb
[vpr] 	.......
[vpr] Passed route at end.
[vpr] Overriding architecture block(s) based on fabric io block...
[vpr] Complex block 112: cb.n_n3088, type: clb
[vpr] 	.......
[vpr] Passed route at end.
[vpr] Overriding architecture block(s) based on fabric io block...
[vpr] Complex block 113: cb.n_n3515, type: clb
[vpr] 	.......
[vpr] Passed route at end.
[vpr] Overriding architecture block(s) based on fabric io block...
[vpr] Complex block 114: cb.n_n3881, type: clb
[vpr] 	.......
[vpr] Passed route at end.
[vpr] Overriding architecture block(s) based on fabric io block...
[vpr] Complex block 115: cb.n_n3711, type: clb
[vpr] 	........
[vpr] Passed route at end.
[vpr] Overriding architecture block(s) based on fabric io block...
[vpr] Complex block 116: cb.n_n3269, type: clb
[vpr] 	.......
[vpr] Passed route at end.
[vpr] Overriding architecture block(s) based on fabric io block...
[vpr] Complex block 117: cb.n_n4370, type: clb
[vpr] 	.......
[vpr] Passed route at end.
[vpr] Overriding architecture block(s) based on fabric io block...
[vpr] Complex block 118: cb.n_n3435, type: clb
[vpr] 	.......
[vpr] Passed route at end.
[vpr] Overriding architecture block(s) based on fabric io block...
[vpr] Complex block 119: cb.n_n3629, type: clb
[vpr] 	.......
[vpr] Passed route at end.
[vpr] Overriding architecture block(s) based on fabric io block...
[vpr] Complex block 120: cb.n_n3402, type: clb
[vpr] 	.......
[vpr] Passed route at end.
[vpr] Overriding architecture block(s) based on fabric io block...
[vpr] Complex block 121: cb.n_n3735, type: clb
[vpr] 	.......
[vpr] Passed route at end.
[vpr] Overriding architecture block(s) based on fabric io block...
[vpr] Complex block 122: cb.n_n3686, type: clb
[vpr] 	.......
[vpr] Passed route at end.
[vpr] Overriding architecture block(s) based on fabric io block...
[vpr] Complex block 123: cb.n_n3983, type: clb
[vpr] 	........
[vpr] Passed route at end.
[vpr] Overriding architecture block(s) based on fabric io block...
[vpr] Complex block 124: cb.n_n3127, type: clb
[vpr] 	.......
[vpr] Passed route at end.
[vpr] Overriding architecture block(s) based on fabric io block...
[vpr] Complex block 125: cb.n_n3904, type: clb
[vpr] 	.......
[vpr] Passed route at end.
[vpr] Overriding architecture block(s) based on fabric io block...
[vpr] Complex block 126: cb.n_n3318, type: clb
[vpr] 	.......
[vpr] Passed route at end.
[vpr] Overriding architecture block(s) based on fabric io block...
[vpr] Complex block 127: cb.n_n3275, type: clb
[vpr] 	.......
[vpr] Passed route at end.
[vpr] Overriding architecture block(s) based on fabric io block...
[vpr] Complex block 128: cb.[1021], type: clb
[vpr] 	.......
[vpr] Passed route at end.
[vpr] Overriding architecture block(s) based on fabric io block...
[vpr] Complex block 129: cb.[1283], type: clb
[vpr] 	.......
[vpr] Passed route at end.
[vpr] Overriding architecture block(s) based on fabric io block...
[vpr] Complex block 130: cb.[6325], type: clb
[vpr] 	.......
[vpr] Passed route at end.
[vpr] Overriding architecture block(s) based on fabric io block...
[vpr] Complex block 131: cb.[2166], type: clb
[vpr] 	.......
[vpr] Passed route at end.
[vpr] Overriding architecture block(s) based on fabric io block...
[vpr] Complex block 132: cb.[2162], type: clb
[vpr] 	.......
[vpr] Passed route at end.
[vpr] Overriding architecture block(s) based on fabric io block...
[vpr] Complex block 133: cb.[1707], type: clb
[vpr] 	.......
[vpr] Passed route at end.
[vpr] Overriding architecture block(s) based on fabric io block...
[vpr] Complex block 134: cb.tin_pv1_6_6_, type: io
[vpr] 	
[vpr] Passed route at end.
[vpr] Overriding architecture block(s) based on fabric io block...
[vpr] Complex block 135: cb.tin_pv2_4_4_, type: io
[vpr] 	
[vpr] Passed route at end.
[vpr] Overriding architecture block(s) based on fabric io block...
[vpr] Complex block 136: cb.tin_pv6_3_3_, type: io
[vpr] 	
[vpr] Passed route at end.
[vpr] Overriding architecture block(s) based on fabric io block...
[vpr] Complex block 137: cb.tin_pv1_3_3_, type: io
[vpr] 	
[vpr] Passed route at end.
[vpr] Overriding architecture block(s) based on fabric io block...
[vpr] Complex block 138: cb.tin_pv11_3_3_, type: io
[vpr] 	
[vpr] Passed route at end.
[vpr] Overriding architecture block(s) based on fabric io block...
[vpr] Complex block 139: cb.tin_pv4_6_6_, type: io
[vpr] 	
[vpr] Passed route at end.
[vpr] Overriding architecture block(s) based on fabric io block...
[vpr] Complex block 140: cb.tin_pv1_2_2_, type: io
[vpr] 	
[vpr] Passed route at end.
[vpr] Overriding architecture block(s) based on fabric io block...
[vpr] Complex block 141: cb.tin_pv6_7_7_, type: io
[vpr] 	
[vpr] Passed route at end.
[vpr] Overriding architecture block(s) based on fabric io block...
[vpr] Complex block 142: cb.tin_pv1_5_5_, type: io
[vpr] 	
[vpr] Passed route at end.
[vpr] Overriding architecture block(s) based on fabric io block...
[vpr] Complex block 143: cb.tin_pv2_3_3_, type: io
[vpr] 	
[vpr] Passed route at end.
[vpr] Overriding architecture block(s) based on fabric io block...
[vpr] Complex block 144: cb.tin_pv10_1_1_, type: io
[vpr] 	
[vpr] Passed route at end.
[vpr] Overriding architecture block(s) based on fabric io block...
[vpr] Complex block 145: cb.tin_pv4_2_2_, type: io
[vpr] 	
[vpr] Passed route at end.
[vpr] Overriding architecture block(s) based on fabric io block...
[vpr] Complex block 146: cb.tin_pv11_5_5_, type: io
[vpr] 	
[vpr] Passed route at end.
[vpr] Overriding architecture block(s) based on fabric io block...
[vpr] Complex block 147: cb.tin_pv6_2_2_, type: io
[vpr] 	
[vpr] Passed route at end.
[vpr] Overriding architecture block(s) based on fabric io block...
[vpr] Complex block 148: cb.tin_pv1_1_1_, type: io
[vpr] 	
[vpr] Passed route at end.
[vpr] Overriding architecture block(s) based on fabric io block...
[vpr] Complex block 149: cb.tin_pv10_5_5_, type: io
[vpr] 	
[vpr] Passed route at end.
[vpr] Overriding architecture block(s) based on fabric io block...
[vpr] Complex block 150: cb.tin_pv4_5_5_, type: io
[vpr] 	
[vpr] Passed route at end.
[vpr] Overriding architecture block(s) based on fabric io block...
[vpr] Complex block 151: cb.tin_pv2_1_1_, type: io
[vpr] 	
[vpr] Passed route at end.
[vpr] Overriding architecture block(s) based on fabric io block...
[vpr] Complex block 152: cb.tin_pv2_7_7_, type: io
[vpr] 	
[vpr] Passed route at end.
[vpr] Overriding architecture block(s) based on fabric io block...
[vpr] Complex block 153: cb.tin_pv1_4_4_, type: io
[vpr] 	
[vpr] Passed route at end.
[vpr] Overriding architecture block(s) based on fabric io block...
[vpr] Complex block 154: cb.tin_pv6_6_6_, type: io
[vpr] 	
[vpr] Passed route at end.
[vpr] Overriding architecture block(s) based on fabric io block...
[vpr] Complex block 155: cb.tin_pv11_6_6_, type: io
[vpr] 	
[vpr] Passed route at end.
[vpr] Overriding architecture block(s) based on fabric io block...
[vpr] Complex block 156: cb.tin_pv2_2_2_, type: io
[vpr] 	
[vpr] Passed route at end.
[vpr] Overriding architecture block(s) based on fabric io block...
[vpr] Complex block 157: cb.tin_pv10_6_6_, type: io
[vpr] 	
[vpr] Passed route at end.
[vpr] Overriding architecture block(s) based on fabric io block...
[vpr] Complex block 158: cb.tin_pv6_0_0_, type: io
[vpr] 	
[vpr] Passed route at end.
[vpr] Overriding architecture block(s) based on fabric io block...
[vpr] Complex block 159: cb.tin_pv4_1_1_, type: io
[vpr] 	
[vpr] Passed route at end.
[vpr] Overriding architecture block(s) based on fabric io block...
[vpr] Complex block 160: cb.tin_pv6_1_1_, type: io
[vpr] 	
[vpr] Passed route at end.
[vpr] Overriding architecture block(s) based on fabric io block...
[vpr] Complex block 161: cb.tin_pv11_7_7_, type: io
[vpr] 	
[vpr] Passed route at end.
[vpr] Overriding architecture block(s) based on fabric io block...
[vpr] Complex block 162: cb.tin_pv10_3_3_, type: io
[vpr] 	
[vpr] Passed route at end.
[vpr] Overriding architecture block(s) based on fabric io block...
[vpr] Complex block 163: cb.tin_pv1_0_0_, type: io
[vpr] 	
[vpr] Passed route at end.
[vpr] Overriding architecture block(s) based on fabric io block...
[vpr] Complex block 164: cb.tin_pv11_0_0_, type: io
[vpr] 	
[vpr] Passed route at end.
[vpr] Overriding architecture block(s) based on fabric io block...
[vpr] Complex block 165: cb.tin_pv11_2_2_, type: io
[vpr] 	
[vpr] Passed route at end.
[vpr] Overriding architecture block(s) based on fabric io block...
[vpr] Complex block 166: cb.tin_pv10_7_7_, type: io
[vpr] 	
[vpr] Passed route at end.
[vpr] Overriding architecture block(s) based on fabric io block...
[vpr] Complex block 167: cb.tin_pv2_6_6_, type: io
[vpr] 	
[vpr] Passed route at end.
[vpr] Overriding architecture block(s) based on fabric io block...
[vpr] Complex block 168: cb.tin_pv10_0_0_, type: io
[vpr] 	
[vpr] Passed route at end.
[vpr] Overriding architecture block(s) based on fabric io block...
[vpr] Complex block 169: cb.tin_pv6_5_5_, type: io
[vpr] 	
[vpr] Passed route at end.
[vpr] Overriding architecture block(s) based on fabric io block...
[vpr] Complex block 170: cb.tin_pv4_0_0_, type: io
[vpr] 	
[vpr] Passed route at end.
[vpr] Overriding architecture block(s) based on fabric io block...
[vpr] Complex block 171: cb.tin_pv1_7_7_, type: io
[vpr] 	
[vpr] Passed route at end.
[vpr] Overriding architecture block(s) based on fabric io block...
[vpr] Complex block 172: cb.tin_pv10_2_2_, type: io
[vpr] 	
[vpr] Passed route at end.
[vpr] Overriding architecture block(s) based on fabric io block...
[vpr] Complex block 173: cb.tin_pv2_5_5_, type: io
[vpr] 	
[vpr] Passed route at end.
[vpr] Overriding architecture block(s) based on fabric io block...
[vpr] Complex block 174: cb.tin_pv4_4_4_, type: io
[vpr] 	
[vpr] Passed route at end.
[vpr] Overriding architecture block(s) based on fabric io block...
[vpr] Complex block 175: cb.tin_pv6_4_4_, type: io
[vpr] 	
[vpr] Passed route at end.
[vpr] Overriding architecture block(s) based on fabric io block...
[vpr] Complex block 176: cb.tin_pv11_4_4_, type: io
[vpr] 	
[vpr] Passed route at end.
[vpr] Overriding architecture block(s) based on fabric io block...
[vpr] Complex block 177: cb.tin_pv10_4_4_, type: io
[vpr] 	
[vpr] Passed route at end.
[vpr] Overriding architecture block(s) based on fabric io block...
[vpr] Complex block 178: cb.tin_pv4_7_7_, type: io
[vpr] 	
[vpr] Passed route at end.
[vpr] Overriding architecture block(s) based on fabric io block...
[vpr] Complex block 179: cb.tin_pv4_3_3_, type: io
[vpr] 	
[vpr] Passed route at end.
[vpr] Overriding architecture block(s) based on fabric io block...
[vpr] Complex block 180: cb.tin_pv2_0_0_, type: io
[vpr] 	
[vpr] Passed route at end.
[vpr] Overriding architecture block(s) based on fabric io block...
[vpr] Complex block 181: cb.tin_pv11_1_1_, type: io
[vpr] 	
[vpr] Passed route at end.
[vpr] Overriding architecture block(s) based on fabric io block...
[vpr] Complex block 182: cb.out:pv14_7_7_, type: io
[vpr] 	
[vpr] Passed route at end.
[vpr] Overriding architecture block(s) based on fabric io block...
[vpr] Complex block 183: cb.out:pv2_5_5_, type: io
[vpr] 	
[vpr] Passed route at end.
[vpr] Overriding architecture block(s) based on fabric io block...
[vpr] Complex block 184: cb.out:pv14_1_1_, type: io
[vpr] 	
[vpr] Passed route at end.
[vpr] Overriding architecture block(s) based on fabric io block...
[vpr] Complex block 185: cb.out:pv6_4_4_, type: io
[vpr] 	
[vpr] Passed route at end.
[vpr] Overriding architecture block(s) based on fabric io block...
[vpr] Complex block 186: cb.out:pv3_3_3_, type: io
[vpr] 	
[vpr] Passed route at end.
[vpr] Overriding architecture block(s) based on fabric io block...
[vpr] Complex block 187: cb.out:pv2_0_0_, type: io
[vpr] 	
[vpr] Passed route at end.
[vpr] Overriding architecture block(s) based on fabric io block...
[vpr] Complex block 188: cb.out:pv7_2_2_, type: io
[vpr] 	
[vpr] Passed route at end.
[vpr] Overriding architecture block(s) based on fabric io block...
[vpr] Complex block 189: cb.out:pv4_7_7_, type: io
[vpr] 	
[vpr] Passed route at end.
[vpr] Overriding architecture block(s) based on fabric io block...
[vpr] Complex block 190: cb.out:pv8_6_6_, type: io
[vpr] 	
[vpr] Passed route at end.
[vpr] Overriding architecture block(s) based on fabric io block...
[vpr] Complex block 191: cb.out:pv1_6_6_, type: io
[vpr] 	
[vpr] Passed route at end.
[vpr] Overriding architecture block(s) based on fabric io block...
[vpr] Complex block 192: cb.out:pv6_7_7_, type: io
[vpr] 	
[vpr] Passed route at end.
[vpr] Overriding architecture block(s) based on fabric io block...
[vpr] Complex block 193: cb.out:pv11_4_4_, type: io
[vpr] 	
[vpr] Passed route at end.
[vpr] Overriding architecture block(s) based on fabric io block...
[vpr] Complex block 194: cb.out:pv5_5_5_, type: io
[vpr] 	
[vpr] Passed route at end.
[vpr] Overriding architecture block(s) based on fabric io block...
[vpr] Complex block 195: cb.out:pv9_4_4_, type: io
[vpr] 	
[vpr] Passed route at end.
[vpr] Overriding architecture block(s) based on fabric io block...
[vpr] Complex block 196: cb.out:pv13_3_3_, type: io
[vpr] 	
[vpr] Passed route at end.
[vpr] Overriding architecture block(s) based on fabric io block...
[vpr] Complex block 197: cb.out:pv2_4_4_, type: io
[vpr] 	
[vpr] Passed route at end.
[vpr] Overriding architecture block(s) based on fabric io block...
[vpr] Complex block 198: cb.out:pv6_3_3_, type: io
[vpr] 	
[vpr] Passed route at end.
[vpr] Overriding architecture block(s) based on fabric io block...
[vpr] Complex block 199: cb.out:pv15_2_2_, type: io
[vpr] 	
[vpr] Passed route at end.
[vpr] Overriding architecture block(s) based on fabric io block...
[vpr] Complex block 200: cb.out:pv3_2_2_, type: io
[vpr] 	
[vpr] Passed route at end.
[vpr] Overriding architecture block(s) based on fabric io block...
[vpr] Complex block 201: cb.out:pv7_1_1_, type: io
[vpr] 	
[vpr] Passed route at end.
[vpr] Overriding architecture block(s) based on fabric io block...
[vpr] Complex block 202: cb.out:pv4_6_6_, type: io
[vpr] 	
[vpr] Passed route at end.
[vpr] Overriding architecture block(s) based on fabric io block...
[vpr] Complex block 203: cb.out:pv8_5_5_, type: io
[vpr] 	
[vpr] Passed route at end.
[vpr] Overriding architecture block(s) based on fabric io block...
[vpr] Complex block 204: cb.out:pv3_6_6_, type: io
[vpr] 	
[vpr] Passed route at end.
[vpr] Overriding architecture block(s) based on fabric io block...
[vpr] Complex block 205: cb.out:pv7_5_5_, type: io
[vpr] 	
[vpr] Passed route at end.
[vpr] Overriding architecture block(s) based on fabric io block...
[vpr] Complex block 206: cb.out:pv1_5_5_, type: io
[vpr] 	
[vpr] Passed route at end.
[vpr] Overriding architecture block(s) based on fabric io block...
[vpr] Complex block 207: cb.out:pv5_4_4_, type: io
[vpr] 	
[vpr] Passed route at end.
[vpr] Overriding architecture block(s) based on fabric io block...
[vpr] Complex block 208: cb.out:pv9_3_3_, type: io
[vpr] 	
[vpr] Passed route at end.
[vpr] Overriding architecture block(s) based on fabric io block...
[vpr] Complex block 209: cb.out:pv2_3_3_, type: io
[vpr] 	
[vpr] Passed route at end.
[vpr] Overriding architecture block(s) based on fabric io block...
[vpr] Complex block 210: cb.out:pv6_2_2_, type: io
[vpr] 	
[vpr] Passed route at end.
[vpr] Overriding architecture block(s) based on fabric io block...
[vpr] Complex block 211: cb.out:pv3_1_1_, type: io
[vpr] 	
[vpr] Passed route at end.
[vpr] Overriding architecture block(s) based on fabric io block...
[vpr] Complex block 212: cb.out:pv7_0_0_, type: io
[vpr] 	
[vpr] Passed route at end.
[vpr] Overriding architecture block(s) based on fabric io block...
[vpr] Complex block 213: cb.out:pv4_5_5_, type: io
[vpr] 	
[vpr] Passed route at end.
[vpr] Overriding architecture block(s) based on fabric io block...
[vpr] Complex block 214: cb.out:pv10_4_4_, type: io
[vpr] 	
[vpr] Passed route at end.
[vpr] Overriding architecture block(s) based on fabric io block...
[vpr] Complex block 215: cb.out:pv8_4_4_, type: io
[vpr] 	
[vpr] Passed route at end.
[vpr] Overriding architecture block(s) based on fabric io block...
[vpr] Complex block 216: cb.out:pv1_4_4_, type: io
[vpr] 	
[vpr] Passed route at end.
[vpr] Overriding architecture block(s) based on fabric io block...
[vpr] Complex block 217: cb.out:pv5_3_3_, type: io
[vpr] 	
[vpr] Passed route at end.
[vpr] Overriding architecture block(s) based on fabric io block...
[vpr] Complex block 218: cb.out:pv9_2_2_, type: io
[vpr] 	
[vpr] Passed route at end.
[vpr] Overriding architecture block(s) based on fabric io block...
[vpr] Complex block 219: cb.out:pv2_2_2_, type: io
[vpr] 	
[vpr] Passed route at end.
[vpr] Overriding architecture block(s) based on fabric io block...
[vpr] Complex block 220: cb.out:pv6_1_1_, type: io
[vpr] 	
[vpr] Passed route at end.
[vpr] Overriding architecture block(s) based on fabric io block...
[vpr] Complex block 221: cb.out:pv11_0_0_, type: io
[vpr] 	
[vpr] Passed route at end.
[vpr] Overriding architecture block(s) based on fabric io block...
[vpr] Complex block 222: cb.out:pv3_0_0_, type: io
[vpr] 	
[vpr] Passed route at end.
[vpr] Overriding architecture block(s) based on fabric io block...
[vpr] Complex block 223: cb.out:pv12_3_3_, type: io
[vpr] 	
[vpr] Passed route at end.
[vpr] Overriding architecture block(s) based on fabric io block...
[vpr] Complex block 224: cb.out:pv14_2_2_, type: io
[vpr] 	
[vpr] Passed route at end.
[vpr] Overriding architecture block(s) based on fabric io block...
[vpr] Complex block 225: cb.out:pv7_7_7_, type: io
[vpr] 	
[vpr] Passed route at end.
[vpr] Overriding architecture block(s) based on fabric io block...
[vpr] Complex block 226: cb.out:pv10_0_0_, type: io
[vpr] 	
[vpr] Passed route at end.
[vpr] Overriding architecture block(s) based on fabric io block...
[vpr] Complex block 227: cb.out:pready_0_0_, type: io
[vpr] 	
[vpr] Passed route at end.
[vpr] Overriding architecture block(s) based on fabric io block...
[vpr] Complex block 228: cb.out:pv4_4_4_, type: io
[vpr] 	
[vpr] Passed route at end.
[vpr] Overriding architecture block(s) based on fabric io block...
[vpr] Complex block 229: cb.out:pv8_3_3_, type: io
[vpr] 	
[vpr] Passed route at end.
[vpr] Overriding architecture block(s) based on fabric io block...
[vpr] Complex block 230: cb.out:pv11_1_1_, type: io
[vpr] 	
[vpr] Passed route at end.
[vpr] Overriding architecture block(s) based on fabric io block...
[vpr] Complex block 231: cb.out:pv13_0_0_, type: io
[vpr] 	
[vpr] Passed route at end.
[vpr] Overriding architecture block(s) based on fabric io block...
[vpr] Complex block 232: cb.out:pv1_3_3_, type: io
[vpr] 	
[vpr] Passed route at end.
[vpr] Overriding architecture block(s) based on fabric io block...
[vpr] Complex block 233: cb.out:pv4_2_2_, type: io
[vpr] 	
[vpr] Passed route at end.
[vpr] Overriding architecture block(s) based on fabric io block...
[vpr] Complex block 234: cb.out:pv5_2_2_, type: io
[vpr] 	
[vpr] Passed route at end.
[vpr] Overriding architecture block(s) based on fabric io block...
[vpr] Complex block 235: cb.out:pv8_1_1_, type: io
[vpr] 	
[vpr] Passed route at end.
[vpr] Overriding architecture block(s) based on fabric io block...
[vpr] Complex block 236: cb.out:pv11_5_5_, type: io
[vpr] 	
[vpr] Passed route at end.
[vpr] Overriding architecture block(s) based on fabric io block...
[vpr] Complex block 237: cb.out:pv9_1_1_, type: io
[vpr] 	
[vpr] Passed route at end.
[vpr] Overriding architecture block(s) based on fabric io block...
[vpr] Complex block 238: cb.out:pv13_4_4_, type: io
[vpr] 	
[vpr] Passed route at end.
[vpr] Overriding architecture block(s) based on fabric io block...
[vpr] Complex block 239: cb.out:pv15_3_3_, type: io
[vpr] 	
[vpr] Passed route at end.
[vpr] Overriding architecture block(s) based on fabric io block...
[vpr] Complex block 240: cb.out:pv1_1_1_, type: io
[vpr] 	
[vpr] Passed route at end.
[vpr] Overriding architecture block(s) based on fabric io block...
[vpr] Complex block 241: cb.out:pv12_0_0_, type: io
[vpr] 	
[vpr] Passed route at end.
[vpr] Overriding architecture block(s) based on fabric io block...
[vpr] Complex block 242: cb.out:pv5_0_0_, type: io
[vpr] 	
[vpr] Passed route at end.
[vpr] Overriding architecture block(s) based on fabric io block...
[vpr] Complex block 243: cb.out:pv10_1_1_, type: io
[vpr] 	
[vpr] Passed route at end.
[vpr] Overriding architecture block(s) based on fabric io block...
[vpr] Complex block 244: cb.out:pv9_7_7_, type: io
[vpr] 	
[vpr] Passed route at end.
[vpr] Overriding architecture block(s) based on fabric io block...
[vpr] Complex block 245: cb.out:pv10_5_5_, type: io
[vpr] 	
[vpr] Passed route at end.
[vpr] Overriding architecture block(s) based on fabric io block...
[vpr] Complex block 246: cb.out:pv12_4_4_, type: io
[vpr] 	
[vpr] Passed route at end.
[vpr] Overriding architecture block(s) based on fabric io block...
[vpr] Complex block 247: cb.out:pv14_3_3_, type: io
[vpr] 	
[vpr] Passed route at end.
[vpr] Overriding architecture block(s) based on fabric io block...
[vpr] Complex block 248: cb.out:pv2_1_1_, type: io
[vpr] 	
[vpr] Passed route at end.
[vpr] Overriding architecture block(s) based on fabric io block...
[vpr] Complex block 249: cb.out:pv2_7_7_, type: io
[vpr] 	
[vpr] Passed route at end.
[vpr] Overriding architecture block(s) based on fabric io block...
[vpr] Complex block 250: cb.out:pv6_6_6_, type: io
[vpr] 	
[vpr] Passed route at end.
[vpr] Overriding architecture block(s) based on fabric io block...
[vpr] Complex block 251: cb.out:pv13_1_1_, type: io
[vpr] 	
[vpr] Passed route at end.
[vpr] Overriding architecture block(s) based on fabric io block...
[vpr] Complex block 252: cb.out:pv11_2_2_, type: io
[vpr] 	
[vpr] Passed route at end.
[vpr] Overriding architecture block(s) based on fabric io block...
[vpr] Complex block 253: cb.out:pv11_6_6_, type: io
[vpr] 	
[vpr] Passed route at end.
[vpr] Overriding architecture block(s) based on fabric io block...
[vpr] Complex block 254: cb.out:pv13_5_5_, type: io
[vpr] 	
[vpr] Passed route at end.
[vpr] Overriding architecture block(s) based on fabric io block...
[vpr] Complex block 255: cb.out:pv6_0_0_, type: io
[vpr] 	
[vpr] Passed route at end.
[vpr] Overriding architecture block(s) based on fabric io block...
[vpr] Complex block 256: cb.out:pv15_4_4_, type: io
[vpr] 	
[vpr] Passed route at end.
[vpr] Overriding architecture block(s) based on fabric io block...
[vpr] Complex block 257: cb.out:pv3_5_5_, type: io
[vpr] 	
[vpr] Passed route at end.
[vpr] Overriding architecture block(s) based on fabric io block...
[vpr] Complex block 258: cb.out:pv15_0_0_, type: io
[vpr] 	
[vpr] Passed route at end.
[vpr] Overriding architecture block(s) based on fabric io block...
[vpr] Complex block 259: cb.out:pv7_4_4_, type: io
[vpr] 	
[vpr] Passed route at end.
[vpr] Overriding architecture block(s) based on fabric io block...
[vpr] Complex block 260: cb.out:pv10_6_6_, type: io
[vpr] 	
[vpr] Passed route at end.
[vpr] Overriding architecture block(s) based on fabric io block...
[vpr] Complex block 261: cb.out:pv3_7_7_, type: io
[vpr] 	
[vpr] Passed route at end.
[vpr] Overriding architecture block(s) based on fabric io block...
[vpr] Complex block 262: cb.out:pv12_5_5_, type: io
[vpr] 	
[vpr] Passed route at end.
[vpr] Overriding architecture block(s) based on fabric io block...
[vpr] Complex block 263: cb.out:pv14_4_4_, type: io
[vpr] 	
[vpr] Passed route at end.
[vpr] Overriding architecture block(s) based on fabric io block...
[vpr] Complex block 264: cb.out:pv4_1_1_, type: io
[vpr] 	
[vpr] Passed route at end.
[vpr] Overriding architecture block(s) based on fabric io block...
[vpr] Complex block 265: cb.out:pv10_2_2_, type: io
[vpr] 	
[vpr] Passed route at end.
[vpr] Overriding architecture block(s) based on fabric io block...
[vpr] Complex block 266: cb.out:pv8_0_0_, type: io
[vpr] 	
[vpr] Passed route at end.
[vpr] Overriding architecture block(s) based on fabric io block...
[vpr] Complex block 267: cb.out:pv7_6_6_, type: io
[vpr] 	
[vpr] Passed route at end.
[vpr] Overriding architecture block(s) based on fabric io block...
[vpr] Complex block 268: cb.out:pv11_7_7_, type: io
[vpr] 	
[vpr] Passed route at end.
[vpr] Overriding architecture block(s) based on fabric io block...
[vpr] Complex block 269: cb.out:pv13_6_6_, type: io
[vpr] 	
[vpr] Passed route at end.
[vpr] Overriding architecture block(s) based on fabric io block...
[vpr] Complex block 270: cb.out:pv12_1_1_, type: io
[vpr] 	
[vpr] Passed route at end.
[vpr] Overriding architecture block(s) based on fabric io block...
[vpr] Complex block 271: cb.out:pv15_5_5_, type: io
[vpr] 	
[vpr] Passed route at end.
[vpr] Overriding architecture block(s) based on fabric io block...
[vpr] Complex block 272: cb.out:pv1_0_0_, type: io
[vpr] 	
[vpr] Passed route at end.
[vpr] Overriding architecture block(s) based on fabric io block...
[vpr] Complex block 273: cb.out:pv14_0_0_, type: io
[vpr] 	
[vpr] Passed route at end.
[vpr] Overriding architecture block(s) based on fabric io block...
[vpr] Complex block 274: cb.out:pv5_7_7_, type: io
[vpr] 	
[vpr] Passed route at end.
[vpr] Overriding architecture block(s) based on fabric io block...
[vpr] Complex block 275: cb.out:pv9_6_6_, type: io
[vpr] 	
[vpr] Passed route at end.
[vpr] Overriding architecture block(s) based on fabric io block...
[vpr] Complex block 276: cb.out:pv8_2_2_, type: io
[vpr] 	
[vpr] Passed route at end.
[vpr] Overriding architecture block(s) based on fabric io block...
[vpr] Complex block 277: cb.out:pv12_6_6_, type: io
[vpr] 	
[vpr] Passed route at end.
[vpr] Overriding architecture block(s) based on fabric io block...
[vpr] Complex block 278: cb.out:pv10_7_7_, type: io
[vpr] 	
[vpr] Passed route at end.
[vpr] Overriding architecture block(s) based on fabric io block...
[vpr] Complex block 279: cb.out:pv4_3_3_, type: io
[vpr] 	
[vpr] Passed route at end.
[vpr] Overriding architecture block(s) based on fabric io block...
[vpr] Complex block 280: cb.out:pv14_5_5_, type: io
[vpr] 	
[vpr] Passed route at end.
[vpr] Overriding architecture block(s) based on fabric io block...
[vpr] Complex block 281: cb.out:pv11_3_3_, type: io
[vpr] 	
[vpr] Passed route at end.
[vpr] Overriding architecture block(s) based on fabric io block...
[vpr] Complex block 282: cb.out:pv13_2_2_, type: io
[vpr] 	
[vpr] Passed route at end.
[vpr] Overriding architecture block(s) based on fabric io block...
[vpr] Complex block 283: cb.out:pv12_2_2_, type: io
[vpr] 	
[vpr] Passed route at end.
[vpr] Overriding architecture block(s) based on fabric io block...
[vpr] Complex block 284: cb.out:pv2_6_6_, type: io
[vpr] 	
[vpr] Passed route at end.
[vpr] Overriding architecture block(s) based on fabric io block...
[vpr] Complex block 285: cb.out:pv10_3_3_, type: io
[vpr] 	
[vpr] Passed route at end.
[vpr] Overriding architecture block(s) based on fabric io block...
[vpr] Complex block 286: cb.out:pv1_2_2_, type: io
[vpr] 	
[vpr] Passed route at end.
[vpr] Overriding architecture block(s) based on fabric io block...
[vpr] Complex block 287: cb.out:pv6_5_5_, type: io
[vpr] 	
[vpr] Passed route at end.
[vpr] Overriding architecture block(s) based on fabric io block...
[vpr] Complex block 288: cb.out:pv9_0_0_, type: io
[vpr] 	
[vpr] Passed route at end.
[vpr] Overriding architecture block(s) based on fabric io block...
[vpr] Complex block 289: cb.out:pv13_7_7_, type: io
[vpr] 	
[vpr] Passed route at end.
[vpr] Overriding architecture block(s) based on fabric io block...
[vpr] Complex block 290: cb.out:pv15_6_6_, type: io
[vpr] 	
[vpr] Passed route at end.
[vpr] Overriding architecture block(s) based on fabric io block...
[vpr] Complex block 291: cb.out:pv3_4_4_, type: io
[vpr] 	
[vpr] Passed route at end.
[vpr] Overriding architecture block(s) based on fabric io block...
[vpr] Complex block 292: cb.out:pv7_3_3_, type: io
[vpr] 	
[vpr] Passed route at end.
[vpr] Overriding architecture block(s) based on fabric io block...
[vpr] Complex block 293: cb.out:pv15_1_1_, type: io
[vpr] 	
[vpr] Passed route at end.
[vpr] Overriding architecture block(s) based on fabric io block...
[vpr] Complex block 294: cb.out:pv12_7_7_, type: io
[vpr] 	
[vpr] Passed route at end.
[vpr] Overriding architecture block(s) based on fabric io block...
[vpr] Complex block 295: cb.out:pv14_6_6_, type: io
[vpr] 	
[vpr] Passed route at end.
[vpr] Overriding architecture block(s) based on fabric io block...
[vpr] Complex block 296: cb.out:pv4_0_0_, type: io
[vpr] 	
[vpr] Passed route at end.
[vpr] Overriding architecture block(s) based on fabric io block...
[vpr] Complex block 297: cb.out:pv8_7_7_, type: io
[vpr] 	
[vpr] Passed route at end.
[vpr] Overriding architecture block(s) based on fabric io block...
[vpr] Complex block 298: cb.out:pv15_7_7_, type: io
[vpr] 	
[vpr] Passed route at end.
[vpr] Overriding architecture block(s) based on fabric io block...
[vpr] Complex block 299: cb.out:pv1_7_7_, type: io
[vpr] 	
[vpr] Passed route at end.
[vpr] Overriding architecture block(s) based on fabric io block...
[vpr] Complex block 300: cb.out:pv5_6_6_, type: io
[vpr] 	
[vpr] Passed route at end.
[vpr] Overriding architecture block(s) based on fabric io block...
[vpr] Complex block 301: cb.out:pv9_5_5_, type: io
[vpr] 	
[vpr] Passed route at end.
[vpr] Overriding architecture block(s) based on fabric io block...
[vpr] Complex block 302: cb.out:pv5_1_1_, type: io
[vpr] 	
[vpr] Passed route at end.
[vpr] Overriding architecture block(s) based on fabric io block...
[vpr] Complex block 303: cb.pv14_3_3_, type: clb
[vpr] 	
[vpr] Passed route at end.
[vpr] Overriding architecture block(s) based on fabric io block...
[vpr] Complex block 304: cb.out:pdn, type: io
[vpr] 	
[vpr] Passed route at end.
[vpr] Overriding architecture block(s) based on fabric io block...
[vpr] Complex block 305: cb.pclk, type: io
[vpr] 	
[vpr] Passed route at end.
[vpr] 	<EMPTY>: # blocks: 0, average # input + clock pins used: 0, average # output pins used: 0
[vpr] 	io: # blocks: 174, average # input + clock pins used: 0.701149, average # output pins used: 0.298851
[vpr] 	clb: # blocks: 132, average # input + clock pins used: 12.1364, average # output pins used: 4.20455
[vpr] Absorbed logical nets 876 out of 1483 nets, 607 nets not absorbed.
[vpr] 
[vpr] Netlist conversion complete.
[vpr] 
[vpr] Packing completed.
[vpr] Begin parsing packed FPGA netlist file.
[vpr] Finished parsing packed FPGA netlist file.
[vpr] Netlist generated from file 'vpr_tseng_fabric_ios.vpr.net'.
[vpr] 
[vpr] Netlist num_nets: 607
[vpr] Netlist num_blocks: 306
[vpr] Netlist <EMPTY> blocks: 0.
[vpr] Netlist clb blocks: 132.
[vpr] Netlist inputs pins: 52
[vpr] Netlist output pins: 122
[vpr] 
[vpr] Overriding architecture block(s) based on fabric io block...
[vpr] The circuit will be mapped into a 18 x 18 array of clbs.
[vpr] 
[vpr] Resource usage...
[vpr] 	Netlist      0	blocks of type: <EMPTY>
[vpr] 	Architecture 40	blocks of type: <EMPTY>
[vpr] 	Netlist      174	blocks of type: io
[vpr] 	Architecture 448	blocks of type: io
[vpr] 	Netlist      132	blocks of type: clb
[vpr] 	Architecture 304	blocks of type: clb
[vpr] 
[vpr] 
[vpr] There are 1603 point to point connections in this circuit.
[vpr] 
[vpr] Initial placement cost: 0.984931 bb_cost: 125.902 td_cost: 1.98863e-07 delay_cost: 5.64813e-07
[vpr] 
[vpr] ------- ------- ---------- ---------- ---------- ---------- ------- ------- ------- ------- ------ --------- ------
[vpr]       T    Cost Av BB Cost Av TD Cost Av Tot Del P to P Del   d_max Ac Rate Std Dev R limit    Exp Tot Moves  Alpha
[vpr] ------- ------- ---------- ---------- ---------- ---------- ------- ------- ------- ------- ------ --------- ------
[vpr] 0.22055 0.98408   123.3305 1.9491e-07 5.6418e-07 3.5235e-10  8.0295  0.9961  0.0135 19.0000  1.000      2061  0.500
[vpr] 0.11028 0.98833   124.3165 1.9069e-07 5.6363e-07 3.5674e-10  8.3029  0.9971  0.0171 19.0000  1.000      4122  0.500
[vpr] 0.05514 0.95687   123.6503 1.9234e-07 5.6648e-07 3.6135e-10  8.2339  0.9918  0.0160 19.0000  1.000      6183  0.500
[vpr] 0.02757 0.99885   122.6729 1.8758e-07 5.6504e-07 3.4522e-10  8.3029  0.9772  0.0154 19.0000  1.000      8244  0.500
[vpr] 0.01378 0.98925   121.2826 1.876e-07  5.5499e-07 3.4975e-10  8.0978  0.9636  0.0130 19.0000  1.000     10305  0.500
[vpr] 0.00689 0.95565   116.7508 1.735e-07  5.4075e-07 3.4544e-10  8.4397  0.9107  0.0186 19.0000  1.000     12366  0.900
[vpr] 0.00620 1.01235   118.3531 1.8831e-07 5.423e-07  3.3268e-10  7.6876  0.9170  0.0135 19.0000  1.000     14427  0.900
[vpr] 0.00558 0.98629   115.3347 1.7063e-07 5.2843e-07 3.3021e-10  8.3029  0.8782  0.0166 19.0000  1.000     16488  0.900
[vpr] 0.00502 0.98021   114.9672 1.806e-07  5.2892e-07 3.3175e-10  7.6876  0.8782  0.0262 19.0000  1.000     18549  0.900
[vpr] 0.00452 0.98495   111.3401 1.7706e-07 5.2297e-07 3.2786e-10  7.8244  0.8574  0.0212 19.0000  1.000     20610  0.900
[vpr] 0.00407 0.98505   112.0838 1.7023e-07 5.2172e-07 3.2684e-10  8.1662  0.8544  0.0160 19.0000  1.000     22671  0.900
[vpr] 0.00366 0.95696   104.8945 1.7208e-07 4.981e-07  3.1972e-10  7.3458  0.8030  0.0228 19.0000  1.000     24732  0.900
[vpr] 0.00330 0.98944   106.3293 1.7241e-07 5.0179e-07 3.169e-10   7.5509  0.8132  0.0184 19.0000  1.000     26793  0.900
[vpr] 0.00297 1.00472   107.8604 1.7013e-07 5.0147e-07 3.1016e-10  7.4825  0.8001  0.0211 19.0000  1.000     28854  0.900
[vpr] 0.00267 0.97170   105.7614 1.628e-07  4.9474e-07 3.085e-10   7.8134  0.7846  0.0140 19.0000  1.000     30915  0.950
[vpr] 0.00254 0.99701   102.3497 1.6918e-07 4.8925e-07 3.03e-10    7.1297  0.7530  0.0189 19.0000  1.000     32976  0.950
[vpr] 0.00241 0.98312   102.9066 1.7065e-07 4.9411e-07 3.0914e-10  7.2090  0.7564  0.0147 19.0000  1.000     35037  0.950
[vpr] 0.00229 0.98016   103.2529 1.671e-07  4.9433e-07 3.1242e-10  7.4825  0.7249  0.0103 19.0000  1.000     37098  0.950
[vpr] 0.00217 0.97914   100.6033 1.5996e-07 4.8866e-07 3.0829e-10  7.7560  0.7142  0.0195 19.0000  1.000     39159  0.950
[vpr] 0.00207 0.98897    96.3201 1.5158e-07 4.7391e-07 2.9268e-10  7.7560  0.7055  0.0130 19.0000  1.000     41220  0.950
[vpr] 0.00196 0.97456    94.6078 1.5696e-07 4.6953e-07 2.9524e-10  7.3458  0.6827  0.0160 19.0000  1.000     43281  0.950
[vpr] 0.00186 0.99481    96.6911 1.5956e-07 4.7661e-07 2.9818e-10  7.3458  0.6822  0.0162 19.0000  1.000     45342  0.950
[vpr] 0.00177 1.00524    96.5708 1.6185e-07 4.75e-07   2.96e-10    7.1407  0.6579  0.0104 19.0000  1.000     47403  0.950
[vpr] 0.00168 0.97238    91.0445 1.5375e-07 4.5674e-07 2.8888e-10  7.1407  0.6536  0.0241 19.0000  1.000     49464  0.950
[vpr] 0.00160 0.98654    89.4871 1.5329e-07 4.5172e-07 2.8265e-10  7.0039  0.6419  0.0068 19.0000  1.000     51525  0.950
[vpr] 0.00152 0.99118    88.3541 1.5175e-07 4.4807e-07 2.812e-10   7.0723  0.6371  0.0074 19.0000  1.000     53586  0.950
[vpr] 0.00144 0.99660    89.0749 1.5262e-07 4.4877e-07 2.8022e-10  7.0039  0.6104  0.0083 19.0000  1.000     55647  0.950
[vpr] 0.00137 1.00760    88.2380 1.4934e-07 4.4661e-07 2.7528e-10  7.1407  0.6099  0.0116 19.0000  1.000     57708  0.950
[vpr] 0.00130 0.98549    84.8662 1.5216e-07 4.4131e-07 2.786e-10   6.8672  0.5852  0.0107 19.0000  1.000     59769  0.950
[vpr] 0.00124 0.99264    83.9347 1.4964e-07 4.4018e-07 2.7506e-10  6.9356  0.5788  0.0067 19.0000  1.000     61830  0.950
[vpr] 0.00118 0.99253    82.0393 1.4449e-07 4.3028e-07 2.6901e-10  7.0039  0.5740  0.0151 19.0000  1.000     63891  0.950
[vpr] 0.00112 0.98492    79.4236 1.3996e-07 4.2622e-07 2.6858e-10  7.0723  0.5371  0.0085 19.0000  1.000     65952  0.950
[vpr] 0.00106 0.98635    79.0196 1.4161e-07 4.2255e-07 2.647e-10   6.8672  0.5235  0.0059 19.0000  1.000     68013  0.950
[vpr] 0.00101 0.98009    78.3631 1.4464e-07 4.1932e-07 2.6512e-10  6.7304  0.5143  0.0097 19.0000  1.000     70074  0.950
[vpr] 0.00096 1.00119    76.9911 1.4038e-07 4.1623e-07 2.5903e-10  6.8672  0.4944  0.0050 19.0000  1.000     72135  0.950
[vpr] 0.00091 0.99280    76.2874 1.4277e-07 4.196e-07  2.6239e-10  6.7304  0.4833  0.0052 19.0000  1.000     74196  0.950
[vpr] 0.00086 0.98896    76.1406 1.4339e-07 4.1674e-07 2.624e-10   6.6621  0.4871  0.0063 19.0000  1.000     76257  0.950
[vpr] 0.00082 0.97400    74.2670 1.4371e-07 4.1348e-07 2.6154e-10  6.5253  0.4488  0.0127 19.0000  1.000     78318  0.950
[vpr] 0.00078 1.00435    74.0835 1.4044e-07 4.0842e-07 2.5578e-10  6.5937  0.4459  0.0068 19.0000  1.000     80379  0.950
[vpr] 0.00074 0.98305    73.3362 1.397e-07  4.0476e-07 2.5433e-10  6.5937  0.4546  0.0090 19.0000  1.000     82440  0.950
[vpr] 0.00070 0.99964    71.3208 1.4034e-07 3.9816e-07 2.4883e-10  6.4570  0.4158  0.0059 19.0000  1.000     84501  0.950
[vpr] 0.00067 0.99785    70.2376 1.1876e-07 3.9811e-07 2.4811e-10  6.5253  0.4464  0.0063 18.5405  1.179     86562  0.950
[vpr] 0.00064 0.98655    68.6804 1.2021e-07 3.9336e-07 2.4836e-10  6.6621  0.4221  0.0051 18.6589  1.133     88623  0.950
[vpr] 0.00060 0.98730    66.9322 1.0829e-07 3.8895e-07 2.4273e-10  6.5253  0.4013  0.0056 18.3254  1.262     90684  0.950
[vpr] 0.00057 1.00495    66.3736 8.8147e-08 3.8989e-07 2.4226e-10  6.5253  0.3794  0.0040 17.6155  1.538     92745  0.950
[vpr] 0.00054 0.99852    66.1732 6.8373e-08 3.8956e-07 2.4333e-10  6.5253  0.4037  0.0056 16.5485  1.953     94806  0.950
[vpr] 0.00052 1.00276    66.1513 6.0277e-08 3.885e-07  2.4286e-10  6.5253  0.4027  0.0042 15.9476  2.187     96867  0.950
[vpr] 0.00049 0.99299    65.5459 5.3678e-08 3.8668e-07 2.4214e-10  6.5253  0.3683  0.0068 15.3530  2.418     98928  0.950
[vpr] 0.00047 0.99904    64.7022 4.4786e-08 3.868e-07  2.4013e-10  6.5253  0.3455  0.0019 14.2517  2.847    100989  0.950
[vpr] 0.00044 0.99311    64.4265 3.8195e-08 3.933e-07  2.4286e-10  6.4570  0.3668  0.0051 12.9044  3.371    103050  0.950
[vpr] 0.00042 1.00206    63.9813 3.4187e-08 3.906e-07  2.3996e-10  6.4570  0.3634  0.0028 11.9599  3.738    105111  0.950
[vpr] 0.00040 0.99855    64.3654 3.137e-08  3.9344e-07 2.4346e-10  6.4570  0.3760  0.0019 11.0440  4.094    107172  0.950
[vpr] 0.00038 0.99841    63.8177 2.9572e-08 4.0386e-07 2.458e-10   6.4570  0.3503  0.0030 10.3375  4.369    109233  0.950
[vpr] 0.00036 0.99306    62.8533 2.9566e-08 4.0369e-07 2.5378e-10  6.3202  0.3513  0.0024  9.4104  4.729    111294  0.950
[vpr] 0.00034 0.99656    61.8244 2.8059e-08 3.9357e-07 2.525e-10   6.3202  0.3668  0.0030  8.5756  5.054    113355  0.950
[vpr] 0.00033 0.99131    60.2984 2.6837e-08 3.9456e-07 2.4252e-10  6.3202  0.3464  0.0060  7.9479  5.298    115416  0.950
[vpr] 0.00031 0.99908    59.8664 2.5272e-08 3.9048e-07 2.3881e-10  6.3202  0.3362  0.0021  7.2043  5.587    117477  0.950
[vpr] 0.00029 0.99028    58.9931 2.3799e-08 3.8427e-07 2.3898e-10  6.3202  0.3649  0.0047  6.4568  5.878    119538  0.950
[vpr] 0.00028 0.99594    58.2541 2.2684e-08 3.8306e-07 2.3992e-10  6.3202  0.3736  0.0022  5.9717  6.067    121599  0.950
[vpr] 0.00027 0.99644    57.6302 2.1987e-08 3.8249e-07 2.38e-10    6.3202  0.3760  0.0016  5.5752  6.221    123660  0.950
[vpr] 0.00025 0.99479    56.9424 2.1866e-08 3.7858e-07 2.3779e-10  6.3202  0.3503  0.0028  5.2186  6.359    125721  0.950
[vpr] 0.00024 1.00091    57.1656 2.0473e-08 3.7987e-07 2.357e-10   6.3886  0.4076  0.0025  4.7506  6.541    127782  0.950
[vpr] 0.00023 0.99738    56.0464 1.9932e-08 3.7846e-07 2.3715e-10  6.3886  0.3712  0.0022  4.5965  6.601    129843  0.950
[vpr] 0.00022 0.99919    55.7966 1.9491e-08 3.778e-07  2.339e-10   6.3886  0.3523  0.0015  4.2802  6.724    131904  0.950
[vpr] 0.00021 0.99588    55.4309 1.8872e-08 3.7852e-07 2.3668e-10  6.3886  0.4008  0.0031  3.9046  6.870    133965  0.950
[vpr] 0.00020 0.99910    54.8774 1.8708e-08 3.7724e-07 2.3599e-10  6.3886  0.3586  0.0012  3.7514  6.930    136026  0.950
[vpr] 0.00019 0.99771    54.7142 1.9852e-08 3.7719e-07 2.3506e-10  6.3202  0.3459  0.0013  3.4459  7.049    138087  0.950
[vpr] 0.00018 0.99711    54.7037 1.947e-08  3.7813e-07 2.3591e-10  6.3202  0.3353  0.0014  3.1218  7.175    140148  0.950
[vpr] 0.00017 0.99913    54.5472 1.9004e-08 3.7673e-07 2.345e-10   6.3202  0.3984  0.0011  2.7949  7.302    142209  0.950
[vpr] 0.00016 0.99656    54.2491 1.8816e-08 3.7616e-07 2.3527e-10  6.3202  0.4013  0.0015  2.6785  7.347    144270  0.950
[vpr] 0.00015 0.99656    53.7806 1.6545e-08 3.7634e-07 2.345e-10   6.4570  0.3794  0.0017  2.5747  7.388    146331  0.950
[vpr] 0.00014 0.99933    53.6436 1.8613e-08 3.7601e-07 2.3395e-10  6.3202  0.3765  0.0008  2.4188  7.448    148392  0.950
[vpr] 0.00014 0.99650    53.4231 1.8463e-08 3.7465e-07 2.3493e-10  6.3202  0.3765  0.0018  2.2652  7.508    150453  0.950
[vpr] 0.00013 0.99880    53.2127 1.8261e-08 3.7387e-07 2.3352e-10  6.3202  0.3401  0.0020  2.1214  7.564    152514  0.950
[vpr] 0.00012 0.99869    52.8397 1.8107e-08 3.7474e-07 2.3318e-10  6.3202  0.4173  0.0009  1.9095  7.646    154575  0.950
[vpr] 0.00012 0.99973    52.6848 1.8089e-08 3.749e-07  2.3344e-10  6.3202  0.4090  0.0005  1.8661  7.663    156636  0.950
[vpr] 0.00011 0.99849    52.4757 1.8033e-08 3.7362e-07 2.3386e-10  6.3202  0.3692  0.0008  1.8083  7.686    158697  0.950
[vpr] 0.00011 0.99886    52.2602 1.7953e-08 3.7375e-07 2.3228e-10  6.3202  0.3896  0.0010  1.6804  7.735    160758  0.950
[vpr] 0.00010 1.00116    52.3284 1.7872e-08 3.7468e-07 2.3356e-10  6.3202  0.3639  0.0007  1.5957  7.768    162819  0.950
[vpr] 0.00010 0.99801    52.3738 1.7782e-08 3.7485e-07 2.3489e-10  6.3202  0.3523  0.0011  1.4743  7.816    164880  0.950
[vpr] 0.00009 0.99874    52.0633 1.7714e-08 3.74e-07   2.3382e-10  6.3202  0.3362  0.0009  1.3449  7.866    166941  0.950
[vpr] 0.00009 1.00109    52.2045 1.759e-08  3.7342e-07 2.328e-10   6.3202  0.3493  0.0008  1.2054  7.920    169002  0.950
[vpr] 0.00008 0.99895    52.1729 1.7532e-08 3.7285e-07 2.3297e-10  6.3202  0.3231  0.0008  1.0961  7.963    171063  0.950
[vpr] 0.00008 0.99958    52.1335 1.7457e-08 3.7296e-07 2.3181e-10  6.3202  0.3193  0.0008  1.0000  8.000    173124  0.950
[vpr] 0.00007 0.99831    51.8125 1.749e-08  3.7446e-07 2.3322e-10  6.3202  0.2746  0.0011  1.0000  8.000    175185  0.950
[vpr] 0.00007 1.00026    51.6468 1.7484e-08 3.7459e-07 2.345e-10   6.3202  0.2960  0.0006  1.0000  8.000    177246  0.950
[vpr] 0.00007 0.99893    51.5861 1.7465e-08 3.7347e-07 2.339e-10   6.3202  0.2479  0.0005  1.0000  8.000    179307  0.950
[vpr] 0.00006 0.99824    51.2890 1.746e-08  3.7315e-07 2.3258e-10  6.3202  0.2567  0.0006  1.0000  8.000    181368  0.950
[vpr] 0.00006 1.00085    51.2677 1.7482e-08 3.7411e-07 2.3301e-10  6.3202  0.2523  0.0008  1.0000  8.000    183429  0.950
[vpr] 0.00006 0.99888    51.2841 1.7505e-08 3.7338e-07 2.3322e-10  6.3202  0.2261  0.0005  1.0000  8.000    185490  0.950
[vpr] 0.00005 0.99895    51.1220 1.7506e-08 3.732e-07  2.325e-10   6.3202  0.1815  0.0005  1.0000  8.000    187551  0.950
[vpr] 0.00005 0.99958    51.0466 1.7502e-08 3.7384e-07 2.3331e-10  6.3202  0.1955  0.0006  1.0000  8.000    189612  0.950
[vpr] 0.00005 0.99986    51.0373 1.7495e-08 3.7387e-07 2.3284e-10  6.3202  0.1921  0.0007  1.0000  8.000    191673  0.950
[vpr] 0.00005 1.00048    50.9554 1.7484e-08 3.7282e-07 2.3339e-10  6.3202  0.1698  0.0003  1.0000  8.000    193734  0.950
[vpr] 0.00004 0.99963    50.8944 1.7503e-08 3.729e-07  2.3224e-10  6.3202  0.1650  0.0002  1.0000  8.000    195795  0.950
[vpr] 0.00004 0.99931    50.8065 1.75e-08   3.7211e-07 2.3245e-10  6.3202  0.1596  0.0004  1.0000  8.000    197856  0.950
[vpr] 0.00004 0.99999    50.7640 1.7498e-08 3.7236e-07 2.3237e-10  6.3202  0.1155  0.0002  1.0000  8.000    199917  0.800
[vpr] 0.00003 0.99981    50.8049 1.7479e-08 3.7332e-07 2.3228e-10  6.3202  0.1334  0.0003  1.0000  8.000    201978  0.800
[vpr] 0.00003 0.99889    50.6192 1.7485e-08 3.7265e-07 2.3314e-10  6.3202  0.1004  0.0005  1.0000  8.000    204039  0.800
[vpr] 0.00002 0.99962    50.5142 1.7498e-08 3.7274e-07 2.328e-10   6.3202  0.0650  0.0002  1.0000  8.000    206100  0.800
[vpr] 0.00002 0.99996    50.4957 1.7497e-08 3.7274e-07 2.3262e-10  6.3202  0.0713  0.0000  1.0000  8.000    208161  0.800
[vpr] 0.00001 0.99999    50.4944 1.75e-08   3.7298e-07 2.3245e-10  6.3202  0.0582  0.0000  1.0000  8.000    210222  0.800
[vpr] 0.00001 0.99984    50.4753 1.7498e-08 3.7299e-07 2.3288e-10  6.3202  0.0573  0.0002  1.0000  8.000    212283  0.800
[vpr] 0.00001 0.99997    50.4698 1.7499e-08 3.7251e-07 2.3228e-10  6.3202  0.0597  0.0000  1.0000  8.000    214344  0.800
[vpr] 0.00000 0.99977    50.4490 1.7499e-08 3.7165e-07 2.3228e-10          0.0247  0.0000  1.0000  8.000    216405
[vpr] 
[vpr] BB estimate of min-dist (placement) wire length: 5031
[vpr] bb_cost recomputed from scratch: 50.4475
[vpr] timing_cost recomputed from scratch: 1.74987e-08
[vpr] delay_cost recomputed from scratch: 3.71325e-07
[vpr] 
[vpr] Completed placement consistency check successfully.
[vpr] 
[vpr] Swaps called: 216711
[vpr] 
[vpr] Placement estimated critical path delay: 6.32022 ns
[vpr] Placement cost: 0.999751, bb_cost: 50.4475, td_cost: 1.74987e-08, delay_cost: 3.71325e-07
[vpr] Placement total # of swap attempts: 216711
[vpr] 	Swap reject rate: 0
[vpr] 	Swap accept rate: 0
[vpr] 	Swap abort rate: 0
[vpr] 
[vpr] Using low: -1, high: -1, current: 28
[vpr] Confirming router algorithm: TIMING_DRIVEN.
[vpr] Wire length after first iteration 9164, total available wire length 19152, ratio 0.478488
[vpr] --------- ---------- -----------
[vpr] Iteration       Time   Crit Path
[vpr] --------- ---------- -----------
[vpr] Routing failed.
[vpr] 
[vpr] Using low: 28, high: -1, current: 56
[vpr] Confirming router algorithm: TIMING_DRIVEN.
[vpr] Wire length after first iteration 8453, total available wire length 38304, ratio 0.220682
[vpr] --------- ---------- -----------
[vpr] Iteration       Time   Crit Path
[vpr] --------- ---------- -----------
[vpr] Critical path: 6.38859 ns
[vpr] Successfully routed after 17 routing iterations.
[vpr] Completed net delay value cross check successfully.
[vpr] 
[vpr] Using low: 28, high: 56, current: 42
[vpr] Confirming router algorithm: TIMING_DRIVEN.
[vpr] Wire length after first iteration 8533, total available wire length 28728, ratio 0.297027
[vpr] --------- ---------- -----------
[vpr] Iteration       Time   Crit Path
[vpr] --------- ---------- -----------
[vpr] Critical path: 6.38859 ns
[vpr] Successfully routed after 19 routing iterations.
[vpr] Completed net delay value cross check successfully.
[vpr] 
[vpr] Using low: 28, high: 42, current: 36
[vpr] Confirming router algorithm: TIMING_DRIVEN.
[vpr] Wire length after first iteration 8452, total available wire length 24624, ratio 0.343242
[vpr] --------- ---------- -----------
[vpr] Iteration       Time   Crit Path
[vpr] --------- ---------- -----------
[vpr] Critical path: 6.45696 ns
[vpr] Successfully routed after 30 routing iterations.
[vpr] Completed net delay value cross check successfully.
[vpr] 
[vpr] Using low: 28, high: 36, current: 32
[vpr] Confirming router algorithm: TIMING_DRIVEN.
[vpr] Wire length after first iteration 9055, total available wire length 21888, ratio 0.413697
[vpr] --------- ---------- -----------
[vpr] Iteration       Time   Crit Path
[vpr] --------- ---------- -----------
[vpr] Critical path: 6.45696 ns
[vpr] Successfully routed after 48 routing iterations.
[vpr] Completed net delay value cross check successfully.
[vpr] 
[vpr] Using low: 28, high: 32, current: 30
[vpr] Confirming router algorithm: TIMING_DRIVEN.
[vpr] Wire length after first iteration 8986, total available wire length 20520, ratio 0.437914
[vpr] --------- ---------- -----------
[vpr] Iteration       Time   Crit Path
[vpr] --------- ---------- -----------
[vpr] Routing failed.
[vpr] 
[vpr] Checking to ensure routing is legal...
[vpr] Completed routing consistency check successfully.
[vpr] 
[vpr] Serial number (magic cookie) for the routing is: -543618002
[vpr] Best routing used a channel width factor of 32.
[vpr] 
[vpr] Average number of bends per net: 3.88614  Maximum # of bends: 81
[vpr] 
[vpr] Number of routed nets (nonglobal): 606
[vpr] Wire length results (in units of 1 clb segments)...
[vpr] 	Total wirelength: 13222, average net length: 21.8185
[vpr] 	Maximum net length: 386
[vpr] 
[vpr] Wire length results in terms of physical segments...
[vpr] 	Total wiring segments used: 3414, average wire segments per net: 5.63366
[vpr] 	Maximum segments used by a net: 99
[vpr] 	Total local nets with reserved CLB opins: 0
[vpr] 
[vpr] X - Directed channels: j max occ ave occ capacity
[vpr]                       -- ------- ------- --------
[vpr]                        0      31 20.6667       32
[vpr]                        1      29 18.6667       32
[vpr]                        2      29 19.7778       32
[vpr]                        3      32 22.7778       32
[vpr]                        4      32 23.8889       32
[vpr]                        5      32 25.7222       32
[vpr]                        6      32 24.3333       32
[vpr]                        7      31 23.4444       32
[vpr]                        8      32 25.5556       32
[vpr]                        9      32 25.0556       32
[vpr]                       10      32 21.6667       32
[vpr]                       11      31 21.6111       32
[vpr]                       12      29 20.2778       32
[vpr]                       13      31 21.1111       32
[vpr]                       14      31 17.4444       32
[vpr]                       15      26 14.1111       32
[vpr]                       16      26 13.0556       32
[vpr]                       17      19  6.4444       32
[vpr]                       18      19  9.1111       32
[vpr] Y - Directed channels: i max occ ave occ capacity
[vpr]                       -- ------- ------- --------
[vpr]                        0      17  8.2778       32
[vpr]                        1      20 12.3889       32
[vpr]                        2      26 18.0000       32
[vpr]                        3      28 19.7778       32
[vpr]                        4      32 23.8889       32
[vpr]                        5      32 25.1111       32
[vpr]                        6      32 25.4444       32
[vpr]                        7      32 26.2778       32
[vpr]                        8      32 26.8333       32
[vpr]                        9      32 25.3889       32
[vpr]                       10      32 26.1111       32
[vpr]                       11      31 24.6667       32
[vpr]                       12      32 24.2778       32
[vpr]                       13      30 22.2222       32
[vpr]                       14      31 19.3333       32
[vpr]                       15      27 14.0000       32
[vpr]                       16      22 10.1111       32
[vpr]                       17      10  5.2778       32
[vpr]                       18       6  2.4444       32
[vpr] 
[vpr] Total tracks in x-direction: 608, in y-direction: 608
[vpr] 
[vpr] Logic area (in minimum width transistor areas, excludes I/Os and empty grid tiles)...
[vpr] 	Total logic block area (Warning, need to add pitch of routing to blocks with height > 3): 4.79956e+06
[vpr] 	Total used logic block area: 1.95537e+06
[vpr] 
[vpr] Routing area (in minimum width transistor areas)...
[vpr] 	Total routing area: 1.10961e+06, per logic tile: 3424.73
[vpr] 
[vpr] Segment usage by type (index): type utilization
[vpr]                                ---- -----------
[vpr]                                   0       0.535
[vpr] 
[vpr] Segment usage by length: length utilization
[vpr]                          ------ -----------
[vpr]                               4       0.535
[vpr] 
[vpr] Nets on critical path: 10 normal, 0 global.
[vpr] Total logic delay: 4.5016e-09 (s), total net delay: 1.95536e-09 (s)
[vpr] Final critical path: 6.45696 ns, f_max: 154.872 MHz
[vpr] 
[vpr] Least slack in design: -6.45696 ns
[vpr] 
Closing VPR interface...
Importing fabric model from VPR...
Importing circuit design from VPR...
Post-processing...
Writing options file 'vpr_tseng_fabric_ios.toro.snoitpo'...
Writing xml file 'vpr_tseng_fabric_ios.toro.xml'...
Writing blif file 'vpr_tseng_fabric_ios.toro.blif'...
Writing architecture file 'vpr_tseng_fabric_ios.toro.arch'...
Writing fabric file 'vpr_tseng_fabric_ios.toro.fabric'...
Writing circuit file 'vpr_tseng_fabric_ios.toro.circuit'...
Writing laff file 'vpr_tseng_fabric_ios.toro.laff'...
Exiting...
