#Timing report of worst 6 path(s)
# Unit scale: 1e-09 seconds
# Output precision: 3

#Path 1
Startpoint: blink^r_counter~0_FF.Q[0] (.latch clocked by blink^clk)
Endpoint  : blink^r_counter~4_FF.D[0] (.latch clocked by blink^clk)
Path Type : setup

Point                                                             Incr      Path
--------------------------------------------------------------------------------
clock blink^clk (rise edge)                                      0.000     0.000
clock source latency                                             0.000     0.000
blink^clk.inpad[0] (.input)                                      0.000     0.000
blink^r_counter~0_FF.clk[0] (.latch)                             0.042     0.042
blink^r_counter~0_FF.Q[0] (.latch) [clock-to-output]             0.124     0.166
blink^ADD~2-1[0].a[0] (adder)                                    0.315     0.481
blink^ADD~2-1[0].cout[0] (adder)                                 0.300     0.781
blink^ADD~2-2[0].cin[0] (adder)                                  0.000     0.781
blink^ADD~2-2[0].cout[0] (adder)                                 0.010     0.791
blink^ADD~2-3[0].cin[0] (adder)                                  0.000     0.791
blink^ADD~2-3[0].cout[0] (adder)                                 0.010     0.801
blink^ADD~2-4[0].cin[0] (adder)                                  0.000     0.801
blink^ADD~2-4[0].cout[0] (adder)                                 0.010     0.811
blink^ADD~2-5[0].cin[0] (adder)                                  0.000     0.811
blink^ADD~2-5[0].sumout[0] (adder)                               0.300     1.111
n24.in[1] (.names)                                               0.100     1.211
n24.out[0] (.names)                                              0.235     1.446
blink^r_counter~4_FF.D[0] (.latch)                               0.000     1.446
data arrival time                                                          1.446

clock blink^clk (rise edge)                                      0.000     0.000
clock source latency                                             0.000     0.000
blink^clk.inpad[0] (.input)                                      0.000     0.000
blink^r_counter~4_FF.clk[0] (.latch)                             0.042     0.042
clock uncertainty                                                0.000     0.042
cell setup time                                                 -0.066    -0.024
data required time                                                        -0.024
--------------------------------------------------------------------------------
data required time                                                        -0.024
data arrival time                                                         -1.446
--------------------------------------------------------------------------------
slack (VIOLATED)                                                          -1.470


#Path 2
Startpoint: blink^r_counter~0_FF.Q[0] (.latch clocked by blink^clk)
Endpoint  : blink^r_counter~3_FF.D[0] (.latch clocked by blink^clk)
Path Type : setup

Point                                                             Incr      Path
--------------------------------------------------------------------------------
clock blink^clk (rise edge)                                      0.000     0.000
clock source latency                                             0.000     0.000
blink^clk.inpad[0] (.input)                                      0.000     0.000
blink^r_counter~0_FF.clk[0] (.latch)                             0.042     0.042
blink^r_counter~0_FF.Q[0] (.latch) [clock-to-output]             0.124     0.166
blink^ADD~2-1[0].a[0] (adder)                                    0.315     0.481
blink^ADD~2-1[0].cout[0] (adder)                                 0.300     0.781
blink^ADD~2-2[0].cin[0] (adder)                                  0.000     0.781
blink^ADD~2-2[0].cout[0] (adder)                                 0.010     0.791
blink^ADD~2-3[0].cin[0] (adder)                                  0.000     0.791
blink^ADD~2-3[0].cout[0] (adder)                                 0.010     0.801
blink^ADD~2-4[0].cin[0] (adder)                                  0.000     0.801
blink^ADD~2-4[0].sumout[0] (adder)                               0.300     1.101
n29.in[1] (.names)                                               0.100     1.201
n29.out[0] (.names)                                              0.235     1.436
blink^r_counter~3_FF.D[0] (.latch)                               0.000     1.436
data arrival time                                                          1.436

clock blink^clk (rise edge)                                      0.000     0.000
clock source latency                                             0.000     0.000
blink^clk.inpad[0] (.input)                                      0.000     0.000
blink^r_counter~3_FF.clk[0] (.latch)                             0.042     0.042
clock uncertainty                                                0.000     0.042
cell setup time                                                 -0.066    -0.024
data required time                                                        -0.024
--------------------------------------------------------------------------------
data required time                                                        -0.024
data arrival time                                                         -1.436
--------------------------------------------------------------------------------
slack (VIOLATED)                                                          -1.460


#Path 3
Startpoint: blink^r_counter~0_FF.Q[0] (.latch clocked by blink^clk)
Endpoint  : blink^r_counter~2_FF.D[0] (.latch clocked by blink^clk)
Path Type : setup

Point                                                             Incr      Path
--------------------------------------------------------------------------------
clock blink^clk (rise edge)                                      0.000     0.000
clock source latency                                             0.000     0.000
blink^clk.inpad[0] (.input)                                      0.000     0.000
blink^r_counter~0_FF.clk[0] (.latch)                             0.042     0.042
blink^r_counter~0_FF.Q[0] (.latch) [clock-to-output]             0.124     0.166
blink^ADD~2-1[0].a[0] (adder)                                    0.315     0.481
blink^ADD~2-1[0].cout[0] (adder)                                 0.300     0.781
blink^ADD~2-2[0].cin[0] (adder)                                  0.000     0.781
blink^ADD~2-2[0].cout[0] (adder)                                 0.010     0.791
blink^ADD~2-3[0].cin[0] (adder)                                  0.000     0.791
blink^ADD~2-3[0].sumout[0] (adder)                               0.300     1.091
n34.in[1] (.names)                                               0.100     1.191
n34.out[0] (.names)                                              0.235     1.426
blink^r_counter~2_FF.D[0] (.latch)                               0.000     1.426
data arrival time                                                          1.426

clock blink^clk (rise edge)                                      0.000     0.000
clock source latency                                             0.000     0.000
blink^clk.inpad[0] (.input)                                      0.000     0.000
blink^r_counter~2_FF.clk[0] (.latch)                             0.042     0.042
clock uncertainty                                                0.000     0.042
cell setup time                                                 -0.066    -0.024
data required time                                                        -0.024
--------------------------------------------------------------------------------
data required time                                                        -0.024
data arrival time                                                         -1.426
--------------------------------------------------------------------------------
slack (VIOLATED)                                                          -1.450


#Path 4
Startpoint: blink^r_counter~0_FF.Q[0] (.latch clocked by blink^clk)
Endpoint  : blink^r_counter~1_FF.D[0] (.latch clocked by blink^clk)
Path Type : setup

Point                                                             Incr      Path
--------------------------------------------------------------------------------
clock blink^clk (rise edge)                                      0.000     0.000
clock source latency                                             0.000     0.000
blink^clk.inpad[0] (.input)                                      0.000     0.000
blink^r_counter~0_FF.clk[0] (.latch)                             0.042     0.042
blink^r_counter~0_FF.Q[0] (.latch) [clock-to-output]             0.124     0.166
blink^ADD~2-1[0].a[0] (adder)                                    0.315     0.481
blink^ADD~2-1[0].cout[0] (adder)                                 0.300     0.781
blink^ADD~2-2[0].cin[0] (adder)                                  0.000     0.781
blink^ADD~2-2[0].sumout[0] (adder)                               0.300     1.081
n39.in[1] (.names)                                               0.100     1.181
n39.out[0] (.names)                                              0.235     1.416
blink^r_counter~1_FF.D[0] (.latch)                               0.000     1.416
data arrival time                                                          1.416

clock blink^clk (rise edge)                                      0.000     0.000
clock source latency                                             0.000     0.000
blink^clk.inpad[0] (.input)                                      0.000     0.000
blink^r_counter~1_FF.clk[0] (.latch)                             0.042     0.042
clock uncertainty                                                0.000     0.042
cell setup time                                                 -0.066    -0.024
data required time                                                        -0.024
--------------------------------------------------------------------------------
data required time                                                        -0.024
data arrival time                                                         -1.416
--------------------------------------------------------------------------------
slack (VIOLATED)                                                          -1.440


#Path 5
Startpoint: blink^r_counter~0_FF.Q[0] (.latch clocked by blink^clk)
Endpoint  : blink^r_counter~0_FF.D[0] (.latch clocked by blink^clk)
Path Type : setup

Point                                                             Incr      Path
--------------------------------------------------------------------------------
clock blink^clk (rise edge)                                      0.000     0.000
clock source latency                                             0.000     0.000
blink^clk.inpad[0] (.input)                                      0.000     0.000
blink^r_counter~0_FF.clk[0] (.latch)                             0.042     0.042
blink^r_counter~0_FF.Q[0] (.latch) [clock-to-output]             0.124     0.166
blink^ADD~2-1[0].a[0] (adder)                                    0.315     0.481
blink^ADD~2-1[0].sumout[0] (adder)                               0.300     0.781
n19.in[1] (.names)                                               0.100     0.881
n19.out[0] (.names)                                              0.235     1.116
blink^r_counter~0_FF.D[0] (.latch)                               0.000     1.116
data arrival time                                                          1.116

clock blink^clk (rise edge)                                      0.000     0.000
clock source latency                                             0.000     0.000
blink^clk.inpad[0] (.input)                                      0.000     0.000
blink^r_counter~0_FF.clk[0] (.latch)                             0.042     0.042
clock uncertainty                                                0.000     0.042
cell setup time                                                 -0.066    -0.024
data required time                                                        -0.024
--------------------------------------------------------------------------------
data required time                                                        -0.024
data arrival time                                                         -1.116
--------------------------------------------------------------------------------
slack (VIOLATED)                                                          -1.140


#Path 6
Startpoint: blink^r_counter~4_FF.Q[0] (.latch clocked by blink^clk)
Endpoint  : out:blink^o_led.outpad[0] (.output clocked by blink^clk)
Path Type : setup

Point                                                             Incr      Path
--------------------------------------------------------------------------------
clock blink^clk (rise edge)                                      0.000     0.000
clock source latency                                             0.000     0.000
blink^clk.inpad[0] (.input)                                      0.000     0.000
blink^r_counter~4_FF.clk[0] (.latch)                             0.042     0.042
blink^r_counter~4_FF.Q[0] (.latch) [clock-to-output]             0.124     0.166
blink^o_led.in[0] (.names)                                       0.120     0.286
blink^o_led.out[0] (.names)                                      0.235     0.521
out:blink^o_led.outpad[0] (.output)                              0.266     0.787
data arrival time                                                          0.787

clock blink^clk (rise edge)                                      0.000     0.000
clock source latency                                             0.000     0.000
clock uncertainty                                                0.000     0.000
output external delay                                            0.000     0.000
data required time                                                         0.000
--------------------------------------------------------------------------------
data required time                                                         0.000
data arrival time                                                         -0.787
--------------------------------------------------------------------------------
slack (VIOLATED)                                                          -0.787


#End of timing report
