________________________________________________________________________
                         Toro - A VPR Front-End                         
       (c) Copyright 2012-2013 Texas Instruments (under GNU GPL)        
________________________________________________________________________
Command is '/vobs/cpp/warpcore/toro/bin.linux_x86_64/toro vpr_tseng_fabric_blocks.options'.
Pre-processing...
Reading xml file 'k4_N8_soft_logic_segs.xml'...
Reading fabric file 'tseng.4.fabric'...
Reading blif file 'tseng.4.blif'...
Validating architecture file ...
Validating circuit file 'top'...
Processing...
Opening VPR interface...
Exporting architecture spec to VPR...
Exporting fabric model to VPR...
[vpr] Building complex block graph.
[vpr] Swept away 0 nets with no fanout.
[vpr] Removed 0 LUT buffers.
[vpr] BLIF circuit stats:
[vpr] 	0 LUTs of size 0
[vpr] 	0 LUTs of size 1
[vpr] 	132 LUTs of size 2
[vpr] 	283 LUTs of size 3
[vpr] 	631 LUTs of size 4
[vpr] 	52 of type input
[vpr] 	122 of type output
[vpr] 	385 of type latch
[vpr] 	1046 of type names
Executing VPR interface...
[vpr] Initialize packing.
[vpr] Begin packing 'tseng.4.blif'.
[vpr] 
[vpr] After removing unused inputs...
[vpr] 	total blocks: 1605, total nets: 1483, total inputs: 52, total outputs: 122
[vpr] Begin prepacking.
[vpr] Finish prepacking.
[vpr] Using inter-cluster delay: 8.3684e-10
[vpr] 
[vpr] SDC file 'vpr_tseng_fabric_blocks.vpr.sdc' blank or not found.
[vpr] 
[vpr] Defaulting to: constrain all 0 inputs and 0 outputs on the netlist clock.
[vpr] Optimize this clock to run as fast as possible.
[vpr] Overriding architecture block(s) based on fabric io block...
[vpr] Complex block 0: cb.n_n3184, type: clb_2x2
[vpr] 	...........
[vpr] Passed route at end.
[vpr] Overriding architecture block(s) based on fabric io block...
[vpr] Complex block 1: cb.n_n3466, type: clb_2x2
[vpr] 	..........
[vpr] Passed route at end.
[vpr] Overriding architecture block(s) based on fabric io block...
[vpr] Complex block 2: cb.n_n3229, type: clb_2x2
[vpr] 	..............
[vpr] Passed route at end.
[vpr] Overriding architecture block(s) based on fabric io block...
[vpr] Complex block 3: cb.n_n3016, type: clb_2x2
[vpr] 	............
[vpr] Passed route at end.
[vpr] Overriding architecture block(s) based on fabric io block...
[vpr] Complex block 4: cb.n_n3519, type: clb_2x2
[vpr] 	.........
[vpr] Passed route at end.
[vpr] Overriding architecture block(s) based on fabric io block...
[vpr] Complex block 5: cb.[2264], type: clb_2x2
[vpr] 	..............
[vpr] Passed route at end.
[vpr] Overriding architecture block(s) based on fabric io block...
[vpr] Complex block 6: cb.n_n3755, type: clb_3x1
[vpr] 	...............
[vpr] Passed route at end.
[vpr] Overriding architecture block(s) based on fabric io block...
[vpr] Complex block 7: cb.n_n3015, type: clb_3x1
[vpr] 	..............
[vpr] Passed route at end.
[vpr] Overriding architecture block(s) based on fabric io block...
[vpr] Complex block 8: cb.[907], type: clb_3x1
[vpr] 	...........
[vpr] Passed route at end.
[vpr] Overriding architecture block(s) based on fabric io block...
[vpr] Complex block 9: cb.n_n4267, type: clb_3x1
[vpr] 	.............
[vpr] Passed route at end.
[vpr] Overriding architecture block(s) based on fabric io block...
[vpr] Complex block 10: cb.n_n3292, type: clb_3x1
[vpr] 	.............
[vpr] Passed route at end.
[vpr] Overriding architecture block(s) based on fabric io block...
[vpr] Complex block 11: cb.n_n3725, type: clb_3x1
[vpr] 	...........
[vpr] Passed route at end.
[vpr] Overriding architecture block(s) based on fabric io block...
[vpr] Complex block 12: cb.n_n3592, type: clb_3x1
[vpr] 	..............
[vpr] Passed route at end.
[vpr] Overriding architecture block(s) based on fabric io block...
[vpr] Complex block 13: cb.n_n3235, type: clb_3x1
[vpr] 	........
[vpr] Passed route at end.
[vpr] Overriding architecture block(s) based on fabric io block...
[vpr] Complex block 14: cb.n_n3987, type: clb_3x1
[vpr] 	..........
[vpr] Passed route at end.
[vpr] Overriding architecture block(s) based on fabric io block...
[vpr] Complex block 15: cb.n_n3913, type: clb_3x1
[vpr] 	.........
[vpr] Passed route at end.
[vpr] Overriding architecture block(s) based on fabric io block...
[vpr] Complex block 16: cb.n_n3444, type: clb_3x1
[vpr] 	........
[vpr] Passed route at end.
[vpr] Overriding architecture block(s) based on fabric io block...
[vpr] Complex block 17: cb.n_n132, type: clb_3x1
[vpr] 	............
[vpr] Passed route at end.
[vpr] Overriding architecture block(s) based on fabric io block...
[vpr] Complex block 18: cb.n_n3817, type: clb_3x1
[vpr] 	........
[vpr] Passed route at end.
[vpr] Overriding architecture block(s) based on fabric io block...
[vpr] Complex block 19: cb.n_n128, type: clb_3x1
[vpr] 	...............................................
[vpr] Passed route at end.
[vpr] Overriding architecture block(s) based on fabric io block...
[vpr] Complex block 20: cb.n_n3813, type: clb_3x1
[vpr] 	.......
[vpr] Passed route at end.
[vpr] Overriding architecture block(s) based on fabric io block...
[vpr] Complex block 21: cb.n_n4011, type: clb_3x1
[vpr] 	.........
[vpr] Passed route at end.
[vpr] Overriding architecture block(s) based on fabric io block...
[vpr] Complex block 22: cb.[1580], type: clb_3x1
[vpr] 	.......
[vpr] Passed route at end.
[vpr] Overriding architecture block(s) based on fabric io block...
[vpr] Complex block 23: cb.nak3_17, type: clb_3x1
[vpr] 	........
[vpr] Passed route at end.
[vpr] Overriding architecture block(s) based on fabric io block...
[vpr] Complex block 24: cb.[6374], type: clb_3x1
[vpr] 	...........
[vpr] Passed route at end.
[vpr] Overriding architecture block(s) based on fabric io block...
[vpr] Complex block 25: cb.[936], type: clb_3x1
[vpr] 	...................................
[vpr] Passed route at end.
[vpr] Overriding architecture block(s) based on fabric io block...
[vpr] Complex block 26: cb.[1492], type: clb_3x1
[vpr] 	............................................
[vpr] Passed route at end.
[vpr] Overriding architecture block(s) based on fabric io block...
[vpr] Complex block 27: cb.n_n4228, type: clb_3x1
[vpr] 	...........
[vpr] Passed route at end.
[vpr] Overriding architecture block(s) based on fabric io block...
[vpr] Complex block 28: cb.n_n3375, type: clb_3x1
[vpr] 	.........
[vpr] Passed route at end.
[vpr] Overriding architecture block(s) based on fabric io block...
[vpr] Complex block 29: cb.n_n3582, type: clb_3x1
[vpr] 	........
[vpr] Passed route at end.
[vpr] Overriding architecture block(s) based on fabric io block...
[vpr] Complex block 30: cb.n_n4276, type: clb_3x1
[vpr] 	........
[vpr] Passed route at end.
[vpr] Overriding architecture block(s) based on fabric io block...
[vpr] Complex block 31: cb.n_n4140, type: clb_3x1
[vpr] 	.......
[vpr] Passed route at end.
[vpr] Overriding architecture block(s) based on fabric io block...
[vpr] Complex block 32: cb.n_n3526, type: clb_3x1
[vpr] 	.......
[vpr] Passed route at end.
[vpr] Overriding architecture block(s) based on fabric io block...
[vpr] Complex block 33: cb.[1898], type: clb_3x1
[vpr] 	.................
[vpr] Passed route at end.
[vpr] Overriding architecture block(s) based on fabric io block...
[vpr] Complex block 34: cb.n_n3049, type: clb_3x1
[vpr] 	..........
[vpr] Passed route at end.
[vpr] Overriding architecture block(s) based on fabric io block...
[vpr] Complex block 35: cb.n_n4367, type: clb_3x1
[vpr] 	............
[vpr] Passed route at end.
[vpr] Overriding architecture block(s) based on fabric io block...
[vpr] Complex block 36: cb.[6275], type: clb_3x1
[vpr] 	.........
[vpr] Passed route at end.
[vpr] Overriding architecture block(s) based on fabric io block...
[vpr] Complex block 37: cb.n_n3701, type: clb_3x1
[vpr] 	........
[vpr] Passed route at end.
[vpr] Overriding architecture block(s) based on fabric io block...
[vpr] Complex block 38: cb.n_n3530, type: clb
[vpr] 	.......
[vpr] Passed route at end.
[vpr] Overriding architecture block(s) based on fabric io block...
[vpr] Complex block 39: cb.n_n3374, type: clb
[vpr] 	.......
[vpr] Passed route at end.
[vpr] Overriding architecture block(s) based on fabric io block...
[vpr] Complex block 40: cb.n_n3033, type: clb
[vpr] 	.......
[vpr] Passed route at end.
[vpr] Overriding architecture block(s) based on fabric io block...
[vpr] Complex block 41: cb.n_n4094, type: clb
[vpr] 	..........
[vpr] Passed route at end.
[vpr] Overriding architecture block(s) based on fabric io block...
[vpr] Complex block 42: cb.n_n4121, type: clb
[vpr] 	........
[vpr] Passed route at end.
[vpr] Overriding architecture block(s) based on fabric io block...
[vpr] Complex block 43: cb.n_n3459, type: clb
[vpr] 	...............
[vpr] Passed route at end.
[vpr] Overriding architecture block(s) based on fabric io block...
[vpr] Complex block 44: cb.[6295], type: clb
[vpr] 	.............
[vpr] Passed route at end.
[vpr] Overriding architecture block(s) based on fabric io block...
[vpr] Complex block 45: cb.n_n3981, type: clb
[vpr] 	.......
[vpr] Passed route at end.
[vpr] Overriding architecture block(s) based on fabric io block...
[vpr] Complex block 46: cb.[2174], type: clb
[vpr] 	.......
[vpr] Passed route at end.
[vpr] Overriding architecture block(s) based on fabric io block...
[vpr] Complex block 47: cb.n_n3399, type: clb
[vpr] 	........
[vpr] Passed route at end.
[vpr] Overriding architecture block(s) based on fabric io block...
[vpr] Complex block 48: cb.n_n4081, type: clb
[vpr] 	.......
[vpr] Passed route at end.
[vpr] Overriding architecture block(s) based on fabric io block...
[vpr] Complex block 49: cb.n_n3538, type: clb
[vpr] 	.........
[vpr] Passed route at end.
[vpr] Overriding architecture block(s) based on fabric io block...
[vpr] Complex block 50: cb.[2183], type: clb
[vpr] 	.......
[vpr] Passed route at end.
[vpr] Overriding architecture block(s) based on fabric io block...
[vpr] Complex block 51: cb.[1901], type: clb
[vpr] 	........
[vpr] Passed route at end.
[vpr] Overriding architecture block(s) based on fabric io block...
[vpr] Complex block 52: cb.[2190], type: clb
[vpr] 	.......
[vpr] Passed route at end.
[vpr] Overriding architecture block(s) based on fabric io block...
[vpr] Complex block 53: cb.[2191], type: clb
[vpr] 	.........
[vpr] Passed route at end.
[vpr] Overriding architecture block(s) based on fabric io block...
[vpr] Complex block 54: cb.n_n3289, type: clb
[vpr] 	.........
[vpr] Passed route at end.
[vpr] Overriding architecture block(s) based on fabric io block...
[vpr] Complex block 55: cb.n_n3552, type: clb
[vpr] 	.........
[vpr] Passed route at end.
[vpr] Overriding architecture block(s) based on fabric io block...
[vpr] Complex block 56: cb.n_n3308, type: clb
[vpr] 	.......
[vpr] Passed route at end.
[vpr] Overriding architecture block(s) based on fabric io block...
[vpr] Complex block 57: cb.n_n3058, type: clb
[vpr] 	.......
[vpr] Passed route at end.
[vpr] Overriding architecture block(s) based on fabric io block...
[vpr] Complex block 58: cb.n_n3147, type: clb
[vpr] 	.......
[vpr] Passed route at end.
[vpr] Overriding architecture block(s) based on fabric io block...
[vpr] Complex block 59: cb.n_n3110, type: clb
[vpr] 	.......
[vpr] Passed route at end.
[vpr] Overriding architecture block(s) based on fabric io block...
[vpr] Complex block 60: cb.n_n3031, type: clb
[vpr] 	.......
[vpr] Passed route at end.
[vpr] Overriding architecture block(s) based on fabric io block...
[vpr] Complex block 61: cb.[2047], type: clb
[vpr] 	.......
[vpr] Passed route at end.
[vpr] Overriding architecture block(s) based on fabric io block...
[vpr] Complex block 62: cb.n_n3010, type: clb
[vpr] 	.......
[vpr] Passed route at end.
[vpr] Overriding architecture block(s) based on fabric io block...
[vpr] Complex block 63: cb.n_n3236, type: clb
[vpr] 	.......
[vpr] Passed route at end.
[vpr] Overriding architecture block(s) based on fabric io block...
[vpr] Complex block 64: cb.n_n3166, type: clb
[vpr] 	........
[vpr] Passed route at end.
[vpr] Overriding architecture block(s) based on fabric io block...
[vpr] Complex block 65: cb.[6312], type: clb
[vpr] 	.......
[vpr] Passed route at end.
[vpr] Overriding architecture block(s) based on fabric io block...
[vpr] Complex block 66: cb.[1903], type: clb
[vpr] 	.......
[vpr] Passed route at end.
[vpr] Overriding architecture block(s) based on fabric io block...
[vpr] Complex block 67: cb.[1905], type: clb
[vpr] 	.......
[vpr] Passed route at end.
[vpr] Overriding architecture block(s) based on fabric io block...
[vpr] Complex block 68: cb.[1904], type: clb
[vpr] 	.......
[vpr] Passed route at end.
[vpr] Overriding architecture block(s) based on fabric io block...
[vpr] Complex block 69: cb.n_n4359, type: clb
[vpr] 	........
[vpr] Passed route at end.
[vpr] Overriding architecture block(s) based on fabric io block...
[vpr] Complex block 70: cb.n_n4046, type: clb
[vpr] 	.......
[vpr] Passed route at end.
[vpr] Overriding architecture block(s) based on fabric io block...
[vpr] Complex block 71: cb.n_n3579, type: clb
[vpr] 	.......
[vpr] Passed route at end.
[vpr] Overriding architecture block(s) based on fabric io block...
[vpr] Complex block 72: cb.n_n3296, type: clb
[vpr] 	........
[vpr] Passed route at end.
[vpr] Overriding architecture block(s) based on fabric io block...
[vpr] Complex block 73: cb.n_n3680, type: clb
[vpr] 	.......
[vpr] Passed route at end.
[vpr] Overriding architecture block(s) based on fabric io block...
[vpr] Complex block 74: cb.n_n3693, type: clb
[vpr] 	.......
[vpr] Passed route at end.
[vpr] Overriding architecture block(s) based on fabric io block...
[vpr] Complex block 75: cb.n_n3309, type: clb
[vpr] 	.......
[vpr] Passed route at end.
[vpr] Overriding architecture block(s) based on fabric io block...
[vpr] Complex block 76: cb.n_n3500, type: clb
[vpr] 	.......
[vpr] Passed route at end.
[vpr] Overriding architecture block(s) based on fabric io block...
[vpr] Complex block 77: cb.[1633], type: clb
[vpr] 	.......
[vpr] Passed route at end.
[vpr] Overriding architecture block(s) based on fabric io block...
[vpr] Complex block 78: cb.n_n3406, type: clb
[vpr] 	.......
[vpr] Passed route at end.
[vpr] Overriding architecture block(s) based on fabric io block...
[vpr] Complex block 79: cb.[6366], type: clb
[vpr] 	.......
[vpr] Passed route at end.
[vpr] Overriding architecture block(s) based on fabric io block...
[vpr] Complex block 80: cb.n_n3508, type: clb
[vpr] 	.......
[vpr] Passed route at end.
[vpr] Overriding architecture block(s) based on fabric io block...
[vpr] Complex block 81: cb.preset, type: io
[vpr] 	
[vpr] Passed route at end.
[vpr] Overriding architecture block(s) based on fabric io block...
[vpr] Complex block 82: cb.n_n3791, type: clb
[vpr] 	.......
[vpr] Passed route at end.
[vpr] Overriding architecture block(s) based on fabric io block...
[vpr] Complex block 83: cb.[1773], type: clb
[vpr] 	.......
[vpr] Passed route at end.
[vpr] Overriding architecture block(s) based on fabric io block...
[vpr] Complex block 84: cb.[1780], type: clb
[vpr] 	........
[vpr] Passed route at end.
[vpr] Overriding architecture block(s) based on fabric io block...
[vpr] Complex block 85: cb.[1402], type: clb
[vpr] 	........
[vpr] Passed route at end.
[vpr] Overriding architecture block(s) based on fabric io block...
[vpr] Complex block 86: cb.[1173], type: clb
[vpr] 	.......
[vpr] Passed route at end.
[vpr] Overriding architecture block(s) based on fabric io block...
[vpr] Complex block 87: cb.preset_0_0_, type: io
[vpr] 	
[vpr] Passed route at end.
[vpr] Overriding architecture block(s) based on fabric io block...
[vpr] Complex block 88: cb.tin_pready_0_0_, type: io
[vpr] 	
[vpr] Passed route at end.
[vpr] Overriding architecture block(s) based on fabric io block...
[vpr] Complex block 89: cb.n_n4234, type: clb
[vpr] 	.......
[vpr] Passed route at end.
[vpr] Overriding architecture block(s) based on fabric io block...
[vpr] Complex block 90: cb.n_n4300, type: clb
[vpr] 	.......
[vpr] Passed route at end.
[vpr] Overriding architecture block(s) based on fabric io block...
[vpr] Complex block 91: cb.n_n3134, type: clb
[vpr] 	.......
[vpr] Passed route at end.
[vpr] Overriding architecture block(s) based on fabric io block...
[vpr] Complex block 92: cb.n_n3677, type: clb
[vpr] 	.......
[vpr] Passed route at end.
[vpr] Overriding architecture block(s) based on fabric io block...
[vpr] Complex block 93: cb.n_n3068, type: clb
[vpr] 	.......
[vpr] Passed route at end.
[vpr] Overriding architecture block(s) based on fabric io block...
[vpr] Complex block 94: cb.n_n3430, type: clb
[vpr] 	.......
[vpr] Passed route at end.
[vpr] Overriding architecture block(s) based on fabric io block...
[vpr] Complex block 95: cb.n_n3392, type: clb
[vpr] 	.......
[vpr] Passed route at end.
[vpr] Overriding architecture block(s) based on fabric io block...
[vpr] Complex block 96: cb.n_n3732, type: clb
[vpr] 	.......
[vpr] Passed route at end.
[vpr] Overriding architecture block(s) based on fabric io block...
[vpr] Complex block 97: cb.n_n4317, type: clb
[vpr] 	.......
[vpr] Passed route at end.
[vpr] Overriding architecture block(s) based on fabric io block...
[vpr] Complex block 98: cb.n_n3106, type: clb
[vpr] 	........
[vpr] Passed route at end.
[vpr] Overriding architecture block(s) based on fabric io block...
[vpr] Complex block 99: cb.n_n3077, type: clb
[vpr] 	........
[vpr] Passed route at end.
[vpr] Overriding architecture block(s) based on fabric io block...
[vpr] Complex block 100: cb.n_n3343, type: clb
[vpr] 	.......
[vpr] Passed route at end.
[vpr] Overriding architecture block(s) based on fabric io block...
[vpr] Complex block 101: cb.n_n3011, type: clb
[vpr] 	.......
[vpr] Passed route at end.
[vpr] Overriding architecture block(s) based on fabric io block...
[vpr] Complex block 102: cb.n_n3329, type: clb
[vpr] 	.......
[vpr] Passed route at end.
[vpr] Overriding architecture block(s) based on fabric io block...
[vpr] Complex block 103: cb.n_n4307, type: clb
[vpr] 	.......
[vpr] Passed route at end.
[vpr] Overriding architecture block(s) based on fabric io block...
[vpr] Complex block 104: cb.n_n3721, type: clb
[vpr] 	.......
[vpr] Passed route at end.
[vpr] Overriding architecture block(s) based on fabric io block...
[vpr] Complex block 105: cb.n_n3762, type: clb
[vpr] 	.......
[vpr] Passed route at end.
[vpr] Overriding architecture block(s) based on fabric io block...
[vpr] Complex block 106: cb.n_n3096, type: clb
[vpr] 	.......
[vpr] Passed route at end.
[vpr] Overriding architecture block(s) based on fabric io block...
[vpr] Complex block 107: cb.n_n3547, type: clb
[vpr] 	.......
[vpr] Passed route at end.
[vpr] Overriding architecture block(s) based on fabric io block...
[vpr] Complex block 108: cb.n_n3200, type: clb
[vpr] 	.......
[vpr] Passed route at end.
[vpr] Overriding architecture block(s) based on fabric io block...
[vpr] Complex block 109: cb.n_n3727, type: clb
[vpr] 	.......
[vpr] Passed route at end.
[vpr] Overriding architecture block(s) based on fabric io block...
[vpr] Complex block 110: cb.n_n3523, type: clb
[vpr] 	.......
[vpr] Passed route at end.
[vpr] Overriding architecture block(s) based on fabric io block...
[vpr] Complex block 111: cb.n_n4134, type: clb
[vpr] 	.......
[vpr] Passed route at end.
[vpr] Overriding architecture block(s) based on fabric io block...
[vpr] Complex block 112: cb.n_n3088, type: clb
[vpr] 	.......
[vpr] Passed route at end.
[vpr] Overriding architecture block(s) based on fabric io block...
[vpr] Complex block 113: cb.n_n3515, type: clb
[vpr] 	.......
[vpr] Passed route at end.
[vpr] Overriding architecture block(s) based on fabric io block...
[vpr] Complex block 114: cb.n_n3881, type: clb
[vpr] 	.......
[vpr] Passed route at end.
[vpr] Overriding architecture block(s) based on fabric io block...
[vpr] Complex block 115: cb.n_n3711, type: clb
[vpr] 	........
[vpr] Passed route at end.
[vpr] Overriding architecture block(s) based on fabric io block...
[vpr] Complex block 116: cb.n_n3269, type: clb
[vpr] 	.......
[vpr] Passed route at end.
[vpr] Overriding architecture block(s) based on fabric io block...
[vpr] Complex block 117: cb.n_n4370, type: clb
[vpr] 	.......
[vpr] Passed route at end.
[vpr] Overriding architecture block(s) based on fabric io block...
[vpr] Complex block 118: cb.n_n3435, type: clb
[vpr] 	.......
[vpr] Passed route at end.
[vpr] Overriding architecture block(s) based on fabric io block...
[vpr] Complex block 119: cb.n_n3629, type: clb
[vpr] 	.......
[vpr] Passed route at end.
[vpr] Overriding architecture block(s) based on fabric io block...
[vpr] Complex block 120: cb.n_n3402, type: clb
[vpr] 	.......
[vpr] Passed route at end.
[vpr] Overriding architecture block(s) based on fabric io block...
[vpr] Complex block 121: cb.n_n3735, type: clb
[vpr] 	.......
[vpr] Passed route at end.
[vpr] Overriding architecture block(s) based on fabric io block...
[vpr] Complex block 122: cb.n_n3686, type: clb
[vpr] 	.......
[vpr] Passed route at end.
[vpr] Overriding architecture block(s) based on fabric io block...
[vpr] Complex block 123: cb.n_n3983, type: clb
[vpr] 	........
[vpr] Passed route at end.
[vpr] Overriding architecture block(s) based on fabric io block...
[vpr] Complex block 124: cb.n_n3127, type: clb
[vpr] 	.......
[vpr] Passed route at end.
[vpr] Overriding architecture block(s) based on fabric io block...
[vpr] Complex block 125: cb.n_n3904, type: clb
[vpr] 	.......
[vpr] Passed route at end.
[vpr] Overriding architecture block(s) based on fabric io block...
[vpr] Complex block 126: cb.n_n3318, type: clb
[vpr] 	.......
[vpr] Passed route at end.
[vpr] Overriding architecture block(s) based on fabric io block...
[vpr] Complex block 127: cb.n_n3275, type: clb
[vpr] 	.......
[vpr] Passed route at end.
[vpr] Overriding architecture block(s) based on fabric io block...
[vpr] Complex block 128: cb.[1021], type: clb
[vpr] 	.......
[vpr] Passed route at end.
[vpr] Overriding architecture block(s) based on fabric io block...
[vpr] Complex block 129: cb.[1283], type: clb
[vpr] 	.......
[vpr] Passed route at end.
[vpr] Overriding architecture block(s) based on fabric io block...
[vpr] Complex block 130: cb.[6325], type: clb
[vpr] 	.......
[vpr] Passed route at end.
[vpr] Overriding architecture block(s) based on fabric io block...
[vpr] Complex block 131: cb.[2166], type: clb
[vpr] 	.......
[vpr] Passed route at end.
[vpr] Overriding architecture block(s) based on fabric io block...
[vpr] Complex block 132: cb.[2162], type: clb
[vpr] 	.......
[vpr] Passed route at end.
[vpr] Overriding architecture block(s) based on fabric io block...
[vpr] Complex block 133: cb.[1707], type: clb
[vpr] 	.......
[vpr] Passed route at end.
[vpr] Overriding architecture block(s) based on fabric io block...
[vpr] Complex block 134: cb.tin_pv1_6_6_, type: io
[vpr] 	
[vpr] Passed route at end.
[vpr] Overriding architecture block(s) based on fabric io block...
[vpr] Complex block 135: cb.tin_pv2_4_4_, type: io
[vpr] 	
[vpr] Passed route at end.
[vpr] Overriding architecture block(s) based on fabric io block...
[vpr] Complex block 136: cb.tin_pv6_3_3_, type: io
[vpr] 	
[vpr] Passed route at end.
[vpr] Overriding architecture block(s) based on fabric io block...
[vpr] Complex block 137: cb.tin_pv1_3_3_, type: io
[vpr] 	
[vpr] Passed route at end.
[vpr] Overriding architecture block(s) based on fabric io block...
[vpr] Complex block 138: cb.tin_pv11_3_3_, type: io
[vpr] 	
[vpr] Passed route at end.
[vpr] Overriding architecture block(s) based on fabric io block...
[vpr] Complex block 139: cb.tin_pv4_6_6_, type: io
[vpr] 	
[vpr] Passed route at end.
[vpr] Overriding architecture block(s) based on fabric io block...
[vpr] Complex block 140: cb.tin_pv1_2_2_, type: io
[vpr] 	
[vpr] Passed route at end.
[vpr] Overriding architecture block(s) based on fabric io block...
[vpr] Complex block 141: cb.tin_pv6_7_7_, type: io
[vpr] 	
[vpr] Passed route at end.
[vpr] Overriding architecture block(s) based on fabric io block...
[vpr] Complex block 142: cb.tin_pv1_5_5_, type: io
[vpr] 	
[vpr] Passed route at end.
[vpr] Overriding architecture block(s) based on fabric io block...
[vpr] Complex block 143: cb.tin_pv2_3_3_, type: io
[vpr] 	
[vpr] Passed route at end.
[vpr] Overriding architecture block(s) based on fabric io block...
[vpr] Complex block 144: cb.tin_pv10_1_1_, type: io
[vpr] 	
[vpr] Passed route at end.
[vpr] Overriding architecture block(s) based on fabric io block...
[vpr] Complex block 145: cb.tin_pv4_2_2_, type: io
[vpr] 	
[vpr] Passed route at end.
[vpr] Overriding architecture block(s) based on fabric io block...
[vpr] Complex block 146: cb.tin_pv11_5_5_, type: io
[vpr] 	
[vpr] Passed route at end.
[vpr] Overriding architecture block(s) based on fabric io block...
[vpr] Complex block 147: cb.tin_pv6_2_2_, type: io
[vpr] 	
[vpr] Passed route at end.
[vpr] Overriding architecture block(s) based on fabric io block...
[vpr] Complex block 148: cb.tin_pv1_1_1_, type: io
[vpr] 	
[vpr] Passed route at end.
[vpr] Overriding architecture block(s) based on fabric io block...
[vpr] Complex block 149: cb.tin_pv10_5_5_, type: io
[vpr] 	
[vpr] Passed route at end.
[vpr] Overriding architecture block(s) based on fabric io block...
[vpr] Complex block 150: cb.tin_pv4_5_5_, type: io
[vpr] 	
[vpr] Passed route at end.
[vpr] Overriding architecture block(s) based on fabric io block...
[vpr] Complex block 151: cb.tin_pv2_1_1_, type: io
[vpr] 	
[vpr] Passed route at end.
[vpr] Overriding architecture block(s) based on fabric io block...
[vpr] Complex block 152: cb.tin_pv2_7_7_, type: io
[vpr] 	
[vpr] Passed route at end.
[vpr] Overriding architecture block(s) based on fabric io block...
[vpr] Complex block 153: cb.tin_pv1_4_4_, type: io
[vpr] 	
[vpr] Passed route at end.
[vpr] Overriding architecture block(s) based on fabric io block...
[vpr] Complex block 154: cb.tin_pv6_6_6_, type: io
[vpr] 	
[vpr] Passed route at end.
[vpr] Overriding architecture block(s) based on fabric io block...
[vpr] Complex block 155: cb.tin_pv11_6_6_, type: io
[vpr] 	
[vpr] Passed route at end.
[vpr] Overriding architecture block(s) based on fabric io block...
[vpr] Complex block 156: cb.tin_pv2_2_2_, type: io
[vpr] 	
[vpr] Passed route at end.
[vpr] Overriding architecture block(s) based on fabric io block...
[vpr] Complex block 157: cb.tin_pv10_6_6_, type: io
[vpr] 	
[vpr] Passed route at end.
[vpr] Overriding architecture block(s) based on fabric io block...
[vpr] Complex block 158: cb.tin_pv6_0_0_, type: io
[vpr] 	
[vpr] Passed route at end.
[vpr] Overriding architecture block(s) based on fabric io block...
[vpr] Complex block 159: cb.tin_pv4_1_1_, type: io
[vpr] 	
[vpr] Passed route at end.
[vpr] Overriding architecture block(s) based on fabric io block...
[vpr] Complex block 160: cb.tin_pv6_1_1_, type: io
[vpr] 	
[vpr] Passed route at end.
[vpr] Overriding architecture block(s) based on fabric io block...
[vpr] Complex block 161: cb.tin_pv11_7_7_, type: io
[vpr] 	
[vpr] Passed route at end.
[vpr] Overriding architecture block(s) based on fabric io block...
[vpr] Complex block 162: cb.tin_pv10_3_3_, type: io
[vpr] 	
[vpr] Passed route at end.
[vpr] Overriding architecture block(s) based on fabric io block...
[vpr] Complex block 163: cb.tin_pv1_0_0_, type: io
[vpr] 	
[vpr] Passed route at end.
[vpr] Overriding architecture block(s) based on fabric io block...
[vpr] Complex block 164: cb.tin_pv11_0_0_, type: io
[vpr] 	
[vpr] Passed route at end.
[vpr] Overriding architecture block(s) based on fabric io block...
[vpr] Complex block 165: cb.tin_pv11_2_2_, type: io
[vpr] 	
[vpr] Passed route at end.
[vpr] Overriding architecture block(s) based on fabric io block...
[vpr] Complex block 166: cb.tin_pv10_7_7_, type: io
[vpr] 	
[vpr] Passed route at end.
[vpr] Overriding architecture block(s) based on fabric io block...
[vpr] Complex block 167: cb.tin_pv2_6_6_, type: io
[vpr] 	
[vpr] Passed route at end.
[vpr] Overriding architecture block(s) based on fabric io block...
[vpr] Complex block 168: cb.tin_pv10_0_0_, type: io
[vpr] 	
[vpr] Passed route at end.
[vpr] Overriding architecture block(s) based on fabric io block...
[vpr] Complex block 169: cb.tin_pv6_5_5_, type: io
[vpr] 	
[vpr] Passed route at end.
[vpr] Overriding architecture block(s) based on fabric io block...
[vpr] Complex block 170: cb.tin_pv4_0_0_, type: io
[vpr] 	
[vpr] Passed route at end.
[vpr] Overriding architecture block(s) based on fabric io block...
[vpr] Complex block 171: cb.tin_pv1_7_7_, type: io
[vpr] 	
[vpr] Passed route at end.
[vpr] Overriding architecture block(s) based on fabric io block...
[vpr] Complex block 172: cb.tin_pv10_2_2_, type: io
[vpr] 	
[vpr] Passed route at end.
[vpr] Overriding architecture block(s) based on fabric io block...
[vpr] Complex block 173: cb.tin_pv2_5_5_, type: io
[vpr] 	
[vpr] Passed route at end.
[vpr] Overriding architecture block(s) based on fabric io block...
[vpr] Complex block 174: cb.tin_pv4_4_4_, type: io
[vpr] 	
[vpr] Passed route at end.
[vpr] Overriding architecture block(s) based on fabric io block...
[vpr] Complex block 175: cb.tin_pv6_4_4_, type: io
[vpr] 	
[vpr] Passed route at end.
[vpr] Overriding architecture block(s) based on fabric io block...
[vpr] Complex block 176: cb.tin_pv11_4_4_, type: io
[vpr] 	
[vpr] Passed route at end.
[vpr] Overriding architecture block(s) based on fabric io block...
[vpr] Complex block 177: cb.tin_pv10_4_4_, type: io
[vpr] 	
[vpr] Passed route at end.
[vpr] Overriding architecture block(s) based on fabric io block...
[vpr] Complex block 178: cb.tin_pv4_7_7_, type: io
[vpr] 	
[vpr] Passed route at end.
[vpr] Overriding architecture block(s) based on fabric io block...
[vpr] Complex block 179: cb.tin_pv4_3_3_, type: io
[vpr] 	
[vpr] Passed route at end.
[vpr] Overriding architecture block(s) based on fabric io block...
[vpr] Complex block 180: cb.tin_pv2_0_0_, type: io
[vpr] 	
[vpr] Passed route at end.
[vpr] Overriding architecture block(s) based on fabric io block...
[vpr] Complex block 181: cb.tin_pv11_1_1_, type: io
[vpr] 	
[vpr] Passed route at end.
[vpr] Overriding architecture block(s) based on fabric io block...
[vpr] Complex block 182: cb.out:pv14_7_7_, type: io
[vpr] 	
[vpr] Passed route at end.
[vpr] Overriding architecture block(s) based on fabric io block...
[vpr] Complex block 183: cb.out:pv2_5_5_, type: io
[vpr] 	
[vpr] Passed route at end.
[vpr] Overriding architecture block(s) based on fabric io block...
[vpr] Complex block 184: cb.out:pv14_1_1_, type: io
[vpr] 	
[vpr] Passed route at end.
[vpr] Overriding architecture block(s) based on fabric io block...
[vpr] Complex block 185: cb.out:pv6_4_4_, type: io
[vpr] 	
[vpr] Passed route at end.
[vpr] Overriding architecture block(s) based on fabric io block...
[vpr] Complex block 186: cb.out:pv3_3_3_, type: io
[vpr] 	
[vpr] Passed route at end.
[vpr] Overriding architecture block(s) based on fabric io block...
[vpr] Complex block 187: cb.out:pv2_0_0_, type: io
[vpr] 	
[vpr] Passed route at end.
[vpr] Overriding architecture block(s) based on fabric io block...
[vpr] Complex block 188: cb.out:pv7_2_2_, type: io
[vpr] 	
[vpr] Passed route at end.
[vpr] Overriding architecture block(s) based on fabric io block...
[vpr] Complex block 189: cb.out:pv4_7_7_, type: io
[vpr] 	
[vpr] Passed route at end.
[vpr] Overriding architecture block(s) based on fabric io block...
[vpr] Complex block 190: cb.out:pv8_6_6_, type: io
[vpr] 	
[vpr] Passed route at end.
[vpr] Overriding architecture block(s) based on fabric io block...
[vpr] Complex block 191: cb.out:pv1_6_6_, type: io
[vpr] 	
[vpr] Passed route at end.
[vpr] Overriding architecture block(s) based on fabric io block...
[vpr] Complex block 192: cb.out:pv6_7_7_, type: io
[vpr] 	
[vpr] Passed route at end.
[vpr] Overriding architecture block(s) based on fabric io block...
[vpr] Complex block 193: cb.out:pv11_4_4_, type: io
[vpr] 	
[vpr] Passed route at end.
[vpr] Overriding architecture block(s) based on fabric io block...
[vpr] Complex block 194: cb.out:pv5_5_5_, type: io
[vpr] 	
[vpr] Passed route at end.
[vpr] Overriding architecture block(s) based on fabric io block...
[vpr] Complex block 195: cb.out:pv9_4_4_, type: io
[vpr] 	
[vpr] Passed route at end.
[vpr] Overriding architecture block(s) based on fabric io block...
[vpr] Complex block 196: cb.out:pv13_3_3_, type: io
[vpr] 	
[vpr] Passed route at end.
[vpr] Overriding architecture block(s) based on fabric io block...
[vpr] Complex block 197: cb.out:pv2_4_4_, type: io
[vpr] 	
[vpr] Passed route at end.
[vpr] Overriding architecture block(s) based on fabric io block...
[vpr] Complex block 198: cb.out:pv6_3_3_, type: io
[vpr] 	
[vpr] Passed route at end.
[vpr] Overriding architecture block(s) based on fabric io block...
[vpr] Complex block 199: cb.out:pv15_2_2_, type: io
[vpr] 	
[vpr] Passed route at end.
[vpr] Overriding architecture block(s) based on fabric io block...
[vpr] Complex block 200: cb.out:pv3_2_2_, type: io
[vpr] 	
[vpr] Passed route at end.
[vpr] Overriding architecture block(s) based on fabric io block...
[vpr] Complex block 201: cb.out:pv7_1_1_, type: io
[vpr] 	
[vpr] Passed route at end.
[vpr] Overriding architecture block(s) based on fabric io block...
[vpr] Complex block 202: cb.out:pv4_6_6_, type: io
[vpr] 	
[vpr] Passed route at end.
[vpr] Overriding architecture block(s) based on fabric io block...
[vpr] Complex block 203: cb.out:pv8_5_5_, type: io
[vpr] 	
[vpr] Passed route at end.
[vpr] Overriding architecture block(s) based on fabric io block...
[vpr] Complex block 204: cb.out:pv3_6_6_, type: io
[vpr] 	
[vpr] Passed route at end.
[vpr] Overriding architecture block(s) based on fabric io block...
[vpr] Complex block 205: cb.out:pv7_5_5_, type: io
[vpr] 	
[vpr] Passed route at end.
[vpr] Overriding architecture block(s) based on fabric io block...
[vpr] Complex block 206: cb.out:pv1_5_5_, type: io
[vpr] 	
[vpr] Passed route at end.
[vpr] Overriding architecture block(s) based on fabric io block...
[vpr] Complex block 207: cb.out:pv5_4_4_, type: io
[vpr] 	
[vpr] Passed route at end.
[vpr] Overriding architecture block(s) based on fabric io block...
[vpr] Complex block 208: cb.out:pv9_3_3_, type: io
[vpr] 	
[vpr] Passed route at end.
[vpr] Overriding architecture block(s) based on fabric io block...
[vpr] Complex block 209: cb.out:pv2_3_3_, type: io
[vpr] 	
[vpr] Passed route at end.
[vpr] Overriding architecture block(s) based on fabric io block...
[vpr] Complex block 210: cb.out:pv6_2_2_, type: io
[vpr] 	
[vpr] Passed route at end.
[vpr] Overriding architecture block(s) based on fabric io block...
[vpr] Complex block 211: cb.out:pv3_1_1_, type: io
[vpr] 	
[vpr] Passed route at end.
[vpr] Overriding architecture block(s) based on fabric io block...
[vpr] Complex block 212: cb.out:pv7_0_0_, type: io
[vpr] 	
[vpr] Passed route at end.
[vpr] Overriding architecture block(s) based on fabric io block...
[vpr] Complex block 213: cb.out:pv4_5_5_, type: io
[vpr] 	
[vpr] Passed route at end.
[vpr] Overriding architecture block(s) based on fabric io block...
[vpr] Complex block 214: cb.out:pv10_4_4_, type: io
[vpr] 	
[vpr] Passed route at end.
[vpr] Overriding architecture block(s) based on fabric io block...
[vpr] Complex block 215: cb.out:pv8_4_4_, type: io
[vpr] 	
[vpr] Passed route at end.
[vpr] Overriding architecture block(s) based on fabric io block...
[vpr] Complex block 216: cb.out:pv1_4_4_, type: io
[vpr] 	
[vpr] Passed route at end.
[vpr] Overriding architecture block(s) based on fabric io block...
[vpr] Complex block 217: cb.out:pv5_3_3_, type: io
[vpr] 	
[vpr] Passed route at end.
[vpr] Overriding architecture block(s) based on fabric io block...
[vpr] Complex block 218: cb.out:pv9_2_2_, type: io
[vpr] 	
[vpr] Passed route at end.
[vpr] Overriding architecture block(s) based on fabric io block...
[vpr] Complex block 219: cb.out:pv2_2_2_, type: io
[vpr] 	
[vpr] Passed route at end.
[vpr] Overriding architecture block(s) based on fabric io block...
[vpr] Complex block 220: cb.out:pv6_1_1_, type: io
[vpr] 	
[vpr] Passed route at end.
[vpr] Overriding architecture block(s) based on fabric io block...
[vpr] Complex block 221: cb.out:pv11_0_0_, type: io
[vpr] 	
[vpr] Passed route at end.
[vpr] Overriding architecture block(s) based on fabric io block...
[vpr] Complex block 222: cb.out:pv3_0_0_, type: io
[vpr] 	
[vpr] Passed route at end.
[vpr] Overriding architecture block(s) based on fabric io block...
[vpr] Complex block 223: cb.out:pv12_3_3_, type: io
[vpr] 	
[vpr] Passed route at end.
[vpr] Overriding architecture block(s) based on fabric io block...
[vpr] Complex block 224: cb.out:pv14_2_2_, type: io
[vpr] 	
[vpr] Passed route at end.
[vpr] Overriding architecture block(s) based on fabric io block...
[vpr] Complex block 225: cb.out:pv7_7_7_, type: io
[vpr] 	
[vpr] Passed route at end.
[vpr] Overriding architecture block(s) based on fabric io block...
[vpr] Complex block 226: cb.out:pv10_0_0_, type: io
[vpr] 	
[vpr] Passed route at end.
[vpr] Overriding architecture block(s) based on fabric io block...
[vpr] Complex block 227: cb.out:pready_0_0_, type: io
[vpr] 	
[vpr] Passed route at end.
[vpr] Overriding architecture block(s) based on fabric io block...
[vpr] Complex block 228: cb.out:pv4_4_4_, type: io
[vpr] 	
[vpr] Passed route at end.
[vpr] Overriding architecture block(s) based on fabric io block...
[vpr] Complex block 229: cb.out:pv8_3_3_, type: io
[vpr] 	
[vpr] Passed route at end.
[vpr] Overriding architecture block(s) based on fabric io block...
[vpr] Complex block 230: cb.out:pv11_1_1_, type: io
[vpr] 	
[vpr] Passed route at end.
[vpr] Overriding architecture block(s) based on fabric io block...
[vpr] Complex block 231: cb.out:pv13_0_0_, type: io
[vpr] 	
[vpr] Passed route at end.
[vpr] Overriding architecture block(s) based on fabric io block...
[vpr] Complex block 232: cb.out:pv1_3_3_, type: io
[vpr] 	
[vpr] Passed route at end.
[vpr] Overriding architecture block(s) based on fabric io block...
[vpr] Complex block 233: cb.out:pv4_2_2_, type: io
[vpr] 	
[vpr] Passed route at end.
[vpr] Overriding architecture block(s) based on fabric io block...
[vpr] Complex block 234: cb.out:pv5_2_2_, type: io
[vpr] 	
[vpr] Passed route at end.
[vpr] Overriding architecture block(s) based on fabric io block...
[vpr] Complex block 235: cb.out:pv8_1_1_, type: io
[vpr] 	
[vpr] Passed route at end.
[vpr] Overriding architecture block(s) based on fabric io block...
[vpr] Complex block 236: cb.out:pv11_5_5_, type: io
[vpr] 	
[vpr] Passed route at end.
[vpr] Overriding architecture block(s) based on fabric io block...
[vpr] Complex block 237: cb.out:pv9_1_1_, type: io
[vpr] 	
[vpr] Passed route at end.
[vpr] Overriding architecture block(s) based on fabric io block...
[vpr] Complex block 238: cb.out:pv13_4_4_, type: io
[vpr] 	
[vpr] Passed route at end.
[vpr] Overriding architecture block(s) based on fabric io block...
[vpr] Complex block 239: cb.out:pv15_3_3_, type: io
[vpr] 	
[vpr] Passed route at end.
[vpr] Overriding architecture block(s) based on fabric io block...
[vpr] Complex block 240: cb.out:pv1_1_1_, type: io
[vpr] 	
[vpr] Passed route at end.
[vpr] Overriding architecture block(s) based on fabric io block...
[vpr] Complex block 241: cb.out:pv12_0_0_, type: io
[vpr] 	
[vpr] Passed route at end.
[vpr] Overriding architecture block(s) based on fabric io block...
[vpr] Complex block 242: cb.out:pv5_0_0_, type: io
[vpr] 	
[vpr] Passed route at end.
[vpr] Overriding architecture block(s) based on fabric io block...
[vpr] Complex block 243: cb.out:pv10_1_1_, type: io
[vpr] 	
[vpr] Passed route at end.
[vpr] Overriding architecture block(s) based on fabric io block...
[vpr] Complex block 244: cb.out:pv9_7_7_, type: io
[vpr] 	
[vpr] Passed route at end.
[vpr] Overriding architecture block(s) based on fabric io block...
[vpr] Complex block 245: cb.out:pv10_5_5_, type: io
[vpr] 	
[vpr] Passed route at end.
[vpr] Overriding architecture block(s) based on fabric io block...
[vpr] Complex block 246: cb.out:pv12_4_4_, type: io
[vpr] 	
[vpr] Passed route at end.
[vpr] Overriding architecture block(s) based on fabric io block...
[vpr] Complex block 247: cb.out:pv14_3_3_, type: io
[vpr] 	
[vpr] Passed route at end.
[vpr] Overriding architecture block(s) based on fabric io block...
[vpr] Complex block 248: cb.out:pv2_1_1_, type: io
[vpr] 	
[vpr] Passed route at end.
[vpr] Overriding architecture block(s) based on fabric io block...
[vpr] Complex block 249: cb.out:pv2_7_7_, type: io
[vpr] 	
[vpr] Passed route at end.
[vpr] Overriding architecture block(s) based on fabric io block...
[vpr] Complex block 250: cb.out:pv6_6_6_, type: io
[vpr] 	
[vpr] Passed route at end.
[vpr] Overriding architecture block(s) based on fabric io block...
[vpr] Complex block 251: cb.out:pv13_1_1_, type: io
[vpr] 	
[vpr] Passed route at end.
[vpr] Overriding architecture block(s) based on fabric io block...
[vpr] Complex block 252: cb.out:pv11_2_2_, type: io
[vpr] 	
[vpr] Passed route at end.
[vpr] Overriding architecture block(s) based on fabric io block...
[vpr] Complex block 253: cb.out:pv11_6_6_, type: io
[vpr] 	
[vpr] Passed route at end.
[vpr] Overriding architecture block(s) based on fabric io block...
[vpr] Complex block 254: cb.out:pv13_5_5_, type: io
[vpr] 	
[vpr] Passed route at end.
[vpr] Overriding architecture block(s) based on fabric io block...
[vpr] Complex block 255: cb.out:pv6_0_0_, type: io
[vpr] 	
[vpr] Passed route at end.
[vpr] Overriding architecture block(s) based on fabric io block...
[vpr] Complex block 256: cb.out:pv15_4_4_, type: io
[vpr] 	
[vpr] Passed route at end.
[vpr] Overriding architecture block(s) based on fabric io block...
[vpr] Complex block 257: cb.out:pv3_5_5_, type: io
[vpr] 	
[vpr] Passed route at end.
[vpr] Overriding architecture block(s) based on fabric io block...
[vpr] Complex block 258: cb.out:pv15_0_0_, type: io
[vpr] 	
[vpr] Passed route at end.
[vpr] Overriding architecture block(s) based on fabric io block...
[vpr] Complex block 259: cb.out:pv7_4_4_, type: io
[vpr] 	
[vpr] Passed route at end.
[vpr] Overriding architecture block(s) based on fabric io block...
[vpr] Complex block 260: cb.out:pv10_6_6_, type: io
[vpr] 	
[vpr] Passed route at end.
[vpr] Overriding architecture block(s) based on fabric io block...
[vpr] Complex block 261: cb.out:pv3_7_7_, type: io
[vpr] 	
[vpr] Passed route at end.
[vpr] Overriding architecture block(s) based on fabric io block...
[vpr] Complex block 262: cb.out:pv12_5_5_, type: io
[vpr] 	
[vpr] Passed route at end.
[vpr] Overriding architecture block(s) based on fabric io block...
[vpr] Complex block 263: cb.out:pv14_4_4_, type: io
[vpr] 	
[vpr] Passed route at end.
[vpr] Overriding architecture block(s) based on fabric io block...
[vpr] Complex block 264: cb.out:pv4_1_1_, type: io
[vpr] 	
[vpr] Passed route at end.
[vpr] Overriding architecture block(s) based on fabric io block...
[vpr] Complex block 265: cb.out:pv10_2_2_, type: io
[vpr] 	
[vpr] Passed route at end.
[vpr] Overriding architecture block(s) based on fabric io block...
[vpr] Complex block 266: cb.out:pv8_0_0_, type: io
[vpr] 	
[vpr] Passed route at end.
[vpr] Overriding architecture block(s) based on fabric io block...
[vpr] Complex block 267: cb.out:pv7_6_6_, type: io
[vpr] 	
[vpr] Passed route at end.
[vpr] Overriding architecture block(s) based on fabric io block...
[vpr] Complex block 268: cb.out:pv11_7_7_, type: io
[vpr] 	
[vpr] Passed route at end.
[vpr] Overriding architecture block(s) based on fabric io block...
[vpr] Complex block 269: cb.out:pv13_6_6_, type: io
[vpr] 	
[vpr] Passed route at end.
[vpr] Overriding architecture block(s) based on fabric io block...
[vpr] Complex block 270: cb.out:pv12_1_1_, type: io
[vpr] 	
[vpr] Passed route at end.
[vpr] Overriding architecture block(s) based on fabric io block...
[vpr] Complex block 271: cb.out:pv15_5_5_, type: io
[vpr] 	
[vpr] Passed route at end.
[vpr] Overriding architecture block(s) based on fabric io block...
[vpr] Complex block 272: cb.out:pv1_0_0_, type: io
[vpr] 	
[vpr] Passed route at end.
[vpr] Overriding architecture block(s) based on fabric io block...
[vpr] Complex block 273: cb.out:pv14_0_0_, type: io
[vpr] 	
[vpr] Passed route at end.
[vpr] Overriding architecture block(s) based on fabric io block...
[vpr] Complex block 274: cb.out:pv5_7_7_, type: io
[vpr] 	
[vpr] Passed route at end.
[vpr] Overriding architecture block(s) based on fabric io block...
[vpr] Complex block 275: cb.out:pv9_6_6_, type: io
[vpr] 	
[vpr] Passed route at end.
[vpr] Overriding architecture block(s) based on fabric io block...
[vpr] Complex block 276: cb.out:pv8_2_2_, type: io
[vpr] 	
[vpr] Passed route at end.
[vpr] Overriding architecture block(s) based on fabric io block...
[vpr] Complex block 277: cb.out:pv12_6_6_, type: io
[vpr] 	
[vpr] Passed route at end.
[vpr] Overriding architecture block(s) based on fabric io block...
[vpr] Complex block 278: cb.out:pv10_7_7_, type: io
[vpr] 	
[vpr] Passed route at end.
[vpr] Overriding architecture block(s) based on fabric io block...
[vpr] Complex block 279: cb.out:pv4_3_3_, type: io
[vpr] 	
[vpr] Passed route at end.
[vpr] Overriding architecture block(s) based on fabric io block...
[vpr] Complex block 280: cb.out:pv14_5_5_, type: io
[vpr] 	
[vpr] Passed route at end.
[vpr] Overriding architecture block(s) based on fabric io block...
[vpr] Complex block 281: cb.out:pv11_3_3_, type: io
[vpr] 	
[vpr] Passed route at end.
[vpr] Overriding architecture block(s) based on fabric io block...
[vpr] Complex block 282: cb.out:pv13_2_2_, type: io
[vpr] 	
[vpr] Passed route at end.
[vpr] Overriding architecture block(s) based on fabric io block...
[vpr] Complex block 283: cb.out:pv12_2_2_, type: io
[vpr] 	
[vpr] Passed route at end.
[vpr] Overriding architecture block(s) based on fabric io block...
[vpr] Complex block 284: cb.out:pv2_6_6_, type: io
[vpr] 	
[vpr] Passed route at end.
[vpr] Overriding architecture block(s) based on fabric io block...
[vpr] Complex block 285: cb.out:pv10_3_3_, type: io
[vpr] 	
[vpr] Passed route at end.
[vpr] Overriding architecture block(s) based on fabric io block...
[vpr] Complex block 286: cb.out:pv1_2_2_, type: io
[vpr] 	
[vpr] Passed route at end.
[vpr] Overriding architecture block(s) based on fabric io block...
[vpr] Complex block 287: cb.out:pv6_5_5_, type: io
[vpr] 	
[vpr] Passed route at end.
[vpr] Overriding architecture block(s) based on fabric io block...
[vpr] Complex block 288: cb.out:pv9_0_0_, type: io
[vpr] 	
[vpr] Passed route at end.
[vpr] Overriding architecture block(s) based on fabric io block...
[vpr] Complex block 289: cb.out:pv13_7_7_, type: io
[vpr] 	
[vpr] Passed route at end.
[vpr] Overriding architecture block(s) based on fabric io block...
[vpr] Complex block 290: cb.out:pv15_6_6_, type: io
[vpr] 	
[vpr] Passed route at end.
[vpr] Overriding architecture block(s) based on fabric io block...
[vpr] Complex block 291: cb.out:pv3_4_4_, type: io
[vpr] 	
[vpr] Passed route at end.
[vpr] Overriding architecture block(s) based on fabric io block...
[vpr] Complex block 292: cb.out:pv7_3_3_, type: io
[vpr] 	
[vpr] Passed route at end.
[vpr] Overriding architecture block(s) based on fabric io block...
[vpr] Complex block 293: cb.out:pv15_1_1_, type: io
[vpr] 	
[vpr] Passed route at end.
[vpr] Overriding architecture block(s) based on fabric io block...
[vpr] Complex block 294: cb.out:pv12_7_7_, type: io
[vpr] 	
[vpr] Passed route at end.
[vpr] Overriding architecture block(s) based on fabric io block...
[vpr] Complex block 295: cb.out:pv14_6_6_, type: io
[vpr] 	
[vpr] Passed route at end.
[vpr] Overriding architecture block(s) based on fabric io block...
[vpr] Complex block 296: cb.out:pv4_0_0_, type: io
[vpr] 	
[vpr] Passed route at end.
[vpr] Overriding architecture block(s) based on fabric io block...
[vpr] Complex block 297: cb.out:pv8_7_7_, type: io
[vpr] 	
[vpr] Passed route at end.
[vpr] Overriding architecture block(s) based on fabric io block...
[vpr] Complex block 298: cb.out:pv15_7_7_, type: io
[vpr] 	
[vpr] Passed route at end.
[vpr] Overriding architecture block(s) based on fabric io block...
[vpr] Complex block 299: cb.out:pv1_7_7_, type: io
[vpr] 	
[vpr] Passed route at end.
[vpr] Overriding architecture block(s) based on fabric io block...
[vpr] Complex block 300: cb.out:pv5_6_6_, type: io
[vpr] 	
[vpr] Passed route at end.
[vpr] Overriding architecture block(s) based on fabric io block...
[vpr] Complex block 301: cb.out:pv9_5_5_, type: io
[vpr] 	
[vpr] Passed route at end.
[vpr] Overriding architecture block(s) based on fabric io block...
[vpr] Complex block 302: cb.out:pv5_1_1_, type: io
[vpr] 	
[vpr] Passed route at end.
[vpr] Overriding architecture block(s) based on fabric io block...
[vpr] Complex block 303: cb.pv14_3_3_, type: clb
[vpr] 	
[vpr] Passed route at end.
[vpr] Overriding architecture block(s) based on fabric io block...
[vpr] Complex block 304: cb.out:pdn, type: io
[vpr] 	
[vpr] Passed route at end.
[vpr] Overriding architecture block(s) based on fabric io block...
[vpr] Complex block 305: cb.pclk, type: io
[vpr] 	
[vpr] Passed route at end.
[vpr] 	<EMPTY>: # blocks: 0, average # input + clock pins used: 0, average # output pins used: 0
[vpr] 	io: # blocks: 174, average # input + clock pins used: 0.701149, average # output pins used: 0.298851
[vpr] 	clb_2x2: # blocks: 6, average # input + clock pins used: 14.5, average # output pins used: 6.5
[vpr] 	clb_3x1: # blocks: 32, average # input + clock pins used: 15.4375, average # output pins used: 5
[vpr] 	clb: # blocks: 94, average # input + clock pins used: 10.8617, average # output pins used: 3.78723
[vpr] Absorbed logical nets 876 out of 1483 nets, 607 nets not absorbed.
[vpr] 
[vpr] Netlist conversion complete.
[vpr] 
[vpr] Packing completed.
[vpr] Begin parsing packed FPGA netlist file.
[vpr] Finished parsing packed FPGA netlist file.
[vpr] Netlist generated from file 'vpr_tseng_fabric_blocks.vpr.net'.
[vpr] 
[vpr] Netlist num_nets: 607
[vpr] Netlist num_blocks: 306
[vpr] Netlist <EMPTY> blocks: 0.
[vpr] Netlist clb_2x2 blocks: 6.
[vpr] Netlist clb_3x1 blocks: 32.
[vpr] Netlist clb blocks: 94.
[vpr] Netlist inputs pins: 52
[vpr] Netlist output pins: 122
[vpr] 
[vpr] Overriding architecture block(s) based on fabric io block...
[vpr] The circuit will be mapped into a 18 x 18 array of clbs.
[vpr] 
[vpr] Resource usage...
[vpr] 	Netlist      0	blocks of type: <EMPTY>
[vpr] 	Architecture 25	blocks of type: <EMPTY>
[vpr] 	Netlist      174	blocks of type: io
[vpr] 	Architecture 416	blocks of type: io
[vpr] 	Netlist      6	blocks of type: clb_2x2
[vpr] 	Architecture 6	blocks of type: clb_2x2
[vpr] 	Netlist      32	blocks of type: clb_3x1
[vpr] 	Architecture 32	blocks of type: clb_3x1
[vpr] 	Netlist      94	blocks of type: clb
[vpr] 	Architecture 203	blocks of type: clb
[vpr] 
[vpr] 
[vpr] There are 1603 point to point connections in this circuit.
[vpr] 
[vpr] Initial placement cost: 0.997189 bb_cost: 126.182 td_cost: 5.40882e-07 delay_cost: 1.44159e-06
[vpr] 
[vpr] ------- ------- ---------- ---------- ---------- ---------- ------- ------- ------- ------- ------ --------- ------
[vpr]       T    Cost Av BB Cost Av TD Cost Av Tot Del P to P Del   d_max Ac Rate Std Dev R limit    Exp Tot Moves  Alpha
[vpr] ------- ------- ---------- ---------- ---------- ---------- ------- ------- ------- ------- ------ --------- ------
[vpr] 0.25848 0.96736   124.9132 4.5563e-07 1.4394e-06 8.9931e-10 16.0971  0.9990  0.0190 19.0000  1.000      2061  0.500
[vpr] 0.12924 0.99764   125.5095 4.9391e-07 1.4316e-06 9.0298e-10 14.2511  0.9971  0.0202 19.0000  1.000      4122  0.500
[vpr] 0.06462 0.98099   125.9477 4.8886e-07 1.4462e-06 9.0839e-10 14.8555  0.9918  0.0185 19.0000  1.000      6183  0.500
[vpr] 0.03231 0.96027   123.2345 4.5022e-07 1.4219e-06 9.0251e-10 16.3022  0.9772  0.0174 19.0000  1.000      8244  0.500
[vpr] 0.01616 0.97944   122.3518 4.4738e-07 1.4181e-06 8.7658e-10 15.7443  0.9646  0.0128 19.0000  1.000     10305  0.500
[vpr] 0.00808 0.98934   121.0084 3.9554e-07 1.3799e-06 8.747e-10  17.1227  0.9156  0.0145 19.0000  1.000     12366  0.900
[vpr] 0.00727 0.98998   120.0734 4.7125e-07 1.378e-06  8.5406e-10 13.4881  0.9146  0.0192 19.0000  1.000     14427  0.900
[vpr] 0.00654 1.00385   118.4907 4.2844e-07 1.3515e-06 8.1895e-10 14.7283  0.9015  0.0167 19.0000  1.000     16488  0.900
[vpr] 0.00589 0.98679   118.2197 4.2355e-07 1.3669e-06 8.4966e-10 15.7546  0.9039  0.0134 19.0000  1.000     18549  0.900
[vpr] 0.00530 0.98072   115.7719 4.6953e-07 1.3484e-06 8.4834e-10 12.9521  0.8714  0.0273 19.0000  1.000     20610  0.900
[vpr] 0.00477 0.97048   115.1900 3.9268e-07 1.3302e-06 8.457e-10  16.9859  0.8705  0.0219 19.0000  1.000     22671  0.900
[vpr] 0.00429 0.95321   112.4926 3.8811e-07 1.2931e-06 8.4536e-10 14.9238  0.8418  0.0184 19.0000  1.000     24732  0.900
[vpr] 0.00386 0.99827   111.1500 4.0161e-07 1.2886e-06 8.1166e-10 14.3769  0.8234  0.0198 19.0000  1.000     26793  0.900
[vpr] 0.00348 0.98349   113.4866 3.8002e-07 1.3195e-06 8.3094e-10 16.5757  0.8297  0.0176 19.0000  1.000     28854  0.900
[vpr] 0.00313 0.93666   110.3661 4.1635e-07 1.2989e-06 8.3593e-10 14.3085  0.8030  0.0206 19.0000  1.000     30915  0.900
[vpr] 0.00282 0.98817   109.4861 4.3289e-07 1.2793e-06 8.0923e-10 12.7470  0.7623  0.0189 19.0000  1.000     32976  0.950
[vpr] 0.00268 0.97760   107.8766 3.7531e-07 1.2555e-06 7.9409e-10 14.9922  0.7841  0.0260 19.0000  1.000     35037  0.950
[vpr] 0.00254 0.98440   106.9950 4.0295e-07 1.2309e-06 7.5988e-10 13.0095  0.7632  0.0229 19.0000  1.000     37098  0.950
[vpr] 0.00241 0.99114   106.0848 3.9052e-07 1.2341e-06 7.7204e-10 13.5564  0.7380  0.0122 19.0000  1.000     39159  0.950
[vpr] 0.00229 0.97874   105.4358 3.987e-07  1.2138e-06 7.6295e-10 12.7927  0.7385  0.0156 19.0000  1.000     41220  0.950
[vpr] 0.00218 0.99583   103.8533 3.7042e-07 1.2017e-06 7.3467e-10 13.2940  0.7157  0.0086 19.0000  1.000     43281  0.950
[vpr] 0.00207 0.96236   103.2517 3.7189e-07 1.1828e-06 7.5745e-10 13.1572  0.7079  0.0169 19.0000  1.000     45342  0.950
[vpr] 0.00197 0.98291   101.8889 3.6839e-07 1.1588e-06 7.302e-10  12.4735  0.6938  0.0138 19.0000  1.000     47403  0.950
[vpr] 0.00187 0.98990   101.0768 3.6644e-07 1.1557e-06 7.0789e-10 12.4625  0.6880  0.0131 19.0000  1.000     49464  0.950
[vpr] 0.00178 0.97253    99.7792 3.8537e-07 1.1431e-06 7.2431e-10 11.9259  0.7065  0.0126 19.0000  1.000     51525  0.950
[vpr] 0.00169 0.97987   100.2078 4.0905e-07 1.1487e-06 7.1181e-10 11.1745  0.6924  0.0109 19.0000  1.000     53586  0.950
[vpr] 0.00160 0.98932    98.9314 3.8526e-07 1.1378e-06 7.1117e-10 11.7781  0.6584  0.0134 19.0000  1.000     55647  0.950
[vpr] 0.00152 0.98735    97.4958 3.8044e-07 1.1174e-06 6.9714e-10 11.2429  0.6497  0.0079 19.0000  1.000     57708  0.950
[vpr] 0.00145 0.99123    97.5742 3.5524e-07 1.1243e-06 7.0414e-10 12.9521  0.6560  0.0079 19.0000  1.000     59769  0.950
[vpr] 0.00137 0.98491    96.8263 3.6107e-07 1.1295e-06 6.9385e-10 12.2684  0.6521  0.0105 19.0000  1.000     61830  0.950
[vpr] 0.00130 0.95891    94.1142 3.4248e-07 1.0832e-06 6.9283e-10 12.5993  0.6167  0.0156 19.0000  1.000     63891  0.950
[vpr] 0.00124 0.98153    93.5292 3.4453e-07 1.0803e-06 6.8149e-10 12.1207  0.5900  0.0088 19.0000  1.000     65952  0.950
[vpr] 0.00118 0.99414    92.9818 3.4236e-07 1.073e-06  6.695e-10  12.1890  0.5997  0.0056 19.0000  1.000     68013  0.950
[vpr] 0.00112 0.99451    94.2407 3.5794e-07 1.0917e-06 6.8106e-10 11.6524  0.5740  0.0081 19.0000  1.000     70074  0.950
[vpr] 0.00106 0.98793    92.1313 3.8161e-07 1.0812e-06 6.6976e-10 10.9694  0.5711  0.0093 19.0000  1.000     72135  0.950
[vpr] 0.00101 0.98259    92.5126 3.7443e-07 1.0798e-06 6.8025e-10 11.3796  0.5657  0.0103 19.0000  1.000     74196  0.950
[vpr] 0.00096 0.99557    92.2381 3.3082e-07 1.082e-06  6.7219e-10 12.9521  0.5657  0.0066 19.0000  1.000     76257  0.950
[vpr] 0.00091 0.98322    90.9166 3.6687e-07 1.0768e-06 6.8029e-10 11.3112  0.5468  0.0081 19.0000  1.000     78318  0.950
[vpr] 0.00087 0.98573    89.4404 3.6931e-07 1.0509e-06 6.5927e-10 10.8326  0.5342  0.0049 19.0000  1.000     80379  0.950
[vpr] 0.00082 0.97912    89.0259 3.4443e-07 1.0484e-06 6.6754e-10 11.9839  0.5075  0.0118 19.0000  1.000     82440  0.950
[vpr] 0.00078 0.98501    87.4550 3.606e-07  1.0365e-06 6.4818e-10 11.1061  0.4954  0.0042 19.0000  1.000     84501  0.950
[vpr] 0.00074 0.98802    87.1219 3.4466e-07 1.0297e-06 6.4114e-10 11.3112  0.4842  0.0044 19.0000  1.000     86562  0.950
[vpr] 0.00071 0.98672    85.6625 3.4267e-07 1.0203e-06 6.4792e-10 11.3796  0.4609  0.0062 19.0000  1.000     88623  0.950
[vpr] 0.00067 0.98914    83.5127 3.54e-07   1.0069e-06 6.3214e-10 10.9694  0.4158  0.0063 19.0000  1.000     90684  0.950
[vpr] 0.00064 0.98527    84.9344 3.0621e-07 1.0218e-06 6.3905e-10 11.2429  0.4808  0.0108 18.5405  1.179     92745  0.950
[vpr] 0.00060 0.99092    82.9177 3.383e-07  1.0103e-06 6.3321e-10 11.6531  0.4483  0.0067 19.0000  1.000     94806  0.950
[vpr] 0.00057 0.99619    82.7177 3.3771e-07 1.0045e-06 6.2497e-10 11.2429  0.4221  0.0035 19.0000  1.000     96867  0.950
[vpr] 0.00055 0.99146    82.8199 3.0435e-07 9.9837e-07 6.28e-10   11.1745  0.4381  0.0028 18.6604  1.132     98928  0.950
[vpr] 0.00052 0.98510    82.1826 3.1487e-07 9.9652e-07 6.2873e-10 10.5592  0.4095  0.0079 18.6256  1.146    100989  0.950
[vpr] 0.00049 0.99462    80.8539 2.6998e-07 9.9371e-07 6.1538e-10 10.5592  0.4304  0.0059 18.0577  1.366    103050  0.950
[vpr] 0.00047 0.99586    79.4799 2.5968e-07 9.9474e-07 6.1913e-10 10.5592  0.3891  0.0052 17.8839  1.434    105111  0.950
[vpr] 0.00044 1.00259    80.0776 2.0058e-07 9.9895e-07 6.216e-10  10.8326  0.3940  0.0022 16.9742  1.788    107172  0.950
[vpr] 0.00042 0.99446    79.9594 1.6805e-07 1.0033e-06 6.228e-10  10.9694  0.3974  0.0028 16.1931  2.092    109233  0.950
[vpr] 0.00040 0.99340    80.3633 1.4573e-07 1.0054e-06 6.2907e-10 10.9694  0.4144  0.0021 15.5029  2.360    111294  0.950
[vpr] 0.00038 0.99530    79.4643 1.338e-07  1.0032e-06 6.2685e-10 11.0951  0.3882  0.0049 15.1055  2.515    113355  0.950
[vpr] 0.00036 0.99363    78.5062 1.1822e-07 9.9971e-07 6.2587e-10 11.0377  0.3959  0.0032 14.3224  2.819    115416  0.950
[vpr] 0.00034 0.99821    77.7534 1.2413e-07 9.9591e-07 6.2233e-10 10.4224  0.3940  0.0022 13.6911  3.065    117477  0.950
[vpr] 0.00033 0.99519    78.6804 1.0128e-07 1.001e-06  6.2084e-10 11.0377  0.3843  0.0025 13.0611  3.310    119538  0.950
[vpr] 0.00031 0.98426    78.3628 8.5055e-08 9.9878e-07 6.2497e-10 11.9839  0.3857  0.0084 12.3333  3.593    121599  0.950
[vpr] 0.00029 0.99523    77.7352 8.9216e-08 1.0041e-06 6.2293e-10 10.8326  0.4047  0.0044 11.6641  3.853    123660  0.950
[vpr] 0.00028 0.98394    77.1205 7.3898e-08 9.9746e-07 6.2293e-10 11.9156  0.3959  0.0069 11.2518  4.013    125721  0.950
[vpr] 0.00027 0.98854    75.7763 7.5792e-08 9.9411e-07 6.2203e-10 11.2429  0.3828  0.0044 10.7559  4.206    127782  0.950
[vpr] 0.00025 0.99636    75.9437 8.6848e-08 9.9617e-07 6.2058e-10 10.4224  0.3639  0.0053 10.1409  4.445    129843  0.950
[vpr] 0.00024 1.00176    75.7317 7.5178e-08 9.9557e-07 6.1657e-10 10.8326  0.3877  0.0019  9.3692  4.745    131904  0.950
[vpr] 0.00023 0.99217    75.4716 7.9227e-08 9.9512e-07 6.2284e-10 10.4224  0.3935  0.0036  8.8790  4.936    133965  0.950
[vpr] 0.00022 0.99419    74.4723 7.1156e-08 9.9343e-07 6.2233e-10 10.8326  0.3649  0.0027  8.4661  5.097    136026  0.950
[vpr] 0.00021 0.98344    74.7382 7.7899e-08 9.8817e-07 6.2749e-10 10.1953  0.3765  0.0030  7.8300  5.344    138087  0.950
[vpr] 0.00020 0.99858    74.5952 6.7846e-08 9.8929e-07 6.1414e-10 10.8326  0.4105  0.0011  7.3330  5.537    140148  0.950
[vpr] 0.00019 0.99335    74.2794 7.342e-08  9.7737e-07 6.115e-10  10.4224  0.3819  0.0018  7.1165  5.621    142209  0.950
[vpr] 0.00018 0.99546    73.9724 6.2949e-08 9.7652e-07 6.0979e-10 10.9694  0.3886  0.0025  6.7027  5.782    144270  0.950
[vpr] 0.00017 0.99486    73.8841 6.706e-08  9.7988e-07 6.1013e-10 10.5592  0.3620  0.0035  6.3585  5.916    146331  0.950
[vpr] 0.00016 0.99286    72.9769 6.2264e-08 9.7222e-07 6.0864e-10 10.8326  0.3852  0.0038  5.8623  6.109    148392  0.950
[vpr] 0.00015 0.99649    73.0492 6.2379e-08 9.6955e-07 6.0377e-10 10.5592  0.3668  0.0013  5.5413  6.234    150453  0.950
[vpr] 0.00014 0.99440    73.0202 5.7714e-08 9.8527e-07 6.1231e-10 10.8326  0.3736  0.0020  5.1358  6.392    152514  0.950
[vpr] 0.00014 0.99700    72.6963 6.0612e-08 9.8546e-07 6.1563e-10 10.4224  0.3610  0.0011  4.7948  6.524    154575  0.950
[vpr] 0.00013 0.99732    72.4535 6.6982e-08 9.8519e-07 6.1572e-10 10.1953  0.3595  0.0014  4.4159  6.672    156636  0.950
[vpr] 0.00012 1.00040    72.2581 6.0372e-08 9.8293e-07 6.1214e-10 10.3540  0.3586  0.0016  4.0606  6.810    158697  0.950
[vpr] 0.00012 0.99506    71.6748 5.7509e-08 9.8007e-07 6.1435e-10 10.4224  0.4066  0.0029  3.7299  6.938    160758  0.950
[vpr] 0.00011 1.00015    71.4894 6.4364e-08 9.7583e-07 6.0834e-10 10.2173  0.3819  0.0011  3.6053  6.987    162819  0.950
[vpr] 0.00011 0.99641    70.8827 6.3856e-08 9.7475e-07 6.1017e-10 10.2173  0.3561  0.0012  3.3957  7.068    164880  0.950
[vpr] 0.00010 0.99486    70.7706 6.3496e-08 9.7623e-07 6.0924e-10 10.2173  0.3581  0.0020  3.1109  7.179    166941  0.950
[vpr] 0.00010 0.99952    70.8609 6.2498e-08 9.7549e-07 6.103e-10  10.2173  0.4095  0.0012  2.8561  7.278    169002  0.950
[vpr] 0.00009 0.99726    70.6631 6.0251e-08 9.754e-07  6.0821e-10 10.2173  0.3688  0.0009  2.7690  7.312    171063  0.950
[vpr] 0.00009 0.99949    70.4876 5.4091e-08 9.7382e-07 6.0817e-10 10.4224  0.3634  0.0011  2.5717  7.389    173124  0.950
[vpr] 0.00008 0.99761    70.2071 6.1624e-08 9.7112e-07 6.0817e-10 10.1953  0.3624  0.0012  2.3748  7.465    175185  0.950
[vpr] 0.00008 0.99992    69.9132 5.3278e-08 9.6808e-07 6.045e-10  10.4224  0.3401  0.0008  2.1906  7.537    177246  0.950
[vpr] 0.00007 0.99858    69.8642 5.9571e-08 9.6811e-07 6.0373e-10 10.1953  0.4144  0.0007  1.9718  7.622    179307  0.950
[vpr] 0.00007 0.99865    69.5163 5.6446e-08 9.6564e-07 6.0237e-10 10.2857  0.3940  0.0005  1.9213  7.642    181368  0.950
[vpr] 0.00007 0.99862    69.2759 5.9043e-08 9.6361e-07 6.0211e-10 10.1953  0.3882  0.0011  1.8328  7.676    183429  0.950
[vpr] 0.00006 0.99961    69.1863 5.6066e-08 9.6257e-07 6.0177e-10 10.2857  0.3605  0.0004  1.7378  7.713    185490  0.950
[vpr] 0.00006 0.99866    69.1506 5.8893e-08 9.6439e-07 5.9891e-10 10.1953  0.3358  0.0005  1.5997  7.767    187551  0.950
[vpr] 0.00006 0.99789    68.8294 5.5438e-08 9.6283e-07 6.0373e-10 10.2857  0.3251  0.0012  1.4329  7.832    189612  0.950
[vpr] 0.00005 0.99932    68.8196 5.8247e-08 9.6187e-07 5.9644e-10 10.1953  0.3188  0.0005  1.2683  7.896    191673  0.950
[vpr] 0.00005 0.99912    68.7980 5.3244e-08 9.6352e-07 6.022e-10  10.3540  0.3008  0.0004  1.1145  7.955    193734  0.950
[vpr] 0.00005 0.99801    68.8647 5.7455e-08 9.6539e-07 6.0105e-10 10.1953  0.3251  0.0012  1.0000  8.000    195795  0.950
[vpr] 0.00005 0.99853    68.4817 5.4546e-08 9.613e-07  6.0262e-10 10.2857  0.2906  0.0004  1.0000  8.000    197856  0.950
[vpr] 0.00004 0.99703    68.4204 5.7474e-08 9.6115e-07 5.9921e-10 10.1953  0.2698  0.0013  1.0000  8.000    199917  0.950
[vpr] 0.00004 0.99999    68.2269 5.4503e-08 9.6031e-07 5.99e-10   10.2857  0.2290  0.0005  1.0000  8.000    201978  0.950
[vpr] 0.00004 0.99865    68.2741 5.7469e-08 9.5964e-07 5.9951e-10 10.1953  0.2426  0.0009  1.0000  8.000    204039  0.950
[vpr] 0.00004 0.99994    68.1352 5.4486e-08 9.5994e-07 5.9989e-10 10.2857  0.2479  0.0002  1.0000  8.000    206100  0.950
[vpr] 0.00004 0.99834    68.1695 5.7413e-08 9.6196e-07 5.9943e-10 10.1953  0.2261  0.0008  1.0000  8.000    208161  0.950
[vpr] 0.00003 0.99977    67.9888 5.4494e-08 9.6089e-07 6.0019e-10 10.2857  0.1970  0.0002  1.0000  8.000    210222  0.950
[vpr] 0.00003 0.99923    68.0698 5.7506e-08 9.6e-07    5.9861e-10 10.1953  0.2038  0.0008  1.0000  8.000    212283  0.950
[vpr] 0.00003 0.99936    67.9243 5.448e-08  9.5936e-07 5.9908e-10 10.2857  0.1941  0.0004  1.0000  8.000    214344  0.950
[vpr] 0.00003 0.99922    67.9308 5.7451e-08 9.6007e-07 5.9827e-10 10.1953  0.1761  0.0005  1.0000  8.000    216405  0.950
[vpr] 0.00003 1.00029    67.8900 5.4503e-08 9.5814e-07 5.9879e-10 10.2857  0.1795  0.0001  1.0000  8.000    218466  0.950
[vpr] 0.00003 0.99865    67.9859 5.7394e-08 9.5962e-07 5.9725e-10 10.1953  0.1824  0.0005  1.0000  8.000    220527  0.950
[vpr] 0.00003 0.99956    67.7579 5.4514e-08 9.5743e-07 5.9887e-10 10.2857  0.1524  0.0002  1.0000  8.000    222588  0.950
[vpr] 0.00002 0.99877    67.8077 5.7455e-08 9.5864e-07 5.9725e-10 10.1953  0.1436  0.0007  1.0000  8.000    224649  0.800
[vpr] 0.00002 0.99938    67.6457 5.4519e-08 9.5734e-07 5.9844e-10 10.2857  0.1184  0.0002  1.0000  8.000    226710  0.800
[vpr] 0.00002 0.99883    67.7278 5.7433e-08 9.5861e-07 5.9738e-10 10.1953  0.1038  0.0005  1.0000  8.000    228771  0.800
[vpr] 0.00001 0.99955    67.5780 5.451e-08  9.5798e-07 5.9806e-10 10.2857  0.1033  0.0002  1.0000  8.000    230832  0.800
[vpr] 0.00001 0.99882    67.6906 5.7398e-08 9.5823e-07 5.9712e-10 10.1953  0.1019  0.0002  1.0000  8.000    232893  0.800
[vpr] 0.00000 0.99855    67.6123 5.4487e-08 9.5544e-07 5.9751e-10          0.0243  0.0001  1.0000  8.000    234954
[vpr] 
[vpr] BB estimate of min-dist (placement) wire length: 6739
[vpr] bb_cost recomputed from scratch: 67.5485
[vpr] timing_cost recomputed from scratch: 5.45205e-08
[vpr] delay_cost recomputed from scratch: 9.53972e-07
[vpr] 
[vpr] Completed placement consistency check successfully.
[vpr] 
[vpr] Swaps called: 235260
[vpr] 
[vpr] Placement estimated critical path delay: 10.1953 ns
[vpr] Placement cost: 0.998391, bb_cost: 67.5485, td_cost: 5.45205e-08, delay_cost: 9.53972e-07
[vpr] Placement total # of swap attempts: 235260
[vpr] 	Swap reject rate: 0
[vpr] 	Swap accept rate: 0
[vpr] 	Swap abort rate: 0
[vpr] 
[vpr] Using low: -1, high: -1, current: 28
[vpr] Confirming router algorithm: TIMING_DRIVEN.
[vpr] Wire length after first iteration 10874, total available wire length 19152, ratio 0.567774
[vpr] --------- ---------- -----------
[vpr] Iteration       Time   Crit Path
[vpr] --------- ---------- -----------
[vpr] Routing failed.
[vpr] 
[vpr] Using low: 28, high: -1, current: 56
[vpr] Confirming router algorithm: TIMING_DRIVEN.
[vpr] Wire length after first iteration 10983, total available wire length 38304, ratio 0.286732
[vpr] --------- ---------- -----------
[vpr] Iteration       Time   Crit Path
[vpr] --------- ---------- -----------
[vpr] Critical path: 8.29195 ns
[vpr] Successfully routed after 16 routing iterations.
[vpr] Completed net delay value cross check successfully.
[vpr] 
[vpr] Using low: 28, high: 56, current: 42
[vpr] Confirming router algorithm: TIMING_DRIVEN.
[vpr] Wire length after first iteration 10850, total available wire length 28728, ratio 0.37768
[vpr] --------- ---------- -----------
[vpr] Iteration       Time   Crit Path
[vpr] --------- ---------- -----------
[vpr] Critical path: 8.23389 ns
[vpr] Successfully routed after 15 routing iterations.
[vpr] Completed net delay value cross check successfully.
[vpr] 
[vpr] Using low: 28, high: 42, current: 36
[vpr] Confirming router algorithm: TIMING_DRIVEN.
[vpr] Wire length after first iteration 10921, total available wire length 24624, ratio 0.44351
[vpr] --------- ---------- -----------
[vpr] Iteration       Time   Crit Path
[vpr] --------- ---------- -----------
[vpr] Critical path: 8.50806 ns
[vpr] Successfully routed after 23 routing iterations.
[vpr] Completed net delay value cross check successfully.
[vpr] 
[vpr] Using low: 28, high: 36, current: 32
[vpr] Confirming router algorithm: TIMING_DRIVEN.
[vpr] Wire length after first iteration 11583, total available wire length 21888, ratio 0.529194
[vpr] --------- ---------- -----------
[vpr] Iteration       Time   Crit Path
[vpr] --------- ---------- -----------
[vpr] Routing failed.
[vpr] 
[vpr] Using low: 32, high: 36, current: 34
[vpr] Confirming router algorithm: TIMING_DRIVEN.
[vpr] Wire length after first iteration 10110, total available wire length 23256, ratio 0.434727
[vpr] --------- ---------- -----------
[vpr] Iteration       Time   Crit Path
[vpr] --------- ---------- -----------
[vpr] Critical path: 8.77054 ns
[vpr] Successfully routed after 38 routing iterations.
[vpr] Completed net delay value cross check successfully.
[vpr] 
[vpr] Checking to ensure routing is legal...
[vpr] Completed routing consistency check successfully.
[vpr] 
[vpr] Serial number (magic cookie) for the routing is: -919250785
[vpr] Best routing used a channel width factor of 34.
[vpr] 
[vpr] Average number of bends per net: 5.58746  Maximum # of bends: 110
[vpr] 
[vpr] Number of routed nets (nonglobal): 606
[vpr] Wire length results (in units of 1 clb segments)...
[vpr] 	Total wirelength: 11721, average net length: 19.3416
[vpr] 	Maximum net length: 347
[vpr] 
[vpr] Wire length results in terms of physical segments...
[vpr] 	Total wiring segments used: 5927, average wire segments per net: 9.78053
[vpr] 	Maximum segments used by a net: 157
[vpr] 	Total local nets with reserved CLB opins: 0
[vpr] 
[vpr] X - Directed channels: j max occ ave occ capacity
[vpr]                       -- ------- ------- --------
[vpr]                        0      15  7.6111       34
[vpr]                        1      13  6.5000       34
[vpr]                        2      17  8.2778       34
[vpr]                        3      19  8.5556       34
[vpr]                        4      21 13.3889       34
[vpr]                        5      19 13.3889       34
[vpr]                        6      19 14.4444       34
[vpr]                        7      25 15.7778       34
[vpr]                        8      25 21.1111       34
[vpr]                        9      28 21.7778       34
[vpr]                       10      27 21.9444       34
[vpr]                       11      29 22.6111       34
[vpr]                       12      30 23.8333       34
[vpr]                       13      28 21.7778       34
[vpr]                       14      27 21.7222       34
[vpr]                       15      28 22.2778       34
[vpr]                       16      26 21.5556       34
[vpr]                       17      28 21.5000       34
[vpr]                       18      27 19.6111       34
[vpr] Y - Directed channels: i max occ ave occ capacity
[vpr]                       -- ------- ------- --------
[vpr]                        0      26 14.6667       34
[vpr]                        1      29 18.2222       34
[vpr]                        2      28 14.2778       34
[vpr]                        3      29 19.7778       34
[vpr]                        4      28 20.0556       34
[vpr]                        5      30 18.3333       34
[vpr]                        6      32 20.2222       34
[vpr]                        7      30 21.1111       34
[vpr]                        8      27 17.7222       34
[vpr]                        9      27 16.8333       34
[vpr]                       10      28 17.1667       34
[vpr]                       11      21 15.3333       34
[vpr]                       12      30 21.8889       34
[vpr]                       13      28 16.3333       34
[vpr]                       14      27 19.0000       34
[vpr]                       15      22 17.0000       34
[vpr]                       16      18 10.8333       34
[vpr]                       17      17 12.2778       34
[vpr]                       18      23 12.4444       34
[vpr] 
[vpr] Total tracks in x-direction: 646, in y-direction: 646
[vpr] 
[vpr] Logic area (in minimum width transistor areas, excludes I/Os and empty grid tiles)...
[vpr] 	Total logic block area (Warning, need to add pitch of routing to blocks with height > 3): 4.78473e+06
[vpr] 	Total used logic block area: 3.17007e+06
[vpr] 
[vpr] Routing area (in minimum width transistor areas)...
[vpr] 	Total routing area: 1.21331e+06, per logic tile: 3744.77
[vpr] 
[vpr] Segment usage by type (index): type utilization
[vpr]                                ---- -----------
[vpr]                                   0       0.423
[vpr]                                   1       0.545
[vpr]                                   2        0.43
[vpr] 
[vpr] Segment usage by length: length utilization
[vpr]                          ------ -----------
[vpr]                               1        0.43
[vpr]                               4       0.545
[vpr]                             100       0.423
[vpr] 
[vpr] Nets on critical path: 9 normal, 0 global.
[vpr] Total logic delay: 4.4947e-09 (s), total net delay: 4.27584e-09 (s)
[vpr] Final critical path: 8.77054 ns, f_max: 114.018 MHz
[vpr] 
[vpr] Least slack in design: -8.77054 ns
[vpr] 
Closing VPR interface...
Importing fabric model from VPR...
Importing circuit design from VPR...
Post-processing...
Writing options file 'vpr_tseng_fabric_blocks.toro.snoitpo'...
Writing xml file 'vpr_tseng_fabric_blocks.toro.xml'...
Writing blif file 'vpr_tseng_fabric_blocks.toro.blif'...
Writing architecture file 'vpr_tseng_fabric_blocks.toro.arch'...
Writing fabric file 'vpr_tseng_fabric_blocks.toro.fabric'...
Writing circuit file 'vpr_tseng_fabric_blocks.toro.circuit'...
Writing laff file 'vpr_tseng_fabric_blocks.toro.laff'...
Exiting...
