________________________________________________________________________
                         Toro - A VPR Front-End                         
       (c) Copyright 2012-2013 Texas Instruments (under GNU GPL)        
________________________________________________________________________
Command is '/vobs/cpp/warpcore/toro/bin.linux_x86_64/toro vpr_tseng_fabric_grids.options'.
Pre-processing...
Reading xml file 'k4_N8_soft_logic_only.xml'...
Reading fabric file 'tseng.4.fabric'...
Reading blif file 'tseng.4.blif'...
Validating architecture file ...
Validating circuit file 'top'...
Processing...
Opening VPR interface...
Exporting architecture spec to VPR...
Exporting fabric model to VPR...
[vpr] Building complex block graph.
[vpr] WARNING(1): io[0].clock[0] unconnected pin in architecture.
[vpr] Swept away 0 nets with no fanout.
[vpr] Removed 0 LUT buffers.
[vpr] BLIF circuit stats:
[vpr] 	0 LUTs of size 0
[vpr] 	0 LUTs of size 1
[vpr] 	132 LUTs of size 2
[vpr] 	283 LUTs of size 3
[vpr] 	631 LUTs of size 4
[vpr] 	52 of type input
[vpr] 	122 of type output
[vpr] 	385 of type latch
[vpr] 	1046 of type names
Executing VPR interface...
[vpr] Initialize packing.
[vpr] Begin packing 'tseng.4.blif'.
[vpr] 
[vpr] After removing unused inputs...
[vpr] 	total blocks: 1605, total nets: 1483, total inputs: 52, total outputs: 122
[vpr] Begin prepacking.
[vpr] Finish prepacking.
[vpr] Using inter-cluster delay: 8.3684e-10
[vpr] 
[vpr] SDC file 'vpr_tseng_fabric_grids.vpr.sdc' blank or not found.
[vpr] 
[vpr] Defaulting to: constrain all 0 inputs and 0 outputs on the netlist clock.
[vpr] Optimize this clock to run as fast as possible.
[vpr] Overriding architecture block(s) based on fabric io block...
[vpr] Complex block 0: cb.n_n3184, type: clb
[vpr] 	...........
[vpr] Passed route at end.
[vpr] Overriding architecture block(s) based on fabric io block...
[vpr] Complex block 1: cb.n_n3466, type: clb
[vpr] 	..........
[vpr] Passed route at end.
[vpr] Overriding architecture block(s) based on fabric io block...
[vpr] Complex block 2: cb.n_n3229, type: clb
[vpr] 	..............
[vpr] Passed route at end.
[vpr] Overriding architecture block(s) based on fabric io block...
[vpr] Complex block 3: cb.n_n3016, type: clb
[vpr] 	............
[vpr] Passed route at end.
[vpr] Overriding architecture block(s) based on fabric io block...
[vpr] Complex block 4: cb.n_n3519, type: clb
[vpr] 	.........
[vpr] Passed route at end.
[vpr] Overriding architecture block(s) based on fabric io block...
[vpr] Complex block 5: cb.[2264], type: clb
[vpr] 	..............
[vpr] Passed route at end.
[vpr] Overriding architecture block(s) based on fabric io block...
[vpr] Complex block 6: cb.n_n3755, type: clb
[vpr] 	...............
[vpr] Passed route at end.
[vpr] Overriding architecture block(s) based on fabric io block...
[vpr] Complex block 7: cb.n_n3015, type: clb
[vpr] 	..............
[vpr] Passed route at end.
[vpr] Overriding architecture block(s) based on fabric io block...
[vpr] Complex block 8: cb.[907], type: clb
[vpr] 	...........
[vpr] Passed route at end.
[vpr] Overriding architecture block(s) based on fabric io block...
[vpr] Complex block 9: cb.n_n4267, type: clb
[vpr] 	.............
[vpr] Passed route at end.
[vpr] Overriding architecture block(s) based on fabric io block...
[vpr] Complex block 10: cb.n_n3292, type: clb
[vpr] 	.............
[vpr] Passed route at end.
[vpr] Overriding architecture block(s) based on fabric io block...
[vpr] Complex block 11: cb.n_n3725, type: clb
[vpr] 	...........
[vpr] Passed route at end.
[vpr] Overriding architecture block(s) based on fabric io block...
[vpr] Complex block 12: cb.n_n3592, type: clb
[vpr] 	..............
[vpr] Passed route at end.
[vpr] Overriding architecture block(s) based on fabric io block...
[vpr] Complex block 13: cb.n_n3235, type: clb
[vpr] 	........
[vpr] Passed route at end.
[vpr] Overriding architecture block(s) based on fabric io block...
[vpr] Complex block 14: cb.n_n3987, type: clb
[vpr] 	..........
[vpr] Passed route at end.
[vpr] Overriding architecture block(s) based on fabric io block...
[vpr] Complex block 15: cb.n_n3913, type: clb
[vpr] 	.........
[vpr] Passed route at end.
[vpr] Overriding architecture block(s) based on fabric io block...
[vpr] Complex block 16: cb.n_n3444, type: clb
[vpr] 	........
[vpr] Passed route at end.
[vpr] Overriding architecture block(s) based on fabric io block...
[vpr] Complex block 17: cb.n_n132, type: clb
[vpr] 	............
[vpr] Passed route at end.
[vpr] Overriding architecture block(s) based on fabric io block...
[vpr] Complex block 18: cb.n_n3817, type: clb
[vpr] 	........
[vpr] Passed route at end.
[vpr] Overriding architecture block(s) based on fabric io block...
[vpr] Complex block 19: cb.n_n128, type: clb
[vpr] 	...............................................
[vpr] Passed route at end.
[vpr] Overriding architecture block(s) based on fabric io block...
[vpr] Complex block 20: cb.n_n3813, type: clb
[vpr] 	.......
[vpr] Passed route at end.
[vpr] Overriding architecture block(s) based on fabric io block...
[vpr] Complex block 21: cb.n_n4011, type: clb
[vpr] 	.........
[vpr] Passed route at end.
[vpr] Overriding architecture block(s) based on fabric io block...
[vpr] Complex block 22: cb.[1580], type: clb
[vpr] 	.......
[vpr] Passed route at end.
[vpr] Overriding architecture block(s) based on fabric io block...
[vpr] Complex block 23: cb.nak3_17, type: clb
[vpr] 	........
[vpr] Passed route at end.
[vpr] Overriding architecture block(s) based on fabric io block...
[vpr] Complex block 24: cb.[6374], type: clb
[vpr] 	...........
[vpr] Passed route at end.
[vpr] Overriding architecture block(s) based on fabric io block...
[vpr] Complex block 25: cb.[936], type: clb
[vpr] 	...................................
[vpr] Passed route at end.
[vpr] Overriding architecture block(s) based on fabric io block...
[vpr] Complex block 26: cb.[1492], type: clb
[vpr] 	............................................
[vpr] Passed route at end.
[vpr] Overriding architecture block(s) based on fabric io block...
[vpr] Complex block 27: cb.n_n4228, type: clb
[vpr] 	...........
[vpr] Passed route at end.
[vpr] Overriding architecture block(s) based on fabric io block...
[vpr] Complex block 28: cb.n_n3375, type: clb
[vpr] 	.........
[vpr] Passed route at end.
[vpr] Overriding architecture block(s) based on fabric io block...
[vpr] Complex block 29: cb.n_n3582, type: clb
[vpr] 	........
[vpr] Passed route at end.
[vpr] Overriding architecture block(s) based on fabric io block...
[vpr] Complex block 30: cb.n_n4276, type: clb
[vpr] 	........
[vpr] Passed route at end.
[vpr] Overriding architecture block(s) based on fabric io block...
[vpr] Complex block 31: cb.n_n4140, type: clb
[vpr] 	.......
[vpr] Passed route at end.
[vpr] Overriding architecture block(s) based on fabric io block...
[vpr] Complex block 32: cb.n_n3526, type: clb
[vpr] 	.......
[vpr] Passed route at end.
[vpr] Overriding architecture block(s) based on fabric io block...
[vpr] Complex block 33: cb.[1898], type: clb
[vpr] 	.................
[vpr] Passed route at end.
[vpr] Overriding architecture block(s) based on fabric io block...
[vpr] Complex block 34: cb.n_n3049, type: clb
[vpr] 	..........
[vpr] Passed route at end.
[vpr] Overriding architecture block(s) based on fabric io block...
[vpr] Complex block 35: cb.n_n4367, type: clb
[vpr] 	............
[vpr] Passed route at end.
[vpr] Overriding architecture block(s) based on fabric io block...
[vpr] Complex block 36: cb.[6275], type: clb
[vpr] 	.........
[vpr] Passed route at end.
[vpr] Overriding architecture block(s) based on fabric io block...
[vpr] Complex block 37: cb.n_n3701, type: clb
[vpr] 	........
[vpr] Passed route at end.
[vpr] Overriding architecture block(s) based on fabric io block...
[vpr] Complex block 38: cb.n_n3530, type: clb
[vpr] 	.......
[vpr] Passed route at end.
[vpr] Overriding architecture block(s) based on fabric io block...
[vpr] Complex block 39: cb.n_n3374, type: clb
[vpr] 	.......
[vpr] Passed route at end.
[vpr] Overriding architecture block(s) based on fabric io block...
[vpr] Complex block 40: cb.n_n3033, type: clb
[vpr] 	.......
[vpr] Passed route at end.
[vpr] Overriding architecture block(s) based on fabric io block...
[vpr] Complex block 41: cb.n_n4094, type: clb
[vpr] 	..........
[vpr] Passed route at end.
[vpr] Overriding architecture block(s) based on fabric io block...
[vpr] Complex block 42: cb.n_n4121, type: clb
[vpr] 	........
[vpr] Passed route at end.
[vpr] Overriding architecture block(s) based on fabric io block...
[vpr] Complex block 43: cb.n_n3459, type: clb
[vpr] 	...............
[vpr] Passed route at end.
[vpr] Overriding architecture block(s) based on fabric io block...
[vpr] Complex block 44: cb.[6295], type: clb
[vpr] 	.............
[vpr] Passed route at end.
[vpr] Overriding architecture block(s) based on fabric io block...
[vpr] Complex block 45: cb.n_n3981, type: clb
[vpr] 	.......
[vpr] Passed route at end.
[vpr] Overriding architecture block(s) based on fabric io block...
[vpr] Complex block 46: cb.[2174], type: clb
[vpr] 	.......
[vpr] Passed route at end.
[vpr] Overriding architecture block(s) based on fabric io block...
[vpr] Complex block 47: cb.n_n3399, type: clb
[vpr] 	........
[vpr] Passed route at end.
[vpr] Overriding architecture block(s) based on fabric io block...
[vpr] Complex block 48: cb.n_n4081, type: clb
[vpr] 	.......
[vpr] Passed route at end.
[vpr] Overriding architecture block(s) based on fabric io block...
[vpr] Complex block 49: cb.n_n3538, type: clb
[vpr] 	.........
[vpr] Passed route at end.
[vpr] Overriding architecture block(s) based on fabric io block...
[vpr] Complex block 50: cb.[2183], type: clb
[vpr] 	.......
[vpr] Passed route at end.
[vpr] Overriding architecture block(s) based on fabric io block...
[vpr] Complex block 51: cb.[1901], type: clb
[vpr] 	........
[vpr] Passed route at end.
[vpr] Overriding architecture block(s) based on fabric io block...
[vpr] Complex block 52: cb.[2190], type: clb
[vpr] 	.......
[vpr] Passed route at end.
[vpr] Overriding architecture block(s) based on fabric io block...
[vpr] Complex block 53: cb.[2191], type: clb
[vpr] 	.........
[vpr] Passed route at end.
[vpr] Overriding architecture block(s) based on fabric io block...
[vpr] Complex block 54: cb.n_n3289, type: clb
[vpr] 	.........
[vpr] Passed route at end.
[vpr] Overriding architecture block(s) based on fabric io block...
[vpr] Complex block 55: cb.n_n3552, type: clb
[vpr] 	.........
[vpr] Passed route at end.
[vpr] Overriding architecture block(s) based on fabric io block...
[vpr] Complex block 56: cb.n_n3308, type: clb
[vpr] 	.......
[vpr] Passed route at end.
[vpr] Overriding architecture block(s) based on fabric io block...
[vpr] Complex block 57: cb.n_n3058, type: clb
[vpr] 	.......
[vpr] Passed route at end.
[vpr] Overriding architecture block(s) based on fabric io block...
[vpr] Complex block 58: cb.n_n3147, type: clb
[vpr] 	.......
[vpr] Passed route at end.
[vpr] Overriding architecture block(s) based on fabric io block...
[vpr] Complex block 59: cb.n_n3110, type: clb
[vpr] 	.......
[vpr] Passed route at end.
[vpr] Overriding architecture block(s) based on fabric io block...
[vpr] Complex block 60: cb.n_n3031, type: clb
[vpr] 	.......
[vpr] Passed route at end.
[vpr] Overriding architecture block(s) based on fabric io block...
[vpr] Complex block 61: cb.[2047], type: clb
[vpr] 	.......
[vpr] Passed route at end.
[vpr] Overriding architecture block(s) based on fabric io block...
[vpr] Complex block 62: cb.n_n3010, type: clb
[vpr] 	.......
[vpr] Passed route at end.
[vpr] Overriding architecture block(s) based on fabric io block...
[vpr] Complex block 63: cb.n_n3236, type: clb
[vpr] 	.......
[vpr] Passed route at end.
[vpr] Overriding architecture block(s) based on fabric io block...
[vpr] Complex block 64: cb.n_n3166, type: clb
[vpr] 	........
[vpr] Passed route at end.
[vpr] Overriding architecture block(s) based on fabric io block...
[vpr] Complex block 65: cb.[6312], type: clb
[vpr] 	.......
[vpr] Passed route at end.
[vpr] Overriding architecture block(s) based on fabric io block...
[vpr] Complex block 66: cb.[1903], type: clb
[vpr] 	.......
[vpr] Passed route at end.
[vpr] Overriding architecture block(s) based on fabric io block...
[vpr] Complex block 67: cb.[1905], type: clb
[vpr] 	.......
[vpr] Passed route at end.
[vpr] Overriding architecture block(s) based on fabric io block...
[vpr] Complex block 68: cb.[1904], type: clb
[vpr] 	.......
[vpr] Passed route at end.
[vpr] Overriding architecture block(s) based on fabric io block...
[vpr] Complex block 69: cb.n_n4359, type: clb
[vpr] 	........
[vpr] Passed route at end.
[vpr] Overriding architecture block(s) based on fabric io block...
[vpr] Complex block 70: cb.n_n4046, type: clb
[vpr] 	.......
[vpr] Passed route at end.
[vpr] Overriding architecture block(s) based on fabric io block...
[vpr] Complex block 71: cb.n_n3579, type: clb
[vpr] 	.......
[vpr] Passed route at end.
[vpr] Overriding architecture block(s) based on fabric io block...
[vpr] Complex block 72: cb.n_n3296, type: clb
[vpr] 	........
[vpr] Passed route at end.
[vpr] Overriding architecture block(s) based on fabric io block...
[vpr] Complex block 73: cb.n_n3680, type: clb
[vpr] 	.......
[vpr] Passed route at end.
[vpr] Overriding architecture block(s) based on fabric io block...
[vpr] Complex block 74: cb.n_n3693, type: clb
[vpr] 	.......
[vpr] Passed route at end.
[vpr] Overriding architecture block(s) based on fabric io block...
[vpr] Complex block 75: cb.n_n3309, type: clb
[vpr] 	.......
[vpr] Passed route at end.
[vpr] Overriding architecture block(s) based on fabric io block...
[vpr] Complex block 76: cb.n_n3500, type: clb
[vpr] 	.......
[vpr] Passed route at end.
[vpr] Overriding architecture block(s) based on fabric io block...
[vpr] Complex block 77: cb.[1633], type: clb
[vpr] 	.......
[vpr] Passed route at end.
[vpr] Overriding architecture block(s) based on fabric io block...
[vpr] Complex block 78: cb.n_n3406, type: clb
[vpr] 	.......
[vpr] Passed route at end.
[vpr] Overriding architecture block(s) based on fabric io block...
[vpr] Complex block 79: cb.[6366], type: clb
[vpr] 	.......
[vpr] Passed route at end.
[vpr] Overriding architecture block(s) based on fabric io block...
[vpr] Complex block 80: cb.n_n3508, type: clb
[vpr] 	.......
[vpr] Passed route at end.
[vpr] Overriding architecture block(s) based on fabric io block...
[vpr] Complex block 81: cb.preset, type: io
[vpr] 	
[vpr] Passed route at end.
[vpr] Overriding architecture block(s) based on fabric io block...
[vpr] Complex block 82: cb.n_n3791, type: clb
[vpr] 	.......
[vpr] Passed route at end.
[vpr] Overriding architecture block(s) based on fabric io block...
[vpr] Complex block 83: cb.[1773], type: clb
[vpr] 	.......
[vpr] Passed route at end.
[vpr] Overriding architecture block(s) based on fabric io block...
[vpr] Complex block 84: cb.[1780], type: clb
[vpr] 	........
[vpr] Passed route at end.
[vpr] Overriding architecture block(s) based on fabric io block...
[vpr] Complex block 85: cb.[1402], type: clb
[vpr] 	........
[vpr] Passed route at end.
[vpr] Overriding architecture block(s) based on fabric io block...
[vpr] Complex block 86: cb.[1173], type: clb
[vpr] 	.......
[vpr] Passed route at end.
[vpr] Overriding architecture block(s) based on fabric io block...
[vpr] Complex block 87: cb.preset_0_0_, type: io
[vpr] 	
[vpr] Passed route at end.
[vpr] Overriding architecture block(s) based on fabric io block...
[vpr] Complex block 88: cb.tin_pready_0_0_, type: io
[vpr] 	
[vpr] Passed route at end.
[vpr] Overriding architecture block(s) based on fabric io block...
[vpr] Complex block 89: cb.n_n4234, type: clb
[vpr] 	.......
[vpr] Passed route at end.
[vpr] Overriding architecture block(s) based on fabric io block...
[vpr] Complex block 90: cb.n_n4300, type: clb
[vpr] 	.......
[vpr] Passed route at end.
[vpr] Overriding architecture block(s) based on fabric io block...
[vpr] Complex block 91: cb.n_n3134, type: clb
[vpr] 	.......
[vpr] Passed route at end.
[vpr] Overriding architecture block(s) based on fabric io block...
[vpr] Complex block 92: cb.n_n3677, type: clb
[vpr] 	.......
[vpr] Passed route at end.
[vpr] Overriding architecture block(s) based on fabric io block...
[vpr] Complex block 93: cb.n_n3068, type: clb
[vpr] 	.......
[vpr] Passed route at end.
[vpr] Overriding architecture block(s) based on fabric io block...
[vpr] Complex block 94: cb.n_n3430, type: clb
[vpr] 	.......
[vpr] Passed route at end.
[vpr] Overriding architecture block(s) based on fabric io block...
[vpr] Complex block 95: cb.n_n3392, type: clb
[vpr] 	.......
[vpr] Passed route at end.
[vpr] Overriding architecture block(s) based on fabric io block...
[vpr] Complex block 96: cb.n_n3732, type: clb
[vpr] 	.......
[vpr] Passed route at end.
[vpr] Overriding architecture block(s) based on fabric io block...
[vpr] Complex block 97: cb.n_n4317, type: clb
[vpr] 	.......
[vpr] Passed route at end.
[vpr] Overriding architecture block(s) based on fabric io block...
[vpr] Complex block 98: cb.n_n3106, type: clb
[vpr] 	........
[vpr] Passed route at end.
[vpr] Overriding architecture block(s) based on fabric io block...
[vpr] Complex block 99: cb.n_n3077, type: clb
[vpr] 	........
[vpr] Passed route at end.
[vpr] Overriding architecture block(s) based on fabric io block...
[vpr] Complex block 100: cb.n_n3343, type: clb
[vpr] 	.......
[vpr] Passed route at end.
[vpr] Overriding architecture block(s) based on fabric io block...
[vpr] Complex block 101: cb.n_n3011, type: clb
[vpr] 	.......
[vpr] Passed route at end.
[vpr] Overriding architecture block(s) based on fabric io block...
[vpr] Complex block 102: cb.n_n3329, type: clb
[vpr] 	.......
[vpr] Passed route at end.
[vpr] Overriding architecture block(s) based on fabric io block...
[vpr] Complex block 103: cb.n_n4307, type: clb
[vpr] 	.......
[vpr] Passed route at end.
[vpr] Overriding architecture block(s) based on fabric io block...
[vpr] Complex block 104: cb.n_n3721, type: clb
[vpr] 	.......
[vpr] Passed route at end.
[vpr] Overriding architecture block(s) based on fabric io block...
[vpr] Complex block 105: cb.n_n3762, type: clb
[vpr] 	.......
[vpr] Passed route at end.
[vpr] Overriding architecture block(s) based on fabric io block...
[vpr] Complex block 106: cb.n_n3096, type: clb
[vpr] 	.......
[vpr] Passed route at end.
[vpr] Overriding architecture block(s) based on fabric io block...
[vpr] Complex block 107: cb.n_n3547, type: clb
[vpr] 	.......
[vpr] Passed route at end.
[vpr] Overriding architecture block(s) based on fabric io block...
[vpr] Complex block 108: cb.n_n3200, type: clb
[vpr] 	.......
[vpr] Passed route at end.
[vpr] Overriding architecture block(s) based on fabric io block...
[vpr] Complex block 109: cb.n_n3727, type: clb
[vpr] 	.......
[vpr] Passed route at end.
[vpr] Overriding architecture block(s) based on fabric io block...
[vpr] Complex block 110: cb.n_n3523, type: clb
[vpr] 	.......
[vpr] Passed route at end.
[vpr] Overriding architecture block(s) based on fabric io block...
[vpr] Complex block 111: cb.n_n4134, type: clb
[vpr] 	.......
[vpr] Passed route at end.
[vpr] Overriding architecture block(s) based on fabric io block...
[vpr] Complex block 112: cb.n_n3088, type: clb
[vpr] 	.......
[vpr] Passed route at end.
[vpr] Overriding architecture block(s) based on fabric io block...
[vpr] Complex block 113: cb.n_n3515, type: clb
[vpr] 	.......
[vpr] Passed route at end.
[vpr] Overriding architecture block(s) based on fabric io block...
[vpr] Complex block 114: cb.n_n3881, type: clb
[vpr] 	.......
[vpr] Passed route at end.
[vpr] Overriding architecture block(s) based on fabric io block...
[vpr] Complex block 115: cb.n_n3711, type: clb
[vpr] 	........
[vpr] Passed route at end.
[vpr] Overriding architecture block(s) based on fabric io block...
[vpr] Complex block 116: cb.n_n3269, type: clb
[vpr] 	.......
[vpr] Passed route at end.
[vpr] Overriding architecture block(s) based on fabric io block...
[vpr] Complex block 117: cb.n_n4370, type: clb
[vpr] 	.......
[vpr] Passed route at end.
[vpr] Overriding architecture block(s) based on fabric io block...
[vpr] Complex block 118: cb.n_n3435, type: clb
[vpr] 	.......
[vpr] Passed route at end.
[vpr] Overriding architecture block(s) based on fabric io block...
[vpr] Complex block 119: cb.n_n3629, type: clb
[vpr] 	.......
[vpr] Passed route at end.
[vpr] Overriding architecture block(s) based on fabric io block...
[vpr] Complex block 120: cb.n_n3402, type: clb
[vpr] 	.......
[vpr] Passed route at end.
[vpr] Overriding architecture block(s) based on fabric io block...
[vpr] Complex block 121: cb.n_n3735, type: clb
[vpr] 	.......
[vpr] Passed route at end.
[vpr] Overriding architecture block(s) based on fabric io block...
[vpr] Complex block 122: cb.n_n3686, type: clb
[vpr] 	.......
[vpr] Passed route at end.
[vpr] Overriding architecture block(s) based on fabric io block...
[vpr] Complex block 123: cb.n_n3983, type: clb
[vpr] 	........
[vpr] Passed route at end.
[vpr] Overriding architecture block(s) based on fabric io block...
[vpr] Complex block 124: cb.n_n3127, type: clb
[vpr] 	.......
[vpr] Passed route at end.
[vpr] Overriding architecture block(s) based on fabric io block...
[vpr] Complex block 125: cb.n_n3904, type: clb
[vpr] 	.......
[vpr] Passed route at end.
[vpr] Overriding architecture block(s) based on fabric io block...
[vpr] Complex block 126: cb.n_n3318, type: clb
[vpr] 	.......
[vpr] Passed route at end.
[vpr] Overriding architecture block(s) based on fabric io block...
[vpr] Complex block 127: cb.n_n3275, type: clb
[vpr] 	.......
[vpr] Passed route at end.
[vpr] Overriding architecture block(s) based on fabric io block...
[vpr] Complex block 128: cb.[1021], type: clb
[vpr] 	.......
[vpr] Passed route at end.
[vpr] Overriding architecture block(s) based on fabric io block...
[vpr] Complex block 129: cb.[1283], type: clb
[vpr] 	.......
[vpr] Passed route at end.
[vpr] Overriding architecture block(s) based on fabric io block...
[vpr] Complex block 130: cb.[6325], type: clb
[vpr] 	.......
[vpr] Passed route at end.
[vpr] Overriding architecture block(s) based on fabric io block...
[vpr] Complex block 131: cb.[2166], type: clb
[vpr] 	.......
[vpr] Passed route at end.
[vpr] Overriding architecture block(s) based on fabric io block...
[vpr] Complex block 132: cb.[2162], type: clb
[vpr] 	.......
[vpr] Passed route at end.
[vpr] Overriding architecture block(s) based on fabric io block...
[vpr] Complex block 133: cb.[1707], type: clb
[vpr] 	.......
[vpr] Passed route at end.
[vpr] Overriding architecture block(s) based on fabric io block...
[vpr] Complex block 134: cb.tin_pv1_6_6_, type: io
[vpr] 	
[vpr] Passed route at end.
[vpr] Overriding architecture block(s) based on fabric io block...
[vpr] Complex block 135: cb.tin_pv2_4_4_, type: io
[vpr] 	
[vpr] Passed route at end.
[vpr] Overriding architecture block(s) based on fabric io block...
[vpr] Complex block 136: cb.tin_pv6_3_3_, type: io
[vpr] 	
[vpr] Passed route at end.
[vpr] Overriding architecture block(s) based on fabric io block...
[vpr] Complex block 137: cb.tin_pv1_3_3_, type: io
[vpr] 	
[vpr] Passed route at end.
[vpr] Overriding architecture block(s) based on fabric io block...
[vpr] Complex block 138: cb.tin_pv11_3_3_, type: io
[vpr] 	
[vpr] Passed route at end.
[vpr] Overriding architecture block(s) based on fabric io block...
[vpr] Complex block 139: cb.tin_pv4_6_6_, type: io
[vpr] 	
[vpr] Passed route at end.
[vpr] Overriding architecture block(s) based on fabric io block...
[vpr] Complex block 140: cb.tin_pv1_2_2_, type: io
[vpr] 	
[vpr] Passed route at end.
[vpr] Overriding architecture block(s) based on fabric io block...
[vpr] Complex block 141: cb.tin_pv6_7_7_, type: io
[vpr] 	
[vpr] Passed route at end.
[vpr] Overriding architecture block(s) based on fabric io block...
[vpr] Complex block 142: cb.tin_pv1_5_5_, type: io
[vpr] 	
[vpr] Passed route at end.
[vpr] Overriding architecture block(s) based on fabric io block...
[vpr] Complex block 143: cb.tin_pv2_3_3_, type: io
[vpr] 	
[vpr] Passed route at end.
[vpr] Overriding architecture block(s) based on fabric io block...
[vpr] Complex block 144: cb.tin_pv10_1_1_, type: io
[vpr] 	
[vpr] Passed route at end.
[vpr] Overriding architecture block(s) based on fabric io block...
[vpr] Complex block 145: cb.tin_pv4_2_2_, type: io
[vpr] 	
[vpr] Passed route at end.
[vpr] Overriding architecture block(s) based on fabric io block...
[vpr] Complex block 146: cb.tin_pv11_5_5_, type: io
[vpr] 	
[vpr] Passed route at end.
[vpr] Overriding architecture block(s) based on fabric io block...
[vpr] Complex block 147: cb.tin_pv6_2_2_, type: io
[vpr] 	
[vpr] Passed route at end.
[vpr] Overriding architecture block(s) based on fabric io block...
[vpr] Complex block 148: cb.tin_pv1_1_1_, type: io
[vpr] 	
[vpr] Passed route at end.
[vpr] Overriding architecture block(s) based on fabric io block...
[vpr] Complex block 149: cb.tin_pv10_5_5_, type: io
[vpr] 	
[vpr] Passed route at end.
[vpr] Overriding architecture block(s) based on fabric io block...
[vpr] Complex block 150: cb.tin_pv4_5_5_, type: io
[vpr] 	
[vpr] Passed route at end.
[vpr] Overriding architecture block(s) based on fabric io block...
[vpr] Complex block 151: cb.tin_pv2_1_1_, type: io
[vpr] 	
[vpr] Passed route at end.
[vpr] Overriding architecture block(s) based on fabric io block...
[vpr] Complex block 152: cb.tin_pv2_7_7_, type: io
[vpr] 	
[vpr] Passed route at end.
[vpr] Overriding architecture block(s) based on fabric io block...
[vpr] Complex block 153: cb.tin_pv1_4_4_, type: io
[vpr] 	
[vpr] Passed route at end.
[vpr] Overriding architecture block(s) based on fabric io block...
[vpr] Complex block 154: cb.tin_pv6_6_6_, type: io
[vpr] 	
[vpr] Passed route at end.
[vpr] Overriding architecture block(s) based on fabric io block...
[vpr] Complex block 155: cb.tin_pv11_6_6_, type: io
[vpr] 	
[vpr] Passed route at end.
[vpr] Overriding architecture block(s) based on fabric io block...
[vpr] Complex block 156: cb.tin_pv2_2_2_, type: io
[vpr] 	
[vpr] Passed route at end.
[vpr] Overriding architecture block(s) based on fabric io block...
[vpr] Complex block 157: cb.tin_pv10_6_6_, type: io
[vpr] 	
[vpr] Passed route at end.
[vpr] Overriding architecture block(s) based on fabric io block...
[vpr] Complex block 158: cb.tin_pv6_0_0_, type: io
[vpr] 	
[vpr] Passed route at end.
[vpr] Overriding architecture block(s) based on fabric io block...
[vpr] Complex block 159: cb.tin_pv4_1_1_, type: io
[vpr] 	
[vpr] Passed route at end.
[vpr] Overriding architecture block(s) based on fabric io block...
[vpr] Complex block 160: cb.tin_pv6_1_1_, type: io
[vpr] 	
[vpr] Passed route at end.
[vpr] Overriding architecture block(s) based on fabric io block...
[vpr] Complex block 161: cb.tin_pv11_7_7_, type: io
[vpr] 	
[vpr] Passed route at end.
[vpr] Overriding architecture block(s) based on fabric io block...
[vpr] Complex block 162: cb.tin_pv10_3_3_, type: io
[vpr] 	
[vpr] Passed route at end.
[vpr] Overriding architecture block(s) based on fabric io block...
[vpr] Complex block 163: cb.tin_pv1_0_0_, type: io
[vpr] 	
[vpr] Passed route at end.
[vpr] Overriding architecture block(s) based on fabric io block...
[vpr] Complex block 164: cb.tin_pv11_0_0_, type: io
[vpr] 	
[vpr] Passed route at end.
[vpr] Overriding architecture block(s) based on fabric io block...
[vpr] Complex block 165: cb.tin_pv11_2_2_, type: io
[vpr] 	
[vpr] Passed route at end.
[vpr] Overriding architecture block(s) based on fabric io block...
[vpr] Complex block 166: cb.tin_pv10_7_7_, type: io
[vpr] 	
[vpr] Passed route at end.
[vpr] Overriding architecture block(s) based on fabric io block...
[vpr] Complex block 167: cb.tin_pv2_6_6_, type: io
[vpr] 	
[vpr] Passed route at end.
[vpr] Overriding architecture block(s) based on fabric io block...
[vpr] Complex block 168: cb.tin_pv10_0_0_, type: io
[vpr] 	
[vpr] Passed route at end.
[vpr] Overriding architecture block(s) based on fabric io block...
[vpr] Complex block 169: cb.tin_pv6_5_5_, type: io
[vpr] 	
[vpr] Passed route at end.
[vpr] Overriding architecture block(s) based on fabric io block...
[vpr] Complex block 170: cb.tin_pv4_0_0_, type: io
[vpr] 	
[vpr] Passed route at end.
[vpr] Overriding architecture block(s) based on fabric io block...
[vpr] Complex block 171: cb.tin_pv1_7_7_, type: io
[vpr] 	
[vpr] Passed route at end.
[vpr] Overriding architecture block(s) based on fabric io block...
[vpr] Complex block 172: cb.tin_pv10_2_2_, type: io
[vpr] 	
[vpr] Passed route at end.
[vpr] Overriding architecture block(s) based on fabric io block...
[vpr] Complex block 173: cb.tin_pv2_5_5_, type: io
[vpr] 	
[vpr] Passed route at end.
[vpr] Overriding architecture block(s) based on fabric io block...
[vpr] Complex block 174: cb.tin_pv4_4_4_, type: io
[vpr] 	
[vpr] Passed route at end.
[vpr] Overriding architecture block(s) based on fabric io block...
[vpr] Complex block 175: cb.tin_pv6_4_4_, type: io
[vpr] 	
[vpr] Passed route at end.
[vpr] Overriding architecture block(s) based on fabric io block...
[vpr] Complex block 176: cb.tin_pv11_4_4_, type: io
[vpr] 	
[vpr] Passed route at end.
[vpr] Overriding architecture block(s) based on fabric io block...
[vpr] Complex block 177: cb.tin_pv10_4_4_, type: io
[vpr] 	
[vpr] Passed route at end.
[vpr] Overriding architecture block(s) based on fabric io block...
[vpr] Complex block 178: cb.tin_pv4_7_7_, type: io
[vpr] 	
[vpr] Passed route at end.
[vpr] Overriding architecture block(s) based on fabric io block...
[vpr] Complex block 179: cb.tin_pv4_3_3_, type: io
[vpr] 	
[vpr] Passed route at end.
[vpr] Overriding architecture block(s) based on fabric io block...
[vpr] Complex block 180: cb.tin_pv2_0_0_, type: io
[vpr] 	
[vpr] Passed route at end.
[vpr] Overriding architecture block(s) based on fabric io block...
[vpr] Complex block 181: cb.tin_pv11_1_1_, type: io
[vpr] 	
[vpr] Passed route at end.
[vpr] Overriding architecture block(s) based on fabric io block...
[vpr] Complex block 182: cb.out:pv14_7_7_, type: io
[vpr] 	
[vpr] Passed route at end.
[vpr] Overriding architecture block(s) based on fabric io block...
[vpr] Complex block 183: cb.out:pv2_5_5_, type: io
[vpr] 	
[vpr] Passed route at end.
[vpr] Overriding architecture block(s) based on fabric io block...
[vpr] Complex block 184: cb.out:pv14_1_1_, type: io
[vpr] 	
[vpr] Passed route at end.
[vpr] Overriding architecture block(s) based on fabric io block...
[vpr] Complex block 185: cb.out:pv6_4_4_, type: io
[vpr] 	
[vpr] Passed route at end.
[vpr] Overriding architecture block(s) based on fabric io block...
[vpr] Complex block 186: cb.out:pv3_3_3_, type: io
[vpr] 	
[vpr] Passed route at end.
[vpr] Overriding architecture block(s) based on fabric io block...
[vpr] Complex block 187: cb.out:pv2_0_0_, type: io
[vpr] 	
[vpr] Passed route at end.
[vpr] Overriding architecture block(s) based on fabric io block...
[vpr] Complex block 188: cb.out:pv7_2_2_, type: io
[vpr] 	
[vpr] Passed route at end.
[vpr] Overriding architecture block(s) based on fabric io block...
[vpr] Complex block 189: cb.out:pv4_7_7_, type: io
[vpr] 	
[vpr] Passed route at end.
[vpr] Overriding architecture block(s) based on fabric io block...
[vpr] Complex block 190: cb.out:pv8_6_6_, type: io
[vpr] 	
[vpr] Passed route at end.
[vpr] Overriding architecture block(s) based on fabric io block...
[vpr] Complex block 191: cb.out:pv1_6_6_, type: io
[vpr] 	
[vpr] Passed route at end.
[vpr] Overriding architecture block(s) based on fabric io block...
[vpr] Complex block 192: cb.out:pv6_7_7_, type: io
[vpr] 	
[vpr] Passed route at end.
[vpr] Overriding architecture block(s) based on fabric io block...
[vpr] Complex block 193: cb.out:pv11_4_4_, type: io
[vpr] 	
[vpr] Passed route at end.
[vpr] Overriding architecture block(s) based on fabric io block...
[vpr] Complex block 194: cb.out:pv5_5_5_, type: io
[vpr] 	
[vpr] Passed route at end.
[vpr] Overriding architecture block(s) based on fabric io block...
[vpr] Complex block 195: cb.out:pv9_4_4_, type: io
[vpr] 	
[vpr] Passed route at end.
[vpr] Overriding architecture block(s) based on fabric io block...
[vpr] Complex block 196: cb.out:pv13_3_3_, type: io
[vpr] 	
[vpr] Passed route at end.
[vpr] Overriding architecture block(s) based on fabric io block...
[vpr] Complex block 197: cb.out:pv2_4_4_, type: io
[vpr] 	
[vpr] Passed route at end.
[vpr] Overriding architecture block(s) based on fabric io block...
[vpr] Complex block 198: cb.out:pv6_3_3_, type: io
[vpr] 	
[vpr] Passed route at end.
[vpr] Overriding architecture block(s) based on fabric io block...
[vpr] Complex block 199: cb.out:pv15_2_2_, type: io
[vpr] 	
[vpr] Passed route at end.
[vpr] Overriding architecture block(s) based on fabric io block...
[vpr] Complex block 200: cb.out:pv3_2_2_, type: io
[vpr] 	
[vpr] Passed route at end.
[vpr] Overriding architecture block(s) based on fabric io block...
[vpr] Complex block 201: cb.out:pv7_1_1_, type: io
[vpr] 	
[vpr] Passed route at end.
[vpr] Overriding architecture block(s) based on fabric io block...
[vpr] Complex block 202: cb.out:pv4_6_6_, type: io
[vpr] 	
[vpr] Passed route at end.
[vpr] Overriding architecture block(s) based on fabric io block...
[vpr] Complex block 203: cb.out:pv8_5_5_, type: io
[vpr] 	
[vpr] Passed route at end.
[vpr] Overriding architecture block(s) based on fabric io block...
[vpr] Complex block 204: cb.out:pv3_6_6_, type: io
[vpr] 	
[vpr] Passed route at end.
[vpr] Overriding architecture block(s) based on fabric io block...
[vpr] Complex block 205: cb.out:pv7_5_5_, type: io
[vpr] 	
[vpr] Passed route at end.
[vpr] Overriding architecture block(s) based on fabric io block...
[vpr] Complex block 206: cb.out:pv1_5_5_, type: io
[vpr] 	
[vpr] Passed route at end.
[vpr] Overriding architecture block(s) based on fabric io block...
[vpr] Complex block 207: cb.out:pv5_4_4_, type: io
[vpr] 	
[vpr] Passed route at end.
[vpr] Overriding architecture block(s) based on fabric io block...
[vpr] Complex block 208: cb.out:pv9_3_3_, type: io
[vpr] 	
[vpr] Passed route at end.
[vpr] Overriding architecture block(s) based on fabric io block...
[vpr] Complex block 209: cb.out:pv2_3_3_, type: io
[vpr] 	
[vpr] Passed route at end.
[vpr] Overriding architecture block(s) based on fabric io block...
[vpr] Complex block 210: cb.out:pv6_2_2_, type: io
[vpr] 	
[vpr] Passed route at end.
[vpr] Overriding architecture block(s) based on fabric io block...
[vpr] Complex block 211: cb.out:pv3_1_1_, type: io
[vpr] 	
[vpr] Passed route at end.
[vpr] Overriding architecture block(s) based on fabric io block...
[vpr] Complex block 212: cb.out:pv7_0_0_, type: io
[vpr] 	
[vpr] Passed route at end.
[vpr] Overriding architecture block(s) based on fabric io block...
[vpr] Complex block 213: cb.out:pv4_5_5_, type: io
[vpr] 	
[vpr] Passed route at end.
[vpr] Overriding architecture block(s) based on fabric io block...
[vpr] Complex block 214: cb.out:pv10_4_4_, type: io
[vpr] 	
[vpr] Passed route at end.
[vpr] Overriding architecture block(s) based on fabric io block...
[vpr] Complex block 215: cb.out:pv8_4_4_, type: io
[vpr] 	
[vpr] Passed route at end.
[vpr] Overriding architecture block(s) based on fabric io block...
[vpr] Complex block 216: cb.out:pv1_4_4_, type: io
[vpr] 	
[vpr] Passed route at end.
[vpr] Overriding architecture block(s) based on fabric io block...
[vpr] Complex block 217: cb.out:pv5_3_3_, type: io
[vpr] 	
[vpr] Passed route at end.
[vpr] Overriding architecture block(s) based on fabric io block...
[vpr] Complex block 218: cb.out:pv9_2_2_, type: io
[vpr] 	
[vpr] Passed route at end.
[vpr] Overriding architecture block(s) based on fabric io block...
[vpr] Complex block 219: cb.out:pv2_2_2_, type: io
[vpr] 	
[vpr] Passed route at end.
[vpr] Overriding architecture block(s) based on fabric io block...
[vpr] Complex block 220: cb.out:pv6_1_1_, type: io
[vpr] 	
[vpr] Passed route at end.
[vpr] Overriding architecture block(s) based on fabric io block...
[vpr] Complex block 221: cb.out:pv11_0_0_, type: io
[vpr] 	
[vpr] Passed route at end.
[vpr] Overriding architecture block(s) based on fabric io block...
[vpr] Complex block 222: cb.out:pv3_0_0_, type: io
[vpr] 	
[vpr] Passed route at end.
[vpr] Overriding architecture block(s) based on fabric io block...
[vpr] Complex block 223: cb.out:pv12_3_3_, type: io
[vpr] 	
[vpr] Passed route at end.
[vpr] Overriding architecture block(s) based on fabric io block...
[vpr] Complex block 224: cb.out:pv14_2_2_, type: io
[vpr] 	
[vpr] Passed route at end.
[vpr] Overriding architecture block(s) based on fabric io block...
[vpr] Complex block 225: cb.out:pv7_7_7_, type: io
[vpr] 	
[vpr] Passed route at end.
[vpr] Overriding architecture block(s) based on fabric io block...
[vpr] Complex block 226: cb.out:pv10_0_0_, type: io
[vpr] 	
[vpr] Passed route at end.
[vpr] Overriding architecture block(s) based on fabric io block...
[vpr] Complex block 227: cb.out:pready_0_0_, type: io
[vpr] 	
[vpr] Passed route at end.
[vpr] Overriding architecture block(s) based on fabric io block...
[vpr] Complex block 228: cb.out:pv4_4_4_, type: io
[vpr] 	
[vpr] Passed route at end.
[vpr] Overriding architecture block(s) based on fabric io block...
[vpr] Complex block 229: cb.out:pv8_3_3_, type: io
[vpr] 	
[vpr] Passed route at end.
[vpr] Overriding architecture block(s) based on fabric io block...
[vpr] Complex block 230: cb.out:pv11_1_1_, type: io
[vpr] 	
[vpr] Passed route at end.
[vpr] Overriding architecture block(s) based on fabric io block...
[vpr] Complex block 231: cb.out:pv13_0_0_, type: io
[vpr] 	
[vpr] Passed route at end.
[vpr] Overriding architecture block(s) based on fabric io block...
[vpr] Complex block 232: cb.out:pv1_3_3_, type: io
[vpr] 	
[vpr] Passed route at end.
[vpr] Overriding architecture block(s) based on fabric io block...
[vpr] Complex block 233: cb.out:pv4_2_2_, type: io
[vpr] 	
[vpr] Passed route at end.
[vpr] Overriding architecture block(s) based on fabric io block...
[vpr] Complex block 234: cb.out:pv5_2_2_, type: io
[vpr] 	
[vpr] Passed route at end.
[vpr] Overriding architecture block(s) based on fabric io block...
[vpr] Complex block 235: cb.out:pv8_1_1_, type: io
[vpr] 	
[vpr] Passed route at end.
[vpr] Overriding architecture block(s) based on fabric io block...
[vpr] Complex block 236: cb.out:pv11_5_5_, type: io
[vpr] 	
[vpr] Passed route at end.
[vpr] Overriding architecture block(s) based on fabric io block...
[vpr] Complex block 237: cb.out:pv9_1_1_, type: io
[vpr] 	
[vpr] Passed route at end.
[vpr] Overriding architecture block(s) based on fabric io block...
[vpr] Complex block 238: cb.out:pv13_4_4_, type: io
[vpr] 	
[vpr] Passed route at end.
[vpr] Overriding architecture block(s) based on fabric io block...
[vpr] Complex block 239: cb.out:pv15_3_3_, type: io
[vpr] 	
[vpr] Passed route at end.
[vpr] Overriding architecture block(s) based on fabric io block...
[vpr] Complex block 240: cb.out:pv1_1_1_, type: io
[vpr] 	
[vpr] Passed route at end.
[vpr] Overriding architecture block(s) based on fabric io block...
[vpr] Complex block 241: cb.out:pv12_0_0_, type: io
[vpr] 	
[vpr] Passed route at end.
[vpr] Overriding architecture block(s) based on fabric io block...
[vpr] Complex block 242: cb.out:pv5_0_0_, type: io
[vpr] 	
[vpr] Passed route at end.
[vpr] Overriding architecture block(s) based on fabric io block...
[vpr] Complex block 243: cb.out:pv10_1_1_, type: io
[vpr] 	
[vpr] Passed route at end.
[vpr] Overriding architecture block(s) based on fabric io block...
[vpr] Complex block 244: cb.out:pv9_7_7_, type: io
[vpr] 	
[vpr] Passed route at end.
[vpr] Overriding architecture block(s) based on fabric io block...
[vpr] Complex block 245: cb.out:pv10_5_5_, type: io
[vpr] 	
[vpr] Passed route at end.
[vpr] Overriding architecture block(s) based on fabric io block...
[vpr] Complex block 246: cb.out:pv12_4_4_, type: io
[vpr] 	
[vpr] Passed route at end.
[vpr] Overriding architecture block(s) based on fabric io block...
[vpr] Complex block 247: cb.out:pv14_3_3_, type: io
[vpr] 	
[vpr] Passed route at end.
[vpr] Overriding architecture block(s) based on fabric io block...
[vpr] Complex block 248: cb.out:pv2_1_1_, type: io
[vpr] 	
[vpr] Passed route at end.
[vpr] Overriding architecture block(s) based on fabric io block...
[vpr] Complex block 249: cb.out:pv2_7_7_, type: io
[vpr] 	
[vpr] Passed route at end.
[vpr] Overriding architecture block(s) based on fabric io block...
[vpr] Complex block 250: cb.out:pv6_6_6_, type: io
[vpr] 	
[vpr] Passed route at end.
[vpr] Overriding architecture block(s) based on fabric io block...
[vpr] Complex block 251: cb.out:pv13_1_1_, type: io
[vpr] 	
[vpr] Passed route at end.
[vpr] Overriding architecture block(s) based on fabric io block...
[vpr] Complex block 252: cb.out:pv11_2_2_, type: io
[vpr] 	
[vpr] Passed route at end.
[vpr] Overriding architecture block(s) based on fabric io block...
[vpr] Complex block 253: cb.out:pv11_6_6_, type: io
[vpr] 	
[vpr] Passed route at end.
[vpr] Overriding architecture block(s) based on fabric io block...
[vpr] Complex block 254: cb.out:pv13_5_5_, type: io
[vpr] 	
[vpr] Passed route at end.
[vpr] Overriding architecture block(s) based on fabric io block...
[vpr] Complex block 255: cb.out:pv6_0_0_, type: io
[vpr] 	
[vpr] Passed route at end.
[vpr] Overriding architecture block(s) based on fabric io block...
[vpr] Complex block 256: cb.out:pv15_4_4_, type: io
[vpr] 	
[vpr] Passed route at end.
[vpr] Overriding architecture block(s) based on fabric io block...
[vpr] Complex block 257: cb.out:pv3_5_5_, type: io
[vpr] 	
[vpr] Passed route at end.
[vpr] Overriding architecture block(s) based on fabric io block...
[vpr] Complex block 258: cb.out:pv15_0_0_, type: io
[vpr] 	
[vpr] Passed route at end.
[vpr] Overriding architecture block(s) based on fabric io block...
[vpr] Complex block 259: cb.out:pv7_4_4_, type: io
[vpr] 	
[vpr] Passed route at end.
[vpr] Overriding architecture block(s) based on fabric io block...
[vpr] Complex block 260: cb.out:pv10_6_6_, type: io
[vpr] 	
[vpr] Passed route at end.
[vpr] Overriding architecture block(s) based on fabric io block...
[vpr] Complex block 261: cb.out:pv3_7_7_, type: io
[vpr] 	
[vpr] Passed route at end.
[vpr] Overriding architecture block(s) based on fabric io block...
[vpr] Complex block 262: cb.out:pv12_5_5_, type: io
[vpr] 	
[vpr] Passed route at end.
[vpr] Overriding architecture block(s) based on fabric io block...
[vpr] Complex block 263: cb.out:pv14_4_4_, type: io
[vpr] 	
[vpr] Passed route at end.
[vpr] Overriding architecture block(s) based on fabric io block...
[vpr] Complex block 264: cb.out:pv4_1_1_, type: io
[vpr] 	
[vpr] Passed route at end.
[vpr] Overriding architecture block(s) based on fabric io block...
[vpr] Complex block 265: cb.out:pv10_2_2_, type: io
[vpr] 	
[vpr] Passed route at end.
[vpr] Overriding architecture block(s) based on fabric io block...
[vpr] Complex block 266: cb.out:pv8_0_0_, type: io
[vpr] 	
[vpr] Passed route at end.
[vpr] Overriding architecture block(s) based on fabric io block...
[vpr] Complex block 267: cb.out:pv7_6_6_, type: io
[vpr] 	
[vpr] Passed route at end.
[vpr] Overriding architecture block(s) based on fabric io block...
[vpr] Complex block 268: cb.out:pv11_7_7_, type: io
[vpr] 	
[vpr] Passed route at end.
[vpr] Overriding architecture block(s) based on fabric io block...
[vpr] Complex block 269: cb.out:pv13_6_6_, type: io
[vpr] 	
[vpr] Passed route at end.
[vpr] Overriding architecture block(s) based on fabric io block...
[vpr] Complex block 270: cb.out:pv12_1_1_, type: io
[vpr] 	
[vpr] Passed route at end.
[vpr] Overriding architecture block(s) based on fabric io block...
[vpr] Complex block 271: cb.out:pv15_5_5_, type: io
[vpr] 	
[vpr] Passed route at end.
[vpr] Overriding architecture block(s) based on fabric io block...
[vpr] Complex block 272: cb.out:pv1_0_0_, type: io
[vpr] 	
[vpr] Passed route at end.
[vpr] Overriding architecture block(s) based on fabric io block...
[vpr] Complex block 273: cb.out:pv14_0_0_, type: io
[vpr] 	
[vpr] Passed route at end.
[vpr] Overriding architecture block(s) based on fabric io block...
[vpr] Complex block 274: cb.out:pv5_7_7_, type: io
[vpr] 	
[vpr] Passed route at end.
[vpr] Overriding architecture block(s) based on fabric io block...
[vpr] Complex block 275: cb.out:pv9_6_6_, type: io
[vpr] 	
[vpr] Passed route at end.
[vpr] Overriding architecture block(s) based on fabric io block...
[vpr] Complex block 276: cb.out:pv8_2_2_, type: io
[vpr] 	
[vpr] Passed route at end.
[vpr] Overriding architecture block(s) based on fabric io block...
[vpr] Complex block 277: cb.out:pv12_6_6_, type: io
[vpr] 	
[vpr] Passed route at end.
[vpr] Overriding architecture block(s) based on fabric io block...
[vpr] Complex block 278: cb.out:pv10_7_7_, type: io
[vpr] 	
[vpr] Passed route at end.
[vpr] Overriding architecture block(s) based on fabric io block...
[vpr] Complex block 279: cb.out:pv4_3_3_, type: io
[vpr] 	
[vpr] Passed route at end.
[vpr] Overriding architecture block(s) based on fabric io block...
[vpr] Complex block 280: cb.out:pv14_5_5_, type: io
[vpr] 	
[vpr] Passed route at end.
[vpr] Overriding architecture block(s) based on fabric io block...
[vpr] Complex block 281: cb.out:pv11_3_3_, type: io
[vpr] 	
[vpr] Passed route at end.
[vpr] Overriding architecture block(s) based on fabric io block...
[vpr] Complex block 282: cb.out:pv13_2_2_, type: io
[vpr] 	
[vpr] Passed route at end.
[vpr] Overriding architecture block(s) based on fabric io block...
[vpr] Complex block 283: cb.out:pv12_2_2_, type: io
[vpr] 	
[vpr] Passed route at end.
[vpr] Overriding architecture block(s) based on fabric io block...
[vpr] Complex block 284: cb.out:pv2_6_6_, type: io
[vpr] 	
[vpr] Passed route at end.
[vpr] Overriding architecture block(s) based on fabric io block...
[vpr] Complex block 285: cb.out:pv10_3_3_, type: io
[vpr] 	
[vpr] Passed route at end.
[vpr] Overriding architecture block(s) based on fabric io block...
[vpr] Complex block 286: cb.out:pv1_2_2_, type: io
[vpr] 	
[vpr] Passed route at end.
[vpr] Overriding architecture block(s) based on fabric io block...
[vpr] Complex block 287: cb.out:pv6_5_5_, type: io
[vpr] 	
[vpr] Passed route at end.
[vpr] Overriding architecture block(s) based on fabric io block...
[vpr] Complex block 288: cb.out:pv9_0_0_, type: io
[vpr] 	
[vpr] Passed route at end.
[vpr] Overriding architecture block(s) based on fabric io block...
[vpr] Complex block 289: cb.out:pv13_7_7_, type: io
[vpr] 	
[vpr] Passed route at end.
[vpr] Overriding architecture block(s) based on fabric io block...
[vpr] Complex block 290: cb.out:pv15_6_6_, type: io
[vpr] 	
[vpr] Passed route at end.
[vpr] Overriding architecture block(s) based on fabric io block...
[vpr] Complex block 291: cb.out:pv3_4_4_, type: io
[vpr] 	
[vpr] Passed route at end.
[vpr] Overriding architecture block(s) based on fabric io block...
[vpr] Complex block 292: cb.out:pv7_3_3_, type: io
[vpr] 	
[vpr] Passed route at end.
[vpr] Overriding architecture block(s) based on fabric io block...
[vpr] Complex block 293: cb.out:pv15_1_1_, type: io
[vpr] 	
[vpr] Passed route at end.
[vpr] Overriding architecture block(s) based on fabric io block...
[vpr] Complex block 294: cb.out:pv12_7_7_, type: io
[vpr] 	
[vpr] Passed route at end.
[vpr] Overriding architecture block(s) based on fabric io block...
[vpr] Complex block 295: cb.out:pv14_6_6_, type: io
[vpr] 	
[vpr] Passed route at end.
[vpr] Overriding architecture block(s) based on fabric io block...
[vpr] Complex block 296: cb.out:pv4_0_0_, type: io
[vpr] 	
[vpr] Passed route at end.
[vpr] Overriding architecture block(s) based on fabric io block...
[vpr] Complex block 297: cb.out:pv8_7_7_, type: io
[vpr] 	
[vpr] Passed route at end.
[vpr] Overriding architecture block(s) based on fabric io block...
[vpr] Complex block 298: cb.out:pv15_7_7_, type: io
[vpr] 	
[vpr] Passed route at end.
[vpr] Overriding architecture block(s) based on fabric io block...
[vpr] Complex block 299: cb.out:pv1_7_7_, type: io
[vpr] 	
[vpr] Passed route at end.
[vpr] Overriding architecture block(s) based on fabric io block...
[vpr] Complex block 300: cb.out:pv5_6_6_, type: io
[vpr] 	
[vpr] Passed route at end.
[vpr] Overriding architecture block(s) based on fabric io block...
[vpr] Complex block 301: cb.out:pv9_5_5_, type: io
[vpr] 	
[vpr] Passed route at end.
[vpr] Overriding architecture block(s) based on fabric io block...
[vpr] Complex block 302: cb.out:pv5_1_1_, type: io
[vpr] 	
[vpr] Passed route at end.
[vpr] Overriding architecture block(s) based on fabric io block...
[vpr] Complex block 303: cb.pv14_3_3_, type: clb
[vpr] 	
[vpr] Passed route at end.
[vpr] Overriding architecture block(s) based on fabric io block...
[vpr] Complex block 304: cb.out:pdn, type: io
[vpr] 	
[vpr] Passed route at end.
[vpr] Overriding architecture block(s) based on fabric io block...
[vpr] Complex block 305: cb.pclk, type: io
[vpr] 	
[vpr] Passed route at end.
[vpr] 	<EMPTY>: # blocks: 0, average # input + clock pins used: 0, average # output pins used: 0
[vpr] 	io: # blocks: 174, average # input + clock pins used: 0.701149, average # output pins used: 0.298851
[vpr] 	clb: # blocks: 132, average # input + clock pins used: 12.1364, average # output pins used: 4.20455
[vpr] Absorbed logical nets 876 out of 1483 nets, 607 nets not absorbed.
[vpr] 
[vpr] Netlist conversion complete.
[vpr] 
[vpr] Packing completed.
[vpr] Begin parsing packed FPGA netlist file.
[vpr] Finished parsing packed FPGA netlist file.
[vpr] Netlist generated from file 'vpr_tseng_fabric_grids.vpr.net'.
[vpr] 
[vpr] Netlist num_nets: 607
[vpr] Netlist num_blocks: 306
[vpr] Netlist <EMPTY> blocks: 0.
[vpr] Netlist clb blocks: 132.
[vpr] Netlist inputs pins: 52
[vpr] Netlist output pins: 122
[vpr] 
[vpr] Overriding architecture block(s) based on fabric io block...
[vpr] The circuit will be mapped into a 12 x 12 array of clbs.
[vpr] 
[vpr] Resource usage...
[vpr] 	Netlist      0	blocks of type: <EMPTY>
[vpr] 	Architecture 40	blocks of type: <EMPTY>
[vpr] 	Netlist      174	blocks of type: io
[vpr] 	Architecture 192	blocks of type: io
[vpr] 	Netlist      132	blocks of type: clb
[vpr] 	Architecture 132	blocks of type: clb
[vpr] 
[vpr] 
[vpr] There are 1603 point to point connections in this circuit.
[vpr] 
[vpr] Initial placement cost: 1.00881 bb_cost: 90.0768 td_cost: 1.64286e-07 delay_cost: 4.64376e-07
[vpr] 
[vpr] ------- ------- ---------- ---------- ---------- ---------- ------- ------- ------- ------- ------ --------- ------
[vpr]       T    Cost Av BB Cost Av TD Cost Av Tot Del P to P Del   d_max Ac Rate Std Dev R limit    Exp Tot Moves  Alpha
[vpr] ------- ------- ---------- ---------- ---------- ---------- ------- ------- ------- ------- ------ --------- ------
[vpr] 0.18326 0.99311    89.4338 1.579e-07  4.6756e-07 2.8969e-10  7.5509  0.9981  0.0116 13.0000  1.000      2061  0.500
[vpr] 0.09163 0.97548    88.9331 1.5724e-07 4.6651e-07 2.9656e-10  7.5509  0.9942  0.0140 13.0000  1.000      4122  0.500
[vpr] 0.04581 0.98893    88.9557 1.5145e-07 4.6595e-07 2.9012e-10  7.9611  0.9898  0.0096 13.0000  1.000      6183  0.500
[vpr] 0.02291 0.99122    88.8666 1.5671e-07 4.627e-07  2.8905e-10  7.5509  0.9787  0.0164 13.0000  1.000      8244  0.500
[vpr] 0.01145 0.98848    86.5350 1.5402e-07 4.5792e-07 2.8649e-10  7.4825  0.9432  0.0135 13.0000  1.000     10305  0.900
[vpr] 0.01031 0.97026    87.3751 1.5771e-07 4.597e-07  2.9413e-10  7.4141  0.9447  0.0131 13.0000  1.000     12366  0.900
[vpr] 0.00928 0.99951    87.8676 1.6129e-07 4.6121e-07 2.853e-10   7.2090  0.9403  0.0108 13.0000  1.000     14427  0.900
[vpr] 0.00835 1.00345    87.2737 1.593e-07  4.5874e-07 2.8726e-10  7.2774  0.9296  0.0135 13.0000  1.000     16488  0.900
[vpr] 0.00751 0.98719    85.9790 1.5976e-07 4.5335e-07 2.8449e-10  7.0723  0.9165  0.0102 13.0000  1.000     18549  0.900
[vpr] 0.00676 1.01611    86.0235 1.5294e-07 4.5531e-07 2.7984e-10  7.4825  0.9078  0.0109 13.0000  1.000     20610  0.900
[vpr] 0.00609 0.97133    86.3139 1.5321e-07 4.5744e-07 2.8816e-10  7.5509  0.9049  0.0144 13.0000  1.000     22671  0.900
[vpr] 0.00548 1.02197    86.4061 1.6113e-07 4.5765e-07 2.8261e-10  7.0723  0.8889  0.0106 13.0000  1.000     24732  0.900
[vpr] 0.00493 0.99724    85.1455 1.5512e-07 4.5149e-07 2.8231e-10  7.2090  0.8772  0.0128 13.0000  1.000     26793  0.900
[vpr] 0.00444 0.99906    84.3087 1.5674e-07 4.524e-07  2.8172e-10  7.1407  0.8729  0.0129 13.0000  1.000     28854  0.900
[vpr] 0.00399 0.97462    84.1740 1.5655e-07 4.4997e-07 2.8406e-10  7.1407  0.8559  0.0169 13.0000  1.000     30915  0.900
[vpr] 0.00359 0.99221    82.3267 1.5267e-07 4.4436e-07 2.7933e-10  7.0723  0.8195  0.0129 13.0000  1.000     32976  0.900
[vpr] 0.00323 1.00686    83.5684 1.5667e-07 4.4735e-07 2.7975e-10  6.9355  0.8088  0.0164 13.0000  1.000     35037  0.900
[vpr] 0.00291 0.97722    82.0508 1.5075e-07 4.4526e-07 2.8048e-10  7.2774  0.7889  0.0149 13.0000  1.000     37098  0.950
[vpr] 0.00277 0.99717    81.3304 1.4728e-07 4.4208e-07 2.751e-10   7.2774  0.7783  0.0127 13.0000  1.000     39159  0.950
[vpr] 0.00263 0.97510    81.3391 1.5018e-07 4.4221e-07 2.8027e-10  7.2090  0.7744  0.0140 13.0000  1.000     41220  0.950
[vpr] 0.00250 1.00037    81.1571 1.5749e-07 4.4249e-07 2.7468e-10  6.7988  0.7666  0.0117 13.0000  1.000     43281  0.950
[vpr] 0.00237 0.98278    79.8607 1.4992e-07 4.3635e-07 2.8005e-10  7.0723  0.7370  0.0175 13.0000  1.000     45342  0.950
[vpr] 0.00225 0.99265    79.4338 1.5111e-07 4.3598e-07 2.7532e-10  7.0039  0.7312  0.0082 13.0000  1.000     47403  0.950
[vpr] 0.00214 0.97984    79.7319 1.4479e-07 4.3936e-07 2.7417e-10  7.4141  0.7399  0.0115 13.0000  1.000     49464  0.950
[vpr] 0.00203 0.99012    78.5865 1.5431e-07 4.3757e-07 2.7651e-10  6.7988  0.7249  0.0099 13.0000  1.000     51525  0.950
[vpr] 0.00193 0.97599    77.0690 1.4033e-07 4.3021e-07 2.7152e-10  7.3458  0.6943  0.0118 13.0000  1.000     53586  0.950
[vpr] 0.00183 0.99578    76.9695 1.4516e-07 4.305e-07  2.6956e-10  7.0723  0.6778  0.0086 13.0000  1.000     55647  0.950
[vpr] 0.00174 0.99059    75.8089 1.4066e-07 4.2531e-07 2.6581e-10  7.2090  0.6783  0.0083 13.0000  1.000     57708  0.950
[vpr] 0.00166 0.97749    73.7811 1.4342e-07 4.216e-07  2.6427e-10  6.9246  0.6550  0.0121 13.0000  1.000     59769  0.950
[vpr] 0.00157 0.98133    74.5740 1.4553e-07 4.2533e-07 2.7169e-10  6.9356  0.6371  0.0110 13.0000  1.000     61830  0.950
[vpr] 0.00149 0.99612    75.5663 1.4564e-07 4.2316e-07 2.6568e-10  6.8672  0.6414  0.0089 13.0000  1.000     63891  0.950
[vpr] 0.00142 0.97271    74.0079 1.4141e-07 4.1943e-07 2.6483e-10  7.0039  0.5997  0.0098 13.0000  1.000     65952  0.950
[vpr] 0.00135 0.99374    71.2860 1.409e-07  4.1589e-07 2.5894e-10  6.7988  0.5784  0.0069 13.0000  1.000     68013  0.950
[vpr] 0.00128 0.99272    71.2910 1.4004e-07 4.0908e-07 2.5608e-10  6.6621  0.5512  0.0073 13.0000  1.000     70074  0.950
[vpr] 0.00122 0.99483    71.5020 1.3514e-07 4.066e-07  2.5284e-10  6.7988  0.5526  0.0092 13.0000  1.000     72135  0.950
[vpr] 0.00116 0.98880    69.6541 1.3939e-07 4.07e-07   2.5583e-10  6.5937  0.5313  0.0061 13.0000  1.000     74196  0.950
[vpr] 0.00110 1.00848    70.4602 1.3906e-07 4.0648e-07 2.5271e-10  6.6621  0.5672  0.0070 13.0000  1.000     76257  0.950
[vpr] 0.00104 0.99215    68.2411 1.3972e-07 4.051e-07  2.5318e-10  6.5937  0.5007  0.0044 13.0000  1.000     78318  0.950
[vpr] 0.00099 0.99005    67.7580 1.4272e-07 4.0569e-07 2.5608e-10  6.4570  0.5061  0.0073 13.0000  1.000     80379  0.950
[vpr] 0.00094 0.98485    66.8056 1.3698e-07 4.001e-07  2.4973e-10  6.5253  0.4774  0.0061 13.0000  1.000     82440  0.950
[vpr] 0.00089 1.00193    66.7218 1.3633e-07 4.003e-07  2.5139e-10  6.5937  0.4760  0.0046 13.0000  1.000     84501  0.950
[vpr] 0.00085 1.00346    66.3291 1.3918e-07 4.0267e-07 2.5071e-10  6.5253  0.4789  0.0044 13.0000  1.000     86562  0.950
[vpr] 0.00081 0.99187    65.2286 1.3747e-07 3.9894e-07 2.5041e-10  6.5253  0.4444  0.0044 13.0000  1.000     88623  0.950
[vpr] 0.00077 0.99073    63.9203 1.3905e-07 3.9564e-07 2.4802e-10  6.3886  0.4304  0.0060 13.0000  1.000     90684  0.950
[vpr] 0.00073 0.99820    65.3321 1.3079e-07 3.9914e-07 2.4794e-10  6.3886  0.4740  0.0068 12.8749  1.073     92745  0.950
[vpr] 0.00069 0.98075    65.0455 1.3745e-07 3.9604e-07 2.5062e-10  6.4460  0.4221  0.0100 13.0000  1.000     94806  0.950
[vpr] 0.00066 0.98546    62.6201 1.2113e-07 3.929e-07  2.4516e-10  6.4460  0.4818  0.0045 12.7676  1.136     96867  0.950
[vpr] 0.00062 0.99679    61.8642 1.3293e-07 3.8994e-07 2.4342e-10  6.5937  0.3683  0.0042 13.0000  1.000     98928  0.950
[vpr] 0.00059 0.99563    60.5401 8.5707e-08 3.8885e-07 2.4184e-10  6.6621  0.4609  0.0046 12.0675  1.544    100989  0.950
[vpr] 0.00056 1.00289    59.8806 9.7145e-08 3.8944e-07 2.4192e-10  6.5253  0.4561  0.0024 12.3202  1.397    103050  0.950
[vpr] 0.00054 0.99673    59.9174 1.0565e-07 3.8892e-07 2.4252e-10  6.5253  0.4250  0.0018 12.5184  1.281    105111  0.950
[vpr] 0.00051 0.98744    58.7966 9.7589e-08 3.8651e-07 2.4363e-10  6.4570  0.4076  0.0049 12.3311  1.390    107172  0.950
[vpr] 0.00048 0.99756    58.6280 8.3306e-08 3.8423e-07 2.4124e-10  6.3886  0.4124  0.0046 11.9312  1.623    109233  0.950
[vpr] 0.00046 1.00127    58.5180 7.1112e-08 3.8231e-07 2.3813e-10  6.4570  0.4197  0.0034 11.6021  1.815    111294  0.950
[vpr] 0.00044 0.99826    58.1939 6.5286e-08 3.8015e-07 2.383e-10   6.4570  0.3964  0.0016 11.3666  1.953    113355  0.950
[vpr] 0.00041 0.99635    57.7892 5.7165e-08 3.79e-07   2.374e-10   6.3886  0.3954  0.0044 10.8711  2.242    115416  0.950
[vpr] 0.00039 0.99685    57.0869 4.901e-08  3.7943e-07 2.3655e-10  6.4570  0.3426  0.0029 10.3867  2.524    117477  0.950
[vpr] 0.00037 0.99623    57.2463 3.8685e-08 3.8178e-07 2.3715e-10  6.4570  0.3838  0.0027  9.3745  3.115    119538  0.950
[vpr] 0.00036 0.99812    57.0413 3.617e-08  3.8118e-07 2.3821e-10  6.3202  0.3877  0.0029  8.8476  3.422    121599  0.950
[vpr] 0.00034 0.99491    55.8785 3.3218e-08 3.7941e-07 2.3625e-10  6.3202  0.3401  0.0016  8.3847  3.692    123660  0.950
[vpr] 0.00032 0.99542    55.4538 2.9455e-08 3.7802e-07 2.3578e-10  6.3202  0.3489  0.0019  7.5473  4.181    125721  0.950
[vpr] 0.00030 1.00141    56.0090 2.6845e-08 3.7998e-07 2.3599e-10  6.3202  0.3877  0.0034  6.8594  4.582    127782  0.950
[vpr] 0.00029 0.99611    56.0981 2.5603e-08 3.8071e-07 2.3796e-10  6.3202  0.3838  0.0021  6.5005  4.791    129843  0.950
[vpr] 0.00028 0.99537    55.3808 2.4685e-08 3.8063e-07 2.3932e-10  6.3202  0.3518  0.0034  6.1351  5.005    131904  0.950
[vpr] 0.00026 1.00136    54.8047 2.3527e-08 3.8149e-07 2.3715e-10  6.3202  0.3527  0.0010  5.5938  5.320    133965  0.950
[vpr] 0.00025 0.99335    54.5607 2.2702e-08 3.8055e-07 2.3604e-10  6.3202  0.3649  0.0076  5.1057  5.605    136026  0.950
[vpr] 0.00024 0.99479    53.3335 2.1492e-08 3.8043e-07 2.3757e-10  6.3202  0.3867  0.0022  4.7221  5.829    138087  0.950
[vpr] 0.00022 0.99520    52.8010 2.0922e-08 3.8077e-07 2.3843e-10  6.3202  0.3566  0.0027  4.4705  5.976    140148  0.950
[vpr] 0.00021 0.99949    52.8326 1.9922e-08 3.788e-07  2.3582e-10  6.3202  0.3484  0.0012  4.0977  6.193    142209  0.950
[vpr] 0.00020 0.99782    52.7950 2.1143e-08 3.7846e-07 2.3582e-10  6.1835  0.3988  0.0022  3.7223  6.412    144270  0.950
[vpr] 0.00019 0.99840    52.5251 2.0899e-08 3.8228e-07 2.3774e-10  6.1835  0.3930  0.0022  3.5691  6.501    146331  0.950
[vpr] 0.00018 0.99728    52.4381 2.0645e-08 3.7855e-07 2.3983e-10  6.1835  0.3518  0.0019  3.4014  6.599    148392  0.950
[vpr] 0.00017 0.99689    52.0198 2.017e-08  3.7701e-07 2.3544e-10  6.1835  0.3508  0.0023  3.1013  6.774    150453  0.950
[vpr] 0.00016 0.99966    51.8507 1.9885e-08 3.783e-07  2.3557e-10  6.1835  0.4085  0.0010  2.8246  6.936    152514  0.950
[vpr] 0.00016 0.99828    51.6867 1.9598e-08 3.7884e-07 2.38e-10    6.1835  0.3726  0.0009  2.7358  6.987    154575  0.950
[vpr] 0.00015 0.99577    51.6854 1.7484e-08 3.7665e-07 2.345e-10   6.3202  0.3760  0.0017  2.5515  7.095    156636  0.950
[vpr] 0.00014 1.00041    51.5825 1.7187e-08 3.7696e-07 2.3535e-10  6.3202  0.3765  0.0010  2.3883  7.190    158697  0.950
[vpr] 0.00013 0.99751    51.3745 1.7134e-08 3.7792e-07 2.3467e-10  6.3202  0.3571  0.0017  2.2366  7.279    160758  0.950
[vpr] 0.00013 1.00086    51.3697 1.675e-08  3.7425e-07 2.345e-10   6.3202  0.3542  0.0008  2.0512  7.387    162819  0.950
[vpr] 0.00012 0.99672    50.9028 1.6573e-08 3.7457e-07 2.3288e-10  6.3202  0.4124  0.0020  1.8752  7.489    164880  0.950
[vpr] 0.00011 1.00024    50.7783 1.6558e-08 3.7395e-07 2.3459e-10  6.3202  0.4076  0.0010  1.8235  7.520    166941  0.950
[vpr] 0.00011 0.99813    50.7943 1.648e-08  3.7397e-07 2.328e-10   6.3202  0.4115  0.0012  1.7644  7.554    169002  0.950
[vpr] 0.00010 0.99975    50.5163 1.6606e-08 3.7418e-07 2.3309e-10  6.3202  0.3852  0.0004  1.7140  7.583    171063  0.950
[vpr] 0.00010 0.99924    50.4368 1.6506e-08 3.7364e-07 2.3395e-10  6.3202  0.3828  0.0008  1.6202  7.638    173124  0.950
[vpr] 0.00009 0.99824    50.1368 1.6384e-08 3.7481e-07 2.3403e-10  6.3202  0.3387  0.0011  1.5275  7.692    175185  0.950
[vpr] 0.00009 0.99968    49.9608 1.6251e-08 3.7286e-07 2.3412e-10  6.3202  0.3557  0.0004  1.3728  7.783    177246  0.950
[vpr] 0.00008 0.99914    49.9170 1.6116e-08 3.759e-07  2.3378e-10  6.3202  0.3328  0.0007  1.2570  7.850    179307  0.950
[vpr] 0.00008 0.99960    49.8089 1.5974e-08 3.7453e-07 2.3407e-10  6.3202  0.3164  0.0006  1.1223  7.929    181368  0.950
[vpr] 0.00008 0.99981    49.7171 1.5861e-08 3.7283e-07 2.3271e-10  6.3202  0.3333  0.0008  1.0000  8.000    183429  0.950
[vpr] 0.00007 1.00008    49.5887 1.5865e-08 3.7285e-07 2.328e-10   6.3202  0.3197  0.0013  1.0000  8.000    185490  0.950
[vpr] 0.00007 1.00000    49.3552 1.5851e-08 3.7218e-07 2.3216e-10  6.3202  0.2848  0.0005  1.0000  8.000    187551  0.950
[vpr] 0.00007 1.00107    49.3529 1.5861e-08 3.7245e-07 2.3216e-10  6.3202  0.2484  0.0007  1.0000  8.000    189612  0.950
[vpr] 0.00006 0.99934    49.2916 1.5852e-08 3.7246e-07 2.322e-10   6.3202  0.2654  0.0004  1.0000  8.000    191673  0.950
[vpr] 0.00006 0.99912    49.0797 1.5885e-08 3.7305e-07 2.3322e-10  6.3202  0.2266  0.0006  1.0000  8.000    193734  0.950
[vpr] 0.00006 0.99923    49.0254 1.6098e-08 3.7389e-07 2.3326e-10  6.3202  0.2130  0.0004  1.0000  8.000    195795  0.950
[vpr] 0.00005 1.00029    49.1273 1.5853e-08 3.7464e-07 2.3348e-10  6.3202  0.2125  0.0002  1.0000  8.000    197856  0.950
[vpr] 0.00005 1.00030    49.0711 1.5861e-08 3.7477e-07 2.3425e-10  6.3202  0.2285  0.0005  1.0000  8.000    199917  0.950
[vpr] 0.00005 0.99989    49.0128 1.5877e-08 3.752e-07  2.339e-10   6.3202  0.2125  0.0002  1.0000  8.000    201978  0.950
[vpr] 0.00005 0.99954    48.9892 1.5887e-08 3.75e-07   2.345e-10   6.3202  0.2232  0.0004  1.0000  8.000    204039  0.950
[vpr] 0.00004 0.99905    48.9518 1.5883e-08 3.7638e-07 2.3433e-10  6.3202  0.1824  0.0007  1.0000  8.000    206100  0.950
[vpr] 0.00004 0.99974    48.8608 1.5873e-08 3.7656e-07 2.351e-10   6.3202  0.1829  0.0003  1.0000  8.000    208161  0.950
[vpr] 0.00004 0.99978    48.8494 1.5934e-08 3.7639e-07 2.3476e-10  6.3202  0.1873  0.0003  1.0000  8.000    210222  0.950
[vpr] 0.00004 0.99992    48.8389 1.5865e-08 3.7669e-07 2.3501e-10  6.3202  0.1742  0.0003  1.0000  8.000    212283  0.950
[vpr] 0.00004 0.99992    48.7545 1.587e-08  3.7581e-07 2.3497e-10  6.3202  0.1557  0.0001  1.0000  8.000    214344  0.950
[vpr] 0.00003 0.99976    48.7608 1.5866e-08 3.7507e-07 2.3412e-10  6.3202  0.1674  0.0002  1.0000  8.000    216405  0.950
[vpr] 0.00003 1.00000    48.7265 1.5865e-08 3.748e-07  2.3373e-10  6.3202  0.1460  0.0002  1.0000  8.000    218466  0.800
[vpr] 0.00003 0.99993    48.7061 1.587e-08  3.7523e-07 2.3344e-10  6.3202  0.1426  0.0001  1.0000  8.000    220527  0.800
[vpr] 0.00002 0.99995    48.6948 1.5867e-08 3.7651e-07 2.3501e-10  6.3202  0.1344  0.0000  1.0000  8.000    222588  0.800
[vpr] 0.00002 0.99983    48.6818 1.594e-08  3.7526e-07 2.351e-10   6.3202  0.1295  0.0002  1.0000  8.000    224649  0.800
[vpr] 0.00001 1.00000    48.6780 1.5865e-08 3.7496e-07 2.3378e-10  6.3202  0.1344  0.0000  1.0000  8.000    226710  0.800
[vpr] 0.00001 1.00000    48.6778 1.5865e-08 3.757e-07  2.3467e-10  6.3202  0.1295  0.0000  1.0000  8.000    228771  0.800
[vpr] 0.00001 0.99999    48.6775 1.5865e-08 3.762e-07  2.3361e-10  6.3202  0.1281  0.0000  1.0000  8.000    230832  0.800
[vpr] 0.00000 1.00000    48.6776 1.5865e-08 3.7519e-07 2.3463e-10          0.0267  0.0000  1.0000  8.000    232893
[vpr] 
[vpr] BB estimate of min-dist (placement) wire length: 4857
[vpr] bb_cost recomputed from scratch: 48.6775
[vpr] timing_cost recomputed from scratch: 1.58649e-08
[vpr] delay_cost recomputed from scratch: 3.74743e-07
[vpr] 
[vpr] Completed placement consistency check successfully.
[vpr] 
[vpr] Swaps called: 233199
[vpr] 
[vpr] Placement estimated critical path delay: 6.32022 ns
[vpr] Placement cost: 0.999994, bb_cost: 48.6775, td_cost: 1.58649e-08, delay_cost: 3.74743e-07
[vpr] Placement total # of swap attempts: 233199
[vpr] 	Swap reject rate: 0
[vpr] 	Swap accept rate: 0
[vpr] 	Swap abort rate: 0
[vpr] 
[vpr] Using low: -1, high: -1, current: 28
[vpr] Confirming router algorithm: TIMING_DRIVEN.
[vpr] Wire length after first iteration 8434, total available wire length 8736, ratio 0.96543
[vpr] Wire length usage ratio exceeds limit of 0.85, fail routing.
[vpr] 
[vpr] Using low: 28, high: -1, current: 56
[vpr] Confirming router algorithm: TIMING_DRIVEN.
[vpr] Wire length after first iteration 7849, total available wire length 17472, ratio 0.449233
[vpr] --------- ---------- -----------
[vpr] Iteration       Time   Crit Path
[vpr] --------- ---------- -----------
[vpr] Critical path: 6.45696 ns
[vpr] Successfully routed after 18 routing iterations.
[vpr] Completed net delay value cross check successfully.
[vpr] 
[vpr] Using low: 28, high: 56, current: 42
[vpr] Confirming router algorithm: TIMING_DRIVEN.
[vpr] Wire length after first iteration 7917, total available wire length 13104, ratio 0.604167
[vpr] --------- ---------- -----------
[vpr] Iteration       Time   Crit Path
[vpr] --------- ---------- -----------
[vpr] Routing failed.
[vpr] 
[vpr] Using low: 42, high: 56, current: 50
[vpr] Confirming router algorithm: TIMING_DRIVEN.
[vpr] Wire length after first iteration 7608, total available wire length 15600, ratio 0.487692
[vpr] --------- ---------- -----------
[vpr] Iteration       Time   Crit Path
[vpr] --------- ---------- -----------
[vpr] Critical path: 6.45696 ns
[vpr] Successfully routed after 24 routing iterations.
[vpr] Completed net delay value cross check successfully.
[vpr] 
[vpr] Using low: 42, high: 50, current: 46
[vpr] Confirming router algorithm: TIMING_DRIVEN.
[vpr] Wire length after first iteration 8137, total available wire length 14352, ratio 0.566959
[vpr] --------- ---------- -----------
[vpr] Iteration       Time   Crit Path
[vpr] --------- ---------- -----------
[vpr] Critical path: 6.45696 ns
[vpr] Successfully routed after 36 routing iterations.
[vpr] Completed net delay value cross check successfully.
[vpr] 
[vpr] Using low: 42, high: 46, current: 44
[vpr] Confirming router algorithm: TIMING_DRIVEN.
[vpr] Wire length after first iteration 8023, total available wire length 13728, ratio 0.584426
[vpr] --------- ---------- -----------
[vpr] Iteration       Time   Crit Path
[vpr] --------- ---------- -----------
[vpr] Critical path: 6.45696 ns
[vpr] Successfully routed after 28 routing iterations.
[vpr] Completed net delay value cross check successfully.
[vpr] 
[vpr] Checking to ensure routing is legal...
[vpr] Completed routing consistency check successfully.
[vpr] 
[vpr] Serial number (magic cookie) for the routing is: -678811202
[vpr] Best routing used a channel width factor of 44.
[vpr] 
[vpr] Average number of bends per net: 3.16502  Maximum # of bends: 72
[vpr] 
[vpr] Number of routed nets (nonglobal): 606
[vpr] Wire length results (in units of 1 clb segments)...
[vpr] 	Total wirelength: 10085, average net length: 16.6419
[vpr] 	Maximum net length: 295
[vpr] 
[vpr] Wire length results in terms of physical segments...
[vpr] 	Total wiring segments used: 2893, average wire segments per net: 4.77393
[vpr] 	Maximum segments used by a net: 89
[vpr] 	Total local nets with reserved CLB opins: 0
[vpr] 
[vpr] X - Directed channels: j max occ ave occ capacity
[vpr]                       -- ------- ------- --------
[vpr]                        0      43 39.1667       44
[vpr]                        1      38 31.0833       44
[vpr]                        2      43 35.4167       44
[vpr]                        3      43 36.0000       44
[vpr]                        4      38 34.0000       44
[vpr]                        5      43 35.8333       44
[vpr]                        6      37 31.4167       44
[vpr]                        7      41 33.1667       44
[vpr]                        8      40 32.3333       44
[vpr]                        9      40 30.9167       44
[vpr]                       10      37 29.6667       44
[vpr]                       11      32 23.7500       44
[vpr]                       12      37 30.4167       44
[vpr] Y - Directed channels: i max occ ave occ capacity
[vpr]                       -- ------- ------- --------
[vpr]                        0      36 28.3333       44
[vpr]                        1      43 32.6667       44
[vpr]                        2      40 32.8333       44
[vpr]                        3      43 34.2500       44
[vpr]                        4      42 34.4167       44
[vpr]                        5      42 32.8333       44
[vpr]                        6      44 34.9167       44
[vpr]                        7      39 30.5000       44
[vpr]                        8      42 33.6667       44
[vpr]                        9      39 32.8333       44
[vpr]                       10      37 30.8333       44
[vpr]                       11      39 31.1667       44
[vpr]                       12      34 28.0000       44
[vpr] 
[vpr] Total tracks in x-direction: 572, in y-direction: 572
[vpr] 
[vpr] Logic area (in minimum width transistor areas, excludes I/Os and empty grid tiles)...
[vpr] 	Total logic block area (Warning, need to add pitch of routing to blocks with height > 3): 1.95537e+06
[vpr] 	Total used logic block area: 1.95537e+06
[vpr] 
[vpr] Routing area (in minimum width transistor areas)...
[vpr] 	Total routing area: 625618., per logic tile: 4344.57
[vpr] 
[vpr] Segment usage by type (index): type utilization
[vpr]                                ---- -----------
[vpr]                                   0       0.675
[vpr] 
[vpr] Segment usage by length: length utilization
[vpr]                          ------ -----------
[vpr]                               4       0.675
[vpr] 
[vpr] Nets on critical path: 10 normal, 0 global.
[vpr] Total logic delay: 4.5016e-09 (s), total net delay: 1.95536e-09 (s)
[vpr] Final critical path: 6.45696 ns, f_max: 154.872 MHz
[vpr] 
[vpr] Least slack in design: -6.45696 ns
[vpr] 
Closing VPR interface...
Importing fabric model from VPR...
Importing circuit design from VPR...
Post-processing...
Writing options file 'vpr_tseng_fabric_grids.toro.snoitpo'...
Writing xml file 'vpr_tseng_fabric_grids.toro.xml'...
Writing blif file 'vpr_tseng_fabric_grids.toro.blif'...
Writing architecture file 'vpr_tseng_fabric_grids.toro.arch'...
Writing fabric file 'vpr_tseng_fabric_grids.toro.fabric'...
Writing circuit file 'vpr_tseng_fabric_grids.toro.circuit'...
Writing laff file 'vpr_tseng_fabric_grids.toro.laff'...
Exiting...
