#Packing pin usage report
Type: io
	Input Pin Usage:
		Max: 1.00 (0.50)
		Avg: 0.70 (0.35)
		Min: 0.00 (0.00)
		Histogram:
		[        0:      0.2)  52 ( 29.9%) |********************
		[      0.2:      0.4)   0 (  0.0%) |
		[      0.4:      0.6)   0 (  0.0%) |
		[      0.6:      0.8)   0 (  0.0%) |
		[      0.8:        1) 122 ( 70.1%) |***********************************************
		[        1:      1.2)   0 (  0.0%) |
		[      1.2:      1.4)   0 (  0.0%) |
		[      1.4:      1.6)   0 (  0.0%) |
		[      1.6:      1.8)   0 (  0.0%) |
		[      1.8:        2)   0 (  0.0%) |
	Output Pin Usage:
		Max: 1.00 (1.00)
		Avg: 0.30 (0.30)
		Min: 0.00 (0.00)
		Histogram:
		[        0:      0.1) 122 ( 70.1%) |***********************************************
		[      0.1:      0.2)   0 (  0.0%) |
		[      0.2:      0.3)   0 (  0.0%) |
		[      0.3:      0.4)   0 (  0.0%) |
		[      0.4:      0.5)   0 (  0.0%) |
		[      0.5:      0.6)   0 (  0.0%) |
		[      0.6:      0.7)   0 (  0.0%) |
		[      0.7:      0.8)   0 (  0.0%) |
		[      0.8:      0.9)   0 (  0.0%) |
		[      0.9:        1)  52 ( 29.9%) |********************

Type: clb
	Input Pin Usage:
		Max: 9.00 (0.82)
		Avg: 7.56 (0.69)
		Min: 2.00 (0.18)
		Histogram:
		[        0:      1.1)  0 (  0.0%) |
		[      1.1:      2.2)  1 (  0.4%) |*
		[      2.2:      3.3)  3 (  1.1%) |**
		[      3.3:      4.4)  6 (  2.1%) |****
		[      4.4:      5.5)  2 (  0.7%) |*
		[      5.5:      6.6) 42 ( 14.9%) |*************************
		[      6.6:      7.7) 69 ( 24.5%) |*****************************************
		[      7.7:      8.8) 80 ( 28.4%) |************************************************
		[      8.8:      9.9) 79 ( 28.0%) |***********************************************
		[      9.9:       11)  0 (  0.0%) |
	Output Pin Usage:
		Max: 4.00 (1.00)
		Avg: 2.16 (0.54)
		Min: 1.00 (0.25)
		Histogram:
		[        0:      0.4)   0 (  0.0%) |
		[      0.4:      0.8)   0 (  0.0%) |
		[      0.8:      1.2) 117 ( 41.5%) |***********************************************
		[      1.2:      1.6)   0 (  0.0%) |
		[      1.6:        2)  51 ( 18.1%) |********************
		[        2:      2.4)   0 (  0.0%) |
		[      2.4:      2.8)   0 (  0.0%) |
		[      2.8:      3.2)  65 ( 23.0%) |**************************
		[      3.2:      3.6)   0 (  0.0%) |
		[      3.6:        4)  49 ( 17.4%) |********************

