#Packing pin usage report
Type: SYN-INPAD
	Input Pin Usage:
		Max: 0.00 (-nan)
		Avg: 0.00 (-nan)
		Min: 0.00 (-nan)
	Output Pin Usage:
		Max: 1.00 (1.00)
		Avg: 1.00 (1.00)
		Min: 1.00 (1.00)
		Histogram:
		[        0:      0.1) 0 (  0.0%) |
		[      0.1:      0.2) 0 (  0.0%) |
		[      0.2:      0.3) 0 (  0.0%) |
		[      0.3:      0.4) 0 (  0.0%) |
		[      0.4:      0.5) 0 (  0.0%) |
		[      0.5:      0.6) 0 (  0.0%) |
		[      0.6:      0.7) 0 (  0.0%) |
		[      0.7:      0.8) 0 (  0.0%) |
		[      0.8:      0.9) 0 (  0.0%) |
		[      0.9:        1) 1 (100.0%) |**************************************************

Type: SYN-OUTPAD
	Input Pin Usage:
		Max: 1.00 (1.00)
		Avg: 1.00 (1.00)
		Min: 1.00 (1.00)
		Histogram:
		[        0:      0.1) 0 (  0.0%) |
		[      0.1:      0.2) 0 (  0.0%) |
		[      0.2:      0.3) 0 (  0.0%) |
		[      0.3:      0.4) 0 (  0.0%) |
		[      0.4:      0.5) 0 (  0.0%) |
		[      0.5:      0.6) 0 (  0.0%) |
		[      0.6:      0.7) 0 (  0.0%) |
		[      0.7:      0.8) 0 (  0.0%) |
		[      0.8:      0.9) 0 (  0.0%) |
		[      0.9:        1) 1 (100.0%) |**************************************************
	Output Pin Usage:
		Max: 0.00 (-nan)
		Avg: 0.00 (-nan)
		Min: 0.00 (-nan)

