
Routing:

Net 0 (i_63_)

 OPIN (0,2)  Pin number: 0
CHANY (0,2)
 IPIN (1,2)  Pin number: 1
CHANY (0,2)
CHANX (1,1)
CHANX (2,1)
 IPIN (2,2)  Pin number: 0


Net 1 (i_50_)

 OPIN (0,15)  Pin number: 1
CHANY (0,15)
CHANX (1,15)
 IPIN (1,15)  Pin number: 2
CHANX (1,15)
CHANX (2,15)
CHANX (3,15)
 IPIN (3,15)  Pin number: 2
CHANX (1,15)
CHANY (1,15)
CHANY (1,14)
CHANY (1,13)
CHANY (1,12)
 IPIN (1,12)  Pin number: 3
CHANY (1,12)
CHANY (1,11)
 IPIN (1,11)  Pin number: 3
CHANY (1,11)
CHANX (2,11)
CHANX (3,11)
CHANX (4,11)
 IPIN (4,11)  Pin number: 2
CHANX (4,11)
CHANX (5,11)
CHANX (6,11)
CHANX (7,11)
 IPIN (7,12)  Pin number: 0
CHANX (7,11)
CHANX (8,11)
CHANX (9,11)
CHANX (10,11)
 IPIN (10,11)  Pin number: 2
CHANX (10,11)
 IPIN (10,12)  Pin number: 0
CHANX (10,11)
CHANY (9,12)
CHANY (9,13)
CHANX (10,13)
CHANX (11,13)
 IPIN (11,13)  Pin number: 2
CHANY (9,13)
CHANX (10,12)
CHANX (11,12)
CHANX (12,12)
CHANX (13,12)
CHANX (14,12)
CHANX (15,12)
 IPIN (15,13)  Pin number: 0
CHANX (15,12)
CHANX (16,12)
 IPIN (16,12)  Pin number: 2
CHANX (16,12)
 IPIN (16,13)  Pin number: 0
CHANX (16,12)
CHANY (16,13)
CHANY (16,14)
 IPIN (16,14)  Pin number: 3


Net 2 (i_64_)

 OPIN (1,0)  Pin number: 0
CHANX (1,0)
 IPIN (1,1)  Pin number: 0
CHANX (1,0)
CHANY (1,1)
CHANY (1,2)
 IPIN (2,2)  Pin number: 1
CHANY (1,2)
CHANX (1,1)
 IPIN (1,2)  Pin number: 0


Net 3 (i_61_)

 OPIN (2,18)  Pin number: 0
CHANX (2,17)
CHANY (2,17)
 IPIN (3,17)  Pin number: 1
CHANY (2,17)
CHANX (3,16)
CHANX (4,16)
 IPIN (4,16)  Pin number: 2
CHANY (2,17)
CHANY (2,16)
CHANY (2,15)
CHANY (2,14)
CHANY (2,13)
CHANX (2,12)
 IPIN (2,12)  Pin number: 2
CHANY (2,13)
CHANY (2,12)
CHANX (3,11)
 IPIN (3,12)  Pin number: 0
CHANY (2,14)
CHANX (3,13)
CHANX (4,13)
CHANX (5,13)
CHANX (6,13)
CHANX (7,13)
 IPIN (7,13)  Pin number: 2
CHANX (7,13)
CHANX (8,13)
CHANY (8,14)
CHANY (8,15)
 IPIN (8,15)  Pin number: 3
CHANY (8,15)
CHANX (8,15)
 IPIN (8,16)  Pin number: 0


Net 4 (i_62_)

 OPIN (4,18)  Pin number: 1
CHANX (4,17)
CHANY (3,17)
 IPIN (3,17)  Pin number: 3
CHANY (3,17)
CHANY (3,16)
 IPIN (4,16)  Pin number: 1
CHANY (3,16)
CHANY (3,15)
CHANY (3,14)
CHANY (3,13)
CHANX (4,12)
 IPIN (4,12)  Pin number: 2
CHANX (4,12)
CHANX (3,12)
 IPIN (3,12)  Pin number: 2
CHANX (4,12)
CHANX (5,12)
CHANX (6,12)
CHANX (7,12)
CHANY (7,12)
CHANY (7,11)
 IPIN (7,11)  Pin number: 3
CHANY (7,12)
CHANY (7,13)
CHANY (7,14)
CHANY (7,15)
CHANY (7,16)
 IPIN (8,16)  Pin number: 1
CHANY (7,14)
CHANX (8,14)
CHANX (9,14)
CHANX (10,14)
CHANX (11,14)
CHANY (11,15)
CHANX (12,15)
 IPIN (12,16)  Pin number: 0
CHANX (12,15)
CHANX (13,15)
CHANY (13,15)
CHANY (13,14)
CHANY (13,13)
CHANY (13,12)
CHANY (13,11)
 IPIN (13,11)  Pin number: 3


Net 5 (i_40_)

 OPIN (18,16)  Pin number: 1
CHANY (17,16)
CHANX (17,16)
 IPIN (17,16)  Pin number: 2
CHANX (17,16)
CHANX (16,16)
CHANX (15,16)
 IPIN (15,16)  Pin number: 2
CHANX (15,16)
CHANY (15,16)
CHANY (15,15)
 IPIN (15,15)  Pin number: 3
CHANY (15,15)
CHANX (15,14)
CHANX (14,14)
 IPIN (14,15)  Pin number: 0
CHANX (14,14)
CHANX (13,14)
CHANX (12,14)
CHANX (11,14)
 IPIN (11,15)  Pin number: 0
CHANX (11,14)
CHANX (10,14)
CHANY (9,14)
CHANY (9,13)
CHANY (9,12)
CHANY (9,11)
CHANY (9,10)
CHANY (9,9)
 IPIN (10,9)  Pin number: 1
CHANY (9,9)
CHANY (9,8)
 IPIN (10,8)  Pin number: 1
CHANY (9,10)
CHANX (10,9)
CHANX (11,9)
 IPIN (11,9)  Pin number: 2
CHANX (11,9)
CHANX (12,9)
 IPIN (12,9)  Pin number: 2
CHANX (12,9)
CHANY (11,9)
CHANY (11,8)
 IPIN (11,8)  Pin number: 3
CHANY (11,8)
CHANX (12,7)
CHANX (13,7)
CHANX (14,7)
CHANX (15,7)
CHANX (16,7)
CHANX (17,7)
 IPIN (17,8)  Pin number: 0
CHANY (9,14)
CHANY (9,15)
CHANY (9,16)
CHANX (10,16)
 IPIN (10,16)  Pin number: 2


Net 6 (i_30_)

 OPIN (15,0)  Pin number: 0
CHANX (15,0)
CHANY (14,1)
CHANY (14,2)
CHANY (14,3)
 IPIN (14,3)  Pin number: 3
CHANY (14,3)
CHANX (14,3)
CHANX (13,3)
 IPIN (13,4)  Pin number: 0
CHANX (13,3)
CHANX (12,3)
CHANX (11,3)
 IPIN (11,4)  Pin number: 0
CHANX (11,3)
CHANY (11,4)
CHANY (11,5)
 IPIN (12,5)  Pin number: 1
CHANY (14,3)
CHANY (14,4)
CHANY (14,5)
CHANY (14,6)
CHANY (14,7)
CHANY (14,8)
 IPIN (15,8)  Pin number: 1
CHANY (14,8)
CHANY (14,9)
CHANY (14,10)
 IPIN (14,10)  Pin number: 3
CHANY (14,10)
CHANX (14,9)
CHANX (13,9)
 IPIN (13,9)  Pin number: 2
CHANY (11,5)
CHANX (11,5)
CHANX (10,5)
CHANY (9,5)
 IPIN (9,5)  Pin number: 3
CHANY (9,5)
CHANY (9,6)
CHANY (9,7)
CHANY (9,8)
 IPIN (9,8)  Pin number: 3


Net 7 (i_20_)

 OPIN (5,0)  Pin number: 1
CHANX (5,0)
CHANY (5,1)
 IPIN (6,1)  Pin number: 1
CHANY (5,1)
CHANX (5,1)
 IPIN (5,2)  Pin number: 0
CHANX (5,1)
 IPIN (5,1)  Pin number: 2


Net 8 (i_9_)

 OPIN (0,14)  Pin number: 1
CHANY (0,14)
CHANY (0,13)
CHANY (0,12)
CHANY (0,11)
CHANY (0,10)
CHANY (0,9)
CHANY (0,8)
CHANX (1,7)
 IPIN (1,7)  Pin number: 2
CHANX (1,7)
CHANX (2,7)
CHANX (3,7)
CHANY (3,8)
CHANX (4,8)
CHANX (5,8)
 IPIN (5,9)  Pin number: 0
CHANX (5,8)
CHANX (6,8)
CHANY (6,8)
CHANX (7,7)
CHANX (8,7)
CHANX (9,7)
 IPIN (9,7)  Pin number: 2
CHANY (0,14)
CHANX (1,14)
CHANX (2,14)
CHANX (3,14)
CHANX (4,14)
CHANX (5,14)
CHANX (6,14)
CHANX (7,14)
CHANX (8,14)
 IPIN (8,14)  Pin number: 2


Net 9 (i_10_)

 OPIN (18,14)  Pin number: 1
CHANY (17,14)
 IPIN (17,14)  Pin number: 3
CHANY (17,14)
CHANX (17,14)
CHANX (16,14)
 IPIN (16,14)  Pin number: 2
CHANY (17,14)
CHANX (17,13)
CHANX (16,13)
 IPIN (16,13)  Pin number: 2
CHANX (17,13)
CHANY (16,13)
CHANY (16,12)
CHANY (16,11)
 IPIN (16,11)  Pin number: 3
CHANY (16,12)
CHANX (16,11)
CHANX (15,11)
CHANX (14,11)
 IPIN (14,12)  Pin number: 0
CHANX (14,11)
CHANX (13,11)
CHANY (12,12)
 IPIN (12,12)  Pin number: 3
CHANX (13,11)
CHANX (12,11)
CHANX (11,11)
 IPIN (11,11)  Pin number: 2
CHANX (11,11)
CHANX (10,11)
CHANX (9,11)
 IPIN (9,11)  Pin number: 2
CHANX (10,11)
CHANY (9,11)
CHANY (9,10)
 IPIN (10,10)  Pin number: 1
CHANY (9,10)
CHANY (9,9)
 IPIN (9,9)  Pin number: 3
CHANY (9,9)
CHANY (9,8)
CHANY (9,7)
 IPIN (9,7)  Pin number: 3
CHANY (16,11)
CHANY (16,10)
CHANY (16,9)
CHANY (16,8)
CHANY (16,7)
CHANY (16,6)
 IPIN (16,6)  Pin number: 3
CHANY (16,6)
 IPIN (17,6)  Pin number: 1


Net 10 (i_7_)

 OPIN (13,18)  Pin number: 1
CHANX (13,17)
 IPIN (13,17)  Pin number: 2
CHANX (13,17)
CHANY (12,17)
CHANY (12,16)
CHANY (12,15)
CHANY (12,14)
CHANY (12,13)
 IPIN (13,13)  Pin number: 1
CHANY (12,13)
CHANY (12,12)
CHANY (12,11)
 IPIN (13,11)  Pin number: 1
CHANY (12,11)
CHANY (12,10)
 IPIN (13,10)  Pin number: 1
CHANY (12,10)
CHANY (12,9)
 IPIN (13,9)  Pin number: 1
CHANY (12,14)
CHANX (13,13)
CHANX (14,13)
 IPIN (14,13)  Pin number: 2
CHANX (13,13)
CHANY (13,13)
CHANY (13,12)
CHANY (13,11)
 IPIN (14,11)  Pin number: 1
CHANY (12,9)
CHANX (13,8)
CHANX (14,8)
CHANY (14,9)
 IPIN (14,9)  Pin number: 3


Net 11 (i_8_)

 OPIN (14,18)  Pin number: 1
CHANX (14,17)
CHANY (13,17)
 IPIN (13,17)  Pin number: 3
CHANY (13,17)
CHANY (13,16)
 IPIN (14,16)  Pin number: 1
CHANY (13,16)
CHANY (13,15)
CHANY (13,14)
CHANY (13,13)
 IPIN (13,13)  Pin number: 3
CHANY (13,13)
 IPIN (14,13)  Pin number: 1
CHANY (13,13)
CHANX (14,12)
 IPIN (14,12)  Pin number: 2
CHANY (13,13)
CHANY (13,12)
CHANY (13,11)
CHANX (13,10)
 IPIN (13,10)  Pin number: 2
CHANY (13,11)
CHANY (13,10)
CHANY (13,9)
 IPIN (14,9)  Pin number: 1
CHANY (13,9)
CHANX (13,8)
 IPIN (13,9)  Pin number: 0


Net 12 (i_5_)

 OPIN (0,6)  Pin number: 1
CHANY (0,6)
 IPIN (1,6)  Pin number: 1
CHANY (0,6)
CHANX (1,6)
 IPIN (1,7)  Pin number: 0
CHANX (1,6)
CHANY (1,6)
 IPIN (2,6)  Pin number: 1
CHANY (0,6)
CHANY (0,7)
CHANY (0,8)
CHANY (0,9)
CHANY (0,10)
CHANX (1,10)
CHANX (2,10)
CHANX (3,10)
CHANX (4,10)
CHANX (5,10)
CHANX (6,10)
 IPIN (6,11)  Pin number: 0
CHANX (6,10)
 IPIN (6,10)  Pin number: 2


Net 13 (i_6_)

 OPIN (18,12)  Pin number: 0
CHANY (17,12)
CHANX (17,12)
CHANX (16,12)
CHANX (15,12)
CHANX (14,12)
 IPIN (14,13)  Pin number: 0
CHANX (14,12)
CHANX (13,12)
 IPIN (13,13)  Pin number: 0
CHANX (13,12)
CHANY (12,12)
CHANY (12,11)
CHANY (12,10)
CHANY (12,9)
CHANY (12,8)
 IPIN (13,8)  Pin number: 1


Net 14 (i_27_)

 OPIN (16,0)  Pin number: 0
CHANX (16,0)
CHANX (15,0)
CHANY (14,1)
CHANY (14,2)
 IPIN (14,2)  Pin number: 3


Net 15 (i_14_)

 OPIN (18,8)  Pin number: 1
CHANY (17,8)
CHANY (17,7)
CHANX (17,6)
 IPIN (17,6)  Pin number: 2
CHANX (17,6)
CHANX (16,6)
 IPIN (16,6)  Pin number: 2
CHANX (16,6)
CHANX (15,6)
CHANY (14,7)
CHANY (14,8)
 IPIN (14,8)  Pin number: 3
CHANY (17,8)
CHANY (17,9)
CHANY (17,10)
CHANY (17,11)
CHANX (17,11)
 IPIN (17,12)  Pin number: 0
CHANX (17,11)
CHANX (16,11)
 IPIN (16,11)  Pin number: 2
CHANX (16,11)
CHANY (16,12)
CHANY (16,13)
 IPIN (17,13)  Pin number: 1
CHANY (16,13)
 IPIN (16,13)  Pin number: 3
CHANY (16,13)
CHANY (16,14)
 IPIN (17,14)  Pin number: 1
CHANY (16,13)
CHANX (16,13)
 IPIN (16,14)  Pin number: 0
CHANY (16,12)
CHANX (16,12)
CHANX (15,12)
CHANX (14,12)
CHANX (13,12)
CHANX (12,12)
 IPIN (12,12)  Pin number: 2
CHANX (12,12)
CHANY (11,12)
CHANY (11,11)
 IPIN (11,11)  Pin number: 3
CHANY (11,11)
CHANY (11,10)
CHANX (11,9)
CHANX (10,9)
 IPIN (10,10)  Pin number: 0
CHANX (10,9)
CHANX (9,9)
 IPIN (9,9)  Pin number: 2
CHANX (9,9)
CHANY (8,9)
CHANY (8,8)
CHANY (8,7)
CHANX (8,6)
 IPIN (8,6)  Pin number: 2
CHANX (8,6)
CHANX (7,6)
 IPIN (7,6)  Pin number: 2
CHANX (7,6)
CHANY (6,6)
CHANY (6,5)
 IPIN (7,5)  Pin number: 1


Net 16 (i_3_)

 OPIN (8,18)  Pin number: 0
CHANX (8,17)
CHANX (7,17)
 IPIN (7,17)  Pin number: 2
CHANX (7,17)
CHANY (6,17)
CHANY (6,16)
CHANY (6,15)
 IPIN (7,15)  Pin number: 1
CHANY (6,15)
CHANY (6,14)
CHANX (7,13)
CHANX (8,13)
 IPIN (8,14)  Pin number: 0
CHANX (8,13)
CHANX (9,13)
 IPIN (9,14)  Pin number: 0
CHANX (9,13)
CHANX (10,13)
CHANY (10,14)
 IPIN (11,14)  Pin number: 1
CHANY (10,14)
CHANY (10,15)
CHANY (10,16)
 IPIN (10,16)  Pin number: 3
CHANX (10,13)
CHANX (11,13)
CHANY (11,13)
CHANY (11,12)
 IPIN (11,12)  Pin number: 3
CHANX (11,13)
CHANX (12,13)
CHANY (12,14)
CHANY (12,15)
 IPIN (13,15)  Pin number: 1
CHANY (12,15)
CHANY (12,16)
CHANY (12,17)
 IPIN (13,17)  Pin number: 1
CHANX (12,13)
CHANX (13,13)
CHANY (13,13)
CHANY (13,12)
CHANY (13,11)
CHANY (13,10)
 IPIN (14,10)  Pin number: 1


Net 17 (i_39_)

 OPIN (18,16)  Pin number: 0
CHANY (17,16)
CHANX (17,15)
CHANX (16,15)
CHANX (15,15)
 IPIN (15,16)  Pin number: 0
CHANX (15,15)
 IPIN (15,15)  Pin number: 2
CHANX (15,15)
CHANX (14,15)
 IPIN (14,15)  Pin number: 2
CHANX (16,15)
CHANY (16,15)
CHANY (16,14)
CHANY (16,13)
CHANY (16,12)
CHANY (16,11)
CHANY (16,10)
CHANY (16,9)
CHANY (16,8)
 IPIN (17,8)  Pin number: 1
CHANY (16,8)
CHANX (16,7)
CHANX (15,7)
CHANX (14,7)
CHANX (13,7)
CHANX (12,7)
CHANX (11,7)
 IPIN (11,8)  Pin number: 0
CHANX (11,7)
CHANX (10,7)
 IPIN (10,8)  Pin number: 0
CHANX (12,7)
CHANY (12,8)
CHANY (12,9)
 IPIN (12,9)  Pin number: 3
CHANX (10,7)
CHANY (10,8)
CHANY (10,9)
 IPIN (11,9)  Pin number: 1
CHANY (10,8)
CHANY (10,7)
CHANY (10,6)
 IPIN (10,6)  Pin number: 3
CHANY (10,7)
CHANX (10,6)
CHANX (9,6)
 IPIN (9,6)  Pin number: 2
CHANY (10,9)
CHANX (10,9)
CHANX (9,9)
 IPIN (9,10)  Pin number: 0


Net 18 (i_28_)

 OPIN (18,3)  Pin number: 0
CHANY (17,3)
CHANX (17,3)
 IPIN (17,3)  Pin number: 2
CHANX (17,3)
CHANX (16,3)
CHANX (15,3)
CHANX (14,3)
 IPIN (14,4)  Pin number: 0
CHANX (14,3)
 IPIN (14,3)  Pin number: 2
CHANX (14,3)
CHANY (14,4)
CHANY (14,5)
 IPIN (14,5)  Pin number: 3
CHANY (14,5)
CHANY (14,6)
CHANX (15,6)
CHANY (15,7)
 IPIN (16,7)  Pin number: 1
CHANY (15,7)
CHANY (15,8)
CHANY (15,9)
CHANY (15,10)
CHANY (15,11)
 IPIN (15,11)  Pin number: 3
CHANY (15,11)
CHANX (16,11)
CHANX (17,11)
 IPIN (17,11)  Pin number: 2
CHANY (15,10)
CHANX (15,9)
CHANX (14,9)
 IPIN (14,10)  Pin number: 0


Net 19 (i_13_)

 OPIN (5,0)  Pin number: 0
CHANX (5,0)
CHANY (4,1)
 IPIN (5,1)  Pin number: 1
CHANY (4,1)
CHANY (4,2)
 IPIN (5,2)  Pin number: 1


Net 20 (i_4_)

 OPIN (8,18)  Pin number: 1
CHANX (8,17)
CHANY (7,17)
 IPIN (7,17)  Pin number: 3
CHANY (7,17)
CHANY (7,16)
CHANY (7,15)
 IPIN (7,15)  Pin number: 3
CHANY (7,15)
CHANY (7,14)
 IPIN (8,14)  Pin number: 1
CHANY (7,15)
CHANX (7,14)
 IPIN (7,14)  Pin number: 2


Net 21 (i_25_)

 OPIN (18,6)  Pin number: 0
CHANY (17,6)
 IPIN (17,6)  Pin number: 3
CHANY (17,6)
CHANY (17,7)
CHANY (17,8)
 IPIN (17,8)  Pin number: 3
CHANY (17,8)
CHANX (17,7)
CHANX (16,7)
 IPIN (16,8)  Pin number: 0
CHANX (16,7)
CHANX (15,7)
CHANX (14,7)
 IPIN (14,7)  Pin number: 2
CHANX (14,7)
 IPIN (14,8)  Pin number: 0
CHANX (15,7)
CHANY (14,7)
CHANY (14,6)
 IPIN (14,6)  Pin number: 3
CHANY (14,6)
CHANX (14,5)
 IPIN (14,5)  Pin number: 2
CHANX (14,5)
CHANY (13,5)
CHANY (13,4)
 IPIN (14,4)  Pin number: 1
CHANY (13,4)
CHANX (14,3)
CHANX (15,3)
 IPIN (15,4)  Pin number: 0
CHANX (16,7)
CHANY (16,7)
CHANY (16,6)
CHANY (16,5)
 IPIN (16,5)  Pin number: 3


Net 22 (i_12_)

 OPIN (8,0)  Pin number: 0
CHANX (8,0)
CHANY (7,1)
CHANY (7,2)
CHANY (7,3)
CHANY (7,4)
CHANY (7,5)
 IPIN (7,5)  Pin number: 3
CHANY (7,5)
CHANY (7,6)
 IPIN (7,6)  Pin number: 3


Net 23 (i_1_)

 OPIN (0,4)  Pin number: 0
CHANY (0,4)
CHANY (0,5)
CHANX (1,5)
 IPIN (1,6)  Pin number: 0
CHANX (1,5)
CHANX (2,5)
 IPIN (2,6)  Pin number: 0


Net 24 (i_26_)

 OPIN (18,2)  Pin number: 1
CHANY (17,2)
CHANX (17,2)
CHANX (16,2)
CHANX (15,2)
CHANX (14,2)
CHANX (13,2)
 IPIN (13,3)  Pin number: 0
CHANX (13,2)
CHANX (12,2)
 IPIN (12,2)  Pin number: 2
CHANX (13,2)
CHANY (12,3)
CHANY (12,4)
 IPIN (13,4)  Pin number: 1
CHANY (12,4)
CHANX (12,4)
 IPIN (12,4)  Pin number: 2
CHANX (12,4)
CHANX (13,4)
CHANX (14,4)
 IPIN (14,5)  Pin number: 0
CHANX (14,4)
CHANY (13,5)
CHANY (13,6)
 IPIN (13,6)  Pin number: 3
CHANY (13,6)
CHANY (13,7)
CHANY (13,8)
CHANY (13,9)
CHANY (13,10)
 IPIN (13,10)  Pin number: 3
CHANY (13,10)
CHANX (14,9)
CHANX (15,9)
CHANX (16,9)
CHANX (17,9)
 IPIN (17,10)  Pin number: 0


Net 25 (i_11_)

 OPIN (18,10)  Pin number: 0
CHANY (17,10)
CHANX (17,10)
CHANX (16,10)
 IPIN (16,11)  Pin number: 0
CHANX (16,10)
CHANX (15,10)
CHANY (14,11)
CHANY (14,12)
 IPIN (14,12)  Pin number: 3
CHANY (14,11)
CHANY (14,10)
CHANY (14,9)
CHANY (14,8)
CHANY (14,7)
 IPIN (14,7)  Pin number: 3
CHANX (15,10)
CHANX (14,10)
CHANX (13,10)
CHANX (12,10)
CHANX (11,10)
 IPIN (11,11)  Pin number: 0
CHANX (11,10)
CHANX (10,10)
 IPIN (10,10)  Pin number: 2
CHANX (10,10)
CHANX (9,10)
 IPIN (9,11)  Pin number: 0
CHANX (9,10)
CHANY (8,10)
CHANY (8,9)
 IPIN (9,9)  Pin number: 1
CHANY (8,9)
CHANY (8,8)
CHANY (8,7)
 IPIN (9,7)  Pin number: 1
CHANX (12,10)
CHANY (11,11)
CHANY (11,12)
 IPIN (12,12)  Pin number: 1


Net 26 (i_2_)

 OPIN (0,7)  Pin number: 0
CHANY (0,7)
CHANX (1,6)
 IPIN (1,6)  Pin number: 2
CHANX (1,6)
CHANX (2,6)
 IPIN (2,6)  Pin number: 2
CHANY (0,7)
CHANX (1,7)
CHANX (2,7)
 IPIN (2,8)  Pin number: 0


Net 27 (i_49_)

 OPIN (0,14)  Pin number: 0
CHANY (0,14)
CHANX (1,14)
 IPIN (1,15)  Pin number: 0
CHANY (0,14)
CHANY (0,13)
CHANY (0,12)
CHANX (1,11)
 IPIN (1,12)  Pin number: 0
CHANX (1,11)
 IPIN (1,11)  Pin number: 2


Net 28 (i_23_)

 OPIN (11,0)  Pin number: 0
CHANX (11,0)
CHANY (10,1)
CHANY (10,2)
 IPIN (11,2)  Pin number: 1
CHANY (10,2)
CHANY (10,3)
CHANY (10,4)
CHANY (10,5)
CHANY (10,6)
CHANX (11,6)
 IPIN (11,7)  Pin number: 0


Net 29 (i_18_)

 OPIN (14,0)  Pin number: 0
CHANX (14,0)
CHANY (13,1)
CHANY (13,2)
CHANY (13,3)
 IPIN (13,3)  Pin number: 3
CHANY (13,3)
CHANY (13,4)
 IPIN (13,4)  Pin number: 3
CHANY (13,4)
CHANY (13,5)
 IPIN (13,5)  Pin number: 3
CHANY (13,5)
CHANY (13,6)
CHANX (14,6)
 IPIN (14,7)  Pin number: 0
CHANY (13,2)
CHANX (13,1)
CHANX (12,1)
 IPIN (12,2)  Pin number: 0
CHANX (12,1)
CHANY (11,2)
CHANY (11,3)
CHANY (11,4)
 IPIN (12,4)  Pin number: 1


Net 30 (i_24_)

 OPIN (18,4)  Pin number: 0
CHANY (17,4)
CHANX (17,4)
CHANX (16,4)
 IPIN (16,5)  Pin number: 0
CHANX (16,4)
CHANX (15,4)
 IPIN (15,4)  Pin number: 2
CHANX (15,4)
CHANX (14,4)
 IPIN (14,4)  Pin number: 2
CHANX (14,4)
CHANX (13,4)
CHANY (12,5)
 IPIN (13,5)  Pin number: 1
CHANY (12,5)
CHANX (13,5)
CHANX (14,5)
 IPIN (14,6)  Pin number: 0
CHANX (14,5)
CHANY (13,6)
CHANY (13,7)
 IPIN (14,7)  Pin number: 1
CHANY (13,7)
CHANY (13,8)
 IPIN (13,8)  Pin number: 3
CHANY (13,8)
 IPIN (14,8)  Pin number: 1
CHANY (13,8)
CHANX (14,8)
CHANX (15,8)
CHANX (16,8)
 IPIN (16,8)  Pin number: 2
CHANX (16,8)
CHANX (17,8)
 IPIN (17,8)  Pin number: 2


Net 31 (i_17_)

 OPIN (0,5)  Pin number: 1
CHANY (0,5)
CHANY (0,6)
CHANY (0,7)
CHANY (0,8)
CHANX (1,8)
 IPIN (1,9)  Pin number: 0
CHANX (1,8)
CHANY (1,8)
 IPIN (2,8)  Pin number: 1
CHANX (1,8)
CHANX (2,8)
CHANX (3,8)
 IPIN (3,9)  Pin number: 0
CHANY (0,5)
CHANX (1,4)
CHANX (2,4)
CHANX (3,4)
CHANX (4,4)
CHANX (5,4)
CHANX (6,4)
CHANX (7,4)
 IPIN (7,5)  Pin number: 0
CHANX (7,4)
CHANY (7,5)
CHANY (7,6)
 IPIN (8,6)  Pin number: 1


Net 32 (i_0_)

 OPIN (9,18)  Pin number: 0
CHANX (9,17)
CHANY (9,17)
CHANY (9,16)
 IPIN (10,16)  Pin number: 1
CHANY (9,16)
CHANY (9,15)
CHANY (9,14)
 IPIN (9,14)  Pin number: 3
CHANY (9,14)
CHANX (10,13)
CHANX (11,13)
 IPIN (11,14)  Pin number: 0
CHANX (11,13)
CHANX (12,13)
 IPIN (12,14)  Pin number: 0
CHANX (10,13)
CHANX (9,13)
CHANY (8,14)
 IPIN (8,14)  Pin number: 3
CHANY (8,14)
CHANY (8,15)
CHANX (8,15)
CHANX (7,15)
 IPIN (7,15)  Pin number: 2
CHANX (7,15)
CHANY (6,16)
CHANY (6,17)
 IPIN (7,17)  Pin number: 1


Net 33 (i_21_)

 OPIN (4,0)  Pin number: 1
CHANX (4,0)
CHANY (3,1)
CHANY (3,2)
 IPIN (4,2)  Pin number: 1
CHANY (3,2)
CHANY (3,3)
 IPIN (4,3)  Pin number: 1
CHANY (3,3)
CHANX (4,3)
CHANX (5,3)
 IPIN (5,3)  Pin number: 2
CHANY (3,2)
CHANX (4,2)
CHANX (5,2)
 IPIN (5,2)  Pin number: 2


Net 34 (i_16_)

 OPIN (6,0)  Pin number: 1
CHANX (6,0)
 IPIN (6,1)  Pin number: 0
CHANX (6,0)
CHANY (5,1)
 IPIN (5,1)  Pin number: 3
CHANY (5,1)
CHANY (5,2)
 IPIN (5,2)  Pin number: 3
CHANY (5,2)
CHANX (6,2)
CHANX (7,2)
CHANY (7,3)
CHANY (7,4)
 IPIN (8,4)  Pin number: 1


Net 35 (i_59_)

 OPIN (0,16)  Pin number: 1
CHANY (0,16)
 IPIN (1,16)  Pin number: 1
CHANY (0,16)
CHANX (1,15)
CHANX (2,15)
CHANX (3,15)
CHANX (4,15)
 IPIN (4,15)  Pin number: 2
CHANX (4,15)
CHANY (4,15)
 IPIN (5,15)  Pin number: 1
CHANY (4,15)
CHANY (4,16)
CHANY (4,17)
 IPIN (4,17)  Pin number: 3
CHANY (4,17)
CHANX (5,16)
CHANX (6,16)
CHANX (7,16)
 IPIN (7,17)  Pin number: 0
CHANY (4,15)
CHANX (5,14)
CHANX (6,14)
CHANY (6,14)
CHANY (6,13)
 IPIN (7,13)  Pin number: 1
CHANY (6,14)
CHANX (6,13)
 IPIN (6,13)  Pin number: 2


Net 36 (i_22_)

 OPIN (15,0)  Pin number: 1
CHANX (15,0)
CHANY (14,1)
CHANY (14,2)
CHANY (14,3)
CHANY (14,4)
 IPIN (15,4)  Pin number: 1
CHANY (14,4)
CHANY (14,5)
CHANY (14,6)
 IPIN (15,6)  Pin number: 1
CHANY (14,6)
CHANX (14,6)
CHANX (13,6)
 IPIN (13,6)  Pin number: 2
CHANY (14,5)
CHANX (14,4)
CHANX (13,4)
 IPIN (13,4)  Pin number: 2
CHANX (13,4)
 IPIN (13,5)  Pin number: 0


Net 37 (i_15_)

 OPIN (18,2)  Pin number: 0
CHANY (17,2)
 IPIN (17,2)  Pin number: 3
CHANY (17,2)
CHANX (17,2)
 IPIN (17,3)  Pin number: 0
CHANY (17,2)
CHANY (17,3)
CHANX (17,3)
 IPIN (17,4)  Pin number: 0
CHANY (17,3)
CHANY (17,4)
CHANY (17,5)
CHANX (17,5)
 IPIN (17,6)  Pin number: 0
CHANX (17,5)
CHANX (16,5)
 IPIN (16,6)  Pin number: 0
CHANX (16,5)
CHANY (16,6)
CHANY (16,7)
 IPIN (17,7)  Pin number: 1
CHANY (16,7)
CHANY (16,8)
 IPIN (16,8)  Pin number: 3
CHANY (16,8)
CHANX (16,8)
CHANX (15,8)
CHANX (14,8)
 IPIN (14,8)  Pin number: 2
CHANX (16,8)
CHANY (15,9)
CHANY (15,10)
CHANY (15,11)
 IPIN (16,11)  Pin number: 1
CHANY (15,11)
CHANY (15,12)
CHANY (15,13)
 IPIN (16,13)  Pin number: 1
CHANY (15,13)
CHANY (15,14)
 IPIN (16,14)  Pin number: 1
CHANY (15,12)
CHANX (16,12)
CHANX (17,12)
 IPIN (17,12)  Pin number: 2
CHANX (17,12)
 IPIN (17,13)  Pin number: 0
CHANY (15,14)
CHANX (16,13)
CHANX (17,13)
 IPIN (17,14)  Pin number: 0
CHANX (14,8)
CHANX (13,8)
CHANX (12,8)
CHANX (11,8)
CHANX (10,8)
CHANX (9,8)
 IPIN (9,9)  Pin number: 0
CHANX (9,8)
CHANY (8,8)
CHANY (8,7)
CHANY (8,6)
 IPIN (8,6)  Pin number: 3
CHANY (8,6)
CHANX (8,5)
CHANX (7,5)
 IPIN (7,5)  Pin number: 2
CHANX (7,5)
 IPIN (7,6)  Pin number: 0
CHANX (11,8)
CHANY (10,9)
CHANY (10,10)
CHANY (10,11)
 IPIN (11,11)  Pin number: 1
CHANY (10,11)
CHANX (11,11)
CHANX (12,11)
 IPIN (12,12)  Pin number: 0
CHANX (11,11)
CHANX (10,11)
CHANY (9,12)
CHANY (9,13)
 IPIN (9,13)  Pin number: 3


Net 38 (i_58_)

 OPIN (17,18)  Pin number: 0
CHANX (17,17)
 IPIN (17,17)  Pin number: 2
CHANX (17,17)
CHANX (16,17)
 IPIN (16,17)  Pin number: 2
CHANX (17,17)
CHANY (16,17)
CHANY (16,16)
 IPIN (16,16)  Pin number: 3
CHANY (16,16)
 IPIN (17,16)  Pin number: 1
CHANY (16,16)
CHANY (16,15)
 IPIN (17,15)  Pin number: 1
CHANY (16,15)
 IPIN (16,15)  Pin number: 3
CHANY (16,15)
CHANY (16,14)
CHANY (16,13)
CHANY (16,12)
 IPIN (17,12)  Pin number: 1
CHANY (16,12)
 IPIN (16,12)  Pin number: 3
CHANY (16,14)
CHANX (16,13)
CHANX (15,13)
 IPIN (15,13)  Pin number: 2
CHANX (15,13)
CHANX (14,13)
CHANX (13,13)
 IPIN (13,14)  Pin number: 0
CHANX (15,13)
CHANY (14,14)
CHANY (14,15)
CHANY (14,16)
 IPIN (14,16)  Pin number: 3
CHANY (14,16)
CHANX (14,16)
CHANX (13,16)
CHANY (12,16)
 IPIN (12,16)  Pin number: 3
CHANY (12,16)
CHANX (12,15)
CHANX (11,15)
CHANX (10,15)
CHANX (9,15)
CHANY (8,16)
CHANX (8,16)
 IPIN (8,17)  Pin number: 0
CHANX (8,16)
CHANX (7,16)
CHANX (6,16)
CHANX (5,16)
 IPIN (5,17)  Pin number: 0
CHANX (5,16)
CHANX (4,16)
 IPIN (4,17)  Pin number: 0
CHANX (4,16)
CHANY (3,16)
CHANY (3,15)
 IPIN (4,15)  Pin number: 1
CHANX (6,16)
CHANY (5,16)
CHANY (5,15)
 IPIN (5,15)  Pin number: 3
CHANY (3,15)
CHANY (3,14)
CHANY (3,13)
CHANX (4,12)
CHANY (4,12)
 IPIN (4,12)  Pin number: 3
CHANY (4,12)
CHANX (5,11)
 IPIN (5,12)  Pin number: 0


Net 39 (i_45_)

 OPIN (0,6)  Pin number: 0
CHANY (0,6)
CHANY (0,7)
 IPIN (1,7)  Pin number: 1
CHANY (0,6)
CHANY (0,5)
CHANY (0,4)
CHANX (1,3)
CHANX (2,3)
CHANX (3,3)
CHANX (4,3)
CHANX (5,3)
CHANX (6,3)
CHANY (6,4)
CHANY (6,5)
CHANY (6,6)
 IPIN (7,6)  Pin number: 1
CHANY (6,6)
CHANY (6,7)
CHANY (6,8)
CHANX (7,8)
 IPIN (7,8)  Pin number: 2
CHANY (6,8)
CHANY (6,9)
CHANY (6,10)
CHANY (6,11)
 IPIN (7,11)  Pin number: 1
CHANY (6,11)
 IPIN (6,11)  Pin number: 3


Net 40 (i_32_)

 OPIN (9,0)  Pin number: 1
CHANX (9,0)
CHANY (8,1)
CHANY (8,2)
 IPIN (9,2)  Pin number: 1
CHANY (8,2)
CHANY (8,3)
 IPIN (9,3)  Pin number: 1
CHANY (8,1)
CHANX (9,1)
CHANX (10,1)
 IPIN (10,2)  Pin number: 0
CHANY (8,3)
CHANX (9,3)
CHANX (10,3)
 IPIN (10,4)  Pin number: 0


Net 41 (i_57_)

 OPIN (0,2)  Pin number: 1
CHANY (0,2)
CHANY (0,3)
 IPIN (1,3)  Pin number: 1
CHANY (0,2)
CHANX (1,2)
CHANX (2,2)
 IPIN (2,3)  Pin number: 0
CHANX (2,2)
 IPIN (2,2)  Pin number: 2


Net 42 (i_46_)

 OPIN (0,11)  Pin number: 1
CHANY (0,11)
CHANX (1,10)
CHANX (2,10)
CHANX (3,10)
 IPIN (3,10)  Pin number: 2
CHANX (3,10)
CHANY (2,10)
CHANY (2,9)
 IPIN (3,9)  Pin number: 1
CHANX (3,10)
CHANX (4,10)
CHANX (5,10)
CHANY (5,10)
 IPIN (6,10)  Pin number: 1
CHANY (5,10)
CHANY (5,9)
CHANY (5,8)
 IPIN (6,8)  Pin number: 1
CHANX (5,10)
CHANX (6,10)
CHANX (7,10)
CHANX (8,10)
 IPIN (8,11)  Pin number: 0
CHANX (8,10)
CHANX (9,10)
CHANX (10,10)
 IPIN (10,11)  Pin number: 0
CHANX (10,10)
CHANY (9,11)
CHANY (9,12)
 IPIN (10,12)  Pin number: 1
CHANY (9,12)
CHANX (10,12)
CHANX (11,12)
 IPIN (11,13)  Pin number: 0
CHANX (7,10)
CHANY (7,10)
CHANY (7,9)
CHANY (7,8)
 IPIN (7,8)  Pin number: 3
CHANX (10,12)
CHANX (9,12)
CHANX (8,12)
CHANX (7,12)
CHANX (6,12)
 IPIN (6,12)  Pin number: 2
CHANX (11,12)
CHANY (11,13)
CHANX (12,13)
CHANX (13,13)
CHANX (14,13)
 IPIN (14,14)  Pin number: 0
CHANX (14,13)
CHANY (14,14)
CHANY (14,15)
 IPIN (15,15)  Pin number: 1
CHANY (14,15)
 IPIN (14,15)  Pin number: 3


Net 43 (i_31_)

 OPIN (0,11)  Pin number: 0
CHANY (0,11)
CHANY (0,10)
CHANY (0,9)
 IPIN (1,9)  Pin number: 1
CHANY (0,9)
CHANX (1,8)
CHANX (2,8)
 IPIN (2,9)  Pin number: 0
CHANY (0,11)
CHANY (0,12)
CHANY (0,13)
CHANX (1,13)
 IPIN (1,14)  Pin number: 0


Net 44 (i_56_)

 OPIN (3,18)  Pin number: 1
CHANX (3,17)
CHANX (4,17)
 IPIN (4,17)  Pin number: 2
CHANX (4,17)
CHANY (4,17)
 IPIN (5,17)  Pin number: 1
CHANX (4,17)
CHANY (3,17)
CHANY (3,16)
CHANY (3,15)
 IPIN (3,15)  Pin number: 3
CHANY (3,15)
CHANY (3,14)
CHANY (3,13)
 IPIN (3,13)  Pin number: 3
CHANY (3,13)
CHANY (3,12)
 IPIN (3,12)  Pin number: 3
CHANY (3,12)
 IPIN (4,12)  Pin number: 1
CHANX (4,17)
CHANX (5,17)
CHANX (6,17)
CHANX (7,17)
CHANX (8,17)
 IPIN (8,17)  Pin number: 2
CHANY (3,12)
CHANX (4,11)
CHANX (5,11)
CHANX (6,11)
CHANX (7,11)
 IPIN (7,11)  Pin number: 2
CHANX (8,17)
CHANX (9,17)
CHANX (10,17)
CHANY (10,17)
CHANX (11,16)
CHANX (12,16)
 IPIN (12,16)  Pin number: 2
CHANX (12,16)
CHANX (13,16)
CHANX (14,16)
 IPIN (14,16)  Pin number: 2
CHANX (14,16)
CHANY (14,16)
CHANY (14,15)
CHANX (15,14)
 IPIN (15,14)  Pin number: 2
CHANX (15,14)
CHANX (14,14)
CHANX (13,14)
 IPIN (13,14)  Pin number: 2


Net 45 (i_47_)

 OPIN (0,9)  Pin number: 0
CHANY (0,9)
CHANX (1,9)
CHANX (2,9)
CHANX (3,9)
 IPIN (3,9)  Pin number: 2
CHANX (3,9)
 IPIN (3,10)  Pin number: 0
CHANX (3,9)
CHANX (4,9)
CHANX (5,9)
CHANX (6,9)
 IPIN (6,10)  Pin number: 0
CHANX (6,9)
CHANY (6,9)
CHANY (6,8)
 IPIN (7,8)  Pin number: 1
CHANY (6,8)
CHANX (6,7)
 IPIN (6,8)  Pin number: 0
CHANX (6,9)
CHANX (7,9)
CHANY (7,10)
CHANY (7,11)
CHANY (7,12)
 IPIN (7,12)  Pin number: 3
CHANY (7,12)
CHANX (8,12)
CHANX (9,12)
CHANX (10,12)
 IPIN (10,12)  Pin number: 2
CHANX (10,12)
CHANX (11,12)
CHANY (11,13)
 IPIN (11,13)  Pin number: 3
CHANX (7,9)
CHANX (8,9)
CHANX (9,9)
CHANY (9,10)
CHANY (9,11)
 IPIN (10,11)  Pin number: 1


Net 46 (i_34_)

 OPIN (0,12)  Pin number: 1
CHANY (0,12)
CHANY (0,11)
CHANX (1,10)
 IPIN (1,10)  Pin number: 2
CHANX (1,10)
CHANY (1,10)
CHANY (1,9)
 IPIN (1,9)  Pin number: 3
CHANY (1,9)
 IPIN (2,9)  Pin number: 1
CHANX (1,10)
CHANX (2,10)
CHANX (3,10)
CHANX (4,10)
CHANX (5,10)
 IPIN (5,10)  Pin number: 2
CHANX (5,10)
CHANX (6,10)
CHANX (7,10)
 IPIN (7,10)  Pin number: 2
CHANX (7,10)
CHANY (6,11)
CHANY (6,12)
CHANY (6,13)
 IPIN (6,13)  Pin number: 3


Net 47 (i_55_)

 OPIN (2,18)  Pin number: 1
CHANX (2,17)
 IPIN (2,17)  Pin number: 2
CHANX (2,17)
CHANX (3,17)
CHANX (4,17)
CHANX (5,17)
 IPIN (5,17)  Pin number: 2
CHANX (2,17)
CHANY (2,17)
CHANY (2,16)
CHANY (2,15)
 IPIN (3,15)  Pin number: 1
CHANY (2,15)
CHANY (2,14)
CHANY (2,13)
 IPIN (3,13)  Pin number: 1
CHANY (2,13)
CHANY (2,12)
 IPIN (3,12)  Pin number: 1
CHANY (2,12)
 IPIN (2,12)  Pin number: 3
CHANY (2,12)
CHANX (3,11)
CHANX (4,11)
 IPIN (4,12)  Pin number: 0
CHANX (5,17)
CHANX (6,17)
CHANX (7,17)
CHANY (7,17)
 IPIN (8,17)  Pin number: 1
CHANX (7,17)
CHANX (8,17)
CHANY (8,17)
 IPIN (9,17)  Pin number: 1
CHANY (7,17)
CHANY (7,16)
CHANX (8,15)
 IPIN (8,15)  Pin number: 2


Net 48 (i_48_)

 OPIN (0,12)  Pin number: 0
CHANY (0,12)
 IPIN (1,12)  Pin number: 1
CHANY (0,12)
CHANY (0,11)
 IPIN (1,11)  Pin number: 1


Net 49 (i_33_)

 OPIN (0,10)  Pin number: 1
CHANY (0,10)
 IPIN (1,10)  Pin number: 1
CHANY (0,10)
CHANX (1,9)
 IPIN (1,9)  Pin number: 2
CHANX (1,9)
CHANX (2,9)
 IPIN (2,9)  Pin number: 2
CHANX (2,9)
CHANX (3,9)
CHANX (4,9)
CHANX (5,9)
 IPIN (5,10)  Pin number: 0
CHANX (5,9)
CHANX (6,9)
CHANY (6,10)
 IPIN (7,10)  Pin number: 1


Net 50 (i_19_)

 OPIN (12,0)  Pin number: 1
CHANX (12,0)
CHANY (11,1)
CHANY (11,2)
 IPIN (12,2)  Pin number: 1
CHANY (11,2)
CHANY (11,3)
CHANX (11,3)
CHANY (10,4)
CHANY (10,5)
CHANX (11,5)
 IPIN (11,6)  Pin number: 0


Net 51 (i_54_)

 OPIN (1,18)  Pin number: 0
CHANX (1,17)
CHANY (1,17)
 IPIN (2,17)  Pin number: 1
CHANY (1,17)
CHANY (1,16)
 IPIN (1,16)  Pin number: 3
CHANY (1,16)
CHANY (1,15)
CHANY (1,14)
 IPIN (1,14)  Pin number: 3
CHANY (1,14)
CHANY (1,13)
 IPIN (1,13)  Pin number: 3
CHANY (1,13)
 IPIN (2,13)  Pin number: 1
CHANX (1,17)
CHANX (2,17)
CHANX (3,17)
 IPIN (3,17)  Pin number: 2
CHANY (1,13)
CHANX (2,12)
CHANX (3,12)
 IPIN (3,13)  Pin number: 0


Net 52 (i_41_)

 OPIN (15,18)  Pin number: 0
CHANX (15,17)
CHANX (14,17)
CHANX (13,17)
CHANX (12,17)
CHANY (11,17)
CHANY (11,16)
CHANY (11,15)
 IPIN (11,15)  Pin number: 3
CHANY (11,15)
CHANX (11,14)
 IPIN (11,14)  Pin number: 2
CHANY (11,15)
CHANX (11,15)
CHANX (10,15)
 IPIN (10,16)  Pin number: 0
CHANY (11,15)
CHANY (11,14)
CHANY (11,13)
CHANY (11,12)
CHANY (11,11)
CHANY (11,10)
 IPIN (11,10)  Pin number: 3
CHANY (11,10)
CHANY (11,9)
 IPIN (11,9)  Pin number: 3
CHANY (11,9)
CHANX (11,8)
 IPIN (11,8)  Pin number: 2
CHANX (11,8)
CHANX (10,8)
 IPIN (10,9)  Pin number: 0
CHANX (10,8)
 IPIN (10,8)  Pin number: 2
CHANX (11,8)
CHANX (12,8)
CHANX (13,8)
CHANX (14,8)
 IPIN (14,9)  Pin number: 0
CHANX (13,8)
CHANY (13,8)
CHANY (13,7)
CHANY (13,6)
 IPIN (14,6)  Pin number: 1
CHANY (13,6)
CHANX (14,6)
CHANX (15,6)
 IPIN (15,6)  Pin number: 2


Net 53 (i_36_)

 OPIN (9,0)  Pin number: 0
CHANX (9,0)
CHANY (9,1)
CHANY (9,2)
 IPIN (9,2)  Pin number: 3
CHANY (9,2)
 IPIN (10,2)  Pin number: 1
CHANY (9,2)
CHANY (9,3)
 IPIN (9,3)  Pin number: 3
CHANY (9,3)
CHANY (9,4)
 IPIN (10,4)  Pin number: 1
CHANX (9,0)
CHANX (8,0)
CHANX (7,0)
CHANY (6,1)
CHANY (6,2)
 IPIN (6,2)  Pin number: 3
CHANY (6,2)
CHANX (6,2)
CHANX (5,2)
 IPIN (5,3)  Pin number: 0
CHANX (5,2)
CHANX (4,2)
 IPIN (4,3)  Pin number: 0
CHANX (4,2)
 IPIN (4,2)  Pin number: 2


Net 54 (i_60_)

 OPIN (4,18)  Pin number: 0
CHANX (4,17)
CHANY (4,17)
CHANY (4,16)
 IPIN (4,16)  Pin number: 3
CHANY (4,16)
CHANY (4,15)
 IPIN (4,15)  Pin number: 3
CHANY (4,16)
CHANX (5,16)
CHANX (6,16)
CHANX (7,16)
CHANX (8,16)
 IPIN (8,16)  Pin number: 2
CHANX (8,16)
CHANY (7,16)
CHANY (7,15)
CHANY (7,14)
CHANY (7,13)
 IPIN (7,13)  Pin number: 3
CHANX (8,16)
CHANX (9,16)
CHANX (10,16)
CHANX (11,16)
CHANY (11,16)
 IPIN (12,16)  Pin number: 1
CHANY (11,16)
CHANX (12,15)
CHANX (13,15)
CHANX (14,15)
 IPIN (14,16)  Pin number: 0
CHANX (13,15)
CHANY (13,15)
 IPIN (14,15)  Pin number: 1
CHANY (13,15)
CHANY (13,14)
 IPIN (14,14)  Pin number: 1
CHANY (13,14)
 IPIN (13,14)  Pin number: 3


Net 55 (i_53_)

 OPIN (0,17)  Pin number: 0
CHANY (0,17)
CHANX (1,16)
 IPIN (1,16)  Pin number: 2
CHANX (1,16)
CHANX (2,16)
 IPIN (2,17)  Pin number: 0
CHANX (2,16)
CHANX (3,16)
 IPIN (3,17)  Pin number: 0
CHANY (0,17)
CHANY (0,16)
CHANY (0,15)
CHANX (1,14)
 IPIN (1,14)  Pin number: 2
CHANY (0,15)
CHANY (0,14)
CHANX (1,13)
 IPIN (1,13)  Pin number: 2
CHANX (1,13)
CHANX (2,13)
CHANX (3,13)
 IPIN (3,13)  Pin number: 2


Net 56 (i_42_)

 OPIN (7,18)  Pin number: 1
CHANX (7,17)
CHANX (8,17)
CHANX (9,17)
CHANX (10,17)
CHANY (10,17)
CHANY (10,16)
CHANY (10,15)
 IPIN (11,15)  Pin number: 1
CHANY (10,15)
CHANY (10,14)
CHANY (10,13)
CHANY (10,12)
CHANY (10,11)
CHANY (10,10)
 IPIN (11,10)  Pin number: 1
CHANY (10,10)
CHANY (10,9)
 IPIN (10,9)  Pin number: 3
CHANY (10,9)
CHANY (10,8)
 IPIN (11,8)  Pin number: 1
CHANY (10,8)
CHANX (10,7)
 IPIN (10,7)  Pin number: 2
CHANY (10,8)
CHANY (10,7)
CHANX (11,6)
 IPIN (11,6)  Pin number: 2
CHANX (10,7)
CHANX (9,7)
CHANY (8,8)
CHANY (8,9)
 IPIN (8,9)  Pin number: 3
CHANY (8,9)
CHANX (8,9)
CHANY (7,10)
 IPIN (7,10)  Pin number: 3


Net 57 (i_35_)

 OPIN (3,18)  Pin number: 0
CHANX (3,17)
CHANX (4,17)
CHANX (5,17)
CHANX (6,17)
CHANX (7,17)
CHANX (8,17)
CHANX (9,17)
 IPIN (9,17)  Pin number: 2
CHANX (9,17)
CHANY (9,17)
CHANY (9,16)
 IPIN (9,16)  Pin number: 3
CHANX (8,17)
CHANY (8,17)
CHANY (8,16)
 IPIN (8,16)  Pin number: 3
CHANY (8,16)
CHANY (8,15)
CHANY (8,14)
CHANY (8,13)
CHANY (8,12)
CHANY (8,11)
CHANY (8,10)
 IPIN (9,10)  Pin number: 1
CHANY (8,10)
CHANX (8,9)
CHANX (7,9)
 IPIN (7,10)  Pin number: 0
CHANX (7,9)
CHANX (6,9)
CHANX (5,9)
 IPIN (5,9)  Pin number: 2
CHANX (5,9)
CHANY (4,10)
 IPIN (5,10)  Pin number: 1
CHANY (4,10)
CHANX (4,10)
 IPIN (4,11)  Pin number: 0
CHANX (5,9)
CHANX (4,9)
CHANX (3,9)
CHANY (2,9)
 IPIN (2,9)  Pin number: 3


Net 58 (i_52_)

 OPIN (2,0)  Pin number: 0
CHANX (2,0)
CHANX (3,0)
 IPIN (3,1)  Pin number: 0
CHANX (3,0)
CHANX (4,0)
CHANX (5,0)
 IPIN (5,1)  Pin number: 0
CHANX (5,0)
CHANY (5,1)
CHANY (5,2)
CHANY (5,3)
CHANY (5,4)
CHANY (5,5)
 IPIN (6,5)  Pin number: 1
CHANY (5,5)
CHANX (6,5)
CHANX (7,5)
CHANX (8,5)
CHANX (9,5)
 IPIN (9,6)  Pin number: 0
CHANX (2,0)
CHANY (1,1)
CHANY (1,2)
CHANY (1,3)
CHANY (1,4)
CHANY (1,5)
CHANY (1,6)
CHANY (1,7)
CHANY (1,8)
CHANY (1,9)
CHANY (1,10)
CHANY (1,11)
CHANY (1,12)
 IPIN (2,12)  Pin number: 1


Net 59 (i_43_)

 OPIN (18,14)  Pin number: 0
CHANY (17,14)
CHANY (17,13)
CHANY (17,12)
CHANY (17,11)
 IPIN (17,11)  Pin number: 3
CHANY (17,11)
CHANY (17,10)
 IPIN (17,10)  Pin number: 3
CHANY (17,10)
CHANY (17,9)
CHANY (17,8)
CHANY (17,7)
 IPIN (17,7)  Pin number: 3
CHANY (17,14)
CHANX (17,14)
CHANX (16,14)
CHANX (15,14)
CHANX (14,14)
 IPIN (14,14)  Pin number: 2
CHANX (14,14)
CHANY (13,14)
CHANY (13,13)
CHANY (13,12)
 IPIN (14,12)  Pin number: 1
CHANY (13,12)
CHANY (13,11)
CHANX (13,10)
CHANX (12,10)
CHANX (11,10)
 IPIN (11,10)  Pin number: 2
CHANX (11,10)
CHANY (10,11)
CHANY (10,12)
 IPIN (10,12)  Pin number: 3
CHANY (10,12)
CHANY (10,13)
 IPIN (11,13)  Pin number: 1
CHANY (10,11)
CHANX (10,11)
CHANX (9,11)
CHANX (8,11)
 IPIN (8,11)  Pin number: 2
CHANX (8,11)
CHANX (7,11)
CHANY (6,12)
 IPIN (6,12)  Pin number: 3
CHANY (6,12)
CHANY (6,13)
CHANX (7,13)
 IPIN (7,14)  Pin number: 0
CHANY (6,12)
CHANY (6,11)
CHANY (6,10)
 IPIN (6,10)  Pin number: 3
CHANY (6,10)
CHANY (6,9)
CHANY (6,8)
 IPIN (6,8)  Pin number: 3
CHANX (8,11)
CHANY (7,11)
CHANY (7,10)
CHANY (7,9)
 IPIN (8,9)  Pin number: 1
CHANY (10,11)
CHANY (10,10)
CHANY (10,9)
CHANY (10,8)
CHANY (10,7)
 IPIN (10,7)  Pin number: 3


Net 60 (i_38_)

 OPIN (14,0)  Pin number: 1
CHANX (14,0)
CHANY (13,1)
CHANY (13,2)
 IPIN (14,2)  Pin number: 1
CHANY (13,2)
CHANX (13,2)
CHANX (12,2)
CHANX (11,2)
CHANX (10,2)
CHANY (9,3)
 IPIN (10,3)  Pin number: 1
CHANY (9,3)
CHANY (9,4)
CHANY (9,5)
CHANX (10,5)
 IPIN (10,6)  Pin number: 0


Net 61 (i_29_)

 OPIN (17,0)  Pin number: 0
CHANX (17,0)
 IPIN (17,1)  Pin number: 0
CHANX (17,0)
CHANY (16,1)
CHANY (16,2)
 IPIN (17,2)  Pin number: 1
CHANY (16,2)
CHANY (16,3)
 IPIN (17,3)  Pin number: 1
CHANY (16,3)
CHANY (16,4)
 IPIN (17,4)  Pin number: 1
CHANY (16,4)
CHANY (16,5)
CHANY (16,6)
CHANY (16,7)
 IPIN (16,7)  Pin number: 3
CHANY (16,2)
CHANX (16,2)
CHANX (15,2)
CHANX (14,2)
 IPIN (14,3)  Pin number: 0
CHANX (15,2)
CHANY (14,3)
CHANY (14,4)
 IPIN (14,4)  Pin number: 3
CHANY (16,7)
CHANY (16,8)
CHANY (16,9)
CHANY (16,10)
CHANX (17,10)
 IPIN (17,11)  Pin number: 0
CHANX (17,10)
CHANX (16,10)
CHANX (15,10)
 IPIN (15,11)  Pin number: 0
CHANX (15,10)
CHANX (14,10)
 IPIN (14,10)  Pin number: 2
CHANX (14,10)
CHANY (13,10)
CHANY (13,9)
 IPIN (13,9)  Pin number: 3
CHANY (14,4)
CHANY (14,5)
CHANX (14,5)
CHANX (13,5)
CHANX (12,5)
 IPIN (12,5)  Pin number: 2
CHANX (12,5)
CHANY (11,5)
CHANY (11,4)
 IPIN (11,4)  Pin number: 3
CHANX (12,5)
CHANX (11,5)
CHANX (10,5)
CHANX (9,5)
 IPIN (9,5)  Pin number: 2
CHANX (9,5)
CHANY (8,6)
CHANY (8,7)
CHANX (9,7)
 IPIN (9,8)  Pin number: 0


Net 62 (i_51_)

 OPIN (0,15)  Pin number: 0
CHANY (0,15)
 IPIN (1,15)  Pin number: 1
CHANY (0,15)
CHANY (0,14)
 IPIN (1,14)  Pin number: 1
CHANY (0,14)
CHANY (0,13)
 IPIN (1,13)  Pin number: 1
CHANY (0,14)
CHANX (1,14)
CHANX (2,14)
CHANX (3,14)
 IPIN (3,15)  Pin number: 0
CHANX (3,14)
CHANX (4,14)
CHANX (5,14)
 IPIN (5,15)  Pin number: 0
CHANX (5,14)
CHANY (5,14)
CHANY (5,13)
 IPIN (6,13)  Pin number: 1
CHANY (5,13)
CHANX (6,12)
CHANX (7,12)
 IPIN (7,12)  Pin number: 2
CHANX (7,12)
CHANX (8,12)
CHANX (9,12)
 IPIN (9,13)  Pin number: 0
CHANX (8,12)
CHANY (8,12)
CHANY (8,11)
 IPIN (9,11)  Pin number: 1
CHANY (8,12)
CHANY (8,13)
CHANY (8,14)
 IPIN (9,14)  Pin number: 1
CHANX (6,12)
CHANX (5,12)
CHANY (4,12)
 IPIN (5,12)  Pin number: 1
CHANY (4,12)
CHANY (4,11)
 IPIN (4,11)  Pin number: 3


Net 63 (i_44_)

 OPIN (10,0)  Pin number: 1
CHANX (10,0)
CHANY (9,1)
CHANY (9,2)
CHANY (9,3)
CHANY (9,4)
CHANY (9,5)
CHANY (9,6)
CHANY (9,7)
 IPIN (10,7)  Pin number: 1
CHANY (9,6)
CHANX (10,6)
 IPIN (10,6)  Pin number: 2


Net 64 (i_37_)

 OPIN (18,3)  Pin number: 1
CHANY (17,3)
 IPIN (17,3)  Pin number: 3
CHANY (17,3)
CHANY (17,4)
 IPIN (17,4)  Pin number: 3
CHANY (17,4)
CHANY (17,5)
CHANY (17,6)
CHANX (17,6)
CHANX (16,6)
 IPIN (16,7)  Pin number: 0
CHANX (17,6)
CHANY (16,7)
CHANY (16,8)
CHANY (16,9)
CHANY (16,10)
CHANY (16,11)
 IPIN (17,11)  Pin number: 1
CHANY (16,8)
CHANX (16,8)
CHANX (15,8)
CHANX (14,8)
CHANX (13,8)
CHANX (12,8)
 IPIN (12,9)  Pin number: 0
CHANX (12,8)
CHANX (11,8)
 IPIN (11,9)  Pin number: 0
CHANX (11,8)
CHANX (10,8)
CHANY (9,9)
CHANY (9,10)
 IPIN (9,10)  Pin number: 3
CHANY (9,10)
CHANX (9,10)
CHANX (8,10)
CHANX (7,10)
 IPIN (7,11)  Pin number: 0


Net 65 (o_1_)

 OPIN (5,14)  Pin number: 4
CHANX (5,13)
CHANY (4,14)
CHANY (4,15)
CHANY (4,16)
CHANY (4,17)
CHANX (5,17)
 IPIN (5,18)  Pin number: 0


Net 66 (o_19_)

 OPIN (1,1)  Pin number: 4
CHANX (1,0)
CHANY (0,1)
 IPIN (0,1)  Pin number: 1


Net 67 (o_2_)

 OPIN (12,1)  Pin number: 4
CHANX (12,0)
 IPIN (12,0)  Pin number: 0


Net 68 (o_0_)

 OPIN (5,16)  Pin number: 4
CHANX (5,15)
CHANY (5,16)
CHANY (5,17)
CHANX (5,17)
 IPIN (5,18)  Pin number: 1


Net 69 (o_29_)

 OPIN (17,15)  Pin number: 4
CHANX (17,14)
CHANY (17,15)
 IPIN (18,15)  Pin number: 0


Net 70 (o_60_)

 OPIN (14,11)  Pin number: 4
CHANX (14,10)
CHANX (15,10)
CHANX (16,10)
CHANX (17,10)
CHANY (17,11)
 IPIN (18,11)  Pin number: 0


Net 71 (o_39_)

 OPIN (9,15)  Pin number: 4
CHANX (9,14)
CHANY (8,15)
CHANY (8,16)
CHANY (8,17)
CHANX (9,17)
 IPIN (9,18)  Pin number: 1


Net 72 (o_38_)

 OPIN (6,17)  Pin number: 4
CHANX (6,16)
CHANY (5,17)
CHANX (6,17)
 IPIN (6,18)  Pin number: 0


Net 73 (o_25_)

 OPIN (16,5)  Pin number: 4
CHANX (16,4)
CHANX (17,4)
CHANY (17,5)
 IPIN (18,5)  Pin number: 1


Net 74 (o_12_)

 OPIN (12,6)  Pin number: 4
CHANX (12,5)
CHANX (13,5)
CHANX (14,5)
CHANX (15,5)
CHANX (16,5)
CHANX (17,5)
CHANY (17,6)
 IPIN (18,6)  Pin number: 1


Net 75 (o_37_)

 OPIN (10,1)  Pin number: 4
CHANX (10,0)
 IPIN (10,0)  Pin number: 0


Net 76 (o_26_)

 OPIN (8,1)  Pin number: 4
CHANX (8,0)
 IPIN (8,0)  Pin number: 1


Net 77 (o_11_)

 OPIN (17,4)  Pin number: 4
CHANX (17,3)
CHANY (17,4)
 IPIN (18,4)  Pin number: 1


Net 78 (o_50_)

 OPIN (1,3)  Pin number: 4
CHANX (1,2)
CHANY (0,3)
 IPIN (0,3)  Pin number: 0


Net 79 (o_36_)

 OPIN (11,17)  Pin number: 4
CHANX (11,16)
CHANY (10,17)
CHANX (11,17)
 IPIN (11,18)  Pin number: 1


Net 80 (o_27_)

 OPIN (4,1)  Pin number: 4
CHANX (4,0)
 IPIN (4,0)  Pin number: 0


Net 81 (o_14_)

 OPIN (16,17)  Pin number: 4
CHANX (16,16)
CHANY (16,17)
CHANX (16,17)
 IPIN (16,18)  Pin number: 0


Net 82 (o_35_)

 OPIN (7,16)  Pin number: 4
CHANX (7,15)
CHANY (6,16)
CHANY (6,17)
CHANX (7,17)
 IPIN (7,18)  Pin number: 0


Net 83 (o_28_)

 OPIN (17,5)  Pin number: 4
CHANX (17,4)
CHANY (17,5)
 IPIN (18,5)  Pin number: 0


Net 84 (o_13_)

 OPIN (16,9)  Pin number: 4
CHANX (16,8)
CHANX (17,8)
CHANY (17,9)
 IPIN (18,9)  Pin number: 1


Net 85 (o_34_)

 OPIN (17,12)  Pin number: 4
CHANX (17,11)
CHANY (17,12)
 IPIN (18,12)  Pin number: 1


Net 86 (o_21_)

 OPIN (12,15)  Pin number: 4
CHANX (12,14)
CHANY (12,15)
CHANY (12,16)
CHANY (12,17)
CHANX (12,17)
 IPIN (12,18)  Pin number: 1


Net 87 (o_16_)

 OPIN (13,16)  Pin number: 4
CHANX (13,15)
CHANY (13,16)
CHANY (13,17)
CHANX (13,17)
 IPIN (13,18)  Pin number: 0


Net 88 (o_40_)

 OPIN (2,13)  Pin number: 4
CHANX (2,12)
CHANX (1,12)
CHANY (0,13)
 IPIN (0,13)  Pin number: 1


Net 89 (o_33_)

 OPIN (16,16)  Pin number: 4
CHANX (16,15)
CHANY (15,16)
CHANY (15,17)
CHANX (16,17)
 IPIN (16,18)  Pin number: 1


Net 90 (o_22_)

 OPIN (6,2)  Pin number: 4
CHANX (6,1)
CHANY (5,1)
CHANX (6,0)
 IPIN (6,0)  Pin number: 0


Net 91 (o_15_)

 OPIN (17,17)  Pin number: 4
CHANX (17,16)
CHANY (17,17)
 IPIN (18,17)  Pin number: 0


Net 92 (o_32_)

 OPIN (16,15)  Pin number: 4
CHANX (16,14)
CHANX (17,14)
CHANY (17,15)
 IPIN (18,15)  Pin number: 1


Net 93 (o_23_)

 OPIN (7,2)  Pin number: 4
CHANX (7,1)
CHANY (6,1)
CHANX (7,0)
 IPIN (7,0)  Pin number: 0


Net 94 (o_18_)

 OPIN (13,11)  Pin number: 4
CHANX (13,10)
CHANX (14,10)
CHANX (15,10)
CHANX (16,10)
CHANX (17,10)
CHANY (17,11)
 IPIN (18,11)  Pin number: 1


Net 95 (o_31_)

 OPIN (3,2)  Pin number: 4
CHANX (3,1)
CHANY (2,1)
CHANX (3,0)
 IPIN (3,0)  Pin number: 0


Net 96 (o_24_)

 OPIN (17,9)  Pin number: 4
CHANX (17,8)
CHANY (17,9)
 IPIN (18,9)  Pin number: 0


Net 97 (o_17_)

 OPIN (12,17)  Pin number: 4
CHANX (12,16)
CHANY (12,17)
CHANX (12,17)
 IPIN (12,18)  Pin number: 0


Net 98 (o_56_)

 OPIN (7,1)  Pin number: 4
CHANX (7,0)
 IPIN (7,0)  Pin number: 1


Net 99 (o_43_)

 OPIN (3,7)  Pin number: 4
CHANX (3,6)
CHANX (2,6)
CHANX (1,6)
CHANY (0,7)
 IPIN (0,7)  Pin number: 1


Net 100 (o_30_)

 OPIN (3,1)  Pin number: 4
CHANX (3,0)
 IPIN (3,0)  Pin number: 1


Net 101 (o_55_)

 OPIN (11,16)  Pin number: 4
CHANX (11,15)
CHANY (10,16)
CHANY (10,17)
CHANX (11,17)
 IPIN (11,18)  Pin number: 0


Net 102 (o_44_)

 OPIN (1,8)  Pin number: 4
CHANX (1,7)
CHANY (0,8)
 IPIN (0,8)  Pin number: 1


Net 103 (o_58_)

 OPIN (13,7)  Pin number: 4
CHANX (13,6)
CHANX (14,6)
CHANX (15,6)
CHANX (16,6)
CHANX (17,6)
CHANY (17,7)
 IPIN (18,7)  Pin number: 1


Net 104 (o_41_)

 OPIN (4,10)  Pin number: 4
CHANX (4,9)
CHANX (3,9)
CHANX (2,9)
CHANX (1,9)
CHANY (0,10)
 IPIN (0,10)  Pin number: 0


Net 105 (o_57_)

 OPIN (16,10)  Pin number: 4
CHANX (16,9)
CHANX (17,9)
CHANY (17,10)
 IPIN (18,10)  Pin number: 1


Net 106 (o_42_)

 OPIN (2,4)  Pin number: 4
CHANX (2,3)
CHANX (1,3)
CHANY (0,4)
 IPIN (0,4)  Pin number: 1


Net 107 (o_20_)

 OPIN (10,14)  Pin number: 4
CHANX (10,13)
CHANY (9,14)
CHANY (9,15)
CHANY (9,16)
CHANY (9,17)
CHANX (10,17)
 IPIN (10,18)  Pin number: 1


Net 108 (o_52_)

 OPIN (5,4)  Pin number: 4
CHANX (5,3)
CHANX (4,3)
CHANX (3,3)
CHANX (2,3)
CHANX (1,3)
CHANY (0,3)
 IPIN (0,3)  Pin number: 1


Net 109 (o_47_)

 OPIN (4,9)  Pin number: 4
CHANX (4,8)
CHANX (3,8)
CHANX (2,8)
CHANX (1,8)
CHANY (0,9)
 IPIN (0,9)  Pin number: 1


Net 110 (o_51_)

 OPIN (3,5)  Pin number: 4
CHANX (3,4)
CHANX (2,4)
CHANX (1,4)
CHANY (0,5)
 IPIN (0,5)  Pin number: 0


Net 111 (o_48_)

 OPIN (4,13)  Pin number: 4
CHANX (4,12)
CHANX (3,12)
CHANX (2,12)
CHANX (1,12)
CHANY (0,13)
 IPIN (0,13)  Pin number: 0


Net 112 (o_54_)

 OPIN (10,17)  Pin number: 4
CHANX (10,16)
CHANY (9,17)
CHANX (10,17)
 IPIN (10,18)  Pin number: 0


Net 113 (o_45_)

 OPIN (6,14)  Pin number: 4
CHANX (6,13)
CHANY (6,14)
CHANY (6,15)
CHANY (6,16)
CHANY (6,17)
CHANX (6,17)
 IPIN (6,18)  Pin number: 1


Net 114 (o_10_)

 OPIN (17,3)  Pin number: 4
CHANX (17,2)
CHANY (17,2)
CHANY (17,1)
 IPIN (18,1)  Pin number: 0


Net 115 (o_53_)

 OPIN (1,2)  Pin number: 4
CHANX (1,1)
CHANY (0,1)
 IPIN (0,1)  Pin number: 0


Net 116 (o_46_)

 OPIN (3,8)  Pin number: 4
CHANX (3,7)
CHANX (2,7)
CHANX (1,7)
CHANY (0,8)
 IPIN (0,8)  Pin number: 0


Net 117 (o_61_)

 OPIN (14,17)  Pin number: 4
CHANX (14,16)
CHANY (13,17)
CHANX (14,17)
 IPIN (14,18)  Pin number: 0


Net 118 (o_9_)

 OPIN (11,1)  Pin number: 4
CHANX (11,0)
 IPIN (11,0)  Pin number: 1


Net 119 (o_62_)

 OPIN (12,13)  Pin number: 4
CHANX (12,12)
CHANX (13,12)
CHANX (14,12)
CHANX (15,12)
CHANX (16,12)
CHANX (17,12)
CHANY (17,13)
 IPIN (18,13)  Pin number: 0


Net 120 (o_63_)

 OPIN (15,14)  Pin number: 4
CHANX (15,13)
CHANY (14,14)
CHANY (14,15)
CHANY (14,16)
CHANY (14,17)
CHANX (15,17)
 IPIN (15,18)  Pin number: 1


Net 121 (o_49_)

 OPIN (2,16)  Pin number: 4
CHANX (2,15)
CHANX (1,15)
CHANY (0,16)
 IPIN (0,16)  Pin number: 0


Net 122 (o_7_)

 OPIN (17,7)  Pin number: 4
CHANX (17,6)
CHANY (17,7)
 IPIN (18,7)  Pin number: 0


Net 123 (o_64_)

 OPIN (15,8)  Pin number: 4
CHANX (15,7)
CHANX (16,7)
CHANX (17,7)
CHANY (17,8)
 IPIN (18,8)  Pin number: 0


Net 124 (o_8_)

 OPIN (13,1)  Pin number: 4
CHANX (13,0)
 IPIN (13,0)  Pin number: 1


Net 125 (o_5_)

 OPIN (17,1)  Pin number: 4
CHANX (17,0)
 IPIN (17,0)  Pin number: 1


Net 126 (o_59_)

 OPIN (17,16)  Pin number: 4
CHANX (17,15)
CHANY (17,16)
CHANY (17,17)
 IPIN (18,17)  Pin number: 1


Net 127 (o_6_)

 OPIN (17,13)  Pin number: 4
CHANX (17,12)
CHANY (17,13)
 IPIN (18,13)  Pin number: 1


Net 128 (o_3_)

 OPIN (13,2)  Pin number: 4
CHANX (13,1)
CHANY (12,1)
CHANX (13,0)
 IPIN (13,0)  Pin number: 0


Net 129 (o_4_)

 OPIN (17,2)  Pin number: 4
CHANX (17,1)
CHANY (17,1)
 IPIN (18,1)  Pin number: 1


Net 130 ([93])

 OPIN (6,9)  Pin number: 4
CHANX (6,8)
CHANY (5,8)
CHANY (5,7)
CHANY (5,6)
CHANY (5,5)
 IPIN (5,5)  Pin number: 3
CHANY (5,8)
CHANY (5,9)
CHANY (5,10)
CHANY (5,11)
CHANY (5,12)
CHANY (5,13)
 IPIN (5,13)  Pin number: 3
CHANY (5,13)
CHANY (5,14)
 IPIN (5,14)  Pin number: 3


Net 131 ([134])

 OPIN (12,4)  Pin number: 4
CHANX (12,3)
CHANX (11,3)
CHANX (10,3)
CHANX (9,3)
CHANX (8,3)
CHANX (7,3)
CHANX (6,3)
CHANX (5,3)
 IPIN (5,4)  Pin number: 0
CHANX (5,3)
CHANY (4,4)
CHANY (4,5)
CHANY (4,6)
CHANY (4,7)
CHANY (4,8)
CHANY (4,9)
CHANY (4,10)
CHANY (4,11)
CHANY (4,12)
CHANY (4,13)
 IPIN (5,13)  Pin number: 1
CHANY (4,13)
CHANY (4,14)
CHANX (5,14)
 IPIN (5,14)  Pin number: 2
CHANY (4,14)
CHANY (4,15)
CHANY (4,16)
CHANX (5,16)
CHANX (6,16)
 IPIN (6,17)  Pin number: 0
CHANX (6,16)
CHANX (7,16)
 IPIN (7,16)  Pin number: 2
CHANX (7,16)
CHANX (8,16)
CHANY (8,16)
CHANX (9,15)
 IPIN (9,15)  Pin number: 2


Net 132 ([777])

 OPIN (8,13)  Pin number: 4
CHANX (8,12)
CHANX (7,12)
CHANX (6,12)
CHANX (5,12)
 IPIN (5,13)  Pin number: 0
CHANX (5,12)
CHANY (4,13)
CHANY (4,14)
 IPIN (5,14)  Pin number: 1


Net 133 ([784])

 OPIN (3,14)  Pin number: 4
CHANX (3,13)
CHANX (4,13)
CHANX (5,13)
 IPIN (5,14)  Pin number: 0


Net 134 (n_n297)

 OPIN (3,4)  Pin number: 4
CHANX (3,3)
CHANX (2,3)
 IPIN (2,4)  Pin number: 0
CHANX (2,3)
CHANY (1,3)
CHANX (1,2)
 IPIN (1,3)  Pin number: 0
CHANX (1,2)
 IPIN (1,2)  Pin number: 2
CHANY (1,3)
CHANY (1,2)
CHANY (1,1)
 IPIN (1,1)  Pin number: 3


Net 135 ([802])

 OPIN (2,3)  Pin number: 4
CHANX (2,2)
CHANY (1,2)
 IPIN (1,2)  Pin number: 3
CHANY (1,2)
CHANX (1,1)
 IPIN (1,1)  Pin number: 2


Net 136 (n_n39)

 OPIN (11,2)  Pin number: 4
CHANX (11,1)
CHANX (12,1)
 IPIN (12,1)  Pin number: 2
CHANX (12,1)
CHANX (13,1)
 IPIN (13,1)  Pin number: 2
CHANX (13,1)
 IPIN (13,2)  Pin number: 0


Net 137 ([131])

 OPIN (6,5)  Pin number: 4
CHANX (6,4)
CHANY (6,4)
CHANY (6,3)
CHANY (6,2)
CHANX (7,1)
CHANX (8,1)
CHANX (9,1)
CHANX (10,1)
CHANX (11,1)
 IPIN (11,1)  Pin number: 2
CHANX (11,1)
CHANY (11,1)
 IPIN (12,1)  Pin number: 1


Net 138 ([823])

 OPIN (12,7)  Pin number: 4
CHANX (12,6)
CHANY (12,6)
CHANY (12,5)
CHANY (12,4)
CHANY (12,3)
CHANY (12,2)
CHANY (12,1)
 IPIN (12,1)  Pin number: 3


Net 139 ([74])

 OPIN (5,13)  Pin number: 4
CHANX (5,12)
CHANY (4,13)
CHANY (4,14)
CHANY (4,15)
CHANY (4,16)
 IPIN (5,16)  Pin number: 1


Net 140 ([102])

 OPIN (3,16)  Pin number: 4
CHANX (3,15)
CHANX (4,15)
CHANX (5,15)
 IPIN (5,16)  Pin number: 0


Net 141 ([830])

 OPIN (6,12)  Pin number: 4
CHANX (6,11)
CHANY (5,12)
CHANY (5,13)
CHANY (5,14)
CHANY (5,15)
CHANY (5,16)
 IPIN (5,16)  Pin number: 3


Net 142 ([132])

 OPIN (17,11)  Pin number: 4
CHANX (17,10)
CHANY (17,11)
CHANY (17,12)
 IPIN (17,12)  Pin number: 3
CHANY (17,12)
CHANY (17,13)
 IPIN (17,13)  Pin number: 3
CHANY (17,13)
CHANY (17,14)
CHANY (17,15)
 IPIN (17,15)  Pin number: 3
CHANY (17,15)
CHANY (17,16)
 IPIN (17,16)  Pin number: 3
CHANY (17,16)
CHANY (17,17)
 IPIN (17,17)  Pin number: 3
CHANY (17,15)
CHANX (17,15)
CHANX (16,15)
 IPIN (16,15)  Pin number: 2
CHANY (17,16)
CHANX (17,16)
CHANX (16,16)
 IPIN (16,17)  Pin number: 0
CHANX (16,16)
 IPIN (16,16)  Pin number: 2


Net 143 ([832])

 OPIN (16,14)  Pin number: 4
CHANX (16,13)
CHANY (15,14)
CHANY (15,15)
 IPIN (16,15)  Pin number: 1
CHANY (15,15)
CHANY (15,16)
 IPIN (16,16)  Pin number: 1
CHANY (15,16)
CHANX (16,15)
CHANX (17,15)
 IPIN (17,16)  Pin number: 0
CHANX (17,15)
 IPIN (17,15)  Pin number: 2


Net 144 ([834])

 OPIN (14,15)  Pin number: 4
CHANX (14,14)
CHANX (15,14)
CHANX (16,14)
CHANX (17,14)
 IPIN (17,15)  Pin number: 0


Net 145 ([839])

 OPIN (14,8)  Pin number: 4
CHANX (14,7)
CHANY (14,8)
CHANY (14,9)
CHANY (14,10)
CHANY (14,11)
 IPIN (14,11)  Pin number: 3
CHANY (14,11)
CHANX (14,11)
CHANY (13,12)
 IPIN (13,12)  Pin number: 3


Net 146 ([840])

 OPIN (14,12)  Pin number: 4
CHANX (14,11)
 IPIN (14,11)  Pin number: 2
CHANX (14,11)
CHANX (13,11)
 IPIN (13,12)  Pin number: 0


Net 147 ([843])

 OPIN (12,11)  Pin number: 4
CHANX (12,10)
CHANX (13,10)
 IPIN (13,11)  Pin number: 0
CHANX (13,10)
CHANX (14,10)
 IPIN (14,11)  Pin number: 0


Net 148 ([70])

 OPIN (10,15)  Pin number: 4
CHANX (10,14)
CHANY (9,15)
 IPIN (9,15)  Pin number: 3


Net 149 ([847])

 OPIN (9,12)  Pin number: 4
CHANX (9,11)
CHANY (8,12)
CHANY (8,13)
CHANY (8,14)
CHANY (8,15)
 IPIN (9,15)  Pin number: 1
CHANY (8,15)
CHANX (8,15)
CHANY (7,16)
 IPIN (7,16)  Pin number: 3
CHANY (7,16)
CHANX (7,16)
CHANY (6,17)
CHANX (6,17)
 IPIN (6,17)  Pin number: 2


Net 150 ([851])

 OPIN (8,15)  Pin number: 4
CHANX (8,14)
CHANX (9,14)
 IPIN (9,15)  Pin number: 0


Net 151 ([97])

 OPIN (6,15)  Pin number: 4
CHANX (6,14)
 IPIN (6,14)  Pin number: 2
CHANX (6,14)
CHANY (5,15)
CHANY (5,16)
CHANY (5,17)
 IPIN (6,17)  Pin number: 1


Net 152 ([854])

 OPIN (7,17)  Pin number: 4
CHANX (7,16)
CHANY (6,17)
 IPIN (6,17)  Pin number: 3


Net 153 (n_n366)

 OPIN (16,6)  Pin number: 4
CHANX (16,5)
 IPIN (16,5)  Pin number: 2
CHANX (16,5)
CHANY (15,6)
CHANY (15,7)
 IPIN (15,7)  Pin number: 3


Net 154 ([88])

 OPIN (15,12)  Pin number: 4
CHANX (15,11)
CHANY (14,11)
CHANY (14,10)
CHANY (14,9)
CHANX (15,8)
 IPIN (15,8)  Pin number: 2
CHANX (15,8)
CHANY (15,8)
CHANY (15,7)
CHANY (15,6)
CHANY (15,5)
 IPIN (16,5)  Pin number: 1
CHANY (15,5)
CHANX (16,4)
CHANX (17,4)
 IPIN (17,5)  Pin number: 0


Net 155 ([107])

 OPIN (11,12)  Pin number: 4
CHANX (11,11)
CHANX (12,11)
CHANY (12,11)
CHANY (12,10)
CHANY (12,9)
CHANY (12,8)
CHANY (12,7)
 IPIN (13,7)  Pin number: 1
CHANY (12,7)
CHANY (12,6)
 IPIN (12,6)  Pin number: 3


Net 156 ([866])

 OPIN (12,8)  Pin number: 4
CHANX (12,7)
CHANY (11,7)
CHANY (11,6)
 IPIN (12,6)  Pin number: 1


Net 157 ([124])

 OPIN (10,2)  Pin number: 4
CHANX (10,1)
 IPIN (10,1)  Pin number: 2


Net 158 ([65])

 OPIN (6,6)  Pin number: 4
CHANX (6,5)
CHANY (6,5)
CHANY (6,4)
CHANY (6,3)
 IPIN (6,3)  Pin number: 3
CHANY (6,3)
CHANY (6,2)
CHANY (6,1)
 IPIN (7,1)  Pin number: 1
CHANY (6,1)
CHANX (7,0)
CHANX (8,0)
 IPIN (8,1)  Pin number: 0
CHANX (8,0)
CHANX (9,0)
 IPIN (9,1)  Pin number: 0
CHANX (9,0)
CHANX (10,0)
 IPIN (10,1)  Pin number: 0
CHANY (6,3)
CHANX (7,2)
CHANX (8,2)
 IPIN (8,3)  Pin number: 0
CHANY (6,4)
CHANX (7,4)
CHANX (8,4)
CHANX (9,4)
CHANX (10,4)
 IPIN (10,5)  Pin number: 0


Net 159 ([876])

 OPIN (2,10)  Pin number: 4
CHANX (2,9)
CHANY (1,9)
CHANY (1,8)
CHANY (1,7)
CHANY (1,6)
CHANY (1,5)
CHANY (1,4)
CHANY (1,3)
CHANY (1,2)
CHANX (2,1)
CHANX (3,1)
CHANX (4,1)
CHANX (5,1)
CHANX (6,1)
CHANX (7,1)
 IPIN (7,1)  Pin number: 2
CHANX (7,1)
CHANX (8,1)
CHANX (9,1)
CHANY (9,1)
 IPIN (10,1)  Pin number: 1
CHANY (9,1)
CHANY (9,2)
CHANY (9,3)
CHANY (9,4)
CHANY (9,5)
 IPIN (10,5)  Pin number: 1


Net 160 ([881])

 OPIN (11,5)  Pin number: 4
CHANX (11,4)
CHANY (10,4)
CHANY (10,3)
CHANY (10,2)
CHANY (10,1)
 IPIN (10,1)  Pin number: 3


Net 161 ([889])

 OPIN (5,12)  Pin number: 4
CHANX (5,11)
CHANX (6,11)
CHANX (7,11)
CHANY (7,11)
CHANY (7,10)
CHANY (7,9)
CHANY (7,8)
CHANY (7,7)
CHANY (7,6)
CHANY (7,5)
CHANY (7,4)
CHANY (7,3)
 IPIN (8,3)  Pin number: 1
CHANY (7,3)
CHANY (7,2)
CHANY (7,1)
 IPIN (8,1)  Pin number: 1
CHANY (7,2)
CHANX (8,1)
CHANX (9,1)
 IPIN (9,1)  Pin number: 2
CHANY (7,4)
CHANX (7,3)
CHANX (6,3)
 IPIN (6,3)  Pin number: 2


Net 162 ([891])

 OPIN (9,6)  Pin number: 4
CHANX (9,5)
CHANY (8,5)
CHANY (8,4)
CHANY (8,3)
 IPIN (8,3)  Pin number: 3
CHANY (8,3)
CHANY (8,2)
CHANY (8,1)
 IPIN (9,1)  Pin number: 1
CHANY (8,1)
 IPIN (8,1)  Pin number: 3


Net 163 ([895])

 OPIN (8,2)  Pin number: 4
CHANX (8,1)
 IPIN (8,1)  Pin number: 2


Net 164 (n_n271)

 OPIN (5,7)  Pin number: 4
CHANX (5,6)
CHANX (4,6)
 IPIN (4,7)  Pin number: 0
CHANX (4,6)
CHANX (3,6)
CHANX (2,6)
 IPIN (2,7)  Pin number: 0
CHANX (3,6)
CHANY (2,6)
CHANY (2,5)
CHANY (2,4)
 IPIN (2,4)  Pin number: 3
CHANY (2,4)
CHANY (2,3)
 IPIN (3,3)  Pin number: 1
CHANY (2,3)
 IPIN (2,3)  Pin number: 3
CHANY (2,4)
CHANX (3,4)
CHANX (4,4)
 IPIN (4,5)  Pin number: 0
CHANY (2,4)
CHANX (2,3)
CHANX (1,3)
 IPIN (1,3)  Pin number: 2


Net 165 ([801])

 OPIN (2,11)  Pin number: 4
CHANX (2,10)
CHANY (1,10)
CHANY (1,9)
CHANY (1,8)
CHANY (1,7)
CHANY (1,6)
CHANY (1,5)
CHANY (1,4)
CHANY (1,3)
 IPIN (2,3)  Pin number: 1
CHANY (1,3)
 IPIN (1,3)  Pin number: 3
CHANY (1,3)
CHANX (2,2)
CHANX (3,2)
 IPIN (3,3)  Pin number: 0


Net 166 ([73])

 OPIN (12,5)  Pin number: 4
CHANX (12,4)
CHANX (11,4)
 IPIN (11,5)  Pin number: 0
CHANX (11,4)
CHANY (10,5)
CHANY (10,6)
CHANY (10,7)
CHANY (10,8)
CHANY (10,9)
CHANY (10,10)
CHANY (10,11)
CHANY (10,12)
CHANY (10,13)
CHANY (10,14)
 IPIN (10,14)  Pin number: 3
CHANY (10,14)
CHANY (10,15)
CHANY (10,16)
 IPIN (11,16)  Pin number: 1
CHANY (10,16)
CHANY (10,17)
 IPIN (10,17)  Pin number: 3
CHANY (10,17)
 IPIN (11,17)  Pin number: 1
CHANY (10,15)
CHANX (11,15)
CHANX (12,15)
 IPIN (12,15)  Pin number: 2


Net 167 ([899])

 OPIN (11,14)  Pin number: 4
CHANX (11,13)
CHANY (11,14)
CHANY (11,15)
CHANY (11,16)
 IPIN (11,16)  Pin number: 3
CHANY (11,16)
CHANY (11,17)
 IPIN (11,17)  Pin number: 3
CHANY (11,17)
CHANX (11,17)
CHANX (10,17)
 IPIN (10,17)  Pin number: 2


Net 168 ([900])

 OPIN (8,12)  Pin number: 4
CHANX (8,11)
CHANX (9,11)
CHANY (9,12)
CHANY (9,13)
CHANY (9,14)
CHANY (9,15)
CHANY (9,16)
CHANY (9,17)
 IPIN (10,17)  Pin number: 1
CHANY (9,17)
CHANX (10,17)
CHANX (11,17)
 IPIN (11,17)  Pin number: 2
CHANY (9,16)
CHANX (10,16)
CHANX (11,16)
 IPIN (11,16)  Pin number: 2


Net 169 ([905])

 OPIN (8,17)  Pin number: 4
CHANX (8,16)
CHANX (9,16)
CHANX (10,16)
CHANX (11,16)
 IPIN (11,17)  Pin number: 0


Net 170 ([89])

 OPIN (4,2)  Pin number: 4
CHANX (4,1)
 IPIN (4,1)  Pin number: 2
CHANX (4,1)
CHANX (3,1)
 IPIN (3,1)  Pin number: 2


Net 171 ([909])

 OPIN (4,5)  Pin number: 4
CHANX (4,4)
CHANY (3,4)
CHANY (3,3)
CHANY (3,2)
CHANY (3,1)
 IPIN (3,1)  Pin number: 3
CHANY (3,1)
 IPIN (4,1)  Pin number: 1


Net 172 ([912])

 OPIN (5,1)  Pin number: 4
CHANX (5,0)
CHANX (4,0)
 IPIN (4,1)  Pin number: 0


Net 173 ([913])

 OPIN (16,13)  Pin number: 4
CHANX (16,12)
CHANY (15,13)
CHANY (15,14)
CHANY (15,15)
CHANY (15,16)
CHANY (15,17)
 IPIN (16,17)  Pin number: 1


Net 174 ([916])

 OPIN (7,14)  Pin number: 4
CHANX (7,13)
CHANY (6,14)
CHANY (6,15)
CHANY (6,16)
 IPIN (7,16)  Pin number: 1


Net 175 ([917])

 OPIN (6,16)  Pin number: 4
CHANX (6,15)
CHANX (7,15)
 IPIN (7,16)  Pin number: 0


Net 176 ([919])

 OPIN (17,6)  Pin number: 4
CHANX (17,5)
 IPIN (17,5)  Pin number: 2


Net 177 ([921])

 OPIN (17,10)  Pin number: 4
CHANX (17,9)
CHANY (16,10)
 IPIN (16,10)  Pin number: 3
CHANY (16,10)
CHANY (16,9)
 IPIN (16,9)  Pin number: 3


Net 178 ([922])

 OPIN (14,10)  Pin number: 4
CHANX (14,9)
CHANX (15,9)
CHANY (15,9)
 IPIN (16,9)  Pin number: 1
CHANY (15,9)
CHANY (15,10)
CHANX (16,10)
 IPIN (16,10)  Pin number: 2


Net 179 ([924])

 OPIN (12,10)  Pin number: 4
CHANX (12,9)
CHANX (13,9)
CHANX (14,9)
CHANX (15,9)
CHANX (16,9)
 IPIN (16,9)  Pin number: 2
CHANX (16,9)
 IPIN (16,10)  Pin number: 0


Net 180 ([927])

 OPIN (15,9)  Pin number: 4
CHANX (15,8)
CHANX (16,8)
 IPIN (16,9)  Pin number: 0


Net 181 ([100])

 OPIN (13,13)  Pin number: 4
CHANX (13,12)
CHANY (12,13)
CHANY (12,14)
CHANY (12,15)
 IPIN (12,15)  Pin number: 3


Net 182 ([120])

 OPIN (13,15)  Pin number: 4
CHANX (13,14)
CHANX (12,14)
 IPIN (12,15)  Pin number: 0
CHANX (13,14)
CHANY (13,15)
CHANY (13,16)
 IPIN (13,16)  Pin number: 3


Net 183 ([929])

 OPIN (12,14)  Pin number: 4
CHANX (12,13)
CHANY (11,14)
CHANY (11,15)
 IPIN (12,15)  Pin number: 1


Net 184 ([78])

 OPIN (15,10)  Pin number: 4
CHANX (15,9)
CHANY (15,10)
CHANY (15,11)
CHANY (15,12)
CHANY (15,13)
CHANY (15,14)
 IPIN (15,14)  Pin number: 3
CHANY (15,14)
CHANY (15,15)
CHANY (15,16)
CHANX (15,16)
CHANX (14,16)
 IPIN (14,17)  Pin number: 0
CHANX (14,16)
CHANX (13,16)
 IPIN (13,16)  Pin number: 2
CHANX (13,16)
CHANY (12,17)
 IPIN (12,17)  Pin number: 3
CHANY (12,17)
CHANY (12,16)
CHANY (12,15)
CHANY (12,14)
CHANY (12,13)
 IPIN (12,13)  Pin number: 3


Net 185 ([933])

 OPIN (13,10)  Pin number: 4
CHANX (13,9)
CHANY (12,10)
CHANY (12,11)
CHANY (12,12)
CHANY (12,13)
CHANY (12,14)
CHANY (12,15)
CHANY (12,16)
 IPIN (13,16)  Pin number: 1


Net 186 ([130])

 OPIN (8,8)  Pin number: 4
CHANX (8,7)
CHANX (7,7)
CHANX (6,7)
CHANX (5,7)
CHANX (4,7)
CHANX (3,7)
CHANY (2,8)
CHANY (2,9)
CHANY (2,10)
CHANY (2,11)
CHANY (2,12)
CHANY (2,13)
 IPIN (2,13)  Pin number: 3
CHANY (2,13)
CHANY (2,14)
CHANY (2,15)
CHANY (2,16)
 IPIN (2,16)  Pin number: 3


Net 187 (n_n332)

 OPIN (4,15)  Pin number: 4
CHANX (4,14)
CHANY (3,14)
CHANX (3,13)
 IPIN (3,14)  Pin number: 0
CHANX (3,13)
CHANX (2,13)
 IPIN (2,13)  Pin number: 2
CHANX (2,13)
 IPIN (2,14)  Pin number: 0
CHANY (3,14)
CHANY (3,13)
CHANY (3,12)
CHANY (3,11)
 IPIN (3,11)  Pin number: 3
CHANY (3,11)
CHANX (3,10)
CHANX (2,10)
 IPIN (2,10)  Pin number: 2
CHANX (2,10)
CHANY (2,11)
 IPIN (2,11)  Pin number: 3


Net 188 ([795])

 OPIN (3,12)  Pin number: 4
CHANX (3,11)
 IPIN (3,11)  Pin number: 2
CHANX (3,11)
CHANX (2,11)
 IPIN (2,11)  Pin number: 2
CHANX (2,11)
CHANY (1,12)
CHANX (2,12)
 IPIN (2,13)  Pin number: 0


Net 189 ([940])

 OPIN (15,16)  Pin number: 4
CHANX (15,15)
CHANX (16,15)
 IPIN (16,16)  Pin number: 0


Net 190 (n_n330)

 OPIN (7,7)  Pin number: 4
CHANX (7,6)
CHANY (7,6)
CHANY (7,5)
CHANY (7,4)
CHANY (7,3)
 IPIN (7,3)  Pin number: 3
CHANY (7,3)
CHANY (7,2)
 IPIN (7,2)  Pin number: 3
CHANY (7,2)
 IPIN (8,2)  Pin number: 1
CHANY (7,2)
CHANX (7,1)
CHANX (6,1)
 IPIN (6,2)  Pin number: 0
CHANX (6,1)
CHANX (5,1)
CHANY (4,2)
 IPIN (4,2)  Pin number: 3
CHANX (5,1)
CHANX (4,1)
CHANY (3,2)
 IPIN (3,2)  Pin number: 3
CHANY (3,2)
CHANY (3,3)
CHANY (3,4)
 IPIN (3,4)  Pin number: 3
CHANY (3,4)
CHANY (3,5)
 IPIN (3,5)  Pin number: 3
CHANY (4,2)
CHANY (4,3)
CHANY (4,4)
CHANX (5,4)
 IPIN (5,5)  Pin number: 0
CHANX (7,1)
CHANX (8,1)
CHANX (9,1)
CHANX (10,1)
CHANX (11,1)
CHANY (11,2)
 IPIN (11,2)  Pin number: 3
CHANY (11,2)
CHANY (11,3)
CHANX (11,3)
 IPIN (11,3)  Pin number: 2
CHANX (11,3)
CHANY (10,4)
CHANY (10,5)
 IPIN (11,5)  Pin number: 1


Net 191 ([906])

 OPIN (6,4)  Pin number: 4
CHANX (6,3)
CHANX (7,3)
 IPIN (7,3)  Pin number: 2
CHANX (6,3)
CHANY (5,3)
CHANY (5,2)
 IPIN (6,2)  Pin number: 1
CHANY (5,2)
CHANX (6,1)
CHANX (7,1)
 IPIN (7,2)  Pin number: 0
CHANX (6,1)
CHANX (5,1)
CHANX (4,1)
 IPIN (4,2)  Pin number: 0
CHANX (4,1)
CHANX (3,1)
 IPIN (3,2)  Pin number: 0


Net 192 ([943])

 OPIN (6,3)  Pin number: 4
CHANX (6,2)
 IPIN (6,2)  Pin number: 2


Net 193 ([944])

 OPIN (17,14)  Pin number: 4
CHANX (17,13)
CHANY (16,14)
CHANY (16,15)
CHANY (16,16)
CHANY (16,17)
 IPIN (17,17)  Pin number: 1


Net 194 ([945])

 OPIN (15,15)  Pin number: 4
CHANX (15,14)
CHANX (16,14)
 IPIN (16,15)  Pin number: 0


Net 195 ([907])

 OPIN (5,3)  Pin number: 4
CHANX (5,2)
CHANX (6,2)
CHANY (6,3)
 IPIN (7,3)  Pin number: 1
CHANY (6,3)
CHANY (6,2)
 IPIN (7,2)  Pin number: 1


Net 196 ([947])

 OPIN (8,3)  Pin number: 4
CHANX (8,2)
CHANX (7,2)
 IPIN (7,2)  Pin number: 2


Net 197 ([842])

 OPIN (13,12)  Pin number: 4
CHANX (13,11)
 IPIN (13,11)  Pin number: 2


Net 198 ([952])

 OPIN (3,3)  Pin number: 4
CHANX (3,2)
 IPIN (3,2)  Pin number: 2


Net 199 (n_n365)

 OPIN (16,7)  Pin number: 4
CHANX (16,6)
CHANX (17,6)
 IPIN (17,7)  Pin number: 0
CHANX (17,6)
CHANY (16,7)
CHANY (16,8)
CHANX (17,8)
 IPIN (17,9)  Pin number: 0


Net 200 ([955])

 OPIN (17,8)  Pin number: 4
CHANX (17,7)
CHANY (17,8)
CHANY (17,9)
 IPIN (17,9)  Pin number: 3


Net 201 ([958])

 OPIN (16,12)  Pin number: 4
CHANX (16,11)
CHANY (16,11)
CHANY (16,10)
CHANY (16,9)
 IPIN (17,9)  Pin number: 1


Net 202 ([106])

 OPIN (12,16)  Pin number: 4
CHANX (12,15)
CHANX (13,15)
 IPIN (13,15)  Pin number: 2
CHANX (12,15)
CHANX (11,15)
CHANX (10,15)
 IPIN (10,15)  Pin number: 2
CHANX (10,15)
CHANX (9,15)
 IPIN (9,16)  Pin number: 0
CHANX (10,15)
CHANY (9,16)
CHANY (9,17)
 IPIN (9,17)  Pin number: 3
CHANY (9,16)
CHANY (9,15)
CHANY (9,14)
CHANY (9,13)
 IPIN (10,13)  Pin number: 1
CHANY (9,13)
CHANX (10,12)
CHANX (11,12)
 IPIN (11,12)  Pin number: 2
CHANX (12,15)
CHANY (11,16)
CHANY (11,17)
 IPIN (12,17)  Pin number: 1
CHANX (11,12)
CHANX (12,12)
CHANY (12,12)
CHANY (12,11)
CHANY (12,10)
 IPIN (12,10)  Pin number: 3


Net 203 ([115])

 OPIN (10,12)  Pin number: 4
CHANX (10,11)
CHANX (11,11)
 IPIN (11,12)  Pin number: 0
CHANX (10,11)
CHANY (10,12)
CHANY (10,13)
 IPIN (10,13)  Pin number: 3
CHANY (10,13)
CHANY (10,14)
CHANY (10,15)
 IPIN (10,15)  Pin number: 3
CHANY (10,14)
CHANX (11,14)
CHANX (12,14)
CHANX (13,14)
 IPIN (13,15)  Pin number: 0
CHANX (13,14)
CHANY (13,15)
CHANY (13,16)
CHANY (13,17)
 IPIN (14,17)  Pin number: 1
CHANY (13,17)
CHANX (13,17)
CHANX (12,17)
 IPIN (12,17)  Pin number: 2
CHANX (11,14)
CHANX (10,14)
CHANX (9,14)
CHANX (8,14)
CHANX (7,14)
CHANX (6,14)
 IPIN (6,15)  Pin number: 0


Net 204 ([959])

 OPIN (13,17)  Pin number: 4
CHANX (13,16)
CHANX (12,16)
 IPIN (12,17)  Pin number: 0


Net 205 ([961])

 OPIN (6,1)  Pin number: 4
CHANX (6,0)
CHANX (7,0)
 IPIN (7,1)  Pin number: 0


Net 206 ([963])

 OPIN (7,3)  Pin number: 4
CHANX (7,2)
CHANY (7,2)
CHANY (7,1)
 IPIN (7,1)  Pin number: 3


Net 207 (n_n343)

 OPIN (9,7)  Pin number: 4
CHANX (9,6)
CHANY (8,6)
CHANY (8,5)
 IPIN (9,5)  Pin number: 1
CHANY (8,6)
CHANY (8,7)
CHANY (8,8)
 IPIN (8,8)  Pin number: 3
CHANX (9,6)
CHANX (8,6)
CHANX (7,6)
CHANX (6,6)
 IPIN (6,7)  Pin number: 0
CHANX (6,6)
CHANX (5,6)
 IPIN (5,6)  Pin number: 2
CHANX (5,6)
CHANX (4,6)
CHANY (3,7)
 IPIN (3,7)  Pin number: 3
CHANX (8,6)
CHANY (7,6)
CHANY (7,5)
CHANY (7,4)
 IPIN (7,4)  Pin number: 3
CHANY (7,4)
CHANX (7,3)
CHANX (6,3)
 IPIN (6,4)  Pin number: 0


Net 208 (n_n236)

 OPIN (8,5)  Pin number: 4
CHANX (8,4)
CHANY (7,5)
CHANY (7,6)
CHANY (7,7)
CHANY (7,8)
 IPIN (8,8)  Pin number: 1
CHANY (7,7)
CHANX (7,7)
CHANY (6,7)
 IPIN (6,7)  Pin number: 3
CHANX (8,4)
CHANX (7,4)
CHANX (6,4)
CHANX (5,4)
CHANX (4,4)
CHANX (3,4)
CHANY (2,5)
 IPIN (3,5)  Pin number: 1
CHANY (2,5)
CHANY (2,4)
 IPIN (3,4)  Pin number: 1
CHANY (2,5)
CHANY (2,6)
CHANY (2,7)
 IPIN (3,7)  Pin number: 1
CHANY (2,7)
CHANY (2,8)
 IPIN (3,8)  Pin number: 1


Net 209 ([935])

 OPIN (9,8)  Pin number: 4
CHANX (9,7)
CHANX (8,7)
 IPIN (8,8)  Pin number: 0
CHANX (8,7)
CHANX (7,7)
CHANX (6,7)
 IPIN (6,7)  Pin number: 2
CHANX (6,7)
CHANX (5,7)
CHANX (4,7)
CHANX (3,7)
 IPIN (3,7)  Pin number: 2
CHANX (3,7)
 IPIN (3,8)  Pin number: 0


Net 210 ([968])

 OPIN (2,7)  Pin number: 4
CHANX (2,6)
CHANX (3,6)
 IPIN (3,7)  Pin number: 0


Net 211 ([969])

 OPIN (9,16)  Pin number: 4
CHANX (9,15)
CHANX (10,15)
CHANX (11,15)
 IPIN (11,16)  Pin number: 0


Net 212 (n_n300)

 OPIN (1,13)  Pin number: 4
CHANX (1,12)
 IPIN (1,12)  Pin number: 2
CHANX (1,12)
CHANY (1,12)
CHANY (1,11)
 IPIN (2,11)  Pin number: 1
CHANY (1,11)
CHANY (1,10)
 IPIN (2,10)  Pin number: 1
CHANY (1,10)
CHANY (1,9)
CHANY (1,8)
 IPIN (1,8)  Pin number: 3


Net 213 ([94])

 OPIN (4,8)  Pin number: 4
CHANX (4,7)
CHANY (3,8)
CHANX (3,8)
CHANX (2,8)
CHANX (1,8)
 IPIN (1,8)  Pin number: 2


Net 214 ([977])

 OPIN (1,7)  Pin number: 4
CHANX (1,6)
CHANY (0,7)
CHANY (0,8)
 IPIN (1,8)  Pin number: 1


Net 215 ([980])

 OPIN (2,8)  Pin number: 4
CHANX (2,7)
CHANX (1,7)
 IPIN (1,8)  Pin number: 0


Net 216 (n_n392)

 OPIN (12,9)  Pin number: 4
CHANX (12,8)
CHANY (11,9)
CHANY (11,10)
 IPIN (12,10)  Pin number: 1
CHANY (11,10)
CHANY (11,11)
 IPIN (12,11)  Pin number: 1
CHANY (11,9)
CHANY (11,8)
CHANY (11,7)
 IPIN (11,7)  Pin number: 3
CHANY (11,7)
CHANX (12,6)
CHANX (13,6)
 IPIN (13,7)  Pin number: 0
CHANY (11,11)
CHANY (11,12)
CHANY (11,13)
CHANY (11,14)
 IPIN (11,14)  Pin number: 3
CHANY (11,11)
CHANX (12,11)
CHANX (13,11)
CHANX (14,11)
CHANX (15,11)
 IPIN (15,12)  Pin number: 0
CHANX (14,11)
CHANY (14,11)
CHANY (14,10)
 IPIN (15,10)  Pin number: 1
CHANX (12,6)
CHANX (11,6)
CHANX (10,6)
CHANX (9,6)
CHANX (8,6)
CHANX (7,6)
CHANX (6,6)
CHANX (5,6)
 IPIN (5,7)  Pin number: 0
CHANX (5,6)
CHANY (4,7)
CHANY (4,8)
 IPIN (5,8)  Pin number: 1
CHANY (4,8)
CHANY (4,9)
CHANY (4,10)
CHANY (4,11)
CHANY (4,12)
CHANY (4,13)
CHANY (4,14)
 IPIN (4,14)  Pin number: 3


Net 217 (n_n344)

 OPIN (14,13)  Pin number: 4
CHANX (14,12)
CHANX (13,12)
CHANX (12,12)
CHANX (11,12)
CHANX (10,12)
 IPIN (10,13)  Pin number: 0
CHANX (10,12)
CHANX (9,12)
CHANX (8,12)
 IPIN (8,13)  Pin number: 0
CHANX (8,12)
 IPIN (8,12)  Pin number: 2
CHANX (9,12)
CHANY (8,12)
 IPIN (9,12)  Pin number: 1
CHANY (8,12)
CHANY (8,11)
CHANY (8,10)
CHANY (8,9)
CHANY (8,8)
 IPIN (9,8)  Pin number: 1
CHANY (8,8)
CHANX (8,7)
 IPIN (8,7)  Pin number: 2
CHANX (8,7)
CHANX (7,7)
 IPIN (7,7)  Pin number: 2
CHANX (8,7)
CHANX (9,7)
CHANX (10,7)
CHANX (11,7)
CHANX (12,7)
CHANX (13,7)
 IPIN (13,7)  Pin number: 2
CHANX (13,7)
CHANX (14,7)
CHANX (15,7)
 IPIN (15,7)  Pin number: 2


Net 218 ([986])

 OPIN (13,6)  Pin number: 4
CHANX (13,5)
CHANY (13,6)
CHANY (13,7)
 IPIN (13,7)  Pin number: 3


Net 219 ([69])

 OPIN (6,7)  Pin number: 4
CHANX (6,6)
CHANY (5,7)
CHANY (5,8)
CHANY (5,9)
CHANY (5,10)
CHANY (5,11)
CHANY (5,12)
CHANX (5,12)
CHANX (4,12)
 IPIN (4,13)  Pin number: 0
CHANY (5,12)
CHANY (5,13)
CHANY (5,14)
 IPIN (6,14)  Pin number: 1
CHANX (4,12)
CHANY (3,12)
CHANY (3,11)
CHANY (3,10)
 IPIN (4,10)  Pin number: 1


Net 220 ([77])

 OPIN (7,9)  Pin number: 4
CHANX (7,8)
CHANX (6,8)
CHANX (5,8)
CHANY (4,8)
 IPIN (4,8)  Pin number: 3
CHANY (4,8)
CHANY (4,9)
CHANY (4,10)
 IPIN (4,10)  Pin number: 3
CHANY (4,9)
CHANX (4,9)
 IPIN (4,9)  Pin number: 2


Net 221 ([991])

 OPIN (3,10)  Pin number: 4
CHANX (3,9)
CHANX (4,9)
 IPIN (4,10)  Pin number: 0


Net 222 ([998])

 OPIN (15,7)  Pin number: 4
CHANX (15,6)
CHANY (15,7)
CHANY (15,8)
CHANY (15,9)
CHANY (15,10)
 IPIN (16,10)  Pin number: 1


Net 223 ([1000])

 OPIN (2,15)  Pin number: 4
CHANX (2,14)
CHANY (1,14)
CHANY (1,13)
CHANY (1,12)
CHANY (1,11)
CHANY (1,10)
CHANY (1,9)
CHANY (1,8)
CHANY (1,7)
CHANY (1,6)
CHANY (1,5)
CHANY (1,4)
 IPIN (2,4)  Pin number: 1


Net 224 ([95])

 OPIN (11,9)  Pin number: 4
CHANX (11,8)
CHANY (11,8)
 IPIN (12,8)  Pin number: 1
CHANY (11,8)
CHANY (11,7)
 IPIN (12,7)  Pin number: 1
CHANX (11,8)
CHANX (10,8)
CHANX (9,8)
CHANX (8,8)
CHANY (7,9)
 IPIN (7,9)  Pin number: 3
CHANY (7,9)
CHANY (7,10)
 IPIN (8,10)  Pin number: 1
CHANY (11,8)
CHANY (11,9)
CHANY (11,10)
CHANY (11,11)
CHANY (11,12)
CHANY (11,13)
CHANY (11,14)
 IPIN (12,14)  Pin number: 1
CHANY (11,14)
CHANX (11,14)
CHANX (10,14)
 IPIN (10,14)  Pin number: 2


Net 225 ([1002])

 OPIN (9,14)  Pin number: 4
CHANX (9,13)
CHANX (10,13)
 IPIN (10,14)  Pin number: 0


Net 226 ([1004])

 OPIN (10,13)  Pin number: 4
CHANX (10,12)
CHANY (9,13)
CHANY (9,14)
 IPIN (10,14)  Pin number: 1


Net 227 ([1010])

 OPIN (5,6)  Pin number: 4
CHANX (5,5)
CHANY (5,5)
CHANY (5,4)
 IPIN (5,4)  Pin number: 3


Net 228 ([1013])

 OPIN (5,5)  Pin number: 4
CHANX (5,4)
 IPIN (5,4)  Pin number: 2


Net 229 ([972])

 OPIN (9,9)  Pin number: 4
CHANX (9,8)
CHANX (8,8)
CHANX (7,8)
CHANX (6,8)
CHANX (5,8)
CHANX (4,8)
 IPIN (4,8)  Pin number: 2
CHANX (4,8)
 IPIN (4,9)  Pin number: 0


Net 230 ([973])

 OPIN (8,7)  Pin number: 4
CHANX (8,6)
CHANX (7,6)
CHANX (6,6)
CHANX (5,6)
CHANX (4,6)
CHANY (3,7)
CHANY (3,8)
 IPIN (4,8)  Pin number: 1
CHANY (3,8)
CHANY (3,9)
 IPIN (4,9)  Pin number: 1


Net 231 ([1014])

 OPIN (3,9)  Pin number: 4
CHANX (3,8)
CHANX (4,8)
CHANY (4,9)
 IPIN (4,9)  Pin number: 3


Net 232 ([793])

 OPIN (9,5)  Pin number: 4
CHANX (9,4)
CHANX (8,4)
CHANX (7,4)
CHANX (6,4)
CHANX (5,4)
CHANX (4,4)
CHANX (3,4)
 IPIN (3,5)  Pin number: 0
CHANX (3,4)
 IPIN (3,4)  Pin number: 2


Net 233 ([1019])

 OPIN (4,7)  Pin number: 4
CHANX (4,6)
CHANY (3,6)
CHANX (3,5)
 IPIN (3,5)  Pin number: 2


Net 234 ([1022])

 OPIN (4,14)  Pin number: 4
CHANX (4,13)
 IPIN (4,13)  Pin number: 2


Net 235 ([1023])

 OPIN (5,11)  Pin number: 4
CHANX (5,10)
CHANY (4,11)
CHANY (4,12)
CHANY (4,13)
 IPIN (4,13)  Pin number: 3


Net 236 ([1026])

 OPIN (9,17)  Pin number: 4
CHANX (9,16)
CHANX (10,16)
 IPIN (10,17)  Pin number: 0


Net 237 (n_n293)

 OPIN (9,10)  Pin number: 4
CHANX (9,9)
CHANX (8,9)
CHANX (7,9)
CHANX (6,9)
 IPIN (6,9)  Pin number: 2
CHANX (9,9)
CHANY (9,10)
CHANY (9,11)
CHANX (9,11)
 IPIN (9,12)  Pin number: 0
CHANX (9,11)
CHANX (8,11)
CHANY (7,12)
CHANY (7,13)
CHANX (7,13)
CHANX (6,13)
 IPIN (6,14)  Pin number: 0


Net 238 ([1028])

 OPIN (6,13)  Pin number: 4
CHANX (6,12)
CHANY (6,13)
CHANY (6,14)
 IPIN (6,14)  Pin number: 3


Net 239 ([1037])

 OPIN (3,11)  Pin number: 4
CHANX (3,10)
CHANY (3,10)
CHANY (3,9)
CHANX (3,8)
 IPIN (3,8)  Pin number: 2


Net 240 ([1038])

 OPIN (5,8)  Pin number: 4
CHANX (5,7)
CHANX (4,7)
CHANY (3,8)
 IPIN (3,8)  Pin number: 3


Net 241 ([1040])

 OPIN (14,16)  Pin number: 4
CHANX (14,15)
CHANY (14,16)
CHANY (14,17)
 IPIN (14,17)  Pin number: 3


Net 242 ([1043])

 OPIN (11,3)  Pin number: 4
CHANX (11,2)
CHANY (11,2)
CHANY (11,1)
 IPIN (11,1)  Pin number: 3


Net 243 (n_n368)

 OPIN (13,14)  Pin number: 4
CHANX (13,13)
CHANX (12,13)
 IPIN (12,13)  Pin number: 2
CHANX (12,13)
CHANY (12,13)
CHANY (12,12)
CHANX (12,11)
 IPIN (12,11)  Pin number: 2


Net 244 ([1045])

 OPIN (11,13)  Pin number: 4
CHANX (11,12)
CHANX (12,12)
 IPIN (12,13)  Pin number: 0


Net 245 ([856])

 OPIN (15,13)  Pin number: 4
CHANX (15,12)
 IPIN (15,12)  Pin number: 2
CHANX (15,12)
CHANY (14,13)
CHANY (14,14)
 IPIN (15,14)  Pin number: 1


Net 246 ([857])

 OPIN (14,14)  Pin number: 4
CHANX (14,13)
CHANX (15,13)
 IPIN (15,14)  Pin number: 0
CHANX (15,13)
CHANY (15,13)
CHANY (15,12)
 IPIN (15,12)  Pin number: 3
CHANY (15,12)
 IPIN (16,12)  Pin number: 1


Net 247 (n_n278)

 OPIN (5,17)  Pin number: 4
CHANX (5,16)
CHANX (6,16)
 IPIN (6,16)  Pin number: 2
CHANX (5,16)
CHANX (4,16)
CHANX (3,16)
CHANX (2,16)
 IPIN (2,16)  Pin number: 2
CHANX (5,16)
CHANY (5,16)
CHANY (5,15)
 IPIN (6,15)  Pin number: 1


Net 248 (n_n286)

 OPIN (4,16)  Pin number: 4
CHANX (4,15)
CHANX (3,15)
 IPIN (3,16)  Pin number: 0
CHANX (3,15)
CHANX (2,15)
 IPIN (2,15)  Pin number: 2
CHANX (2,15)
 IPIN (2,16)  Pin number: 0
CHANX (4,15)
CHANX (5,15)
 IPIN (5,15)  Pin number: 2
CHANX (5,15)
CHANX (6,15)
 IPIN (6,15)  Pin number: 2
CHANX (6,15)
 IPIN (6,16)  Pin number: 0


Net 249 ([1049])

 OPIN (1,16)  Pin number: 4
CHANX (1,15)
CHANY (1,16)
 IPIN (2,16)  Pin number: 1


Net 250 (n_n395)

 OPIN (10,10)  Pin number: 4
CHANX (10,9)
CHANY (9,10)
CHANY (9,11)
CHANY (9,12)
 IPIN (9,12)  Pin number: 3
CHANX (10,9)
CHANX (11,9)
CHANX (12,9)
CHANX (13,9)
CHANX (14,9)
CHANX (15,9)
 IPIN (15,9)  Pin number: 2
CHANX (15,9)
 IPIN (15,10)  Pin number: 0
CHANX (15,9)
CHANY (15,9)
CHANY (15,8)
 IPIN (15,8)  Pin number: 3


Net 251 ([925])

 OPIN (16,8)  Pin number: 4
CHANX (16,7)
CHANX (15,7)
 IPIN (15,8)  Pin number: 0
CHANX (16,7)
CHANY (15,8)
CHANY (15,9)
 IPIN (15,9)  Pin number: 3
CHANY (15,9)
CHANY (15,10)
 IPIN (15,10)  Pin number: 3


Net 252 ([1054])

 OPIN (9,1)  Pin number: 4
CHANX (9,0)
CHANX (10,0)
CHANX (11,0)
CHANX (12,0)
CHANX (13,0)
 IPIN (13,1)  Pin number: 0


Net 253 ([1060])

 OPIN (10,5)  Pin number: 4
CHANX (10,4)
CHANX (11,4)
CHANX (12,4)
CHANY (12,4)
CHANY (12,3)
CHANY (12,2)
 IPIN (13,2)  Pin number: 1


Net 254 (n_n238)

 OPIN (6,8)  Pin number: 4
CHANX (6,7)
CHANY (5,7)
CHANY (5,6)
 IPIN (5,6)  Pin number: 3
CHANY (5,6)
CHANX (6,6)
 IPIN (6,6)  Pin number: 2


Net 255 ([780])

 OPIN (3,15)  Pin number: 4
CHANX (3,14)
 IPIN (3,14)  Pin number: 2
CHANX (3,14)
CHANX (2,14)
 IPIN (2,14)  Pin number: 2


Net 256 ([781])

 OPIN (3,17)  Pin number: 4
CHANX (3,16)
CHANY (2,16)
CHANY (2,15)
CHANY (2,14)
 IPIN (3,14)  Pin number: 1
CHANY (2,14)
 IPIN (2,14)  Pin number: 3


Net 257 ([87])

 OPIN (2,14)  Pin number: 4
CHANX (2,13)
CHANY (2,13)
CHANY (2,12)
CHANY (2,11)
CHANY (2,10)
CHANY (2,9)
CHANY (2,8)
CHANY (2,7)
 IPIN (2,7)  Pin number: 3


Net 258 (n_n302)

 OPIN (7,8)  Pin number: 4
CHANX (7,7)
CHANX (6,7)
CHANX (5,7)
 IPIN (5,7)  Pin number: 2
CHANX (7,7)
CHANX (8,7)
CHANX (9,7)
CHANX (10,7)
CHANX (11,7)
 IPIN (11,7)  Pin number: 2
CHANX (11,7)
CHANX (12,7)
 IPIN (12,7)  Pin number: 2


Net 259 ([808])

 OPIN (7,4)  Pin number: 4
CHANX (7,3)
CHANY (7,3)
CHANX (8,2)
 IPIN (8,2)  Pin number: 2
CHANX (8,2)
CHANX (9,2)
CHANX (10,2)
CHANX (11,2)
 IPIN (11,2)  Pin number: 2
CHANX (11,2)
 IPIN (11,3)  Pin number: 0
CHANX (11,2)
CHANY (11,3)
CHANY (11,4)
CHANY (11,5)
 IPIN (11,5)  Pin number: 3


Net 260 ([809])

 OPIN (12,2)  Pin number: 4
CHANX (12,1)
CHANX (11,1)
 IPIN (11,2)  Pin number: 0
CHANX (11,1)
CHANY (10,2)
CHANY (10,3)
 IPIN (11,3)  Pin number: 1


Net 261 ([129])

 OPIN (8,9)  Pin number: 4
CHANX (8,8)
CHANX (7,8)
 IPIN (7,9)  Pin number: 0


Net 262 (n_n49)

 OPIN (10,4)  Pin number: 4
CHANX (10,3)
CHANY (10,4)
CHANY (10,5)
 IPIN (10,5)  Pin number: 3
CHANY (10,5)
CHANX (10,5)
CHANX (9,5)
CHANX (8,5)
CHANX (7,5)
CHANY (6,5)
 IPIN (6,5)  Pin number: 3


Net 263 ([815])

 OPIN (5,15)  Pin number: 4
CHANX (5,14)
CHANY (4,14)
CHANY (4,13)
CHANY (4,12)
CHANY (4,11)
CHANY (4,10)
CHANY (4,9)
CHANY (4,8)
CHANY (4,7)
CHANY (4,6)
CHANY (4,5)
 IPIN (4,5)  Pin number: 3
CHANY (4,5)
 IPIN (5,5)  Pin number: 1
CHANY (4,5)
CHANX (5,4)
CHANX (6,4)
 IPIN (6,5)  Pin number: 0


Net 264 ([816])

 OPIN (3,6)  Pin number: 4
CHANX (3,5)
CHANY (3,5)
 IPIN (4,5)  Pin number: 1
CHANX (3,5)
CHANX (4,5)
CHANX (5,5)
 IPIN (5,5)  Pin number: 2
CHANX (5,5)
CHANX (6,5)
 IPIN (6,5)  Pin number: 2


Net 265 (n_n212)

 OPIN (2,17)  Pin number: 4
CHANX (2,16)
CHANY (2,16)
 IPIN (3,16)  Pin number: 1
CHANY (2,16)
CHANY (2,15)
 IPIN (2,15)  Pin number: 3
CHANY (2,15)
CHANY (2,14)
CHANY (2,13)
CHANX (3,12)
CHANX (4,12)
CHANX (5,12)
 IPIN (5,12)  Pin number: 2


Net 266 ([827])

 OPIN (4,17)  Pin number: 4
CHANX (4,16)
CHANX (3,16)
 IPIN (3,16)  Pin number: 2
CHANX (3,16)
CHANX (2,16)
CHANY (1,16)
CHANY (1,15)
 IPIN (2,15)  Pin number: 1


Net 267 (n_n268)

 OPIN (7,15)  Pin number: 4
CHANX (7,14)
CHANY (7,15)
 IPIN (8,15)  Pin number: 1
CHANX (7,14)
CHANX (8,14)
CHANY (8,14)
CHANY (8,13)
CHANY (8,12)
CHANY (8,11)
CHANY (8,10)
CHANY (8,9)
CHANX (9,8)
 IPIN (9,8)  Pin number: 2
CHANX (9,8)
CHANX (8,8)
CHANY (7,8)
CHANY (7,7)
 IPIN (7,7)  Pin number: 3
CHANY (7,7)
 IPIN (8,7)  Pin number: 1


Net 268 (n_n292)

 OPIN (10,9)  Pin number: 4
CHANX (10,8)
CHANY (9,8)
CHANY (9,7)
CHANY (9,6)
 IPIN (9,6)  Pin number: 3
CHANY (9,6)
 IPIN (10,6)  Pin number: 1
CHANX (10,8)
CHANX (9,8)
CHANX (8,8)
CHANX (7,8)
CHANY (6,9)
 IPIN (6,9)  Pin number: 3
CHANY (6,9)
CHANY (6,10)
CHANY (6,11)
CHANY (6,12)
CHANY (6,13)
CHANY (6,14)
CHANY (6,15)
 IPIN (6,15)  Pin number: 3


Net 269 ([121])

 OPIN (15,11)  Pin number: 4
CHANX (15,10)
CHANY (14,11)
CHANY (14,12)
 IPIN (15,12)  Pin number: 1


Net 270 (n_n318)

 OPIN (14,5)  Pin number: 4
CHANX (14,4)
CHANX (13,4)
CHANY (12,5)
 IPIN (12,5)  Pin number: 3
CHANY (12,5)
CHANY (12,6)
CHANY (12,7)
CHANY (12,8)
 IPIN (12,8)  Pin number: 3
CHANX (13,4)
CHANX (12,4)
CHANX (11,4)
CHANX (10,4)
CHANX (9,4)
CHANX (8,4)
 IPIN (8,4)  Pin number: 2
CHANX (8,4)
 IPIN (8,5)  Pin number: 0


Net 271 ([91])

 OPIN (11,4)  Pin number: 4
CHANX (11,3)
CHANX (10,3)
CHANX (9,3)
CHANX (8,3)
 IPIN (8,4)  Pin number: 0


Net 272 ([861])

 OPIN (11,11)  Pin number: 4
CHANX (11,10)
CHANY (10,11)
CHANY (10,12)
 IPIN (11,12)  Pin number: 1


Net 273 (n_n338)

 OPIN (10,8)  Pin number: 4
CHANX (10,7)
CHANY (10,7)
CHANY (10,6)
 IPIN (11,6)  Pin number: 1


Net 274 (n_n319)

 OPIN (13,5)  Pin number: 4
CHANX (13,4)
CHANX (12,4)
 IPIN (12,5)  Pin number: 0
CHANX (12,4)
CHANX (11,4)
CHANX (10,4)
CHANX (9,4)
CHANY (8,5)
 IPIN (8,5)  Pin number: 3
CHANY (8,5)
CHANY (8,4)
 IPIN (8,4)  Pin number: 3


Net 275 ([90])

 OPIN (2,9)  Pin number: 4
CHANX (2,8)
 IPIN (2,8)  Pin number: 2
CHANX (2,8)
CHANY (2,8)
CHANX (2,7)
 IPIN (2,7)  Pin number: 2
CHANX (2,7)
CHANX (3,7)
CHANX (4,7)
CHANX (5,7)
CHANY (5,7)
CHANY (5,6)
CHANY (5,5)
CHANY (5,4)
 IPIN (6,4)  Pin number: 1
CHANY (5,5)
CHANX (6,4)
CHANX (7,4)
CHANX (8,4)
CHANX (9,4)
 IPIN (9,4)  Pin number: 2
CHANX (9,4)
 IPIN (9,5)  Pin number: 0
CHANX (9,4)
CHANX (10,4)
 IPIN (10,4)  Pin number: 2
CHANX (9,4)
CHANY (9,4)
CHANX (10,3)
 IPIN (10,3)  Pin number: 2
CHANY (9,4)
CHANY (9,3)
CHANX (10,2)
 IPIN (10,2)  Pin number: 2


Net 276 ([884])

 OPIN (14,4)  Pin number: 4
CHANX (14,3)
CHANX (13,3)
CHANY (12,4)
CHANX (12,4)
CHANX (11,4)
CHANX (10,4)
CHANY (9,4)
 IPIN (9,4)  Pin number: 3
CHANY (9,4)
CHANY (9,5)
CHANY (9,6)
CHANX (9,6)
CHANX (8,6)
 IPIN (8,7)  Pin number: 0
CHANX (8,6)
CHANX (7,6)
CHANX (6,6)
CHANX (5,6)
CHANX (4,6)
 IPIN (4,6)  Pin number: 2
CHANX (4,6)
CHANY (3,6)
CHANY (3,5)
CHANX (4,4)
 IPIN (4,4)  Pin number: 2


Net 277 ([885])

 OPIN (13,4)  Pin number: 4
CHANX (13,3)
CHANX (12,3)
CHANX (11,3)
CHANX (10,3)
CHANX (9,3)
 IPIN (9,4)  Pin number: 0
CHANX (9,3)
CHANY (8,4)
CHANY (8,5)
CHANY (8,6)
CHANY (8,7)
 IPIN (8,7)  Pin number: 3
CHANX (9,3)
CHANX (8,3)
CHANX (7,3)
CHANX (6,3)
CHANX (5,3)
CHANX (4,3)
 IPIN (4,4)  Pin number: 0
CHANX (5,3)
CHANY (4,4)
CHANY (4,5)
CHANY (4,6)
 IPIN (4,6)  Pin number: 3


Net 278 ([72])

 OPIN (4,6)  Pin number: 4
CHANX (4,5)
 IPIN (4,5)  Pin number: 2


Net 279 (n_n369)

 OPIN (10,11)  Pin number: 4
CHANX (10,10)
CHANX (11,10)
CHANX (12,10)
 IPIN (12,10)  Pin number: 2
CHANX (12,10)
 IPIN (12,11)  Pin number: 0
CHANX (10,10)
CHANX (9,10)
CHANX (8,10)
CHANY (7,11)
CHANY (7,12)
CHANY (7,13)
CHANY (7,14)
 IPIN (7,14)  Pin number: 3
CHANY (7,14)
CHANX (7,14)
CHANX (6,14)
CHANX (5,14)
CHANX (4,14)
 IPIN (4,14)  Pin number: 2
CHANX (4,14)
CHANX (3,14)
CHANX (2,14)
CHANY (1,14)
CHANY (1,13)
CHANY (1,12)
CHANY (1,11)
CHANY (1,10)
CHANX (2,9)
CHANY (2,9)
CHANY (2,8)
 IPIN (2,8)  Pin number: 3
CHANY (2,8)
CHANY (2,7)
CHANX (3,6)
CHANX (4,6)
CHANY (4,7)
CHANX (5,7)
 IPIN (5,8)  Pin number: 0


Net 280 ([768])

 OPIN (12,12)  Pin number: 4
CHANX (12,11)
CHANX (11,11)
CHANY (10,12)
CHANY (10,13)
CHANX (10,13)
 IPIN (10,13)  Pin number: 2
CHANX (10,13)
CHANX (11,13)
CHANX (12,13)
CHANX (13,13)
 IPIN (13,13)  Pin number: 2
CHANX (10,13)
CHANX (9,13)
CHANY (8,13)
 IPIN (8,13)  Pin number: 3
CHANY (8,13)
CHANY (8,12)
 IPIN (8,12)  Pin number: 3


Net 281 (n_n387)

 OPIN (14,3)  Pin number: 4
CHANX (14,2)
CHANX (13,2)
CHANY (12,3)
 IPIN (12,3)  Pin number: 3
CHANY (12,3)
CHANY (12,4)
 IPIN (12,4)  Pin number: 3
CHANY (12,4)
CHANY (12,5)
CHANY (12,6)
 IPIN (13,6)  Pin number: 1
CHANX (13,2)
CHANX (12,2)
CHANX (11,2)
CHANY (10,3)
 IPIN (10,3)  Pin number: 3
CHANY (10,3)
CHANY (10,4)
 IPIN (10,4)  Pin number: 3
CHANY (12,6)
CHANY (12,7)
CHANY (12,8)
CHANY (12,9)
CHANY (12,10)
CHANY (12,11)
 IPIN (12,11)  Pin number: 3
CHANY (12,11)
CHANX (13,10)
CHANX (14,10)
CHANX (15,10)
 IPIN (15,10)  Pin number: 2


Net 282 ([938])

 OPIN (8,10)  Pin number: 4
CHANX (8,9)
CHANY (7,9)
CHANX (8,8)
 IPIN (8,8)  Pin number: 2


Net 283 ([774])

 OPIN (13,3)  Pin number: 4
CHANX (13,2)
CHANX (12,2)
 IPIN (12,3)  Pin number: 0


Net 284 ([775])

 OPIN (15,4)  Pin number: 4
CHANX (15,3)
CHANX (14,3)
CHANX (13,3)
CHANX (12,3)
 IPIN (12,3)  Pin number: 2
CHANX (12,3)
 IPIN (12,4)  Pin number: 0
CHANX (12,3)
CHANY (12,3)
CHANY (12,2)
 IPIN (12,2)  Pin number: 3


Net 285 ([941])

 OPIN (11,8)  Pin number: 4
CHANX (11,7)
CHANY (11,7)
CHANY (11,6)
CHANY (11,5)
CHANY (11,4)
CHANY (11,3)
 IPIN (12,3)  Pin number: 1


Net 286 ([110])

 OPIN (12,3)  Pin number: 4
CHANX (12,2)
CHANX (11,2)
CHANX (10,2)
CHANX (9,2)
CHANX (8,2)
CHANX (7,2)
 IPIN (7,3)  Pin number: 0
CHANX (7,2)
CHANX (6,2)
 IPIN (6,3)  Pin number: 0


Net 287 ([96])

 OPIN (2,2)  Pin number: 4
CHANX (2,1)
CHANX (3,1)
CHANY (3,2)
CHANY (3,3)
CHANY (3,4)
 IPIN (4,4)  Pin number: 1
CHANY (3,4)
CHANY (3,5)
CHANX (3,5)
 IPIN (3,6)  Pin number: 0
CHANX (3,5)
CHANX (4,5)
CHANX (5,5)
CHANY (5,6)
 IPIN (6,6)  Pin number: 1


Net 288 (n_n303)

 OPIN (11,10)  Pin number: 4
CHANX (11,9)
CHANY (10,9)
CHANY (10,8)
CHANY (10,7)
 IPIN (11,7)  Pin number: 1
CHANY (10,9)
CHANY (10,10)
CHANX (10,10)
CHANX (9,10)
CHANX (8,10)
CHANX (7,10)
CHANX (6,10)
CHANX (5,10)
 IPIN (5,11)  Pin number: 0
CHANX (6,10)
CHANY (5,10)
CHANY (5,9)
CHANY (5,8)
 IPIN (5,8)  Pin number: 3
CHANY (5,8)
CHANY (5,7)
 IPIN (5,7)  Pin number: 3


Net 289 (n_n277)

 OPIN (7,13)  Pin number: 4
CHANX (7,12)
CHANX (6,12)
CHANY (5,12)
 IPIN (5,12)  Pin number: 3
CHANY (5,12)
CHANY (5,11)
 IPIN (5,11)  Pin number: 3
CHANY (5,11)
CHANY (5,10)
CHANX (6,9)
CHANX (7,9)
 IPIN (7,9)  Pin number: 2
CHANX (6,9)
CHANX (5,9)
CHANY (4,9)
CHANY (4,8)
CHANY (4,7)
 IPIN (4,7)  Pin number: 3


Net 290 ([970])

 OPIN (4,12)  Pin number: 4
CHANX (4,11)
CHANX (5,11)
 IPIN (5,11)  Pin number: 2
CHANX (5,11)
CHANX (6,11)
CHANY (6,11)
CHANY (6,10)
CHANY (6,9)
 IPIN (7,9)  Pin number: 1
CHANY (6,9)
CHANX (6,8)
CHANX (5,8)
CHANY (4,8)
CHANX (4,7)
 IPIN (4,7)  Pin number: 2


Net 291 ([787])

 OPIN (2,6)  Pin number: 4
CHANX (2,5)
CHANX (3,5)
CHANX (4,5)
CHANX (5,5)
CHANX (6,5)
CHANY (6,6)
CHANY (6,7)
 IPIN (7,7)  Pin number: 1


Net 292 ([772])

 OPIN (1,9)  Pin number: 4
CHANX (1,8)
CHANX (2,8)
CHANX (3,8)
CHANX (4,8)
CHANX (5,8)
CHANX (6,8)
 IPIN (6,9)  Pin number: 0


Net 293 (n_n304)

 OPIN (5,10)  Pin number: 4
CHANX (5,9)
CHANY (4,10)
CHANY (4,11)
 IPIN (5,11)  Pin number: 1


Net 294 ([109])

 OPIN (8,11)  Pin number: 4
CHANX (8,10)
 IPIN (8,10)  Pin number: 2
CHANX (8,10)
CHANY (7,11)
CHANY (7,12)
 IPIN (8,12)  Pin number: 1


Net 295 ([790])

 OPIN (8,6)  Pin number: 4
CHANX (8,5)
 IPIN (8,5)  Pin number: 2


Net 296 (n_n301)

 OPIN (1,11)  Pin number: 4
CHANX (1,10)
CHANX (2,10)
 IPIN (2,11)  Pin number: 0
CHANX (2,10)
CHANY (2,10)
CHANY (2,9)
CHANY (2,8)
CHANY (2,7)
CHANY (2,6)
 IPIN (3,6)  Pin number: 1
CHANY (2,6)
CHANX (3,5)
CHANX (4,5)
CHANX (5,5)
CHANX (6,5)
 IPIN (6,6)  Pin number: 0


Net 297 ([870])

 OPIN (7,11)  Pin number: 4
CHANX (7,10)
CHANY (6,10)
CHANY (6,9)
CHANY (6,8)
CHANY (6,7)
CHANY (6,6)
 IPIN (6,6)  Pin number: 3


Net 298 ([776])

 OPIN (8,14)  Pin number: 4
CHANX (8,13)
 IPIN (8,13)  Pin number: 2


Net 299 ([783])

 OPIN (6,10)  Pin number: 4
CHANX (6,9)
CHANY (5,10)
CHANY (5,11)
CHANX (5,11)
CHANX (4,11)
CHANY (3,12)
CHANY (3,13)
CHANY (3,14)
 IPIN (3,14)  Pin number: 3


Net 300 ([804])

 OPIN (7,5)  Pin number: 4
CHANX (7,4)
 IPIN (7,4)  Pin number: 2
CHANX (7,4)
CHANY (6,4)
 IPIN (6,4)  Pin number: 3


Net 301 ([807])

 OPIN (5,2)  Pin number: 4
CHANX (5,1)
CHANX (6,1)
CHANY (6,2)
CHANY (6,3)
CHANY (6,4)
 IPIN (7,4)  Pin number: 1


Net 302 ([813])

 OPIN (3,13)  Pin number: 4
CHANX (3,12)
CHANY (3,12)
CHANY (3,11)
CHANY (3,10)
CHANY (3,9)
CHANY (3,8)
CHANY (3,7)
CHANY (3,6)
 IPIN (3,6)  Pin number: 3


Net 303 ([817])

 OPIN (9,3)  Pin number: 4
CHANX (9,2)
CHANX (10,2)
 IPIN (10,3)  Pin number: 0


Net 304 ([819])

 OPIN (14,2)  Pin number: 4
CHANX (14,1)
CHANX (13,1)
CHANY (12,2)
CHANY (12,3)
CHANY (12,4)
CHANY (12,5)
CHANY (12,6)
CHANY (12,7)
 IPIN (12,7)  Pin number: 3


Net 305 ([820])

 OPIN (10,7)  Pin number: 4
CHANX (10,6)
CHANX (11,6)
CHANX (12,6)
 IPIN (12,7)  Pin number: 0


Net 306 ([825])

 OPIN (7,12)  Pin number: 4
CHANX (7,11)
CHANX (6,11)
 IPIN (6,12)  Pin number: 0
CHANX (7,11)
CHANX (8,11)
 IPIN (8,12)  Pin number: 0
CHANX (8,11)
CHANY (8,11)
CHANY (8,10)
 IPIN (8,10)  Pin number: 3


Net 307 ([829])

 OPIN (6,11)  Pin number: 4
CHANX (6,10)
CHANY (5,11)
CHANY (5,12)
 IPIN (6,12)  Pin number: 1


Net 308 ([844])

 OPIN (9,13)  Pin number: 4
CHANX (9,12)
 IPIN (9,12)  Pin number: 2


Net 309 ([849])

 OPIN (11,15)  Pin number: 4
CHANX (11,14)
CHANX (10,14)
CHANX (9,14)
CHANX (8,14)
 IPIN (8,15)  Pin number: 0


Net 310 ([862])

 OPIN (13,8)  Pin number: 4
CHANX (13,7)
CHANX (12,7)
 IPIN (12,8)  Pin number: 0


Net 311 ([863])

 OPIN (13,9)  Pin number: 4
CHANX (13,8)
CHANX (12,8)
 IPIN (12,8)  Pin number: 2


Net 312 ([874])

 OPIN (2,12)  Pin number: 4
CHANX (2,11)
CHANY (2,11)
CHANY (2,10)
 IPIN (2,10)  Pin number: 3


Net 313 ([878])

 OPIN (11,6)  Pin number: 4
CHANX (11,5)
 IPIN (11,5)  Pin number: 2


Net 314 ([892])

 OPIN (9,2)  Pin number: 4
CHANX (9,1)
CHANY (8,2)
CHANY (8,3)
CHANY (8,4)
 IPIN (9,4)  Pin number: 1


Net 315 ([894])

 OPIN (9,4)  Pin number: 4
CHANX (9,3)
CHANY (8,3)
CHANY (8,2)
 IPIN (8,2)  Pin number: 3


Net 316 ([904])

 OPIN (8,16)  Pin number: 4
CHANX (8,15)
CHANY (8,16)
CHANY (8,17)
 IPIN (8,17)  Pin number: 3


Net 317 ([915])

 OPIN (10,16)  Pin number: 4
CHANX (10,15)
CHANX (9,15)
CHANX (8,15)
CHANX (7,15)
CHANY (6,16)
 IPIN (6,16)  Pin number: 3


Net 318 ([926])

 OPIN (14,9)  Pin number: 4
CHANX (14,8)
CHANX (15,8)
 IPIN (15,9)  Pin number: 0


Net 319 ([936])

 OPIN (7,10)  Pin number: 4
CHANX (7,9)
CHANX (8,9)
 IPIN (8,10)  Pin number: 0


Net 320 ([946])

 OPIN (8,4)  Pin number: 4
CHANX (8,3)
 IPIN (8,3)  Pin number: 2


Net 321 ([949])

 OPIN (4,3)  Pin number: 4
CHANX (4,2)
CHANY (4,3)
CHANY (4,4)
 IPIN (4,4)  Pin number: 3


Net 322 ([951])

 OPIN (4,4)  Pin number: 4
CHANX (4,3)
CHANX (3,3)
 IPIN (3,3)  Pin number: 2


Net 323 ([956])

 OPIN (16,11)  Pin number: 4
CHANX (16,10)
CHANY (15,11)
CHANX (16,11)
 IPIN (16,12)  Pin number: 0


Net 324 ([965])

 OPIN (1,6)  Pin number: 4
CHANX (1,5)
CHANY (1,6)
CHANY (1,7)
 IPIN (2,7)  Pin number: 1


Net 325 ([983])

 OPIN (14,6)  Pin number: 4
CHANX (14,5)
CHANX (13,5)
 IPIN (13,6)  Pin number: 0


Net 326 ([989])

 OPIN (4,11)  Pin number: 4
CHANX (4,10)
CHANY (3,10)
 IPIN (3,10)  Pin number: 3
CHANY (3,10)
CHANY (3,9)
 IPIN (3,9)  Pin number: 3


Net 327 ([990])

 OPIN (1,10)  Pin number: 4
CHANX (1,9)
CHANX (2,9)
CHANY (2,10)
 IPIN (3,10)  Pin number: 1


Net 328 ([994])

 OPIN (15,6)  Pin number: 4
CHANX (15,5)
CHANY (14,6)
CHANY (14,7)
 IPIN (15,7)  Pin number: 1


Net 329 ([995])

 OPIN (14,7)  Pin number: 4
CHANX (14,6)
CHANX (15,6)
 IPIN (15,7)  Pin number: 0


Net 330 ([999])

 OPIN (1,15)  Pin number: 4
CHANX (1,14)
CHANX (2,14)
 IPIN (2,15)  Pin number: 0


Net 331 ([1008])

 OPIN (7,6)  Pin number: 4
CHANX (7,5)
CHANX (6,5)
CHANX (5,5)
 IPIN (5,6)  Pin number: 0


Net 332 ([1017])

 OPIN (1,12)  Pin number: 4
CHANX (1,11)
CHANX (2,11)
CHANX (3,11)
CHANY (3,11)
CHANY (3,10)
CHANY (3,9)
CHANY (3,8)
CHANY (3,7)
 IPIN (4,7)  Pin number: 1


Net 333 ([1020])

 OPIN (1,14)  Pin number: 4
CHANX (1,13)
CHANX (2,13)
CHANX (3,13)
CHANX (4,13)
 IPIN (4,14)  Pin number: 0


Net 334 ([1034])

 OPIN (5,9)  Pin number: 4
CHANX (5,8)
 IPIN (5,8)  Pin number: 2


Net 335 ([1035])

 OPIN (9,11)  Pin number: 4
CHANX (9,10)
CHANX (8,10)
CHANX (7,10)
CHANX (6,10)
CHANX (5,10)
CHANX (4,10)
CHANX (3,10)
 IPIN (3,11)  Pin number: 0


Net 336 ([1042])

 OPIN (11,7)  Pin number: 4
CHANX (11,6)
CHANY (11,6)
CHANY (11,5)
CHANY (11,4)
CHANY (11,3)
 IPIN (11,3)  Pin number: 3


Net 337 ([1053])

 OPIN (10,3)  Pin number: 4
CHANX (10,2)
CHANY (9,2)
CHANY (9,1)
 IPIN (9,1)  Pin number: 3


Net 338 ([1058])

 OPIN (10,6)  Pin number: 4
CHANX (10,5)
 IPIN (10,5)  Pin number: 2

Num_heap_allocated: 0   Num_trace_allocated: 4624
Num_linked_f_pointer_allocated: 6
