________________________________________________________________________
                         Toro - A VPR Front-End                         
       (c) Copyright 2012-2013 Texas Instruments (under GNU GPL)        
________________________________________________________________________
Command is '/vobs/cpp/warpcore/toro/bin.linux_x86_64/toro ti_pwmex_io.options'.
Pre-processing...
Reading xml file 'arch_fixed2.xml'...
Reading blif file 'pwmex_io_clkfix_abc.blif'...
WARNING(1): Invalid net "Dutylsb0~0" detected.
            No input pins found.
            A net with zero signals driving it may be invalid.
WARNING(2): Invalid net "Dutylsb0~1" detected.
            No input pins found.
            A net with zero signals driving it may be invalid.
WARNING(3): Invalid net "Dutylsb0~2" detected.
            No input pins found.
            A net with zero signals driving it may be invalid.
WARNING(4): Invalid net "Dutylsb0~3" detected.
            No input pins found.
            A net with zero signals driving it may be invalid.
WARNING(5): Invalid net "Dutylsb1~0" detected.
            No input pins found.
            A net with zero signals driving it may be invalid.
WARNING(6): Invalid net "Dutylsb1~1" detected.
            No input pins found.
            A net with zero signals driving it may be invalid.
WARNING(7): Invalid net "Dutylsb1~2" detected.
            No input pins found.
            A net with zero signals driving it may be invalid.
WARNING(8): Invalid net "Dutylsb1~3" detected.
            No input pins found.
            A net with zero signals driving it may be invalid.
WARNING(9): Invalid net "Dutylsb2~0" detected.
            No input pins found.
            A net with zero signals driving it may be invalid.
WARNING(10): Invalid net "Dutylsb2~1" detected.
            No input pins found.
            A net with zero signals driving it may be invalid.
WARNING(11): Invalid net "Dutylsb2~2" detected.
            No input pins found.
            A net with zero signals driving it may be invalid.
WARNING(12): Invalid net "Dutylsb2~3" detected.
            No input pins found.
            A net with zero signals driving it may be invalid.
WARNING(13): Invalid net "Dutylsb3~0" detected.
            No input pins found.
            A net with zero signals driving it may be invalid.
WARNING(14): Invalid net "Dutylsb3~1" detected.
            No input pins found.
            A net with zero signals driving it may be invalid.
WARNING(15): Invalid net "Dutylsb3~2" detected.
            No input pins found.
            A net with zero signals driving it may be invalid.
WARNING(16): Invalid net "Dutylsb3~3" detected.
            No input pins found.
            A net with zero signals driving it may be invalid.
WARNING(17): Invalid net "Tielow0" detected.
            No input pins found.
            A net with zero signals driving it may be invalid.
WARNING(18): Invalid net "Tielow1" detected.
            No input pins found.
            A net with zero signals driving it may be invalid.
WARNING(19): Invalid net "Tielow2" detected.
            No input pins found.
            A net with zero signals driving it may be invalid.
WARNING(20): Invalid net "Tielow3" detected.
            No input pins found.
            A net with zero signals driving it may be invalid.
WARNING(21): Invalid net "count_pulse0~1" detected.
            No input pins found.
            A net with zero signals driving it may be invalid.
WARNING(22): Invalid net "count_pulse1~1" detected.
            No input pins found.
            A net with zero signals driving it may be invalid.
WARNING(23): Invalid net "count_pulse2~1" detected.
            No input pins found.
            A net with zero signals driving it may be invalid.
WARNING(24): Invalid net "count_pulse3~1" detected.
            No input pins found.
            A net with zero signals driving it may be invalid.
WARNING(25): Invalid net "count_val0~26" detected.
            No input pins found.
            A net with zero signals driving it may be invalid.
WARNING(26): Invalid net "count_val0~27" detected.
            No input pins found.
            A net with zero signals driving it may be invalid.
WARNING(27): Invalid net "count_val0~28" detected.
            No input pins found.
            A net with zero signals driving it may be invalid.
WARNING(28): Invalid net "count_val0~29" detected.
            No input pins found.
            A net with zero signals driving it may be invalid.
WARNING(29): Invalid net "count_val0~30" detected.
            No input pins found.
            A net with zero signals driving it may be invalid.
WARNING(30): Invalid net "count_val0~31" detected.
            No input pins found.
            A net with zero signals driving it may be invalid.
WARNING(31): Invalid net "count_val1~26" detected.
            No input pins found.
            A net with zero signals driving it may be invalid.
WARNING(32): Invalid net "count_val1~27" detected.
            No input pins found.
            A net with zero signals driving it may be invalid.
WARNING(33): Invalid net "count_val1~28" detected.
            No input pins found.
            A net with zero signals driving it may be invalid.
WARNING(34): Invalid net "count_val1~29" detected.
            No input pins found.
            A net with zero signals driving it may be invalid.
WARNING(35): Invalid net "count_val1~30" detected.
            No input pins found.
            A net with zero signals driving it may be invalid.
WARNING(36): Invalid net "count_val1~31" detected.
            No input pins found.
            A net with zero signals driving it may be invalid.
WARNING(37): Invalid net "count_val2~26" detected.
            No input pins found.
            A net with zero signals driving it may be invalid.
WARNING(38): Invalid net "count_val2~27" detected.
            No input pins found.
            A net with zero signals driving it may be invalid.
WARNING(39): Invalid net "count_val2~28" detected.
            No input pins found.
            A net with zero signals driving it may be invalid.
WARNING(40): Invalid net "count_val2~29" detected.
            No input pins found.
            A net with zero signals driving it may be invalid.
WARNING(41): Invalid net "count_val2~30" detected.
            No input pins found.
            A net with zero signals driving it may be invalid.
WARNING(42): Invalid net "count_val2~31" detected.
            No input pins found.
            A net with zero signals driving it may be invalid.
WARNING(43): Invalid net "count_val3~26" detected.
            No input pins found.
            A net with zero signals driving it may be invalid.
WARNING(44): Invalid net "count_val3~27" detected.
            No input pins found.
            A net with zero signals driving it may be invalid.
WARNING(45): Invalid net "count_val3~28" detected.
            No input pins found.
            A net with zero signals driving it may be invalid.
WARNING(46): Invalid net "count_val3~29" detected.
            No input pins found.
            A net with zero signals driving it may be invalid.
WARNING(47): Invalid net "count_val3~30" detected.
            No input pins found.
            A net with zero signals driving it may be invalid.
WARNING(48): Invalid net "count_val3~31" detected.
            No input pins found.
            A net with zero signals driving it may be invalid.
WARNING(49): Invalid net "reset_n" detected.
            No input pins found.
            A net with zero signals driving it may be invalid.
WARNING(50): Deleted 49 nets with zero input pins.
Validating architecture file ...
Validating circuit file 'pwmex_io'...
Processing...
Opening VPR interface...
Exporting architecture spec to VPR...
[vpr] Building complex block graph.
[vpr] WARNING(51): io[0].clock[0] unconnected pin in architecture.
[vpr] Swept away 49 nets with no fanout.
[vpr] WARNING(52): logical_block reset_n #1 has no fanout.
[vpr] Removing input.
[vpr] WARNING(53): logical_block count_val0~31 #18 has no fanout.
[vpr] Removing input.
[vpr] WARNING(54): logical_block count_val0~30 #19 has no fanout.
[vpr] Removing input.
[vpr] WARNING(55): logical_block count_val0~29 #20 has no fanout.
[vpr] Removing input.
[vpr] WARNING(56): logical_block count_val0~28 #21 has no fanout.
[vpr] Removing input.
[vpr] WARNING(57): logical_block count_val0~27 #22 has no fanout.
[vpr] Removing input.
[vpr] WARNING(58): logical_block count_val0~26 #23 has no fanout.
[vpr] Removing input.
[vpr] WARNING(59): logical_block count_pulse0~1 #50 has no fanout.
[vpr] Removing input.
[vpr] WARNING(60): logical_block Dutylsb0~3 #68 has no fanout.
[vpr] Removing input.
[vpr] WARNING(61): logical_block Dutylsb0~2 #69 has no fanout.
[vpr] Removing input.
[vpr] WARNING(62): logical_block Dutylsb0~1 #70 has no fanout.
[vpr] Removing input.
[vpr] WARNING(63): logical_block Dutylsb0~0 #71 has no fanout.
[vpr] Removing input.
[vpr] WARNING(64): logical_block Tielow0 #100 has no fanout.
[vpr] Removing input.
[vpr] WARNING(65): logical_block count_val1~31 #117 has no fanout.
[vpr] Removing input.
[vpr] WARNING(66): logical_block count_val1~30 #118 has no fanout.
[vpr] Removing input.
[vpr] WARNING(67): logical_block count_val1~29 #119 has no fanout.
[vpr] Removing input.
[vpr] WARNING(68): logical_block count_val1~28 #120 has no fanout.
[vpr] Removing input.
[vpr] WARNING(69): logical_block count_val1~27 #121 has no fanout.
[vpr] Removing input.
[vpr] WARNING(70): logical_block count_val1~26 #122 has no fanout.
[vpr] Removing input.
[vpr] WARNING(71): logical_block count_pulse1~1 #149 has no fanout.
[vpr] Removing input.
[vpr] WARNING(72): logical_block Dutylsb1~3 #167 has no fanout.
[vpr] Removing input.
[vpr] WARNING(73): logical_block Dutylsb1~2 #168 has no fanout.
[vpr] Removing input.
[vpr] WARNING(74): logical_block Dutylsb1~1 #169 has no fanout.
[vpr] Removing input.
[vpr] WARNING(75): logical_block Dutylsb1~0 #170 has no fanout.
[vpr] Removing input.
[vpr] WARNING(76): logical_block Tielow1 #199 has no fanout.
[vpr] Removing input.
[vpr] WARNING(77): logical_block count_val2~31 #216 has no fanout.
[vpr] Removing input.
[vpr] WARNING(78): logical_block count_val2~30 #217 has no fanout.
[vpr] Removing input.
[vpr] WARNING(79): logical_block count_val2~29 #218 has no fanout.
[vpr] Removing input.
[vpr] WARNING(80): logical_block count_val2~28 #219 has no fanout.
[vpr] Removing input.
[vpr] WARNING(81): logical_block count_val2~27 #220 has no fanout.
[vpr] Removing input.
[vpr] WARNING(82): logical_block count_val2~26 #221 has no fanout.
[vpr] Removing input.
[vpr] WARNING(83): logical_block count_pulse2~1 #248 has no fanout.
[vpr] Removing input.
[vpr] WARNING(84): logical_block Dutylsb2~3 #266 has no fanout.
[vpr] Removing input.
[vpr] WARNING(85): logical_block Dutylsb2~2 #267 has no fanout.
[vpr] Removing input.
[vpr] WARNING(86): logical_block Dutylsb2~1 #268 has no fanout.
[vpr] Removing input.
[vpr] WARNING(87): logical_block Dutylsb2~0 #269 has no fanout.
[vpr] Removing input.
[vpr] WARNING(88): logical_block Tielow2 #298 has no fanout.
[vpr] Removing input.
[vpr] WARNING(89): logical_block count_val3~31 #315 has no fanout.
[vpr] Removing input.
[vpr] WARNING(90): logical_block count_val3~30 #316 has no fanout.
[vpr] Removing input.
[vpr] WARNING(91): logical_block count_val3~29 #317 has no fanout.
[vpr] Removing input.
[vpr] WARNING(92): logical_block count_val3~28 #318 has no fanout.
[vpr] Removing input.
[vpr] WARNING(93): logical_block count_val3~27 #319 has no fanout.
[vpr] Removing input.
[vpr] WARNING(94): logical_block count_val3~26 #320 has no fanout.
[vpr] Removing input.
[vpr] WARNING(95): logical_block count_pulse3~1 #347 has no fanout.
[vpr] Removing input.
[vpr] WARNING(96): logical_block Dutylsb3~3 #365 has no fanout.
[vpr] Removing input.
[vpr] WARNING(97): logical_block Dutylsb3~2 #366 has no fanout.
[vpr] Removing input.
[vpr] WARNING(98): logical_block Dutylsb3~1 #367 has no fanout.
[vpr] Removing input.
[vpr] WARNING(99): logical_block Dutylsb3~0 #368 has no fanout.
[vpr] Removing input.
[vpr] WARNING(100): logical_block Tielow3 #397 has no fanout.
[vpr] Removing input.
[vpr] Removed 76 LUT buffers.
[vpr] Sweeped away 125 nodes.
[vpr] BLIF circuit stats:
[vpr] 	0 LUTs of size 0
[vpr] 	0 LUTs of size 1
[vpr] 	32 LUTs of size 2
[vpr] 	16 LUTs of size 3
[vpr] 	68 LUTs of size 4
[vpr] 	72 LUTs of size 5
[vpr] 	349 of type input
[vpr] 	84 of type output
[vpr] 	36 of type latch
[vpr] 	188 of type names
Executing VPR interface...
[vpr] Initialize packing.
[vpr] Begin packing 'pwmex_io_clkfix_abc.blif'.
[vpr] 
[vpr] After removing unused inputs...
[vpr] 	total blocks: 657, total nets: 573, total inputs: 349, total outputs: 84
[vpr] Begin prepacking.
[vpr] Finish prepacking.
[vpr] Using inter-cluster delay: 8.18099e-09
[vpr] 
[vpr] SDC file 'ti_pwmex_io.vpr.sdc' blank or not found.
[vpr] 
[vpr] Defaulting to: constrain all 0 inputs and 0 outputs on the netlist clock.
[vpr] Optimize this clock to run as fast as possible.
[vpr] Not enough resources expand FPGA size to x = 2 y = 2.
[vpr] Complex block 0: cb.U_PWM0_REDly, type: clb
[vpr] 	...................................................
[vpr] Passed route at end.
[vpr] Complex block 1: cb.U_PWM1_REDly, type: clb
[vpr] 	...................................................
[vpr] Passed route at end.
[vpr] Complex block 2: cb.U_PWM2_REDly, type: clb
[vpr] 	...................................................
[vpr] Passed route at end.
[vpr] Complex block 3: cb.U_PWM3_REDly, type: clb
[vpr] 	...................................................
[vpr] Passed route at end.
[vpr] Not enough resources expand FPGA size to x = 3 y = 3.
[vpr] Complex block 4: cb.U_PWM3_DPWMOutLatch, type: clb
[vpr] 	...................
[vpr] Passed route at end.
[vpr] Complex block 5: cb.U_PWM2_DPWMOutLatch, type: clb
[vpr] 	...................
[vpr] Passed route at end.
[vpr] Complex block 6: cb.U_PWM1_DPWMOutLatch, type: clb
[vpr] 	...................
[vpr] Passed route at end.
[vpr] Complex block 7: cb.U_PWM0_DPWMOutLatch, type: clb
[vpr] 	...................
[vpr] Passed route at end.
[vpr] Complex block 8: cb.n831, type: clb
[vpr] 	..........
[vpr] Passed route at end.
[vpr] Not enough resources expand FPGA size to x = 4 y = 4.
[vpr] Complex block 9: cb.n726, type: clb
[vpr] 	..........
[vpr] Passed route at end.
[vpr] Complex block 10: cb.n796, type: clb
[vpr] 	..........
[vpr] Passed route at end.
[vpr] Complex block 11: cb.n761, type: clb
[vpr] 	..........
[vpr] Passed route at end.
[vpr] Complex block 12: cb.n807, type: clb
[vpr] 	.............
[vpr] Passed route at end.
[vpr] Complex block 13: cb.n842, type: clb
[vpr] 	.............
[vpr] Passed route at end.
[vpr] Complex block 14: cb.n737, type: clb
[vpr] 	.............
[vpr] Passed route at end.
[vpr] Complex block 15: cb.n772, type: clb
[vpr] 	.............
[vpr] Passed route at end.
[vpr] Complex block 16: cb.Dutymsb2~13, type: io
[vpr] 	
[vpr] Passed route at end.
[vpr] Complex block 17: cb.count_val1~9, type: io
[vpr] 	
[vpr] Passed route at end.
[vpr] Complex block 18: cb.count_val1~13, type: io
[vpr] 	
[vpr] Passed route at end.
[vpr] Complex block 19: cb.count_val0~9, type: io
[vpr] 	
[vpr] Passed route at end.
[vpr] Complex block 20: cb.Dutymsb0~4, type: io
[vpr] 	
[vpr] Passed route at end.
[vpr] Complex block 21: cb.count_val2~4, type: io
[vpr] 	
[vpr] Passed route at end.
[vpr] Complex block 22: cb.count_val2~2, type: io
[vpr] 	
[vpr] Passed route at end.
[vpr] Complex block 23: cb.count_val0~2, type: io
[vpr] 	
[vpr] Passed route at end.
[vpr] Complex block 24: cb.Dutymsb2~4, type: io
[vpr] 	
[vpr] Passed route at end.
[vpr] Complex block 25: cb.Dutymsb1~4, type: io
[vpr] 	
[vpr] Passed route at end.
[vpr] Complex block 26: cb.Dutymsb3~13, type: io
[vpr] 	
[vpr] Passed route at end.
[vpr] Complex block 27: cb.Dutymsb0~13, type: io
[vpr] 	
[vpr] Passed route at end.
[vpr] Complex block 28: cb.count_val0~13, type: io
[vpr] 	
[vpr] Passed route at end.
[vpr] Complex block 29: cb.count_val3~13, type: io
[vpr] 	
[vpr] Passed route at end.
[vpr] Complex block 30: cb.Dutymsb3~4, type: io
[vpr] 	
[vpr] Passed route at end.
[vpr] Complex block 31: cb.Dutymsb1~13, type: io
[vpr] 	
[vpr] Passed route at end.
[vpr] Complex block 32: cb.count_val3~9, type: io
[vpr] 	
[vpr] Passed route at end.
[vpr] Complex block 33: cb.count_val1~4, type: io
[vpr] 	
[vpr] Passed route at end.
[vpr] Complex block 34: cb.count_val1~2, type: io
[vpr] 	
[vpr] Passed route at end.
[vpr] Complex block 35: cb.count_val2~9, type: io
[vpr] 	
[vpr] Passed route at end.
[vpr] Complex block 36: cb.count_val2~13, type: io
[vpr] 	
[vpr] Passed route at end.
[vpr] Complex block 37: cb.count_val3~2, type: io
[vpr] 	
[vpr] Passed route at end.
[vpr] Complex block 38: cb.count_val0~4, type: io
[vpr] 	
[vpr] Passed route at end.
[vpr] Complex block 39: cb.count_val3~4, type: io
[vpr] 	
[vpr] Passed route at end.
[vpr] Complex block 40: cb.feDlyCnt2~6, type: io
[vpr] 	
[vpr] Passed route at end.
[vpr] Complex block 41: cb.count_val3~24, type: io
[vpr] 	
[vpr] Passed route at end.
[vpr] Complex block 42: cb.count_val3~22, type: io
[vpr] 	
[vpr] Passed route at end.
[vpr] Complex block 43: cb.feDlyCnt2~1, type: io
[vpr] 	
[vpr] Passed route at end.
[vpr] Complex block 44: cb.count_val1~22, type: io
[vpr] 	
[vpr] Passed route at end.
[vpr] Complex block 45: cb.count_val0~17, type: io
[vpr] 	
[vpr] Passed route at end.
[vpr] Complex block 46: cb.count_val0~24, type: io
[vpr] 	
[vpr] Passed route at end.
[vpr] Complex block 47: cb.count_val1~18, type: io
[vpr] 	
[vpr] Passed route at end.
[vpr] Complex block 48: cb.count_val2~18, type: io
[vpr] 	
[vpr] Passed route at end.
[vpr] Complex block 49: cb.count_val1~24, type: io
[vpr] 	
[vpr] Passed route at end.
[vpr] Complex block 50: cb.count_val1~25, type: io
[vpr] 	
[vpr] Passed route at end.
[vpr] Complex block 51: cb.count_val0~18, type: io
[vpr] 	
[vpr] Passed route at end.
[vpr] Complex block 52: cb.feDlyCnt3~6, type: io
[vpr] 	
[vpr] Passed route at end.
[vpr] Complex block 53: cb.count_val0~20, type: io
[vpr] 	
[vpr] Passed route at end.
[vpr] Complex block 54: cb.count_val2~17, type: io
[vpr] 	
[vpr] Passed route at end.
[vpr] Complex block 55: cb.count_val3~25, type: io
[vpr] 	
[vpr] Passed route at end.
[vpr] Complex block 56: cb.count_val2~20, type: io
[vpr] 	
[vpr] Passed route at end.
[vpr] Complex block 57: cb.count_val2~24, type: io
[vpr] 	
[vpr] Passed route at end.
[vpr] Complex block 58: cb.count_val2~25, type: io
[vpr] 	
[vpr] Passed route at end.
[vpr] Complex block 59: cb.count_val3~17, type: io
[vpr] 	
[vpr] Passed route at end.
[vpr] Complex block 60: cb.feDlyCnt3~1, type: io
[vpr] 	
[vpr] Passed route at end.
[vpr] Complex block 61: cb.feDlyCnt1~1, type: io
[vpr] 	
[vpr] Passed route at end.
[vpr] Complex block 62: cb.feDlyCnt0~1, type: io
[vpr] 	
[vpr] Passed route at end.
[vpr] Complex block 63: cb.feDlyCnt1~6, type: io
[vpr] 	
[vpr] Passed route at end.
[vpr] Complex block 64: cb.count_val2~22, type: io
[vpr] 	
[vpr] Passed route at end.
[vpr] Complex block 65: cb.count_val0~25, type: io
[vpr] 	
[vpr] Passed route at end.
[vpr] Complex block 66: cb.count_val3~18, type: io
[vpr] 	
[vpr] Passed route at end.
[vpr] Complex block 67: cb.count_val3~20, type: io
[vpr] 	
[vpr] Passed route at end.
[vpr] Complex block 68: cb.count_val0~22, type: io
[vpr] 	
[vpr] Passed route at end.
[vpr] Complex block 69: cb.count_val1~17, type: io
[vpr] 	
[vpr] Passed route at end.
[vpr] Complex block 70: cb.feDlyCnt0~6, type: io
[vpr] 	
[vpr] Passed route at end.
[vpr] Complex block 71: cb.count_val1~20, type: io
[vpr] 	
[vpr] Passed route at end.
[vpr] Complex block 72: cb.out:DPWMOutB2, type: io
[vpr] 	
[vpr] Passed route at end.
[vpr] Complex block 73: cb.out:DPWMOutA2, type: io
[vpr] 	
[vpr] Passed route at end.
[vpr] Complex block 74: cb.out:DPWMOutA3, type: io
[vpr] 	
[vpr] Passed route at end.
[vpr] Complex block 75: cb.out:DPWMOutA1, type: io
[vpr] 	
[vpr] Passed route at end.
[vpr] Complex block 76: cb.out:DPWMOutB0, type: io
[vpr] 	
[vpr] Passed route at end.
[vpr] Complex block 77: cb.out:DPWMOutA0, type: io
[vpr] 	
[vpr] Passed route at end.
[vpr] Complex block 78: cb.out:DPWMOutB1, type: io
[vpr] 	
[vpr] Passed route at end.
[vpr] Complex block 79: cb.out:DPWMOutB3, type: io
[vpr] 	
[vpr] Passed route at end.
[vpr] Complex block 80: cb.Dutymsb2~7, type: io
[vpr] 	
[vpr] Passed route at end.
[vpr] Complex block 81: cb.Dutymsb0~7, type: io
[vpr] 	
[vpr] Passed route at end.
[vpr] Complex block 82: cb.Dutymsb1~7, type: io
[vpr] 	
[vpr] Passed route at end.
[vpr] Complex block 83: cb.Dutymsb3~7, type: io
[vpr] 	
[vpr] Passed route at end.
[vpr] Not enough resources expand FPGA size to x = 5 y = 5.
[vpr] Complex block 84: cb.n734, type: clb
[vpr] 	......
[vpr] Passed route at end.
[vpr] Complex block 85: cb.n839, type: clb
[vpr] 	.........
[vpr] Passed route at end.
[vpr] Complex block 86: cb.count_val1~8, type: io
[vpr] 	
[vpr] Passed route at end.
[vpr] Complex block 87: cb.count_val1~11, type: io
[vpr] 	
[vpr] Passed route at end.
[vpr] Complex block 88: cb.Dutymsb0~2, type: io
[vpr] 	
[vpr] Passed route at end.
[vpr] Complex block 89: cb.Dutymsb2~2, type: io
[vpr] 	
[vpr] Passed route at end.
[vpr] Complex block 90: cb.Dutymsb2~9, type: io
[vpr] 	
[vpr] Passed route at end.
[vpr] Complex block 91: cb.count_val2~0, type: io
[vpr] 	
[vpr] Passed route at end.
[vpr] Complex block 92: cb.count_val2~1, type: io
[vpr] 	
[vpr] Passed route at end.
[vpr] Complex block 93: cb.count_val1~1, type: io
[vpr] 	
[vpr] Passed route at end.
[vpr] Complex block 94: cb.count_val2~8, type: io
[vpr] 	
[vpr] Passed route at end.
[vpr] Complex block 95: cb.count_val2~11, type: io
[vpr] 	
[vpr] Passed route at end.
[vpr] Complex block 96: cb.Dutymsb0~9, type: io
[vpr] 	
[vpr] Passed route at end.
[vpr] Complex block 97: cb.Dutymsb3~2, type: io
[vpr] 	
[vpr] Passed route at end.
[vpr] Complex block 98: cb.count_val3~8, type: io
[vpr] 	
[vpr] Passed route at end.
[vpr] Complex block 99: cb.count_val3~0, type: io
[vpr] 	
[vpr] Passed route at end.
[vpr] Complex block 100: cb.count_val0~0, type: io
[vpr] 	
[vpr] Passed route at end.
[vpr] Complex block 101: cb.count_val0~1, type: io
[vpr] 	
[vpr] Passed route at end.
[vpr] Complex block 102: cb.Dutymsb3~9, type: io
[vpr] 	
[vpr] Passed route at end.
[vpr] Complex block 103: cb.count_val3~1, type: io
[vpr] 	
[vpr] Passed route at end.
[vpr] Complex block 104: cb.count_val3~11, type: io
[vpr] 	
[vpr] Passed route at end.
[vpr] Complex block 105: cb.Dutymsb1~2, type: io
[vpr] 	
[vpr] Passed route at end.
[vpr] Complex block 106: cb.count_val0~8, type: io
[vpr] 	
[vpr] Passed route at end.
[vpr] Complex block 107: cb.Dutymsb1~9, type: io
[vpr] 	
[vpr] Passed route at end.
[vpr] Complex block 108: cb.count_val1~0, type: io
[vpr] 	
[vpr] Passed route at end.
[vpr] Complex block 109: cb.count_val0~11, type: io
[vpr] 	
[vpr] Passed route at end.
[vpr] Complex block 110: cb.reDlyCnt2~2, type: io
[vpr] 	
[vpr] Passed route at end.
[vpr] Complex block 111: cb.reDlyCnt2~4, type: io
[vpr] 	
[vpr] Passed route at end.
[vpr] Complex block 112: cb.reDlyCnt2~9, type: io
[vpr] 	
[vpr] Passed route at end.
[vpr] Complex block 113: cb.reDlyCnt2~8, type: io
[vpr] 	
[vpr] Passed route at end.
[vpr] Complex block 114: cb.reDlyCnt0~8, type: io
[vpr] 	
[vpr] Passed route at end.
[vpr] Complex block 115: cb.reDlyCnt0~4, type: io
[vpr] 	
[vpr] Passed route at end.
[vpr] Complex block 116: cb.feDlyCnt3~2, type: io
[vpr] 	
[vpr] Passed route at end.
[vpr] Complex block 117: cb.feDlyCnt1~2, type: io
[vpr] 	
[vpr] Passed route at end.
[vpr] Complex block 118: cb.reDlyCnt3~2, type: io
[vpr] 	
[vpr] Passed route at end.
[vpr] Complex block 119: cb.reDlyCnt3~4, type: io
[vpr] 	
[vpr] Passed route at end.
[vpr] Complex block 120: cb.reDlyCnt3~8, type: io
[vpr] 	
[vpr] Passed route at end.
[vpr] Complex block 121: cb.reDlyCnt3~9, type: io
[vpr] 	
[vpr] Passed route at end.
[vpr] Complex block 122: cb.reDlyCnt1~4, type: io
[vpr] 	
[vpr] Passed route at end.
[vpr] Complex block 123: cb.reDlyCnt1~8, type: io
[vpr] 	
[vpr] Passed route at end.
[vpr] Complex block 124: cb.reDlyCnt1~9, type: io
[vpr] 	
[vpr] Passed route at end.
[vpr] Complex block 125: cb.reDlyCnt0~2, type: io
[vpr] 	
[vpr] Passed route at end.
[vpr] Complex block 126: cb.reDlyCnt1~2, type: io
[vpr] 	
[vpr] Passed route at end.
[vpr] Complex block 127: cb.reDlyCnt0~9, type: io
[vpr] 	
[vpr] Passed route at end.
[vpr] Complex block 128: cb.feDlyCnt0~2, type: io
[vpr] 	
[vpr] Passed route at end.
[vpr] Complex block 129: cb.feDlyCnt2~2, type: io
[vpr] 	
[vpr] Passed route at end.
[vpr] Complex block 130: cb.Dutymsb0~1, type: io
[vpr] 	
[vpr] Passed route at end.
[vpr] Complex block 131: cb.Dutymsb2~1, type: io
[vpr] 	
[vpr] Passed route at end.
[vpr] Complex block 132: cb.Dutymsb0~5, type: io
[vpr] 	
[vpr] Passed route at end.
[vpr] Complex block 133: cb.Dutymsb2~5, type: io
[vpr] 	
[vpr] Passed route at end.
[vpr] Complex block 134: cb.Dutymsb3~1, type: io
[vpr] 	
[vpr] Passed route at end.
[vpr] Complex block 135: cb.Dutymsb3~5, type: io
[vpr] 	
[vpr] Passed route at end.
[vpr] Complex block 136: cb.Dutymsb1~1, type: io
[vpr] 	
[vpr] Passed route at end.
[vpr] Complex block 137: cb.Dutymsb1~5, type: io
[vpr] 	
[vpr] Passed route at end.
[vpr] Complex block 138: cb.Dutymsb0~0, type: io
[vpr] 	
[vpr] Passed route at end.
[vpr] Complex block 139: cb.Dutymsb2~0, type: io
[vpr] 	
[vpr] Passed route at end.
[vpr] Complex block 140: cb.Dutymsb2~8, type: io
[vpr] 	
[vpr] Passed route at end.
[vpr] Complex block 141: cb.Dutymsb2~11, type: io
[vpr] 	
[vpr] Passed route at end.
[vpr] Complex block 142: cb.Dutymsb0~8, type: io
[vpr] 	
[vpr] Passed route at end.
[vpr] Complex block 143: cb.Dutymsb0~11, type: io
[vpr] 	
[vpr] Passed route at end.
[vpr] Complex block 144: cb.Dutymsb3~11, type: io
[vpr] 	
[vpr] Passed route at end.
[vpr] Complex block 145: cb.Dutymsb3~0, type: io
[vpr] 	
[vpr] Passed route at end.
[vpr] Complex block 146: cb.Dutymsb3~8, type: io
[vpr] 	
[vpr] Passed route at end.
[vpr] Complex block 147: cb.Dutymsb1~0, type: io
[vpr] 	
[vpr] Passed route at end.
[vpr] Complex block 148: cb.Dutymsb1~8, type: io
[vpr] 	
[vpr] Passed route at end.
[vpr] Complex block 149: cb.Dutymsb1~11, type: io
[vpr] 	
[vpr] Passed route at end.
[vpr] Complex block 150: cb.feDlyCnt2~4, type: io
[vpr] 	
[vpr] Passed route at end.
[vpr] Complex block 151: cb.count_val1~21, type: io
[vpr] 	
[vpr] Passed route at end.
[vpr] Complex block 152: cb.count_val2~21, type: io
[vpr] 	
[vpr] Passed route at end.
[vpr] Complex block 153: cb.count_val0~21, type: io
[vpr] 	
[vpr] Passed route at end.
[vpr] Complex block 154: cb.feDlyCnt3~4, type: io
[vpr] 	
[vpr] Passed route at end.
[vpr] Complex block 155: cb.feDlyCnt1~4, type: io
[vpr] 	
[vpr] Passed route at end.
[vpr] Complex block 156: cb.feDlyCnt0~4, type: io
[vpr] 	
[vpr] Passed route at end.
[vpr] Complex block 157: cb.count_val3~21, type: io
[vpr] 	
[vpr] Passed route at end.
[vpr] Complex block 158: cb.feDlyCnt2~5, type: io
[vpr] 	
[vpr] Passed route at end.
[vpr] Complex block 159: cb.feDlyCnt3~5, type: io
[vpr] 	
[vpr] Passed route at end.
[vpr] Complex block 160: cb.feDlyCnt1~5, type: io
[vpr] 	
[vpr] Passed route at end.
[vpr] Complex block 161: cb.feDlyCnt0~5, type: io
[vpr] 	
[vpr] Passed route at end.
[vpr] Complex block 162: cb.count_val1~6, type: io
[vpr] 	
[vpr] Passed route at end.
[vpr] Complex block 163: cb.count_val2~6, type: io
[vpr] 	
[vpr] Passed route at end.
[vpr] Complex block 164: cb.count_val3~6, type: io
[vpr] 	
[vpr] Passed route at end.
[vpr] Complex block 165: cb.count_val0~6, type: io
[vpr] 	
[vpr] Passed route at end.
[vpr] Complex block 166: cb.count_val1~23, type: io
[vpr] 	
[vpr] Passed route at end.
[vpr] Complex block 167: cb.count_val2~23, type: io
[vpr] 	
[vpr] Passed route at end.
[vpr] Complex block 168: cb.count_val0~23, type: io
[vpr] 	
[vpr] Passed route at end.
[vpr] Complex block 169: cb.count_val3~23, type: io
[vpr] 	
[vpr] Passed route at end.
[vpr] Complex block 170: cb.out:DPWM3, type: io
[vpr] 	
[vpr] Passed route at end.
[vpr] Complex block 171: cb.out:DPWM2, type: io
[vpr] 	
[vpr] Passed route at end.
[vpr] Complex block 172: cb.out:DPWM1, type: io
[vpr] 	
[vpr] Passed route at end.
[vpr] Complex block 173: cb.out:DPWM0, type: io
[vpr] 	
[vpr] Passed route at end.
[vpr] Complex block 174: cb.Dutymsb2~10, type: io
[vpr] 	
[vpr] Passed route at end.
[vpr] Complex block 175: cb.Dutymsb2~12, type: io
[vpr] 	
[vpr] Passed route at end.
[vpr] Complex block 176: cb.Dutymsb2~14, type: io
[vpr] 	
[vpr] Passed route at end.
[vpr] Complex block 177: cb.Dutymsb1~12, type: io
[vpr] 	
[vpr] Passed route at end.
[vpr] Complex block 178: cb.Dutymsb0~10, type: io
[vpr] 	
[vpr] Passed route at end.
[vpr] Complex block 179: cb.Dutymsb0~12, type: io
[vpr] 	
[vpr] Passed route at end.
[vpr] Complex block 180: cb.Dutymsb3~10, type: io
[vpr] 	
[vpr] Passed route at end.
[vpr] Complex block 181: cb.Dutymsb0~14, type: io
[vpr] 	
[vpr] Passed route at end.
[vpr] Complex block 182: cb.Dutymsb3~12, type: io
[vpr] 	
[vpr] Passed route at end.
[vpr] Complex block 183: cb.Dutymsb3~14, type: io
[vpr] 	
[vpr] Passed route at end.
[vpr] Complex block 184: cb.Dutymsb1~10, type: io
[vpr] 	
[vpr] Passed route at end.
[vpr] Complex block 185: cb.Dutymsb1~14, type: io
[vpr] 	
[vpr] Passed route at end.
[vpr] Complex block 186: cb.count_val1~16, type: io
[vpr] 	
[vpr] Passed route at end.
[vpr] Complex block 187: cb.count_val0~16, type: io
[vpr] 	
[vpr] Passed route at end.
[vpr] Complex block 188: cb.count_val2~16, type: io
[vpr] 	
[vpr] Passed route at end.
[vpr] Complex block 189: cb.count_val3~16, type: io
[vpr] 	
[vpr] Passed route at end.
[vpr] Complex block 190: cb.count_val0~12, type: io
[vpr] 	
[vpr] Passed route at end.
[vpr] Complex block 191: cb.count_val1~7, type: io
[vpr] 	
[vpr] Passed route at end.
[vpr] Complex block 192: cb.count_val1~12, type: io
[vpr] 	
[vpr] Passed route at end.
[vpr] Complex block 193: cb.count_val1~14, type: io
[vpr] 	
[vpr] Passed route at end.
[vpr] Complex block 194: cb.count_val0~14, type: io
[vpr] 	
[vpr] Passed route at end.
[vpr] Complex block 195: cb.Dutymsb2~6, type: io
[vpr] 	
[vpr] Passed route at end.
[vpr] Complex block 196: cb.Dutymsb0~6, type: io
[vpr] 	
[vpr] Passed route at end.
[vpr] Complex block 197: cb.count_val2~7, type: io
[vpr] 	
[vpr] Passed route at end.
[vpr] Complex block 198: cb.count_val2~12, type: io
[vpr] 	
[vpr] Passed route at end.
[vpr] Complex block 199: cb.count_val2~14, type: io
[vpr] 	
[vpr] Passed route at end.
[vpr] Complex block 200: cb.Dutymsb3~6, type: io
[vpr] 	
[vpr] Passed route at end.
[vpr] Complex block 201: cb.count_val3~7, type: io
[vpr] 	
[vpr] Passed route at end.
[vpr] Complex block 202: cb.count_val3~12, type: io
[vpr] 	
[vpr] Passed route at end.
[vpr] Complex block 203: cb.count_val3~14, type: io
[vpr] 	
[vpr] Passed route at end.
[vpr] Complex block 204: cb.count_val0~7, type: io
[vpr] 	
[vpr] Passed route at end.
[vpr] Complex block 205: cb.Dutymsb1~6, type: io
[vpr] 	
[vpr] Passed route at end.
[vpr] Complex block 206: cb.feDlyCnt2~8, type: io
[vpr] 	
[vpr] Passed route at end.
[vpr] Complex block 207: cb.feDlyCnt2~9, type: io
[vpr] 	
[vpr] Passed route at end.
[vpr] Complex block 208: cb.reDlyCnt2~0, type: io
[vpr] 	
[vpr] Passed route at end.
[vpr] Complex block 209: cb.reDlyCnt2~6, type: io
[vpr] 	
[vpr] Passed route at end.
[vpr] Complex block 210: cb.reDlyCnt2~7, type: io
[vpr] 	
[vpr] Passed route at end.
[vpr] Complex block 211: cb.count_val1~19, type: io
[vpr] 	
[vpr] Passed route at end.
[vpr] Complex block 212: cb.count_val2~19, type: io
[vpr] 	
[vpr] Passed route at end.
[vpr] Complex block 213: cb.count_val0~19, type: io
[vpr] 	
[vpr] Passed route at end.
[vpr] Complex block 214: cb.feDlyCnt3~8, type: io
[vpr] 	
[vpr] Passed route at end.
[vpr] Complex block 215: cb.reDlyCnt3~0, type: io
[vpr] 	
[vpr] Passed route at end.
[vpr] Complex block 216: cb.feDlyCnt3~9, type: io
[vpr] 	
[vpr] Passed route at end.
[vpr] Complex block 217: cb.feDlyCnt1~8, type: io
[vpr] 	
[vpr] Passed route at end.
[vpr] Complex block 218: cb.reDlyCnt3~6, type: io
[vpr] 	
[vpr] Passed route at end.
[vpr] Complex block 219: cb.reDlyCnt3~7, type: io
[vpr] 	
[vpr] Passed route at end.
[vpr] Complex block 220: cb.feDlyCnt1~9, type: io
[vpr] 	
[vpr] Passed route at end.
[vpr] Complex block 221: cb.reDlyCnt1~6, type: io
[vpr] 	
[vpr] Passed route at end.
[vpr] Complex block 222: cb.reDlyCnt1~7, type: io
[vpr] 	
[vpr] Passed route at end.
[vpr] Complex block 223: cb.feDlyCnt0~8, type: io
[vpr] 	
[vpr] Passed route at end.
[vpr] Complex block 224: cb.feDlyCnt0~9, type: io
[vpr] 	
[vpr] Passed route at end.
[vpr] Complex block 225: cb.reDlyCnt0~0, type: io
[vpr] 	
[vpr] Passed route at end.
[vpr] Complex block 226: cb.count_val3~19, type: io
[vpr] 	
[vpr] Passed route at end.
[vpr] Complex block 227: cb.reDlyCnt0~6, type: io
[vpr] 	
[vpr] Passed route at end.
[vpr] Complex block 228: cb.reDlyCnt0~7, type: io
[vpr] 	
[vpr] Passed route at end.
[vpr] Complex block 229: cb.reDlyCnt1~0, type: io
[vpr] 	
[vpr] Passed route at end.
[vpr] Complex block 230: cb.count_val1~10, type: io
[vpr] 	
[vpr] Passed route at end.
[vpr] Complex block 231: cb.count_val1~15, type: io
[vpr] 	
[vpr] Passed route at end.
[vpr] Complex block 232: cb.count_val0~15, type: io
[vpr] 	
[vpr] Passed route at end.
[vpr] Complex block 233: cb.count_val2~10, type: io
[vpr] 	
[vpr] Passed route at end.
[vpr] Complex block 234: cb.count_val2~15, type: io
[vpr] 	
[vpr] Passed route at end.
[vpr] Complex block 235: cb.count_val3~10, type: io
[vpr] 	
[vpr] Passed route at end.
[vpr] Complex block 236: cb.count_val3~15, type: io
[vpr] 	
[vpr] Passed route at end.
[vpr] Complex block 237: cb.count_val0~10, type: io
[vpr] 	
[vpr] Passed route at end.
[vpr] Complex block 238: cb.Dutymsb2~3, type: io
[vpr] 	
[vpr] Passed route at end.
[vpr] Complex block 239: cb.Dutymsb0~3, type: io
[vpr] 	
[vpr] Passed route at end.
[vpr] Complex block 240: cb.Dutymsb2~15, type: io
[vpr] 	
[vpr] Passed route at end.
[vpr] Complex block 241: cb.Dutymsb0~15, type: io
[vpr] 	
[vpr] Passed route at end.
[vpr] Complex block 242: cb.Dutymsb3~3, type: io
[vpr] 	
[vpr] Passed route at end.
[vpr] Complex block 243: cb.Dutymsb3~15, type: io
[vpr] 	
[vpr] Passed route at end.
[vpr] Complex block 244: cb.Dutymsb1~3, type: io
[vpr] 	
[vpr] Passed route at end.
[vpr] Complex block 245: cb.Dutymsb1~15, type: io
[vpr] 	
[vpr] Passed route at end.
[vpr] Complex block 246: cb.reDlyCnt2~1, type: io
[vpr] 	
[vpr] Passed route at end.
[vpr] Complex block 247: cb.reDlyCnt2~5, type: io
[vpr] 	
[vpr] Passed route at end.
[vpr] Complex block 248: cb.feDlyCnt2~0, type: io
[vpr] 	
[vpr] Passed route at end.
[vpr] Complex block 249: cb.feDlyCnt0~0, type: io
[vpr] 	
[vpr] Passed route at end.
[vpr] Complex block 250: cb.feDlyCnt1~0, type: io
[vpr] 	
[vpr] Passed route at end.
[vpr] Complex block 251: cb.feDlyCnt3~0, type: io
[vpr] 	
[vpr] Passed route at end.
[vpr] Complex block 252: cb.feDlyCnt3~3, type: io
[vpr] 	
[vpr] Passed route at end.
[vpr] Complex block 253: cb.feDlyCnt1~3, type: io
[vpr] 	
[vpr] Passed route at end.
[vpr] Complex block 254: cb.reDlyCnt3~1, type: io
[vpr] 	
[vpr] Passed route at end.
[vpr] Complex block 255: cb.reDlyCnt3~5, type: io
[vpr] 	
[vpr] Passed route at end.
[vpr] Complex block 256: cb.feDlyCnt0~3, type: io
[vpr] 	
[vpr] Passed route at end.
[vpr] Complex block 257: cb.reDlyCnt1~1, type: io
[vpr] 	
[vpr] Passed route at end.
[vpr] Complex block 258: cb.reDlyCnt1~5, type: io
[vpr] 	
[vpr] Passed route at end.
[vpr] Complex block 259: cb.reDlyCnt0~1, type: io
[vpr] 	
[vpr] Passed route at end.
[vpr] Complex block 260: cb.reDlyCnt0~5, type: io
[vpr] 	
[vpr] Passed route at end.
[vpr] Complex block 261: cb.feDlyCnt2~3, type: io
[vpr] 	
[vpr] Passed route at end.
[vpr] Complex block 262: cb.count_val1~3, type: io
[vpr] 	
[vpr] Passed route at end.
[vpr] Complex block 263: cb.count_val1~5, type: io
[vpr] 	
[vpr] Passed route at end.
[vpr] Complex block 264: cb.count_val2~3, type: io
[vpr] 	
[vpr] Passed route at end.
[vpr] Complex block 265: cb.count_val2~5, type: io
[vpr] 	
[vpr] Passed route at end.
[vpr] Complex block 266: cb.count_val0~3, type: io
[vpr] 	
[vpr] Passed route at end.
[vpr] Complex block 267: cb.count_val0~5, type: io
[vpr] 	
[vpr] Passed route at end.
[vpr] Complex block 268: cb.count_val3~3, type: io
[vpr] 	
[vpr] Passed route at end.
[vpr] Complex block 269: cb.count_val3~5, type: io
[vpr] 	
[vpr] Passed route at end.
[vpr] Complex block 270: cb.feDlyCnt2~7, type: io
[vpr] 	
[vpr] Passed route at end.
[vpr] Complex block 271: cb.feDlyCnt3~7, type: io
[vpr] 	
[vpr] Passed route at end.
[vpr] Complex block 272: cb.feDlyCnt1~7, type: io
[vpr] 	
[vpr] Passed route at end.
[vpr] Complex block 273: cb.feDlyCnt0~7, type: io
[vpr] 	
[vpr] Passed route at end.
[vpr] Complex block 274: cb.tripCfg1~0, type: io
[vpr] 	
[vpr] Passed route at end.
[vpr] Complex block 275: cb.tripCfg3~0, type: io
[vpr] 	
[vpr] Passed route at end.
[vpr] Complex block 276: cb.tripCfg0~0, type: io
[vpr] 	
[vpr] Passed route at end.
[vpr] Complex block 277: cb.tripCfg2~0, type: io
[vpr] 	
[vpr] Passed route at end.
[vpr] Complex block 278: cb.useDb0, type: io
[vpr] 	
[vpr] Passed route at end.
[vpr] Complex block 279: cb.useDb2, type: io
[vpr] 	
[vpr] Passed route at end.
[vpr] Complex block 280: cb.count_pulse2~0, type: io
[vpr] 	
[vpr] Passed route at end.
[vpr] Complex block 281: cb.count_pulse0~0, type: io
[vpr] 	
[vpr] Passed route at end.
[vpr] Complex block 282: cb.useDb3, type: io
[vpr] 	
[vpr] Passed route at end.
[vpr] Complex block 283: cb.count_pulse3~0, type: io
[vpr] 	
[vpr] Passed route at end.
[vpr] Complex block 284: cb.useDb1, type: io
[vpr] 	
[vpr] Passed route at end.
[vpr] Complex block 285: cb.count_pulse1~0, type: io
[vpr] 	
[vpr] Passed route at end.
[vpr] Complex block 286: cb.DbCfg0~2, type: io
[vpr] 	
[vpr] Passed route at end.
[vpr] Complex block 287: cb.DbCfg0~3, type: io
[vpr] 	
[vpr] Passed route at end.
[vpr] Complex block 288: cb.DbCfg2~0, type: io
[vpr] 	
[vpr] Passed route at end.
[vpr] Complex block 289: cb.DbCfg2~1, type: io
[vpr] 	
[vpr] Passed route at end.
[vpr] Complex block 290: cb.DbCfg2~2, type: io
[vpr] 	
[vpr] Passed route at end.
[vpr] Complex block 291: cb.DbCfg2~3, type: io
[vpr] 	
[vpr] Passed route at end.
[vpr] Complex block 292: cb.DbCfg3~3, type: io
[vpr] 	
[vpr] Passed route at end.
[vpr] Complex block 293: cb.DbCfg3~0, type: io
[vpr] 	
[vpr] Passed route at end.
[vpr] Complex block 294: cb.DbCfg3~1, type: io
[vpr] 	
[vpr] Passed route at end.
[vpr] Complex block 295: cb.DbCfg3~2, type: io
[vpr] 	
[vpr] Passed route at end.
[vpr] Complex block 296: cb.DbCfg1~0, type: io
[vpr] 	
[vpr] Passed route at end.
[vpr] Complex block 297: cb.DbCfg1~1, type: io
[vpr] 	
[vpr] Passed route at end.
[vpr] Complex block 298: cb.DbCfg1~2, type: io
[vpr] 	
[vpr] Passed route at end.
[vpr] Complex block 299: cb.DbCfg1~3, type: io
[vpr] 	
[vpr] Passed route at end.
[vpr] Complex block 300: cb.DbCfg0~1, type: io
[vpr] 	
[vpr] Passed route at end.
[vpr] Complex block 301: cb.DbCfg0~0, type: io
[vpr] 	
[vpr] Passed route at end.
[vpr] Complex block 302: cb.reDlyCnt2~3, type: io
[vpr] 	
[vpr] Passed route at end.
[vpr] Complex block 303: cb.reDlyCnt3~3, type: io
[vpr] 	
[vpr] Passed route at end.
[vpr] Complex block 304: cb.reDlyCnt1~3, type: io
[vpr] 	
[vpr] Passed route at end.
[vpr] Complex block 305: cb.reDlyCnt0~3, type: io
[vpr] 	
[vpr] Passed route at end.
[vpr] Complex block 306: cb.out:count_clr3~1, type: io
[vpr] 	
[vpr] Passed route at end.
[vpr] Complex block 307: cb.out:count_en3~1, type: io
[vpr] 	
[vpr] Passed route at end.
[vpr] Complex block 308: cb.out:count_en2~1, type: io
[vpr] 	
[vpr] Passed route at end.
[vpr] Complex block 309: cb.out:count_clr2~1, type: io
[vpr] 	
[vpr] Passed route at end.
[vpr] Complex block 310: cb.out:count_clr1~1, type: io
[vpr] 	
[vpr] Passed route at end.
[vpr] Complex block 311: cb.out:count_en1~1, type: io
[vpr] 	
[vpr] Passed route at end.
[vpr] Complex block 312: cb.out:count_clr0~1, type: io
[vpr] 	
[vpr] Passed route at end.
[vpr] Complex block 313: cb.out:count_en0~1, type: io
[vpr] 	
[vpr] Passed route at end.
[vpr] Complex block 314: cb.tripIn0, type: io
[vpr] 	
[vpr] Passed route at end.
[vpr] Complex block 315: cb.tripIn3, type: io
[vpr] 	
[vpr] Passed route at end.
[vpr] Complex block 316: cb.tripIn1, type: io
[vpr] 	
[vpr] Passed route at end.
[vpr] Complex block 317: cb.tripIn2, type: io
[vpr] 	
[vpr] Passed route at end.
[vpr] Complex block 318: cb.tripCfg3~1, type: io
[vpr] 	
[vpr] Passed route at end.
[vpr] Complex block 319: cb.tripCfg1~1, type: io
[vpr] 	
[vpr] Passed route at end.
[vpr] Complex block 320: cb.tripCfg0~1, type: io
[vpr] 	
[vpr] Passed route at end.
[vpr] Complex block 321: cb.tripCfg2~1, type: io
[vpr] 	
[vpr] Passed route at end.
[vpr] Complex block 322: cb.out:count_cmp3~0, type: io
[vpr] 	
[vpr] Passed route at end.
[vpr] Complex block 323: cb.out:count_cmp3~1, type: io
[vpr] 	
[vpr] Passed route at end.
[vpr] Complex block 324: cb.out:count_cmp3~2, type: io
[vpr] 	
[vpr] Passed route at end.
[vpr] Complex block 325: cb.out:count_cmp3~3, type: io
[vpr] 	
[vpr] Passed route at end.
[vpr] Complex block 326: cb.out:count_cmp3~4, type: io
[vpr] 	
[vpr] Passed route at end.
[vpr] Complex block 327: cb.out:count_cmp3~5, type: io
[vpr] 	
[vpr] Passed route at end.
[vpr] Complex block 328: cb.out:count_cmp3~6, type: io
[vpr] 	
[vpr] Passed route at end.
[vpr] Complex block 329: cb.out:count_cmp3~7, type: io
[vpr] 	
[vpr] Passed route at end.
[vpr] Complex block 330: cb.out:count_cmp3~8, type: io
[vpr] 	
[vpr] Passed route at end.
[vpr] Complex block 331: cb.out:count_cmp3~9, type: io
[vpr] 	
[vpr] Passed route at end.
[vpr] Complex block 332: cb.out:count_cmp3~10, type: io
[vpr] 	
[vpr] Passed route at end.
[vpr] Complex block 333: cb.out:count_cmp3~11, type: io
[vpr] 	
[vpr] Passed route at end.
[vpr] Complex block 334: cb.out:count_cmp3~12, type: io
[vpr] 	
[vpr] Passed route at end.
[vpr] Complex block 335: cb.out:count_cmp3~13, type: io
[vpr] 	
[vpr] Passed route at end.
[vpr] Complex block 336: cb.out:count_cmp3~14, type: io
[vpr] 	
[vpr] Passed route at end.
[vpr] Complex block 337: cb.out:count_cmp3~15, type: io
[vpr] 	
[vpr] Passed route at end.
[vpr] Not enough resources expand FPGA size to x = 6 y = 6.
[vpr] Complex block 338: cb.out:count_cmp2~0, type: io
[vpr] 	
[vpr] Passed route at end.
[vpr] Complex block 339: cb.out:count_cmp2~1, type: io
[vpr] 	
[vpr] Passed route at end.
[vpr] Complex block 340: cb.out:count_cmp2~2, type: io
[vpr] 	
[vpr] Passed route at end.
[vpr] Complex block 341: cb.out:count_cmp2~3, type: io
[vpr] 	
[vpr] Passed route at end.
[vpr] Complex block 342: cb.out:count_cmp2~4, type: io
[vpr] 	
[vpr] Passed route at end.
[vpr] Complex block 343: cb.out:count_cmp2~5, type: io
[vpr] 	
[vpr] Passed route at end.
[vpr] Complex block 344: cb.out:count_cmp2~6, type: io
[vpr] 	
[vpr] Passed route at end.
[vpr] Complex block 345: cb.out:count_cmp2~7, type: io
[vpr] 	
[vpr] Passed route at end.
[vpr] Complex block 346: cb.out:count_cmp2~8, type: io
[vpr] 	
[vpr] Passed route at end.
[vpr] Complex block 347: cb.out:count_cmp2~9, type: io
[vpr] 	
[vpr] Passed route at end.
[vpr] Complex block 348: cb.out:count_cmp2~10, type: io
[vpr] 	
[vpr] Passed route at end.
[vpr] Complex block 349: cb.out:count_cmp2~11, type: io
[vpr] 	
[vpr] Passed route at end.
[vpr] Complex block 350: cb.out:count_cmp2~12, type: io
[vpr] 	
[vpr] Passed route at end.
[vpr] Complex block 351: cb.out:count_cmp2~13, type: io
[vpr] 	
[vpr] Passed route at end.
[vpr] Complex block 352: cb.out:count_cmp2~14, type: io
[vpr] 	
[vpr] Passed route at end.
[vpr] Complex block 353: cb.out:count_cmp2~15, type: io
[vpr] 	
[vpr] Passed route at end.
[vpr] Complex block 354: cb.out:count_cmp1~0, type: io
[vpr] 	
[vpr] Passed route at end.
[vpr] Complex block 355: cb.out:count_cmp1~1, type: io
[vpr] 	
[vpr] Passed route at end.
[vpr] Complex block 356: cb.out:count_cmp1~2, type: io
[vpr] 	
[vpr] Passed route at end.
[vpr] Complex block 357: cb.out:count_cmp1~3, type: io
[vpr] 	
[vpr] Passed route at end.
[vpr] Complex block 358: cb.out:count_cmp1~4, type: io
[vpr] 	
[vpr] Passed route at end.
[vpr] Complex block 359: cb.out:count_cmp1~5, type: io
[vpr] 	
[vpr] Passed route at end.
[vpr] Complex block 360: cb.out:count_cmp1~6, type: io
[vpr] 	
[vpr] Passed route at end.
[vpr] Complex block 361: cb.out:count_cmp1~7, type: io
[vpr] 	
[vpr] Passed route at end.
[vpr] Complex block 362: cb.out:count_cmp1~8, type: io
[vpr] 	
[vpr] Passed route at end.
[vpr] Complex block 363: cb.out:count_cmp1~9, type: io
[vpr] 	
[vpr] Passed route at end.
[vpr] Complex block 364: cb.out:count_cmp1~10, type: io
[vpr] 	
[vpr] Passed route at end.
[vpr] Complex block 365: cb.out:count_cmp1~11, type: io
[vpr] 	
[vpr] Passed route at end.
[vpr] Complex block 366: cb.out:count_cmp1~12, type: io
[vpr] 	
[vpr] Passed route at end.
[vpr] Complex block 367: cb.out:count_cmp1~13, type: io
[vpr] 	
[vpr] Passed route at end.
[vpr] Complex block 368: cb.out:count_cmp1~14, type: io
[vpr] 	
[vpr] Passed route at end.
[vpr] Complex block 369: cb.out:count_cmp1~15, type: io
[vpr] 	
[vpr] Passed route at end.
[vpr] Complex block 370: cb.out:count_cmp0~0, type: io
[vpr] 	
[vpr] Passed route at end.
[vpr] Complex block 371: cb.out:count_cmp0~1, type: io
[vpr] 	
[vpr] Passed route at end.
[vpr] Complex block 372: cb.out:count_cmp0~2, type: io
[vpr] 	
[vpr] Passed route at end.
[vpr] Complex block 373: cb.out:count_cmp0~3, type: io
[vpr] 	
[vpr] Passed route at end.
[vpr] Complex block 374: cb.out:count_cmp0~4, type: io
[vpr] 	
[vpr] Passed route at end.
[vpr] Complex block 375: cb.out:count_cmp0~5, type: io
[vpr] 	
[vpr] Passed route at end.
[vpr] Complex block 376: cb.out:count_cmp0~6, type: io
[vpr] 	
[vpr] Passed route at end.
[vpr] Complex block 377: cb.out:count_cmp0~7, type: io
[vpr] 	
[vpr] Passed route at end.
[vpr] Complex block 378: cb.out:count_cmp0~8, type: io
[vpr] 	
[vpr] Passed route at end.
[vpr] Complex block 379: cb.out:count_cmp0~9, type: io
[vpr] 	
[vpr] Passed route at end.
[vpr] Complex block 380: cb.out:count_cmp0~10, type: io
[vpr] 	
[vpr] Passed route at end.
[vpr] Complex block 381: cb.out:count_cmp0~11, type: io
[vpr] 	
[vpr] Passed route at end.
[vpr] Complex block 382: cb.out:count_cmp0~12, type: io
[vpr] 	
[vpr] Passed route at end.
[vpr] Complex block 383: cb.out:count_cmp0~13, type: io
[vpr] 	
[vpr] Passed route at end.
[vpr] Complex block 384: cb.out:count_cmp0~14, type: io
[vpr] 	
[vpr] Passed route at end.
[vpr] Complex block 385: cb.out:count_cmp0~15, type: io
[vpr] 	
[vpr] Passed route at end.
[vpr] Complex block 386: cb.TermCnt0~2, type: io
[vpr] 	
[vpr] Passed route at end.
[vpr] Complex block 387: cb.TermCnt0~3, type: io
[vpr] 	
[vpr] Passed route at end.
[vpr] Complex block 388: cb.TermCnt0~10, type: io
[vpr] 	
[vpr] Passed route at end.
[vpr] Complex block 389: cb.TermCnt1~0, type: io
[vpr] 	
[vpr] Passed route at end.
[vpr] Complex block 390: cb.TermCnt0~4, type: io
[vpr] 	
[vpr] Passed route at end.
[vpr] Complex block 391: cb.TermCnt1~1, type: io
[vpr] 	
[vpr] Passed route at end.
[vpr] Complex block 392: cb.TermCnt1~2, type: io
[vpr] 	
[vpr] Passed route at end.
[vpr] Complex block 393: cb.TermCnt1~3, type: io
[vpr] 	
[vpr] Passed route at end.
[vpr] Complex block 394: cb.TermCnt1~4, type: io
[vpr] 	
[vpr] Passed route at end.
[vpr] Complex block 395: cb.TermCnt1~5, type: io
[vpr] 	
[vpr] Passed route at end.
[vpr] Complex block 396: cb.TermCnt1~6, type: io
[vpr] 	
[vpr] Passed route at end.
[vpr] Complex block 397: cb.TermCnt1~7, type: io
[vpr] 	
[vpr] Passed route at end.
[vpr] Complex block 398: cb.TermCnt1~8, type: io
[vpr] 	
[vpr] Passed route at end.
[vpr] Complex block 399: cb.TermCnt0~5, type: io
[vpr] 	
[vpr] Passed route at end.
[vpr] Complex block 400: cb.TermCnt0~11, type: io
[vpr] 	
[vpr] Passed route at end.
[vpr] Complex block 401: cb.TermCnt0~14, type: io
[vpr] 	
[vpr] Passed route at end.
[vpr] Not enough resources expand FPGA size to x = 7 y = 7.
[vpr] Complex block 402: cb.TermCnt2~0, type: io
[vpr] 	
[vpr] Passed route at end.
[vpr] Complex block 403: cb.TermCnt2~1, type: io
[vpr] 	
[vpr] Passed route at end.
[vpr] Complex block 404: cb.TermCnt1~9, type: io
[vpr] 	
[vpr] Passed route at end.
[vpr] Complex block 405: cb.TermCnt2~2, type: io
[vpr] 	
[vpr] Passed route at end.
[vpr] Complex block 406: cb.TermCnt2~3, type: io
[vpr] 	
[vpr] Passed route at end.
[vpr] Complex block 407: cb.TermCnt1~10, type: io
[vpr] 	
[vpr] Passed route at end.
[vpr] Complex block 408: cb.TermCnt2~4, type: io
[vpr] 	
[vpr] Passed route at end.
[vpr] Complex block 409: cb.TermCnt2~5, type: io
[vpr] 	
[vpr] Passed route at end.
[vpr] Complex block 410: cb.TermCnt2~6, type: io
[vpr] 	
[vpr] Passed route at end.
[vpr] Complex block 411: cb.TermCnt2~7, type: io
[vpr] 	
[vpr] Passed route at end.
[vpr] Complex block 412: cb.TermCnt1~11, type: io
[vpr] 	
[vpr] Passed route at end.
[vpr] Complex block 413: cb.TermCnt1~12, type: io
[vpr] 	
[vpr] Passed route at end.
[vpr] Complex block 414: cb.TermCnt2~8, type: io
[vpr] 	
[vpr] Passed route at end.
[vpr] Complex block 415: cb.TermCnt2~9, type: io
[vpr] 	
[vpr] Passed route at end.
[vpr] Complex block 416: cb.TermCnt1~13, type: io
[vpr] 	
[vpr] Passed route at end.
[vpr] Complex block 417: cb.TermCnt2~10, type: io
[vpr] 	
[vpr] Passed route at end.
[vpr] Complex block 418: cb.TermCnt2~11, type: io
[vpr] 	
[vpr] Passed route at end.
[vpr] Complex block 419: cb.TermCnt1~14, type: io
[vpr] 	
[vpr] Passed route at end.
[vpr] Complex block 420: cb.TermCnt2~12, type: io
[vpr] 	
[vpr] Passed route at end.
[vpr] Complex block 421: cb.TermCnt2~13, type: io
[vpr] 	
[vpr] Passed route at end.
[vpr] Complex block 422: cb.TermCnt2~14, type: io
[vpr] 	
[vpr] Passed route at end.
[vpr] Complex block 423: cb.TermCnt2~15, type: io
[vpr] 	
[vpr] Passed route at end.
[vpr] Complex block 424: cb.TermCnt1~15, type: io
[vpr] 	
[vpr] Passed route at end.
[vpr] Complex block 425: cb.TermCnt0~6, type: io
[vpr] 	
[vpr] Passed route at end.
[vpr] Complex block 426: cb.TermCnt0~7, type: io
[vpr] 	
[vpr] Passed route at end.
[vpr] Complex block 427: cb.TermCnt0~12, type: io
[vpr] 	
[vpr] Passed route at end.
[vpr] Complex block 428: cb.TermCnt0~8, type: io
[vpr] 	
[vpr] Passed route at end.
[vpr] Complex block 429: cb.TermCnt3~0, type: io
[vpr] 	
[vpr] Passed route at end.
[vpr] Complex block 430: cb.TermCnt3~1, type: io
[vpr] 	
[vpr] Passed route at end.
[vpr] Complex block 431: cb.TermCnt3~2, type: io
[vpr] 	
[vpr] Passed route at end.
[vpr] Complex block 432: cb.TermCnt3~3, type: io
[vpr] 	
[vpr] Passed route at end.
[vpr] Complex block 433: cb.TermCnt3~4, type: io
[vpr] 	
[vpr] Passed route at end.
[vpr] Complex block 434: cb.TermCnt3~5, type: io
[vpr] 	
[vpr] Passed route at end.
[vpr] Complex block 435: cb.TermCnt3~6, type: io
[vpr] 	
[vpr] Passed route at end.
[vpr] Complex block 436: cb.TermCnt0~0, type: io
[vpr] 	
[vpr] Passed route at end.
[vpr] Complex block 437: cb.TermCnt3~7, type: io
[vpr] 	
[vpr] Passed route at end.
[vpr] Complex block 438: cb.TermCnt3~8, type: io
[vpr] 	
[vpr] Passed route at end.
[vpr] Complex block 439: cb.TermCnt3~9, type: io
[vpr] 	
[vpr] Passed route at end.
[vpr] Complex block 440: cb.TermCnt3~10, type: io
[vpr] 	
[vpr] Passed route at end.
[vpr] Complex block 441: cb.TermCnt3~11, type: io
[vpr] 	
[vpr] Passed route at end.
[vpr] Complex block 442: cb.TermCnt3~12, type: io
[vpr] 	
[vpr] Passed route at end.
[vpr] Complex block 443: cb.TermCnt3~13, type: io
[vpr] 	
[vpr] Passed route at end.
[vpr] Complex block 444: cb.TermCnt3~14, type: io
[vpr] 	
[vpr] Passed route at end.
[vpr] Complex block 445: cb.TermCnt3~15, type: io
[vpr] 	
[vpr] Passed route at end.
[vpr] Complex block 446: cb.TermCnt0~1, type: io
[vpr] 	
[vpr] Passed route at end.
[vpr] Complex block 447: cb.TermCnt0~9, type: io
[vpr] 	
[vpr] Passed route at end.
[vpr] Complex block 448: cb.TermCnt0~13, type: io
[vpr] 	
[vpr] Passed route at end.
[vpr] Complex block 449: cb.TermCnt0~15, type: io
[vpr] 	
[vpr] Passed route at end.
[vpr] Complex block 450: cb.CLK62_5, type: io
[vpr] 	
[vpr] Passed route at end.
[vpr] 	<EMPTY>: # blocks: 0, average # input + clock pins used: 0, average # output pins used: 0
[vpr] 	io: # blocks: 433, average # input + clock pins used: 0.193995, average # output pins used: 0.806005
[vpr] 	clb: # blocks: 18, average # input + clock pins used: 25.3889, average # output pins used: 4
[vpr] Absorbed logical nets 152 out of 573 nets, 421 nets not absorbed.
[vpr] 
[vpr] Netlist conversion complete.
[vpr] 
[vpr] Packing completed.
[vpr] Begin parsing packed FPGA netlist file.
[vpr] Finished parsing packed FPGA netlist file.
[vpr] Netlist generated from file 'ti_pwmex_io.vpr.net'.
[vpr] 
[vpr] Netlist num_nets: 421
[vpr] Netlist num_blocks: 451
[vpr] Netlist <EMPTY> blocks: 0.
[vpr] Netlist clb blocks: 18.
[vpr] Netlist inputs pins: 349
[vpr] Netlist output pins: 84
[vpr] 
[vpr] The circuit will be mapped into a 10 x 10 array of clbs.
[vpr] 
[vpr] Resource usage...
[vpr] 	Netlist      0	blocks of type: <EMPTY>
[vpr] 	Architecture 4	blocks of type: <EMPTY>
[vpr] 	Netlist      433	blocks of type: io
[vpr] 	Architecture 640	blocks of type: io
[vpr] 	Netlist      18	blocks of type: clb
[vpr] 	Architecture 100	blocks of type: clb
[vpr] 
[vpr] 
[vpr] There are 528 point to point connections in this circuit.
[vpr] 
[vpr] Initial placement cost: 1.01611 bb_cost: 45.0153 td_cost: 9.03158e-07 delay_cost: 1.43037e-06
[vpr] 
[vpr] ------- ------- ---------- ---------- ---------- ---------- ------- ------- ------- ------- ------ --------- ------
[vpr]       T    Cost Av BB Cost Av TD Cost Av Tot Del P to P Del   d_max Ac Rate Std Dev R limit    Exp Tot Moves  Alpha
[vpr] ------- ------- ---------- ---------- ---------- ---------- ------- ------- ------- ------- ------ --------- ------
[vpr] 0.19745 0.97005    43.8733 7.9178e-07 1.4111e-06 2.709e-09  18.5470  0.9977  0.0194 11.0000  1.000      3457  0.500
[vpr] 0.09872 0.97255    43.4921 8.492e-07  1.4026e-06 2.6881e-09 17.2452  0.9951  0.0233 11.0000  1.000      6914  0.500
[vpr] 0.04936 1.02960    44.6014 8.3888e-07 1.4203e-06 2.6242e-09 17.5381  0.9887  0.0232 11.0000  1.000     10371  0.500
[vpr] 0.02468 0.96749    43.0763 8.6025e-07 1.3984e-06 2.6805e-09 16.8879  0.9754  0.0171 11.0000  1.000     13828  0.500
[vpr] 0.01234 0.95678    43.2489 8.0225e-07 1.396e-06  2.7215e-09 18.1891  0.9581  0.0157 11.0000  1.000     17285  0.900
[vpr] 0.01111 0.98090    42.6118 8.0017e-07 1.3814e-06 2.6126e-09 17.8968  0.9500  0.0193 11.0000  1.000     20742  0.900
[vpr] 0.01000 1.03578    42.5441 8.1492e-07 1.3877e-06 2.5586e-09 16.8876  0.9450  0.0186 11.0000  1.000     24199  0.900
[vpr] 0.00900 0.99711    41.7814 8.0428e-07 1.3717e-06 2.5712e-09 17.2456  0.9369  0.0174 11.0000  1.000     27656  0.900
[vpr] 0.00810 1.01774    41.8035 8.1425e-07 1.3632e-06 2.5575e-09 16.5952  0.9309  0.0115 11.0000  1.000     31113  0.900
[vpr] 0.00729 0.97913    41.9902 7.8575e-07 1.3784e-06 2.639e-09  17.8302  0.9338  0.0107 11.0000  1.000     34570  0.900
[vpr] 0.00656 0.99491    40.9818 8.1487e-07 1.3571e-06 2.5785e-09 16.8885  0.9254  0.0145 11.0000  1.000     38027  0.900
[vpr] 0.00590 0.96395    40.8343 8.1634e-07 1.3421e-06 2.5922e-09 16.5951  0.9043  0.0168 11.0000  1.000     41484  0.900
[vpr] 0.00531 1.01224    40.8960 7.9522e-07 1.3684e-06 2.519e-09  17.2456  0.9066  0.0136 11.0000  1.000     44941  0.900
[vpr] 0.00478 1.01159    39.6684 8.0779e-07 1.3432e-06 2.5038e-09 16.1913  0.8927  0.0150 11.0000  1.000     48398  0.900
[vpr] 0.00430 0.99644    39.9043 8.3661e-07 1.332e-06  2.5355e-09 15.9450  0.8805  0.0126 11.0000  1.000     51855  0.900
[vpr] 0.00387 0.98243    40.0089 8.0057e-07 1.3249e-06 2.5427e-09 16.2373  0.8638  0.0135 11.0000  1.000     55312  0.900
[vpr] 0.00349 0.95355    38.6541 7.9342e-07 1.3127e-06 2.5218e-09 16.5955  0.8565  0.0164 11.0000  1.000     58769  0.900
[vpr] 0.00314 0.99021    38.9700 8.4207e-07 1.3186e-06 2.4931e-09 15.5867  0.8429  0.0131 11.0000  1.000     62226  0.900
[vpr] 0.00282 0.97723    38.6048 8.4523e-07 1.3112e-06 2.5242e-09 15.2946  0.8441  0.0124 11.0000  1.000     65683  0.900
[vpr] 0.00254 0.97450    37.7017 7.7141e-07 1.2929e-06 2.4936e-09 16.2374  0.8152  0.0131 11.0000  1.000     69140  0.900
[vpr] 0.00229 0.99551    37.1193 8.2374e-07 1.2971e-06 2.4362e-09 15.2941  0.8192  0.0091 11.0000  1.000     72597  0.900
[vpr] 0.00206 0.98709    36.9467 7.8935e-07 1.276e-06  2.4434e-09 15.5876  0.7903  0.0114 11.0000  1.000     76054  0.950
[vpr] 0.00196 0.99569    36.6464 7.9982e-07 1.2713e-06 2.4207e-09 15.2949  0.7593  0.0110 11.0000  1.000     79511  0.950
[vpr] 0.00186 0.97993    36.0085 7.2367e-07 1.2511e-06 2.388e-09  16.5954  0.7426  0.0143 11.0000  1.000     82968  0.950
[vpr] 0.00176 0.99756    36.3072 8.1758e-07 1.2606e-06 2.3623e-09 14.6439  0.7295  0.0095 11.0000  1.000     86425  0.950
[vpr] 0.00168 0.98669    35.9010 7.9092e-07 1.2591e-06 2.3923e-09 15.2943  0.7220  0.0119 11.0000  1.000     89882  0.950
[vpr] 0.00159 0.98116    34.9578 7.6652e-07 1.2317e-06 2.3416e-09 15.5408  0.6861  0.0117 11.0000  1.000     93339  0.950
[vpr] 0.00151 0.98612    33.6866 7.409e-07  1.1994e-06 2.293e-09  15.2475  0.6410  0.0110 11.0000  1.000     96796  0.950
[vpr] 0.00144 0.99611    34.4860 7.8935e-07 1.2231e-06 2.2977e-09 14.6442  0.6879  0.0087 11.0000  1.000    100253  0.950
[vpr] 0.00137 0.99292    34.1787 7.7511e-07 1.2098e-06 2.2995e-09 14.6442  0.6338  0.0128 11.0000  1.000    103710  0.950
[vpr] 0.00130 0.99037    32.9576 7.5422e-07 1.1853e-06 2.2581e-09 14.6434  0.5956  0.0090 11.0000  1.000    107167  0.950
[vpr] 0.00123 0.98297    33.1059 7.3844e-07 1.1944e-06 2.2713e-09 15.2284  0.6023  0.0100 11.0000  1.000    110624  0.950
[vpr] 0.00117 0.99102    32.0842 7.4373e-07 1.1706e-06 2.2106e-09 14.6442  0.5609  0.0088 11.0000  1.000    114081  0.950
[vpr] 0.00111 0.97593    31.9425 7.4351e-07 1.1526e-06 2.2354e-09 14.5971  0.5383  0.0111 11.0000  1.000    117538  0.950
[vpr] 0.00106 0.98383    30.9944 7.0241e-07 1.1447e-06 2.1835e-09 15.2941  0.5039  0.0188 11.0000  1.000    120995  0.950
[vpr] 0.00100 0.96737    30.1867 7.2738e-07 1.1207e-06 2.168e-09  14.2862  0.4897  0.0133 11.0000  1.000    124452  0.950
[vpr] 0.00095 0.99801    30.1625 7.0048e-07 1.1275e-06 2.1053e-09 14.6433  0.4666  0.0168 11.0000  1.000    127909  0.950
[vpr] 0.00091 0.98560    28.5157 6.5293e-07 1.0935e-06 2.0823e-09 15.2940  0.4061  0.0102 11.0000  1.000    131366  0.950
[vpr] 0.00086 0.99961    27.9523 6.0884e-07 1.0825e-06 2.0505e-09 14.6433  0.4374  0.0078 10.6275  1.261    134823  0.950
[vpr] 0.00082 0.99225    27.7381 6.3136e-07 1.0839e-06 2.0775e-09 14.2862  0.4437  0.0061 10.5995  1.280    138280  0.950
[vpr] 0.00078 0.95662    26.8146 5.6904e-07 1.0641e-06 2.0539e-09 15.2944  0.3937  0.0216 10.6392  1.253    141737  0.950
[vpr] 0.00074 0.96847    25.2346 5.1068e-07 1.0269e-06 1.9834e-09 14.6434  0.3604  0.0148 10.1465  1.597    145194  0.950
[vpr] 0.00070 0.97223    24.1699 4.1246e-07 9.9966e-07 1.9169e-09 14.6434  0.3694  0.0228  9.3391  2.163    148651  0.950
[vpr] 0.00067 0.97310    22.3768 3.5582e-07 9.6097e-07 1.832e-09  14.2854  0.3529  0.0163  8.6797  2.624    152108  0.950
[vpr] 0.00063 0.98987    22.2798 2.9542e-07 9.61e-07   1.7979e-09 14.2854  0.3694  0.0102  7.9238  3.153    155565  0.950
[vpr] 0.00060 0.97836    21.6178 2.7237e-07 9.4622e-07 1.8112e-09 14.2403  0.3627  0.0104  7.3643  3.545    159022  0.950
[vpr] 0.00057 0.98473    20.9224 2.3493e-07 9.3027e-07 1.7651e-09 14.2856  0.3911  0.0100  6.7954  3.943    162479  0.950
[vpr] 0.00054 0.97393    20.1908 2.1551e-07 9.0445e-07 1.7575e-09 14.2862  0.3468  0.0086  6.4630  4.176    165936  0.950
[vpr] 0.00052 0.98608    19.6863 2.4125e-07 8.9772e-07 1.7202e-09 13.6355  0.3726  0.0067  5.8609  4.597    169393  0.950
[vpr] 0.00049 0.97043    19.0769 1.9474e-07 8.7849e-07 1.6769e-09 13.9276  0.3558  0.0120  5.4657  4.874    172850  0.950
[vpr] 0.00046 0.97552    18.0931 1.8934e-07 8.5016e-07 1.6468e-09 13.6355  0.3046  0.0096  5.0055  5.196    176307  0.950
[vpr] 0.00044 0.97193    17.4527 1.9686e-07 8.3471e-07 1.5928e-09 13.2775  0.3413  0.0174  4.3278  5.671    179764  0.950
[vpr] 0.00042 0.99066    17.1396 1.4853e-07 8.3408e-07 1.5792e-09 13.6349  0.3859  0.0074  3.9008  5.969    183221  0.950
[vpr] 0.00040 0.98235    16.6009 1.4616e-07 8.2432e-07 1.5816e-09 13.6349  0.3766  0.0074  3.6897  6.117    186678  0.950
[vpr] 0.00038 0.98771    16.2788 1.3886e-07 8.1241e-07 1.5642e-09 13.6349  0.3509  0.0062  3.4559  6.281    190135  0.950
[vpr] 0.00036 0.99098    16.2098 1.2003e-07 8.153e-07  1.5367e-09 13.9279  0.3434  0.0067  3.1479  6.496    193592  0.950
[vpr] 0.00034 0.98243    15.7960 1.136e-07  7.987e-07  1.5307e-09 13.9279  0.3975  0.0050  2.8437  6.709    197049  0.950
[vpr] 0.00032 0.99022    15.5132 1.0937e-07 7.9949e-07 1.5012e-09 13.9279  0.4053  0.0055  2.7227  6.794    200506  0.950
[vpr] 0.00031 0.98760    15.1046 1.0923e-07 7.9102e-07 1.5027e-09 13.9279  0.3706  0.0067  2.6281  6.860    203963  0.950
[vpr] 0.00029 0.98961    14.9660 1.0467e-07 7.828e-07  1.4927e-09 13.9273  0.3587  0.0051  2.4456  6.988    207420  0.950
[vpr] 0.00028 0.99828    15.0060 1.2148e-07 7.8583e-07 1.4802e-09 13.6349  0.3532  0.0029  2.2467  7.127    210877  0.950
[vpr] 0.00026 0.98494    14.7018 9.8211e-08 7.7192e-07 1.4765e-09 13.9279  0.3329  0.0038  2.0517  7.264    214334  0.950
[vpr] 0.00025 0.99098    14.4605 9.5252e-08 7.688e-07  1.473e-09  13.9279  0.4212  0.0048  1.8321  7.418    217791  0.950
[vpr] 0.00024 0.99974    14.3996 9.376e-08  7.6611e-07 1.4554e-09 13.9279  0.4047  0.0022  1.7976  7.442    221248  0.950
[vpr] 0.00023 0.99215    14.2370 9.4119e-08 7.6319e-07 1.4557e-09 13.9282  0.3998  0.0038  1.7341  7.486    224705  0.950
[vpr] 0.00022 0.99154    13.9133 9.1455e-08 7.5925e-07 1.4482e-09 13.9282  0.3787  0.0040  1.6643  7.535    228162  0.950
[vpr] 0.00020 0.99550    13.8455 8.9799e-08 7.559e-07  1.4502e-09 13.9282  0.3639  0.0021  1.5622  7.606    231619  0.950
[vpr] 0.00019 0.99203    13.6727 8.8188e-08 7.4701e-07 1.4298e-09 13.9282  0.3384  0.0027  1.4434  7.690    235076  0.950
[vpr] 0.00018 0.99498    13.4996 8.6427e-08 7.4673e-07 1.4057e-09 13.9282  0.3298  0.0016  1.2968  7.792    238533  0.950
[vpr] 0.00018 0.99633    13.3796 8.5345e-08 7.4139e-07 1.4073e-09 13.9282  0.3026  0.0027  1.1538  7.892    241990  0.950
[vpr] 0.00017 0.99545    13.3278 8.2743e-08 7.3373e-07 1.4017e-09 13.9282  0.2809  0.0030  1.0000  8.000    245447  0.950
[vpr] 0.00016 0.99649    13.1819 8.2496e-08 7.2456e-07 1.3844e-09 13.9282  0.2794  0.0026  1.0000  8.000    248904  0.950
[vpr] 0.00015 0.99734    13.0486 8.256e-08  7.2292e-07 1.3661e-09 13.9282  0.2537  0.0015  1.0000  8.000    252361  0.950
[vpr] 0.00014 0.99743    12.9727 8.2124e-08 7.2077e-07 1.3652e-09 13.9282  0.2349  0.0025  1.0000  8.000    255818  0.950
[vpr] 0.00014 1.00066    12.9250 8.2319e-08 7.171e-07  1.3689e-09 13.9282  0.2138  0.0007  1.0000  8.000    259275  0.950
[vpr] 0.00013 1.00019    12.9226 8.2249e-08 7.1687e-07 1.3506e-09 13.9282  0.2343  0.0008  1.0000  8.000    262732  0.950
[vpr] 0.00012 0.99760    12.8574 8.2613e-08 7.1501e-07 1.3703e-09 13.9282  0.2071  0.0012  1.0000  8.000    266189  0.950
[vpr] 0.00012 0.99750    12.7730 8.2663e-08 7.1636e-07 1.3508e-09 13.9282  0.1970  0.0013  1.0000  8.000    269646  0.950
[vpr] 0.00011 0.99841    12.7093 8.2549e-08 7.1387e-07 1.3485e-09 13.9282  0.1744  0.0011  1.0000  8.000    273103  0.950
[vpr] 0.00011 0.99774    12.7128 8.2463e-08 7.1407e-07 1.365e-09  13.9282  0.1759  0.0012  1.0000  8.000    276560  0.950
[vpr] 0.00010 0.99781    12.6617 8.2205e-08 7.0914e-07 1.3326e-09 13.9282  0.1710  0.0013  1.0000  8.000    280017  0.950
[vpr] 0.00009 0.99966    12.5878 8.2169e-08 7.1156e-07 1.361e-09  13.9282  0.1672  0.0004  1.0000  8.000    283474  0.950
[vpr] 0.00009 0.99976    12.6119 8.2042e-08 7.1092e-07 1.3457e-09 13.9282  0.1675  0.0006  1.0000  8.000    286931  0.950
[vpr] 0.00009 0.99911    12.6010 8.2078e-08 7.1033e-07 1.3407e-09 13.9282  0.1614  0.0007  1.0000  8.000    290388  0.950
[vpr] 0.00008 0.99931    12.5404 8.1981e-08 7.0764e-07 1.3251e-09 13.9282  0.1438  0.0007  1.0000  8.000    293845  0.800
[vpr] 0.00007 0.99954    12.5779 8.2298e-08 7.1274e-07 1.3574e-09 13.9282  0.1577  0.0005  1.0000  8.000    297302  0.950
[vpr] 0.00006 0.99795    12.5388 8.2002e-08 7.0879e-07 1.3369e-09 13.9282  0.1429  0.0008  1.0000  8.000    300759  0.800
[vpr] 0.00005 0.99895    12.5176 8.1939e-08 7.0917e-07 1.3497e-09 13.9282  0.1371  0.0004  1.0000  8.000    304216  0.800
[vpr] 0.00004 0.99921    12.5085 8.1874e-08 7.0659e-07 1.3266e-09 13.9282  0.1334  0.0003  1.0000  8.000    307673  0.800
[vpr] 0.00003 0.99949    12.5021 8.1952e-08 7.1071e-07 1.3328e-09 13.9282  0.1362  0.0002  1.0000  8.000    311130  0.800
[vpr] 0.00003 0.99957    12.5040 8.1882e-08 7.0833e-07 1.3317e-09 13.9282  0.1302  0.0002  1.0000  8.000    314587  0.800
[vpr] 0.00002 0.99955    12.4958 8.1726e-08 7.0821e-07 1.3279e-09 13.9282  0.1279  0.0002  1.0000  8.000    318044  0.800
[vpr] 0.00002 0.99950    12.5011 8.1875e-08 7.082e-07  1.3395e-09 13.9282  0.1140  0.0002  1.0000  8.000    321501  0.800
[vpr] 0.00001 0.99962    12.4981 8.1721e-08 7.0548e-07 1.3228e-09 13.9282  0.1296  0.0002  1.0000  8.000    324958  0.800
[vpr] 0.00000 0.99890    12.5054 8.1756e-08 6.9799e-07 1.3409e-09          0.0526  0.0002  1.0000  8.000    328415
[vpr] 
[vpr] BB estimate of min-dist (placement) wire length: 1251
[vpr] bb_cost recomputed from scratch: 12.5097
[vpr] timing_cost recomputed from scratch: 8.16911e-08
[vpr] delay_cost recomputed from scratch: 6.90433e-07
[vpr] 
[vpr] Completed placement consistency check successfully.
[vpr] 
[vpr] Swaps called: 328866
[vpr] 
[vpr] Placement estimated critical path delay: 13.9282 ns
[vpr] Placement cost: 0.998675, bb_cost: 12.5097, td_cost: 8.16911e-08, delay_cost: 6.90433e-07
[vpr] Placement total # of swap attempts: 328866
[vpr] 	Swap reject rate: 0
[vpr] 	Swap accept rate: 0
[vpr] 	Swap abort rate: 0
[vpr] 
[vpr] Using low: -1, high: -1, current: 48
[vpr] Confirming router algorithm: TIMING_DRIVEN.
[vpr] Wire length after first iteration 1874, total available wire length 10560, ratio 0.177462
[vpr] --------- ---------- -----------
[vpr] Iteration       Time   Crit Path
[vpr] --------- ---------- -----------
[vpr] Routing failed.
[vpr] 
[vpr] Using low: 48, high: -1, current: 96
[vpr] Confirming router algorithm: TIMING_DRIVEN.
[vpr] Wire length after first iteration 1787, total available wire length 21120, ratio 0.0846117
[vpr] --------- ---------- -----------
[vpr] Iteration       Time   Crit Path
[vpr] --------- ---------- -----------
[vpr] Critical path: 14.285 ns
[vpr] Successfully routed after 15 routing iterations.
[vpr] Completed net delay value cross check successfully.
[vpr] 
[vpr] Using low: 48, high: 96, current: 72
[vpr] Confirming router algorithm: TIMING_DRIVEN.
[vpr] Wire length after first iteration 1835, total available wire length 15840, ratio 0.115846
[vpr] --------- ---------- -----------
[vpr] Iteration       Time   Crit Path
[vpr] --------- ---------- -----------
[vpr] Critical path: 14.2853 ns
[vpr] Successfully routed after 17 routing iterations.
[vpr] Completed net delay value cross check successfully.
[vpr] 
[vpr] Using low: 48, high: 72, current: 60
[vpr] Confirming router algorithm: TIMING_DRIVEN.
[vpr] Wire length after first iteration 1852, total available wire length 13200, ratio 0.140303
[vpr] --------- ---------- -----------
[vpr] Iteration       Time   Crit Path
[vpr] --------- ---------- -----------
[vpr] Routing failed.
[vpr] 
[vpr] Using low: 60, high: 72, current: 66
[vpr] Confirming router algorithm: TIMING_DRIVEN.
[vpr] Wire length after first iteration 1897, total available wire length 14520, ratio 0.130647
[vpr] --------- ---------- -----------
[vpr] Iteration       Time   Crit Path
[vpr] --------- ---------- -----------
[vpr] Critical path: 14.2853 ns
[vpr] Successfully routed after 20 routing iterations.
[vpr] Completed net delay value cross check successfully.
[vpr] 
[vpr] Using low: 60, high: 66, current: 64
[vpr] Confirming router algorithm: TIMING_DRIVEN.
[vpr] Wire length after first iteration 1841, total available wire length 14080, ratio 0.130753
[vpr] --------- ---------- -----------
[vpr] Iteration       Time   Crit Path
[vpr] --------- ---------- -----------
[vpr] Critical path: 14.285 ns
[vpr] Successfully routed after 20 routing iterations.
[vpr] Completed net delay value cross check successfully.
[vpr] 
[vpr] Using low: 60, high: 64, current: 62
[vpr] Confirming router algorithm: TIMING_DRIVEN.
[vpr] Wire length after first iteration 1859, total available wire length 13640, ratio 0.13629
[vpr] --------- ---------- -----------
[vpr] Iteration       Time   Crit Path
[vpr] --------- ---------- -----------
[vpr] Routing failed.
[vpr] 
[vpr] Checking to ensure routing is legal...
[vpr] Completed routing consistency check successfully.
[vpr] 
[vpr] Serial number (magic cookie) for the routing is: -232698361
[vpr] Best routing used a channel width factor of 64.
[vpr] 
[vpr] Average number of bends per net: 0.947619  Maximum # of bends: 5
[vpr] 
[vpr] Number of routed nets (nonglobal): 420
[vpr] Wire length results (in units of 1 clb segments)...
[vpr] 	Total wirelength: 2607, average net length: 6.20714
[vpr] 	Maximum net length: 27
[vpr] 
[vpr] Wire length results in terms of physical segments...
[vpr] 	Total wiring segments used: 865, average wire segments per net: 2.05952
[vpr] 	Maximum segments used by a net: 8
[vpr] 	Total local nets with reserved CLB opins: 0
[vpr] 
[vpr] X - Directed channels: j max occ ave occ capacity
[vpr]                       -- ------- ------- --------
[vpr]                        0      64 50.1000       64
[vpr]                        1      21 16.2000       64
[vpr]                        2       3  1.6000       64
[vpr]                        3       3  0.6000       64
[vpr]                        4       5  0.9000       64
[vpr]                        5       9  2.1000       64
[vpr]                        6      16  4.1000       64
[vpr]                        7      16  3.9000       64
[vpr]                        8      24  8.9000       64
[vpr]                        9      24 15.9000       64
[vpr]                       10      60 39.5000       64
[vpr] Y - Directed channels: i max occ ave occ capacity
[vpr]                       -- ------- ------- --------
[vpr]                        0      54 38.5000       64
[vpr]                        1      19 14.8000       64
[vpr]                        2      15  7.2000       64
[vpr]                        3      14  6.4000       64
[vpr]                        4      13  8.8000       64
[vpr]                        5      23 10.2000       64
[vpr]                        6      21  7.6000       64
[vpr]                        7      17  5.8000       64
[vpr]                        8      16  4.6000       64
[vpr]                        9       9  2.6000       64
[vpr]                       10      13 10.4000       64
[vpr] 
[vpr] Total tracks in x-direction: 704, in y-direction: 704
[vpr] 
[vpr] Logic area (in minimum width transistor areas, excludes I/Os and empty grid tiles)...
[vpr] 	Total logic block area (Warning, need to add pitch of routing to blocks with height > 3): 0
[vpr] 	Total used logic block area: 0
[vpr] 
[vpr] Routing area (in minimum width transistor areas)...
[vpr] 	Total routing area: 755613., per logic tile: 7556.13
[vpr] 
[vpr] Segment usage by type (index): type utilization
[vpr]                                ---- -----------
[vpr]                                   0       0.189
[vpr] 
[vpr] Segment usage by length: length utilization
[vpr]                          ------ -----------
[vpr]                               4       0.189
[vpr] 
[vpr] Nets on critical path: 3 normal, 0 global.
[vpr] Total logic delay: 8.15e-09 (s), total net delay: 6.13499e-09 (s)
[vpr] Final critical path: 14.285 ns, f_max: 70.0036 MHz
[vpr] 
[vpr] Least slack in design: -14.285 ns
[vpr] 
Closing VPR interface...
Importing fabric model from VPR...
Importing circuit design from VPR...
Post-processing...
Writing options file 'ti_pwmex_io.toro.snoitpo'...
Writing xml file 'ti_pwmex_io.toro.xml'...
Writing blif file 'ti_pwmex_io.toro.blif'...
Writing architecture file 'ti_pwmex_io.toro.arch'...
Writing fabric file 'ti_pwmex_io.toro.fabric'...
Writing circuit file 'ti_pwmex_io.toro.circuit'...
Writing laff file 'ti_pwmex_io.toro.laff'...
Exiting...
